#
# A fatal error has been detected by the Java Runtime Environment:
#
#  EXCEPTION_ACCESS_VIOLATION (0xc0000005) at pc=0x0000000076603608, pid=25732, tid=0x0000000000002d34
#
# JRE version: Java(TM) SE Runtime Environment (8.0_111-b14) (build 1.8.0_111-b14)
# Java VM: Java HotSpot(TM) 64-Bit Server VM (25.111-b14 mixed mode windows-amd64 compressed oops)
# Problematic frame:
# V  [jvm.dll+0x43608]
#
# Failed to write core dump. Minidumps are not enabled by default on client versions of Windows
#
# If you would like to submit a bug report, please visit:
#   http://bugreport.java.com/bugreport/crash.jsp
#

---------------  T H R E A D  ---------------

Current thread (0x00000000159f1800):  JavaThread "C1 CompilerThread3" daemon [_thread_in_vm, id=11572, stack(0x0000000017420000,0x0000000017520000)]

siginfo: ExceptionCode=0xc0000005, reading address 0xffffffffffffffff

Registers:
RAX=0x00000000159f1800, RBX=0x0000000002748b80, RCX=0x0000000002748b80, RDX=0x0000000002748b80
RSP=0x000000001751cee0, RBP=0x0000000015a24960, RSI=0x0000000002748b80, RDI=0x0000000000000000
R8 =0x49362012ffff0013, R9 =0x0000000000000000, R10=0x0000000015a24b90, R11=0x000000001c7cc160
R12=0x00000000159f1800, R13=0x0000000015a24960, R14=0x0000000017e9e2e0, R15=0x0000000000000000
RIP=0x0000000076603608, EFLAGS=0x0000000000010202

Top of Stack: (sp=0x000000001751cee0)
0x000000001751cee0:   00000000000000b6 000000001751f490
0x000000001751cef0:   0000000000000000 0000000000000077
0x000000001751cf00:   000000001c194a40 000000001751f490
0x000000001751cf10:   000000001751cff0 00000000765efe25
0x000000001751cf20:   00000000000000e9 0000000076603999
0x000000001751cf30:   0000000000000077 0000000000000077
0x000000001751cf40:   0000000000000000 0000000000000000
0x000000001751cf50:   00000000000000b6 0000000018e80670
0x000000001751cf60:   00000000159df5c0 0000000076601c6b
0x000000001751cf70:   0000000000000000 00000000159f1800
0x000000001751cf80:   0000000017e9faa0 00000000765ece0f
0x000000001751cf90:   00000000159f1800 0000000076606f80
0x000000001751cfa0:   00000000159f1800 00000000159f1800
0x000000001751cfb0:   0000000018e80670 00000000769e0aeb
0x000000001751cfc0:   0000000000000000 0000000000000000
0x000000001751cfd0:   0000000017e9faa0 0000000000000000 

Instructions: (pc=0x0000000076603608)
0x00000000766035e8:   00 48 8b da ff 15 fe 7d 59 00 44 0f b6 05 5a d9
0x00000000766035f8:   7a 00 4c 8b e0 45 84 c0 74 39 4c 8b 03 48 8b cb
0x0000000076603608:   41 ff 50 08 84 c0 74 2b 83 7b 08 00 7e 25 0f b6
0x0000000076603618:   83 0e 01 00 00 c0 e8 03 a8 01 74 17 48 8b 03 48 


Register to memory mapping:

RAX=0x00000000159f1800 is a thread
RBX=0x0000000002748b80 is an unknown value
RCX=0x0000000002748b80 is an unknown value
RDX=0x0000000002748b80 is an unknown value
RSP=0x000000001751cee0 is pointing into the stack for thread: 0x00000000159f1800
RBP=0x0000000015a24960 is an unknown value
RSI=0x0000000002748b80 is an unknown value
RDI=0x0000000000000000 is an unknown value
R8 =0x49362012ffff0013 is an unknown value
R9 =0x0000000000000000 is an unknown value
R10=0x0000000015a24b90 is an unknown value
R11=0x000000001c7cc160 is an unknown value
R12=0x00000000159f1800 is a thread
R13=0x0000000015a24960 is an unknown value
R14=0x0000000017e9e2e0 is an unknown value
R15=0x0000000000000000 is an unknown value


Stack: [0x0000000017420000,0x0000000017520000],  sp=0x000000001751cee0,  free space=1011k
Native frames: (J=compiled Java code, j=interpreted, Vv=VM code, C=native code)
V  [jvm.dll+0x43608]
V  [jvm.dll+0x43999]
V  [jvm.dll+0x41c6b]
V  [jvm.dll+0x420aeb]
V  [jvm.dll+0x41b8da]
V  [jvm.dll+0x41e727]
V  [jvm.dll+0x41eeeb]
V  [jvm.dll+0x41fde6]
V  [jvm.dll+0x420048]
V  [jvm.dll+0x42047b]
V  [jvm.dll+0x41ffd5]
V  [jvm.dll+0x41bd3b]
V  [jvm.dll+0x41e727]
V  [jvm.dll+0x41eeeb]
V  [jvm.dll+0x41fde6]
V  [jvm.dll+0x420048]
V  [jvm.dll+0x42047b]
V  [jvm.dll+0x41ffd5]
V  [jvm.dll+0x41bd3b]
V  [jvm.dll+0x41e727]
V  [jvm.dll+0x41f01d]
V  [jvm.dll+0x41fde6]
V  [jvm.dll+0x420048]
V  [jvm.dll+0x42047b]
V  [jvm.dll+0x41ffd5]
V  [jvm.dll+0x41bd3b]
V  [jvm.dll+0x41e727]
V  [jvm.dll+0x41eeeb]
V  [jvm.dll+0x41fde6]
V  [jvm.dll+0x420048]
V  [jvm.dll+0x42047b]
V  [jvm.dll+0x41ffd5]
V  [jvm.dll+0x41bd3b]
V  [jvm.dll+0x41e727]
V  [jvm.dll+0x41f01d]
V  [jvm.dll+0x41fde6]
V  [jvm.dll+0x420048]
V  [jvm.dll+0x42047b]
V  [jvm.dll+0x41ffd5]
V  [jvm.dll+0x41bd3b]
V  [jvm.dll+0x41e727]
V  [jvm.dll+0x41eeeb]
V  [jvm.dll+0x41fde6]
V  [jvm.dll+0x420048]
V  [jvm.dll+0x41bd3b]
V  [jvm.dll+0x41e727]
V  [jvm.dll+0x41eeeb]
V  [jvm.dll+0x41fde6]
V  [jvm.dll+0x420048]
V  [jvm.dll+0x41bd3b]
V  [jvm.dll+0x41e727]
V  [jvm.dll+0x41f01d]
V  [jvm.dll+0x41f412]
V  [jvm.dll+0x4244f5]
V  [jvm.dll+0x424600]
V  [jvm.dll+0x40ddb8]
V  [jvm.dll+0x40e021]
V  [jvm.dll+0x40e1e2]
V  [jvm.dll+0x40e3b1]
V  [jvm.dll+0x40e5bf]
V  [jvm.dll+0xa5742]
V  [jvm.dll+0xa607f]
V  [jvm.dll+0x244b7f]
V  [jvm.dll+0x29c43a]
C  [msvcr100.dll+0x21d9f]
C  [msvcr100.dll+0x21e3b]
C  [KERNEL32.DLL+0x17034]
C  [ntdll.dll+0x52651]


Current CompileTask:
C1:   6948 6756       3       android.content.res.TypedArray::$$robo$$android_content_res_TypedArray$loadStringValueAt (51 bytes)


---------------  P R O C E S S  ---------------

Java Threads: ( => current thread )
  0x0000000019da2800 JavaThread "Java2D Disposer" daemon [_thread_blocked, id=23072, stack(0x000000001ad30000,0x000000001ae30000)]
  0x0000000018835000 JavaThread "SDK 28 Main Thread" [_thread_in_Java, id=14556, stack(0x0000000019830000,0x0000000019930000)]
  0x000000001840b800 JavaThread "/127.0.0.1:62843 to /127.0.0.1:62842 workers Thread 3" [_thread_in_native, id=7216, stack(0x0000000019530000,0x0000000019630000)]
  0x000000001840b000 JavaThread "/127.0.0.1:62843 to /127.0.0.1:62842 workers Thread 2" [_thread_blocked, id=30160, stack(0x0000000019430000,0x0000000019530000)]
  0x000000001842a000 JavaThread "Test worker" [_thread_blocked, id=27424, stack(0x0000000018ff0000,0x00000000190f0000)]
  0x0000000015a86000 JavaThread "Service Thread" daemon [_thread_blocked, id=31216, stack(0x0000000017520000,0x0000000017620000)]
=>0x00000000159f1800 JavaThread "C1 CompilerThread3" daemon [_thread_in_vm, id=11572, stack(0x0000000017420000,0x0000000017520000)]
  0x00000000159f0800 JavaThread "C2 CompilerThread2" daemon [_thread_blocked, id=32404, stack(0x0000000017320000,0x0000000017420000)]
  0x00000000159ed800 JavaThread "C2 CompilerThread1" daemon [_thread_blocked, id=16640, stack(0x0000000017220000,0x0000000017320000)]
  0x00000000159e9000 JavaThread "C2 CompilerThread0" daemon [_thread_blocked, id=4980, stack(0x0000000017120000,0x0000000017220000)]
  0x00000000159e6800 JavaThread "Attach Listener" daemon [_thread_blocked, id=29628, stack(0x0000000017020000,0x0000000017120000)]
  0x00000000159e6000 JavaThread "Signal Dispatcher" daemon [_thread_blocked, id=27996, stack(0x0000000016f20000,0x0000000017020000)]
  0x0000000015963000 JavaThread "Finalizer" daemon [_thread_blocked, id=21544, stack(0x0000000016be0000,0x0000000016ce0000)]
  0x00000000027ea000 JavaThread "Reference Handler" daemon [_thread_blocked, id=27940, stack(0x0000000016ae0000,0x0000000016be0000)]
  0x0000000000d4e000 JavaThread "main" [_thread_blocked, id=32080, stack(0x0000000002580000,0x0000000002680000)]

Other Threads:
  0x0000000014256800 VMThread [stack: 0x00000000169e0000,0x0000000016ae0000] [id=29764]
  0x0000000015b24800 WatcherThread [stack: 0x0000000017620000,0x0000000017720000] [id=22532]

VM state:not at safepoint (normal execution)

VM Mutex/Monitor currently owned by a thread: None

Heap:
 PSYoungGen      total 143360K, used 100896K [0x00000000f5580000, 0x0000000100000000, 0x0000000100000000)
  eden space 124416K, 67% used [0x00000000f5580000,0x00000000fa7ef9f8,0x00000000fcf00000)
  from space 18944K, 99% used [0x00000000fed80000,0x00000000ffffcf10,0x0000000100000000)
  to   space 25088K, 0% used [0x00000000fcf00000,0x00000000fcf00000,0x00000000fe780000)
 ParOldGen       total 265728K, used 65808K [0x00000000e0000000, 0x00000000f0380000, 0x00000000f5580000)
  object space 265728K, 24% used [0x00000000e0000000,0x00000000e40443b8,0x00000000f0380000)
 Metaspace       used 61677K, capacity 71000K, committed 71208K, reserved 1110016K
  class space    used 7593K, capacity 10200K, committed 10288K, reserved 1048576K

Card table byte_map: [0x0000000011bb0000,0x0000000011cc0000] byte_map_base: 0x00000000114b0000

Marking Bits: (ParMarkBitMap*) 0x0000000076dda6c0
 Begin Bits: [0x0000000012770000, 0x0000000012f70000)
 End Bits:   [0x0000000012f70000, 0x0000000013770000)

Polling page: 0x0000000000cf0000

CodeCache: size=245760Kb used=18946Kb max_used=18973Kb free=226813Kb
 bounds [0x00000000027f0000, 0x0000000003a90000, 0x00000000117f0000]
 total_blobs=6994 nmethods=5467 adapters=1439
 compilation: enabled

Compilation events (10 events):
Event: 6.927 Thread 0x00000000159f1800 6752       3       java.lang.invoke.LambdaForm$MH/1308565778::guard (115 bytes)
Event: 6.928 Thread 0x00000000159f1800 nmethod 6752 0x0000000003a78850 code [0x0000000003a78a60, 0x0000000003a79a68]
Event: 6.929 Thread 0x00000000159f1800 6753       3       java.lang.invoke.LambdaForm$MH/1600620440::linkToCallSite (19 bytes)
Event: 6.929 Thread 0x00000000159f1800 nmethod 6753 0x0000000003a5a410 code [0x0000000003a5a5a0, 0x0000000003a5ac28]
Event: 6.929 Thread 0x00000000159f1800 6754       3       java.lang.invoke.LambdaForm$MH/1424064222::guard (103 bytes)
Event: 6.929 Thread 0x00000000159f1800 nmethod 6754 0x0000000003a80cd0 code [0x0000000003a80ee0, 0x0000000003a81ea8]
Event: 6.929 Thread 0x00000000159f1800 6755   !   3       java.lang.invoke.LambdaForm$MH/2051927880::guardWithCatch (79 bytes)
Event: 6.930 Thread 0x00000000159f1800 nmethod 6755 0x0000000003a826d0 code [0x0000000003a82880, 0x0000000003a83368]
Event: 6.930 Thread 0x00000000159f1800 6756       3       android.content.res.TypedArray::$$robo$$android_content_res_TypedArray$loadStringValueAt (51 bytes)
Event: 6.930 Thread 0x00000000159f0800 nmethod 6714 0x0000000003a83610 code [0x0000000003a83a00, 0x0000000003a876e0]

GC Heap History (10 events):
Event: 5.212 GC heap before
{Heap before GC invocations=17 (full 3):
 PSYoungGen      total 156672K, used 144150K [0x00000000f5580000, 0x0000000100000000, 0x0000000100000000)
  eden space 138752K, 100% used [0x00000000f5580000,0x00000000fdd00000,0x00000000fdd00000)
  from space 17920K, 30% used [0x00000000fdd00000,0x00000000fe245a80,0x00000000fee80000)
  to   space 17920K, 0% used [0x00000000fee80000,0x00000000fee80000,0x0000000100000000)
 ParOldGen       total 265728K, used 60894K [0x00000000e0000000, 0x00000000f0380000, 0x00000000f5580000)
  object space 265728K, 22% used [0x00000000e0000000,0x00000000e3b77b90,0x00000000f0380000)
 Metaspace       used 53392K, capacity 59286K, committed 59432K, reserved 1099776K
  class space    used 6337K, capacity 8138K, committed 8240K, reserved 1048576K
Event: 5.216 GC heap after
Heap after GC invocations=17 (full 3):
 PSYoungGen      total 155648K, used 7295K [0x00000000f5580000, 0x00000000fff00000, 0x0000000100000000)
  eden space 138752K, 0% used [0x00000000f5580000,0x00000000f5580000,0x00000000fdd00000)
  from space 16896K, 43% used [0x00000000fee80000,0x00000000ff59fc58,0x00000000fff00000)
  to   space 17408K, 0% used [0x00000000fdd00000,0x00000000fdd00000,0x00000000fee00000)
 ParOldGen       total 265728K, used 60902K [0x00000000e0000000, 0x00000000f0380000, 0x00000000f5580000)
  object space 265728K, 22% used [0x00000000e0000000,0x00000000e3b79b90,0x00000000f0380000)
 Metaspace       used 53392K, capacity 59286K, committed 59432K, reserved 1099776K
  class space    used 6337K, capacity 8138K, committed 8240K, reserved 1048576K
}
Event: 5.561 GC heap before
{Heap before GC invocations=18 (full 3):
 PSYoungGen      total 155648K, used 146047K [0x00000000f5580000, 0x00000000fff00000, 0x0000000100000000)
  eden space 138752K, 100% used [0x00000000f5580000,0x00000000fdd00000,0x00000000fdd00000)
  from space 16896K, 43% used [0x00000000fee80000,0x00000000ff59fc58,0x00000000fff00000)
  to   space 17408K, 0% used [0x00000000fdd00000,0x00000000fdd00000,0x00000000fee00000)
 ParOldGen       total 265728K, used 60902K [0x00000000e0000000, 0x00000000f0380000, 0x00000000f5580000)
  object space 265728K, 22% used [0x00000000e0000000,0x00000000e3b79b90,0x00000000f0380000)
 Metaspace       used 56184K, capacity 62828K, committed 63016K, reserved 1103872K
  class space    used 6717K, capacity 8731K, committed 8752K, reserved 1048576K
Event: 5.567 GC heap after
Heap after GC invocations=18 (full 3):
 PSYoungGen      total 156160K, used 11214K [0x00000000f5580000, 0x0000000100000000, 0x0000000100000000)
  eden space 138752K, 0% used [0x00000000f5580000,0x00000000f5580000,0x00000000fdd00000)
  from space 17408K, 64% used [0x00000000fdd00000,0x00000000fe7f3810,0x00000000fee00000)
  to   space 17408K, 0% used [0x00000000fef00000,0x00000000fef00000,0x0000000100000000)
 ParOldGen       total 265728K, used 60910K [0x00000000e0000000, 0x00000000f0380000, 0x00000000f5580000)
  object space 265728K, 22% used [0x00000000e0000000,0x00000000e3b7bb90,0x00000000f0380000)
 Metaspace       used 56184K, capacity 62828K, committed 63016K, reserved 1103872K
  class space    used 6717K, capacity 8731K, committed 8752K, reserved 1048576K
}
Event: 6.094 GC heap before
{Heap before GC invocations=19 (full 3):
 PSYoungGen      total 156160K, used 149966K [0x00000000f5580000, 0x0000000100000000, 0x0000000100000000)
  eden space 138752K, 100% used [0x00000000f5580000,0x00000000fdd00000,0x00000000fdd00000)
  from space 17408K, 64% used [0x00000000fdd00000,0x00000000fe7f3810,0x00000000fee00000)
  to   space 17408K, 0% used [0x00000000fef00000,0x00000000fef00000,0x0000000100000000)
 ParOldGen       total 265728K, used 60910K [0x00000000e0000000, 0x00000000f0380000, 0x00000000f5580000)
  object space 265728K, 22% used [0x00000000e0000000,0x00000000e3b7bb90,0x00000000f0380000)
 Metaspace       used 60683K, capacity 69216K, committed 69416K, reserved 1107968K
  class space    used 7513K, capacity 10006K, committed 10032K, reserved 1048576K
Event: 6.102 GC heap after
Heap after GC invocations=19 (full 3):
 PSYoungGen      total 154112K, used 15882K [0x00000000f5580000, 0x0000000100000000, 0x0000000100000000)
  eden space 136704K, 0% used [0x00000000f5580000,0x00000000f5580000,0x00000000fdb00000)
  from space 17408K, 91% used [0x00000000fef00000,0x00000000ffe82b60,0x0000000100000000)
  to   space 18944K, 0% used [0x00000000fdb00000,0x00000000fdb00000,0x00000000fed80000)
 ParOldGen       total 265728K, used 60918K [0x00000000e0000000, 0x00000000f0380000, 0x00000000f5580000)
  object space 265728K, 22% used [0x00000000e0000000,0x00000000e3b7db90,0x00000000f0380000)
 Metaspace       used 60683K, capacity 69216K, committed 69416K, reserved 1107968K
  class space    used 7513K, capacity 10006K, committed 10032K, reserved 1048576K
}
Event: 6.396 GC heap before
{Heap before GC invocations=20 (full 3):
 PSYoungGen      total 154112K, used 152586K [0x00000000f5580000, 0x0000000100000000, 0x0000000100000000)
  eden space 136704K, 100% used [0x00000000f5580000,0x00000000fdb00000,0x00000000fdb00000)
  from space 17408K, 91% used [0x00000000fef00000,0x00000000ffe82b60,0x0000000100000000)
  to   space 18944K, 0% used [0x00000000fdb00000,0x00000000fdb00000,0x00000000fed80000)
 ParOldGen       total 265728K, used 60918K [0x00000000e0000000, 0x00000000f0380000, 0x00000000f5580000)
  object space 265728K, 22% used [0x00000000e0000000,0x00000000e3b7db90,0x00000000f0380000)
 Metaspace       used 60890K, capacity 69622K, committed 69672K, reserved 1110016K
  class space    used 7526K, capacity 10029K, committed 10032K, reserved 1048576K
Event: 6.405 GC heap after
Heap after GC invocations=20 (full 3):
 PSYoungGen      total 155648K, used 18931K [0x00000000f5580000, 0x0000000100000000, 0x0000000100000000)
  eden space 136704K, 0% used [0x00000000f5580000,0x00000000f5580000,0x00000000fdb00000)
  from space 18944K, 99% used [0x00000000fdb00000,0x00000000fed7cfc0,0x00000000fed80000)
  to   space 18944K, 0% used [0x00000000fed80000,0x00000000fed80000,0x0000000100000000)
 ParOldGen       total 265728K, used 61323K [0x00000000e0000000, 0x00000000f0380000, 0x00000000f5580000)
  object space 265728K, 23% used [0x00000000e0000000,0x00000000e3be2d40,0x00000000f0380000)
 Metaspace       used 60890K, capacity 69622K, committed 69672K, reserved 1110016K
  class space    used 7526K, capacity 10029K, committed 10032K, reserved 1048576K
}
Event: 6.730 GC heap before
{Heap before GC invocations=21 (full 3):
 PSYoungGen      total 155648K, used 155635K [0x00000000f5580000, 0x0000000100000000, 0x0000000100000000)
  eden space 136704K, 100% used [0x00000000f5580000,0x00000000fdb00000,0x00000000fdb00000)
  from space 18944K, 99% used [0x00000000fdb00000,0x00000000fed7cfc0,0x00000000fed80000)
  to   space 18944K, 0% used [0x00000000fed80000,0x00000000fed80000,0x0000000100000000)
 ParOldGen       total 265728K, used 61323K [0x00000000e0000000, 0x00000000f0380000, 0x00000000f5580000)
  object space 265728K, 23% used [0x00000000e0000000,0x00000000e3be2d40,0x00000000f0380000)
 Metaspace       used 61374K, capacity 70556K, committed 70568K, reserved 1110016K
  class space    used 7575K, capacity 10154K, committed 10160K, reserved 1048576K
Event: 6.740 GC heap after
Heap after GC invocations=21 (full 3):
 PSYoungGen      total 143360K, used 18931K [0x00000000f5580000, 0x0000000100000000, 0x0000000100000000)
  eden space 124416K, 0% used [0x00000000f5580000,0x00000000f5580000,0x00000000fcf00000)
  from space 18944K, 99% used [0x00000000fed80000,0x00000000ffffcf10,0x0000000100000000)
  to   space 25088K, 0% used [0x00000000fcf00000,0x00000000fcf00000,0x00000000fe780000)
 ParOldGen       total 265728K, used 65808K [0x00000000e0000000, 0x00000000f0380000, 0x00000000f5580000)
  object space 265728K, 24% used [0x00000000e0000000,0x00000000e40443b8,0x00000000f0380000)
 Metaspace       used 61374K, capacity 70556K, committed 70568K, reserved 1110016K
  class space    used 7575K, capacity 10154K, committed 10160K, reserved 1048576K
}

Deoptimization events (10 events):
Event: 5.992 Thread 0x000000001842a000 Uncommon trap: reason=class_check action=maybe_recompile pc=0x000000000319b6b8 method=com.google.common.collect.ImmutableSet$RegularSetBuilderImpl.add(Ljava/lang/Object;)Lcom/google/common/collect/ImmutableSet$SetBuilderImpl; @ 6
Event: 5.992 Thread 0x000000001842a000 Uncommon trap: reason=unstable_if action=reinterpret pc=0x00000000032722f4 method=org.robolectric.internal.bytecode.MethodRef.equals(Ljava/lang/Object;)Z @ 2
Event: 5.994 Thread 0x0000000018835000 Uncommon trap: reason=unstable_if action=reinterpret pc=0x0000000002be806c method=java.util.Arrays.hashCode([Ljava/lang/Object;)I @ 34
Event: 6.001 Thread 0x0000000018835000 Uncommon trap: reason=unstable_if action=reinterpret pc=0x000000000329f6f4 method=org.robolectric.res.android.ResTable_config.isBetterThan(Lorg/robolectric/res/android/ResTable_config;Lorg/robolectric/res/android/ResTable_config;)Z @ 898
Event: 6.239 Thread 0x0000000018835000 Uncommon trap: reason=class_check action=maybe_recompile pc=0x00000000030241d8 method=java.lang.Character.codePointAt(Ljava/lang/CharSequence;I)I @ 2
Event: 6.239 Thread 0x0000000018835000 Uncommon trap: reason=class_check action=maybe_recompile pc=0x00000000030241d8 method=java.lang.Character.codePointAt(Ljava/lang/CharSequence;I)I @ 2
Event: 6.254 Thread 0x000000001842a000 Uncommon trap: reason=class_check action=maybe_recompile pc=0x00000000034c44bc method=java.util.regex.Pattern$Curly.match0(Ljava/util/regex/Matcher;IILjava/lang/CharSequence;)Z @ 77
Event: 6.474 Thread 0x0000000018835000 Uncommon trap: reason=unstable_if action=reinterpret pc=0x000000000386e9d4 method=com.google.common.base.Objects.equal(Ljava/lang/Object;Ljava/lang/Object;)Z @ 2
Event: 6.474 Thread 0x0000000018835000 Uncommon trap: reason=unstable_if action=reinterpret pc=0x000000000386ab60 method=com.google.common.base.Objects.equal(Ljava/lang/Object;Ljava/lang/Object;)Z @ 2
Event: 6.575 Thread 0x0000000018835000 Uncommon trap: reason=unstable_if action=reinterpret pc=0x00000000029223b0 method=java.util.HashMap$HashIterator.<init>(Ljava/util/HashMap;)V @ 45

Internal exceptions (10 events):
Event: 5.748 Thread 0x0000000018835000 Exception <a 'java/lang/NoSuchFieldError': method resolution failed> (0x00000000f82e1c70) thrown at [C:\re\workspace\8-2-build-windows-amd64-cygwin\jdk8u111\7883\hotspot\src\share\vm\prims\methodHandles.cpp, line 1146]
Event: 5.806 Thread 0x0000000018835000 Exception <a 'java/lang/NoSuchFieldError': method resolution failed> (0x00000000f8ebcc60) thrown at [C:\re\workspace\8-2-build-windows-amd64-cygwin\jdk8u111\7883\hotspot\src\share\vm\prims\methodHandles.cpp, line 1146]
Event: 5.920 Thread 0x0000000018835000 Implicit null exception at 0x0000000002e70297 to 0x0000000002e7036d
Event: 5.972 Thread 0x0000000018835000 Implicit null exception at 0x00000000033a1997 to 0x00000000033a3c49
Event: 5.975 Thread 0x0000000018835000 Exception <a 'java/lang/NoSuchMethodError': java.lang.Object.lambda$get$0(Ljava/lang/Object;)V> (0x00000000fb76d658) thrown at [C:\re\workspace\8-2-build-windows-amd64-cygwin\jdk8u111\7883\hotspot\src\share\vm\interpreter\linkResolver.cpp, line 582]
Event: 5.994 Thread 0x0000000018835000 Implicit null exception at 0x0000000002be7faf to 0x0000000002be804d
Event: 6.041 Thread 0x0000000018835000 Exception <a 'sun/nio/fs/WindowsException'> (0x00000000fc3364f0) thrown at [C:\re\workspace\8-2-build-windows-amd64-cygwin\jdk8u111\7883\hotspot\src\share\vm\prims\jni.cpp, line 709]
Event: 6.302 Thread 0x0000000018835000 Exception <a 'sun/nio/fs/WindowsException'> (0x00000000fa01be20) thrown at [C:\re\workspace\8-2-build-windows-amd64-cygwin\jdk8u111\7883\hotspot\src\share\vm\prims\jni.cpp, line 709]
Event: 6.592 Thread 0x0000000018835000 Exception <a 'sun/nio/fs/WindowsException'> (0x00000000f8a299c8) thrown at [C:\re\workspace\8-2-build-windows-amd64-cygwin\jdk8u111\7883\hotspot\src\share\vm\prims\jni.cpp, line 709]
Event: 6.844 Thread 0x0000000018835000 Exception <a 'sun/nio/fs/WindowsException'> (0x00000000f6bea508) thrown at [C:\re\workspace\8-2-build-windows-amd64-cygwin\jdk8u111\7883\hotspot\src\share\vm\prims\jni.cpp, line 709]

Events (10 events):
Event: 6.791 loading class org/aplas/mylibrary/models/BookData
Event: 6.791 loading class org/aplas/mylibrary/models/BookData done
Event: 6.793 loading class android/content/ContextWrapper
Event: 6.793 loading class android/content/ContextWrapper done
Event: 6.793 loading class android/app/ContextImpl
Event: 6.793 loading class android/app/ContextImpl done
Event: 6.794 loading class org/aplas/mylibrary/viewmodels/BookList
Event: 6.794 loading class org/aplas/mylibrary/viewmodels/BookList done
Event: 6.794 loading class org/aplas/mylibrary/viewmodels/Book
Event: 6.794 loading class org/aplas/mylibrary/viewmodels/Book done


Dynamic libraries:
0x00007ff706f50000 - 0x00007ff706f87000 	C:\Program Files\Java\jdk1.8.0_111\bin\java.exe
0x00007ff868150000 - 0x00007ff868345000 	C:\WINDOWS\SYSTEM32\ntdll.dll
0x00007ff8671e0000 - 0x00007ff86729e000 	C:\WINDOWS\System32\KERNEL32.DLL
0x00007ff865a20000 - 0x00007ff865ce9000 	C:\WINDOWS\System32\KERNELBASE.dll
0x00007ff8661a0000 - 0x00007ff86624c000 	C:\WINDOWS\System32\ADVAPI32.dll
0x00007ff866280000 - 0x00007ff86631e000 	C:\WINDOWS\System32\msvcrt.dll
0x00007ff867300000 - 0x00007ff86739b000 	C:\WINDOWS\System32\sechost.dll
0x00007ff8670b0000 - 0x00007ff8671da000 	C:\WINDOWS\System32\RPCRT4.dll
0x00007ff866320000 - 0x00007ff8664c1000 	C:\WINDOWS\System32\USER32.dll
0x00007ff865870000 - 0x00007ff865892000 	C:\WINDOWS\System32\win32u.dll
0x00007ff8664d0000 - 0x00007ff8664fb000 	C:\WINDOWS\System32\GDI32.dll
0x00007ff865f90000 - 0x00007ff86609b000 	C:\WINDOWS\System32\gdi32full.dll
0x00007ff8660a0000 - 0x00007ff86613d000 	C:\WINDOWS\System32\msvcp_win.dll
0x00007ff8658a0000 - 0x00007ff8659a0000 	C:\WINDOWS\System32\ucrtbase.dll
0x00007ff852310000 - 0x00007ff8525aa000 	C:\WINDOWS\WinSxS\amd64_microsoft.windows.common-controls_6595b64144ccf1df_6.0.19041.1110_none_60b5254171f9507e\COMCTL32.dll
0x00007ff866250000 - 0x00007ff866280000 	C:\WINDOWS\System32\IMM32.DLL
0x00000000773e0000 - 0x00000000774b2000 	C:\Program Files\Java\jdk1.8.0_111\jre\bin\msvcr100.dll
0x00000000765c0000 - 0x0000000076e5a000 	C:\Program Files\Java\jdk1.8.0_111\jre\bin\server\jvm.dll
0x00007ff866500000 - 0x00007ff866508000 	C:\WINDOWS\System32\PSAPI.DLL
0x00007ff858b10000 - 0x00007ff858b37000 	C:\WINDOWS\SYSTEM32\WINMM.dll
0x00007ff85cc70000 - 0x00007ff85cc7a000 	C:\WINDOWS\SYSTEM32\VERSION.dll
0x00007ff85f3e0000 - 0x00007ff85f3e9000 	C:\WINDOWS\SYSTEM32\WSOCK32.dll
0x00007ff866f20000 - 0x00007ff866f8b000 	C:\WINDOWS\System32\WS2_32.dll
0x0000000051450000 - 0x000000005145f000 	C:\Program Files\Java\jdk1.8.0_111\jre\bin\verify.dll
0x0000000077870000 - 0x0000000077899000 	C:\Program Files\Java\jdk1.8.0_111\jre\bin\java.dll
0x0000000077850000 - 0x0000000077866000 	C:\Program Files\Java\jdk1.8.0_111\jre\bin\zip.dll
0x00007ff8665c0000 - 0x00007ff866cff000 	C:\WINDOWS\System32\SHELL32.dll
0x00007ff863970000 - 0x00007ff864100000 	C:\WINDOWS\SYSTEM32\windows.storage.dll
0x00007ff8678a0000 - 0x00007ff867bf5000 	C:\WINDOWS\System32\combase.dll
0x00007ff8652c0000 - 0x00007ff8652ec000 	C:\WINDOWS\SYSTEM32\Wldp.dll
0x00007ff866510000 - 0x00007ff8665be000 	C:\WINDOWS\System32\SHCORE.dll
0x00007ff8672a0000 - 0x00007ff8672f5000 	C:\WINDOWS\System32\shlwapi.dll
0x00007ff8657b0000 - 0x00007ff8657cf000 	C:\WINDOWS\SYSTEM32\profapi.dll
0x0000000077830000 - 0x000000007784a000 	C:\Program Files\Java\jdk1.8.0_111\jre\bin\net.dll
0x00007ff864fb0000 - 0x00007ff86501a000 	C:\WINDOWS\system32\mswsock.dll
0x00000000773c0000 - 0x00000000773d1000 	C:\Program Files\Java\jdk1.8.0_111\jre\bin\nio.dll
0x00007ff865210000 - 0x00007ff865228000 	C:\WINDOWS\SYSTEM32\CRYPTSP.dll
0x00007ff8648d0000 - 0x00007ff864904000 	C:\WINDOWS\system32\rsaenh.dll
0x00007ff8659f0000 - 0x00007ff865a17000 	C:\WINDOWS\System32\bcrypt.dll
0x00007ff865730000 - 0x00007ff86575e000 	C:\WINDOWS\SYSTEM32\USERENV.dll
0x00007ff865f00000 - 0x00007ff865f83000 	C:\WINDOWS\System32\bcryptprimitives.dll
0x00007ff865230000 - 0x00007ff86523c000 	C:\WINDOWS\SYSTEM32\CRYPTBASE.dll
0x00007ff864ca0000 - 0x00007ff864cdb000 	C:\WINDOWS\SYSTEM32\IPHLPAPI.DLL
0x00007ff866d00000 - 0x00007ff866d08000 	C:\WINDOWS\System32\NSI.dll
0x00007ff85cc50000 - 0x00007ff85cc67000 	C:\WINDOWS\SYSTEM32\dhcpcsvc6.DLL
0x00007ff85e460000 - 0x00007ff85e47d000 	C:\WINDOWS\SYSTEM32\dhcpcsvc.DLL
0x00007ff864ce0000 - 0x00007ff864dac000 	C:\WINDOWS\SYSTEM32\DNSAPI.dll
0x0000000077390000 - 0x00000000773b4000 	C:\Program Files\Java\jdk1.8.0_111\jre\bin\sunec.dll
0x0000000077380000 - 0x000000007738b000 	C:\Program Files\Java\jdk1.8.0_111\jre\bin\sunmscapi.dll
0x00007ff865da0000 - 0x00007ff865ef6000 	C:\WINDOWS\System32\CRYPT32.dll
0x00000000771e0000 - 0x0000000077378000 	C:\Program Files\Java\jdk1.8.0_111\jre\bin\awt.dll
0x00007ff867eb0000 - 0x00007ff867f7d000 	C:\WINDOWS\System32\OLEAUT32.dll
0x00007ff862e60000 - 0x00007ff862ef0000 	C:\WINDOWS\SYSTEM32\apphelp.dll
0x00007ff862fd0000 - 0x00007ff8631b4000 	C:\WINDOWS\SYSTEM32\dbghelp.dll

VM Arguments:
jvm_args: -Djava.awt.headless=true -Djava.security.manager=worker.org.gradle.process.internal.worker.child.BootstrapSecurityManager -Dorg.gradle.native=false -Xmx512m -Dfile.encoding=windows-1252 -Duser.country=ID -Duser.language=en -Duser.variant -ea 
java_command: worker.org.gradle.process.internal.worker.GradleWorkerMain 'Gradle Test Executor 15'
java_class_path (initial): C:\Users\Lenovo\.gradle\caches\6.1.1\workerMain\gradle-worker.jar
Launcher Type: SUN_STANDARD

Environment Variables:
USERNAME=Lenovo
OS=Windows_NT
PROCESSOR_IDENTIFIER=Intel64 Family 6 Model 165 Stepping 2, GenuineIntel



---------------  S Y S T E M  ---------------

OS: Windows 10.0 , 64 bit Build 19041 (10.0.19041.1202)

CPU:total 12 (6 cores per cpu, 2 threads per core) family 6 model 165 stepping 2, cmov, cx8, fxsr, mmx, sse, sse2, sse3, ssse3, sse4.1, sse4.2, popcnt, avx, avx2, aes, clmul, erms, 3dnowpref, lzcnt, ht, tsc, tscinvbit, bmi1, bmi2, adx

Memory: 4k page, physical 16682800k(4635232k free), swap 21347336k(3827304k free)

vm_info: Java HotSpot(TM) 64-Bit Server VM (25.111-b14) for windows-amd64 JRE (1.8.0_111-b14), built on Sep 22 2016 19:24:05 by "java_re" with MS VC++ 10.0 (VS2010)

time: Fri Oct 08 09:22:32 2021
elapsed time: 6 seconds (0d 0h 0m 6s)

