#
# A fatal error has been detected by the Java Runtime Environment:
#
#  EXCEPTION_ACCESS_VIOLATION (0xc0000005) at pc=0x0000000076603608, pid=13620, tid=0x0000000000005084
#
# JRE version: Java(TM) SE Runtime Environment (8.0_111-b14) (build 1.8.0_111-b14)
# Java VM: Java HotSpot(TM) 64-Bit Server VM (25.111-b14 mixed mode windows-amd64 compressed oops)
# Problematic frame:
# V  [jvm.dll+0x43608]
#
# Failed to write core dump. Minidumps are not enabled by default on client versions of Windows
#
# If you would like to submit a bug report, please visit:
#   http://bugreport.java.com/bugreport/crash.jsp
#

---------------  T H R E A D  ---------------

Current thread (0x00000000162a1800):  JavaThread "C1 CompilerThread3" daemon [_thread_in_vm, id=20612, stack(0x0000000017cd0000,0x0000000017dd0000)]

siginfo: ExceptionCode=0xc0000005, reading address 0xffffffffffffffff

Registers:
RAX=0x00000000162a1800, RBX=0x00000000030d8b80, RCX=0x00000000030d8b80, RDX=0x00000000030d8b80
RSP=0x0000000017dccf20, RBP=0x00000000162d36a0, RSI=0x00000000030d8b80, RDI=0x0000000000000000
R8 =0x49362012ffff0013, R9 =0x0000000000000000, R10=0x00000000162d38d0, R11=0x000000001f165c00
R12=0x00000000162a1800, R13=0x00000000162d36a0, R14=0x0000000019455da0, R15=0x0000000000000000
RIP=0x0000000076603608, EFLAGS=0x0000000000010202

Top of Stack: (sp=0x0000000017dccf20)
0x0000000017dccf20:   00000000000000b6 0000000017dcf4d0
0x0000000017dccf30:   0000000000000000 0000000000000077
0x0000000017dccf40:   000000001c6ff828 0000000017dcf4d0
0x0000000017dccf50:   0000000017dcd030 00000000765efe25
0x0000000017dccf60:   00000000000000ea 0000000076603999
0x0000000017dccf70:   0000000000000077 0000000000000077
0x0000000017dccf80:   0000000000000000 0000000000000000
0x0000000017dccf90:   00000000000000b6 000000001be14ae0
0x0000000017dccfa0:   00000000162b5420 0000000076601c6b
0x0000000017dccfb0:   0000000000000000 00000000162a1800
0x0000000017dccfc0:   0000000019457560 00000000765ece0f
0x0000000017dccfd0:   00000000162a1800 0000000076606f80
0x0000000017dccfe0:   00000000162a1800 00000000162a1800
0x0000000017dccff0:   000000001be14ae0 00000000769e0aeb
0x0000000017dcd000:   0000000000000000 0000000000000000
0x0000000017dcd010:   0000000019457560 0000000000000000 

Instructions: (pc=0x0000000076603608)
0x00000000766035e8:   00 48 8b da ff 15 fe 7d 59 00 44 0f b6 05 5a d9
0x00000000766035f8:   7a 00 4c 8b e0 45 84 c0 74 39 4c 8b 03 48 8b cb
0x0000000076603608:   41 ff 50 08 84 c0 74 2b 83 7b 08 00 7e 25 0f b6
0x0000000076603618:   83 0e 01 00 00 c0 e8 03 a8 01 74 17 48 8b 03 48 


Register to memory mapping:

RAX=0x00000000162a1800 is a thread
RBX=0x00000000030d8b80 is an unknown value
RCX=0x00000000030d8b80 is an unknown value
RDX=0x00000000030d8b80 is an unknown value
RSP=0x0000000017dccf20 is pointing into the stack for thread: 0x00000000162a1800
RBP=0x00000000162d36a0 is an unknown value
RSI=0x00000000030d8b80 is an unknown value
RDI=0x0000000000000000 is an unknown value
R8 =0x49362012ffff0013 is an unknown value
R9 =0x0000000000000000 is an unknown value
R10=0x00000000162d38d0 is an unknown value
R11=0x000000001f165c00 is an unknown value
R12=0x00000000162a1800 is a thread
R13=0x00000000162d36a0 is an unknown value
R14=0x0000000019455da0 is an unknown value
R15=0x0000000000000000 is an unknown value


Stack: [0x0000000017cd0000,0x0000000017dd0000],  sp=0x0000000017dccf20,  free space=1011k
Native frames: (J=compiled Java code, j=interpreted, Vv=VM code, C=native code)
V  [jvm.dll+0x43608]
V  [jvm.dll+0x43999]
V  [jvm.dll+0x41c6b]
V  [jvm.dll+0x420aeb]
V  [jvm.dll+0x41b8da]
V  [jvm.dll+0x41e727]
V  [jvm.dll+0x41eeeb]
V  [jvm.dll+0x41fde6]
V  [jvm.dll+0x420048]
V  [jvm.dll+0x42047b]
V  [jvm.dll+0x41ffd5]
V  [jvm.dll+0x41bd3b]
V  [jvm.dll+0x41e727]
V  [jvm.dll+0x41eeeb]
V  [jvm.dll+0x41fde6]
V  [jvm.dll+0x420048]
V  [jvm.dll+0x42047b]
V  [jvm.dll+0x41ffd5]
V  [jvm.dll+0x41bd3b]
V  [jvm.dll+0x41e727]
V  [jvm.dll+0x41f01d]
V  [jvm.dll+0x41fde6]
V  [jvm.dll+0x420048]
V  [jvm.dll+0x42047b]
V  [jvm.dll+0x41ffd5]
V  [jvm.dll+0x41bd3b]
V  [jvm.dll+0x41e727]
V  [jvm.dll+0x41eeeb]
V  [jvm.dll+0x41fde6]
V  [jvm.dll+0x420048]
V  [jvm.dll+0x42047b]
V  [jvm.dll+0x41ffd5]
V  [jvm.dll+0x41bd3b]
V  [jvm.dll+0x41e727]
V  [jvm.dll+0x41f01d]
V  [jvm.dll+0x41fde6]
V  [jvm.dll+0x420048]
V  [jvm.dll+0x42047b]
V  [jvm.dll+0x41ffd5]
V  [jvm.dll+0x41bd3b]
V  [jvm.dll+0x41e727]
V  [jvm.dll+0x41eeeb]
V  [jvm.dll+0x41fde6]
V  [jvm.dll+0x420048]
V  [jvm.dll+0x41bd3b]
V  [jvm.dll+0x41e727]
V  [jvm.dll+0x41eeeb]
V  [jvm.dll+0x41fde6]
V  [jvm.dll+0x420048]
V  [jvm.dll+0x41bd3b]
V  [jvm.dll+0x41e727]
V  [jvm.dll+0x41f01d]
V  [jvm.dll+0x41f412]
V  [jvm.dll+0x4244f5]
V  [jvm.dll+0x424600]
V  [jvm.dll+0x40ddb8]
V  [jvm.dll+0x40e021]
V  [jvm.dll+0x40e1e2]
V  [jvm.dll+0x40e3b1]
V  [jvm.dll+0x40e5bf]
V  [jvm.dll+0xa5742]
V  [jvm.dll+0xa607f]
V  [jvm.dll+0x244b7f]
V  [jvm.dll+0x29c43a]
C  [msvcr100.dll+0x21d9f]
C  [msvcr100.dll+0x21e3b]
C  [KERNEL32.DLL+0x17034]
C  [ntdll.dll+0x52651]


Current CompileTask:
C1:   8328 6606       3       android.content.res.TypedArray::$$robo$$android_content_res_TypedArray$loadStringValueAt (51 bytes)


---------------  P R O C E S S  ---------------

Java Threads: ( => current thread )
  0x000000001d1a2800 JavaThread "Java2D Disposer" daemon [_thread_blocked, id=5856, stack(0x000000001c780000,0x000000001c880000)]
  0x0000000018db0000 JavaThread "SDK 28 Main Thread" [_thread_in_Java, id=4236, stack(0x000000001a2e0000,0x000000001a3e0000)]
  0x0000000018a8e800 JavaThread "/127.0.0.1:57368 to /127.0.0.1:57367 workers Thread 3" [_thread_in_native, id=32548, stack(0x0000000019de0000,0x0000000019ee0000)]
  0x0000000018a3a000 JavaThread "/127.0.0.1:57368 to /127.0.0.1:57367 workers Thread 2" [_thread_blocked, id=32444, stack(0x0000000019ce0000,0x0000000019de0000)]
  0x0000000018756800 JavaThread "Test worker" [_thread_blocked, id=9288, stack(0x00000000198a0000,0x00000000199a0000)]
  0x0000000016335800 JavaThread "Service Thread" daemon [_thread_blocked, id=12324, stack(0x0000000017dd0000,0x0000000017ed0000)]
=>0x00000000162a1800 JavaThread "C1 CompilerThread3" daemon [_thread_in_vm, id=20612, stack(0x0000000017cd0000,0x0000000017dd0000)]
  0x00000000162a0800 JavaThread "C2 CompilerThread2" daemon [_thread_in_native, id=31688, stack(0x0000000017bd0000,0x0000000017cd0000)]
  0x000000001629d800 JavaThread "C2 CompilerThread1" daemon [_thread_in_native, id=25392, stack(0x0000000017ad0000,0x0000000017bd0000)]
  0x0000000016299000 JavaThread "C2 CompilerThread0" daemon [_thread_in_native, id=21688, stack(0x00000000179d0000,0x0000000017ad0000)]
  0x0000000016296800 JavaThread "Attach Listener" daemon [_thread_blocked, id=19508, stack(0x00000000178d0000,0x00000000179d0000)]
  0x0000000016296000 JavaThread "Signal Dispatcher" daemon [_thread_blocked, id=2836, stack(0x00000000177d0000,0x00000000178d0000)]
  0x0000000016213000 JavaThread "Finalizer" daemon [_thread_blocked, id=28040, stack(0x0000000017490000,0x0000000017590000)]
  0x000000000317a000 JavaThread "Reference Handler" daemon [_thread_blocked, id=4304, stack(0x0000000017390000,0x0000000017490000)]
  0x0000000002f7e000 JavaThread "main" [_thread_blocked, id=17156, stack(0x0000000002f80000,0x0000000003080000)]

Other Threads:
  0x0000000014b36800 VMThread [stack: 0x0000000017290000,0x0000000017390000] [id=21416]
  0x00000000163d4800 WatcherThread [stack: 0x0000000017ed0000,0x0000000017fd0000] [id=28712]

VM state:not at safepoint (normal execution)

VM Mutex/Monitor currently owned by a thread: None

Heap:
 PSYoungGen      total 146944K, used 83002K [0x00000000f5580000, 0x0000000100000000, 0x0000000100000000)
  eden space 124416K, 54% used [0x00000000f5580000,0x00000000f97a1070,0x00000000fcf00000)
  from space 22528K, 67% used [0x00000000fea00000,0x00000000ff8eda60,0x0000000100000000)
  to   space 25088K, 0% used [0x00000000fcf00000,0x00000000fcf00000,0x00000000fe780000)
 ParOldGen       total 254976K, used 65022K [0x00000000e0000000, 0x00000000ef900000, 0x00000000f5580000)
  object space 254976K, 25% used [0x00000000e0000000,0x00000000e3f7f8d8,0x00000000ef900000)
 Metaspace       used 62453K, capacity 71657K, committed 71856K, reserved 1110016K
  class space    used 7790K, capacity 10351K, committed 10416K, reserved 1048576K

Card table byte_map: [0x0000000012540000,0x0000000012650000] byte_map_base: 0x0000000011e40000

Marking Bits: (ParMarkBitMap*) 0x0000000076dda6c0
 Begin Bits: [0x0000000013050000, 0x0000000013850000)
 End Bits:   [0x0000000013850000, 0x0000000014050000)

Polling page: 0x0000000001550000

CodeCache: size=245760Kb used=18487Kb max_used=18570Kb free=227272Kb
 bounds [0x0000000003180000, 0x00000000043d0000, 0x0000000012180000]
 total_blobs=6987 nmethods=5442 adapters=1456
 compilation: enabled

Compilation events (10 events):
Event: 8.273 Thread 0x00000000162a1800 nmethod 6601 0x0000000003eac2d0 code [0x0000000003eac4a0, 0x0000000003eacac8]
Event: 8.273 Thread 0x00000000162a1800 6602       3       java.lang.invoke.LambdaForm$MH/1468027421::linkToCallSite (20 bytes)
Event: 8.273 Thread 0x00000000162a1800 nmethod 6602 0x0000000003824a90 code [0x0000000003824c20, 0x00000000038252a8]
Event: 8.273 Thread 0x00000000162a1800 6603       3       java.lang.invoke.LambdaForm$MH/1730524374::guard (109 bytes)
Event: 8.273 Thread 0x00000000162a1800 nmethod 6603 0x0000000003d6a810 code [0x0000000003d6aa20, 0x0000000003d6b9e8]
Event: 8.273 Thread 0x00000000162a1800 6604       3       java.lang.invoke.LambdaForm$MH/702575097::linkToCallSite (13 bytes)
Event: 8.274 Thread 0x00000000162a1800 nmethod 6604 0x0000000003602890 code [0x0000000003602a20, 0x0000000003602ee8]
Event: 8.274 Thread 0x00000000162a1800 6605       3       java.lang.invoke.LambdaForm$MH/1850575663::guard (88 bytes)
Event: 8.274 Thread 0x00000000162a1800 nmethod 6605 0x0000000003b30f90 code [0x0000000003b311a0, 0x0000000003b31e08]
Event: 8.274 Thread 0x00000000162a1800 6606       3       android.content.res.TypedArray::$$robo$$android_content_res_TypedArray$loadStringValueAt (51 bytes)

GC Heap History (10 events):
Event: 6.735 GC heap before
{Heap before GC invocations=17 (full 3):
 PSYoungGen      total 158720K, used 156983K [0x00000000f5580000, 0x0000000100000000, 0x0000000100000000)
  eden space 143872K, 100% used [0x00000000f5580000,0x00000000fe200000,0x00000000fe200000)
  from space 14848K, 88% used [0x00000000fe200000,0x00000000feecdfd8,0x00000000ff080000)
  to   space 15872K, 0% used [0x00000000ff080000,0x00000000ff080000,0x0000000100000000)
 ParOldGen       total 254976K, used 52191K [0x00000000e0000000, 0x00000000ef900000, 0x00000000f5580000)
  object space 254976K, 20% used [0x00000000e0000000,0x00000000e32f7c80,0x00000000ef900000)
 Metaspace       used 54647K, capacity 60679K, committed 60848K, reserved 1101824K
  class space    used 6459K, capacity 8277K, committed 8368K, reserved 1048576K
Event: 6.742 GC heap after
Heap after GC invocations=17 (full 3):
 PSYoungGen      total 155648K, used 15836K [0x00000000f5580000, 0x0000000100000000, 0x0000000100000000)
  eden space 139776K, 0% used [0x00000000f5580000,0x00000000f5580000,0x00000000fde00000)
  from space 15872K, 99% used [0x00000000ff080000,0x00000000ffff73b8,0x0000000100000000)
  to   space 17408K, 0% used [0x00000000fde00000,0x00000000fde00000,0x00000000fef00000)
 ParOldGen       total 254976K, used 52199K [0x00000000e0000000, 0x00000000ef900000, 0x00000000f5580000)
  object space 254976K, 20% used [0x00000000e0000000,0x00000000e32f9c80,0x00000000ef900000)
 Metaspace       used 54647K, capacity 60679K, committed 60848K, reserved 1101824K
  class space    used 6459K, capacity 8277K, committed 8368K, reserved 1048576K
}
Event: 7.250 GC heap before
{Heap before GC invocations=18 (full 3):
 PSYoungGen      total 155648K, used 155612K [0x00000000f5580000, 0x0000000100000000, 0x0000000100000000)
  eden space 139776K, 100% used [0x00000000f5580000,0x00000000fde00000,0x00000000fde00000)
  from space 15872K, 99% used [0x00000000ff080000,0x00000000ffff73b8,0x0000000100000000)
  to   space 17408K, 0% used [0x00000000fde00000,0x00000000fde00000,0x00000000fef00000)
 ParOldGen       total 254976K, used 52199K [0x00000000e0000000, 0x00000000ef900000, 0x00000000f5580000)
  object space 254976K, 20% used [0x00000000e0000000,0x00000000e32f9c80,0x00000000ef900000)
 Metaspace       used 59155K, capacity 67523K, committed 67760K, reserved 1107968K
  class space    used 7353K, capacity 9803K, committed 9904K, reserved 1048576K
Event: 7.259 GC heap after
Heap after GC invocations=18 (full 3):
 PSYoungGen      total 157184K, used 17398K [0x00000000f5580000, 0x0000000100000000, 0x0000000100000000)
  eden space 139776K, 0% used [0x00000000f5580000,0x00000000f5580000,0x00000000fde00000)
  from space 17408K, 99% used [0x00000000fde00000,0x00000000feefda80,0x00000000fef00000)
  to   space 17408K, 0% used [0x00000000fef00000,0x00000000fef00000,0x0000000100000000)
 ParOldGen       total 254976K, used 54237K [0x00000000e0000000, 0x00000000ef900000, 0x00000000f5580000)
  object space 254976K, 21% used [0x00000000e0000000,0x00000000e34f7660,0x00000000ef900000)
 Metaspace       used 59155K, capacity 67523K, committed 67760K, reserved 1107968K
  class space    used 7353K, capacity 9803K, committed 9904K, reserved 1048576K
}
Event: 7.537 GC heap before
{Heap before GC invocations=19 (full 3):
 PSYoungGen      total 157184K, used 157174K [0x00000000f5580000, 0x0000000100000000, 0x0000000100000000)
  eden space 139776K, 100% used [0x00000000f5580000,0x00000000fde00000,0x00000000fde00000)
  from space 17408K, 99% used [0x00000000fde00000,0x00000000feefda80,0x00000000fef00000)
  to   space 17408K, 0% used [0x00000000fef00000,0x00000000fef00000,0x0000000100000000)
 ParOldGen       total 254976K, used 54237K [0x00000000e0000000, 0x00000000ef900000, 0x00000000f5580000)
  object space 254976K, 21% used [0x00000000e0000000,0x00000000e34f7660,0x00000000ef900000)
 Metaspace       used 60306K, capacity 68965K, committed 69296K, reserved 1107968K
  class space    used 7547K, capacity 10035K, committed 10160K, reserved 1048576K
Event: 7.546 GC heap after
Heap after GC invocations=19 (full 3):
 PSYoungGen      total 146944K, used 17398K [0x00000000f5580000, 0x0000000100000000, 0x0000000100000000)
  eden space 129536K, 0% used [0x00000000f5580000,0x00000000f5580000,0x00000000fd400000)
  from space 17408K, 99% used [0x00000000fef00000,0x00000000ffffda80,0x0000000100000000)
  to   space 22528K, 0% used [0x00000000fd400000,0x00000000fd400000,0x00000000fea00000)
 ParOldGen       total 254976K, used 56338K [0x00000000e0000000, 0x00000000ef900000, 0x00000000f5580000)
  object space 254976K, 22% used [0x00000000e0000000,0x00000000e37048e8,0x00000000ef900000)
 Metaspace       used 60306K, capacity 68965K, committed 69296K, reserved 1107968K
  class space    used 7547K, capacity 10035K, committed 10160K, reserved 1048576K
}
Event: 7.939 GC heap before
{Heap before GC invocations=20 (full 3):
 PSYoungGen      total 146944K, used 146934K [0x00000000f5580000, 0x0000000100000000, 0x0000000100000000)
  eden space 129536K, 100% used [0x00000000f5580000,0x00000000fd400000,0x00000000fd400000)
  from space 17408K, 99% used [0x00000000fef00000,0x00000000ffffda80,0x0000000100000000)
  to   space 22528K, 0% used [0x00000000fd400000,0x00000000fd400000,0x00000000fea00000)
 ParOldGen       total 254976K, used 56338K [0x00000000e0000000, 0x00000000ef900000, 0x00000000f5580000)
  object space 254976K, 22% used [0x00000000e0000000,0x00000000e37048e8,0x00000000ef900000)
 Metaspace       used 62043K, capacity 70935K, committed 71088K, reserved 1110016K
  class space    used 7763K, capacity 10290K, committed 10416K, reserved 1048576K
Event: 7.951 GC heap after
Heap after GC invocations=20 (full 3):
 PSYoungGen      total 152064K, used 22507K [0x00000000f5580000, 0x0000000100000000, 0x0000000100000000)
  eden space 129536K, 0% used [0x00000000f5580000,0x00000000f5580000,0x00000000fd400000)
  from space 22528K, 99% used [0x00000000fd400000,0x00000000fe9faf58,0x00000000fea00000)
  to   space 22528K, 0% used [0x00000000fea00000,0x00000000fea00000,0x0000000100000000)
 ParOldGen       total 254976K, used 56386K [0x00000000e0000000, 0x00000000ef900000, 0x00000000f5580000)
  object space 254976K, 22% used [0x00000000e0000000,0x00000000e3710a10,0x00000000ef900000)
 Metaspace       used 62043K, capacity 70935K, committed 71088K, reserved 1110016K
  class space    used 7763K, capacity 10290K, committed 10416K, reserved 1048576K
}
Event: 8.189 GC heap before
{Heap before GC invocations=21 (full 3):
 PSYoungGen      total 152064K, used 152043K [0x00000000f5580000, 0x0000000100000000, 0x0000000100000000)
  eden space 129536K, 100% used [0x00000000f5580000,0x00000000fd400000,0x00000000fd400000)
  from space 22528K, 99% used [0x00000000fd400000,0x00000000fe9faf58,0x00000000fea00000)
  to   space 22528K, 0% used [0x00000000fea00000,0x00000000fea00000,0x0000000100000000)
 ParOldGen       total 254976K, used 56386K [0x00000000e0000000, 0x00000000ef900000, 0x00000000f5580000)
  object space 254976K, 22% used [0x00000000e0000000,0x00000000e3710a10,0x00000000ef900000)
 Metaspace       used 62205K, capacity 71341K, committed 71600K, reserved 1110016K
  class space    used 7775K, capacity 10309K, committed 10416K, reserved 1048576K
Event: 8.198 GC heap after
Heap after GC invocations=21 (full 3):
 PSYoungGen      total 146944K, used 15286K [0x00000000f5580000, 0x0000000100000000, 0x0000000100000000)
  eden space 124416K, 0% used [0x00000000f5580000,0x00000000f5580000,0x00000000fcf00000)
  from space 22528K, 67% used [0x00000000fea00000,0x00000000ff8eda60,0x0000000100000000)
  to   space 25088K, 0% used [0x00000000fcf00000,0x00000000fcf00000,0x00000000fe780000)
 ParOldGen       total 254976K, used 65022K [0x00000000e0000000, 0x00000000ef900000, 0x00000000f5580000)
  object space 254976K, 25% used [0x00000000e0000000,0x00000000e3f7f8d8,0x00000000ef900000)
 Metaspace       used 62205K, capacity 71341K, committed 71600K, reserved 1110016K
  class space    used 7775K, capacity 10309K, committed 10416K, reserved 1048576K
}

Deoptimization events (10 events):
Event: 7.807 Thread 0x0000000018756800 Uncommon trap: reason=bimorphic action=maybe_recompile pc=0x00000000039aa1f0 method=java.util.regex.Pattern$Curly.match0(Ljava/util/regex/Matcher;IILjava/lang/CharSequence;)Z @ 77
Event: 7.808 Thread 0x0000000018756800 Uncommon trap: reason=class_check action=maybe_recompile pc=0x0000000003ba4d78 method=com.google.common.collect.ImmutableSet$RegularSetBuilderImpl.add(Ljava/lang/Object;)Lcom/google/common/collect/ImmutableSet$SetBuilderImpl; @ 6
Event: 7.808 Thread 0x0000000018756800 Uncommon trap: reason=class_check action=maybe_recompile pc=0x0000000003ba4d78 method=com.google.common.collect.ImmutableSet$RegularSetBuilderImpl.add(Ljava/lang/Object;)Lcom/google/common/collect/ImmutableSet$SetBuilderImpl; @ 6
Event: 7.808 Thread 0x0000000018756800 Uncommon trap: reason=class_check action=maybe_recompile pc=0x0000000003ba4d78 method=com.google.common.collect.ImmutableSet$RegularSetBuilderImpl.add(Ljava/lang/Object;)Lcom/google/common/collect/ImmutableSet$SetBuilderImpl; @ 6
Event: 7.808 Thread 0x0000000018756800 Uncommon trap: reason=class_check action=maybe_recompile pc=0x0000000003ba4d78 method=com.google.common.collect.ImmutableSet$RegularSetBuilderImpl.add(Ljava/lang/Object;)Lcom/google/common/collect/ImmutableSet$SetBuilderImpl; @ 6
Event: 7.808 Thread 0x0000000018756800 Uncommon trap: reason=unstable_if action=reinterpret pc=0x000000000394a184 method=org.robolectric.internal.bytecode.MethodRef.equals(Ljava/lang/Object;)Z @ 2
Event: 7.811 Thread 0x0000000018db0000 Uncommon trap: reason=unstable_if action=reinterpret pc=0x000000000399b32c method=java.util.Arrays.hashCode([Ljava/lang/Object;)I @ 34
Event: 7.818 Thread 0x0000000018db0000 Uncommon trap: reason=unstable_if action=reinterpret pc=0x000000000388e6b0 method=org.robolectric.res.android.ResTable_config.isBetterThan(Lorg/robolectric/res/android/ResTable_config;Lorg/robolectric/res/android/ResTable_config;)Z @ 898
Event: 7.830 Thread 0x0000000018db0000 Uncommon trap: reason=unstable_if action=reinterpret pc=0x000000000390865c method=org.robolectric.res.android.CppAssetManager2$Theme.SetTo(Lorg/robolectric/res/android/CppAssetManager2$Theme;)Z @ 53
Event: 8.066 Thread 0x0000000018db0000 Uncommon trap: reason=unstable_if action=reinterpret pc=0x0000000003a792b4 method=java.lang.String.lastIndexOf([CII[CIII)I @ 66

Internal exceptions (10 events):
Event: 6.290 Thread 0x0000000018db0000 Exception <a 'java/lang/NoSuchMethodError': java.lang.Object.lambda$comparingDouble$8dcf42ea$1(Ljava/util/function/ToDoubleFunction;Ljava/lang/Object;Ljava/lang/Object;)I> (0x00000000fa3b3918) thrown at [C:\re\workspace\8-2-build-windows-amd64-cygwin\jdk8
Event: 6.963 Thread 0x000000001d1a2000 Exception <a 'java/lang/NoSuchFieldError': method resolution failed> (0x00000000f970eb38) thrown at [C:\re\workspace\8-2-build-windows-amd64-cygwin\jdk8u111\7883\hotspot\src\share\vm\prims\methodHandles.cpp, line 1146]
Event: 7.078 Thread 0x0000000018db0000 Implicit null exception at 0x0000000003e2432d to 0x0000000003e248a7
Event: 7.078 Thread 0x0000000018db0000 Implicit null exception at 0x0000000003496d5e to 0x00000000034972f9
Event: 7.148 Thread 0x0000000018db0000 Exception <a 'java/lang/NoSuchFieldError': method resolution failed> (0x00000000fc88cf50) thrown at [C:\re\workspace\8-2-build-windows-amd64-cygwin\jdk8u111\7883\hotspot\src\share\vm\prims\methodHandles.cpp, line 1146]
Event: 7.187 Thread 0x0000000018db0000 Exception <a 'java/lang/NoSuchFieldError': method resolution failed> (0x00000000fd4625e0) thrown at [C:\re\workspace\8-2-build-windows-amd64-cygwin\jdk8u111\7883\hotspot\src\share\vm\prims\methodHandles.cpp, line 1146]
Event: 7.717 Thread 0x0000000018db0000 Implicit null exception at 0x0000000003eb4e97 to 0x0000000003eb4f6d
Event: 7.779 Thread 0x0000000018db0000 Exception <a 'java/lang/NoSuchMethodError': java.lang.Object.lambda$get$0(Ljava/lang/Object;)V> (0x00000000f9f474c8) thrown at [C:\re\workspace\8-2-build-windows-amd64-cygwin\jdk8u111\7883\hotspot\src\share\vm\interpreter\linkResolver.cpp, line 582]
Event: 7.811 Thread 0x0000000018db0000 Implicit null exception at 0x000000000399b26f to 0x000000000399b30d
Event: 7.827 Thread 0x0000000018db0000 Exception <a 'sun/nio/fs/WindowsException'> (0x00000000faa7f110) thrown at [C:\re\workspace\8-2-build-windows-amd64-cygwin\jdk8u111\7883\hotspot\src\share\vm\prims\jni.cpp, line 709]

Events (10 events):
Event: 8.218 Thread 0x00000000162a1800 flushing nmethod 0x0000000003c3bb90
Event: 8.223 Thread 0x00000000162a1800 flushing nmethod 0x0000000003c9cad0
Event: 8.223 Thread 0x00000000162a1800 flushing nmethod 0x0000000003d526d0
Event: 8.223 Thread 0x00000000162a1800 flushing nmethod 0x0000000003d6a810
Event: 8.225 Thread 0x00000000162a1800 flushing nmethod 0x0000000003dcd190
Event: 8.225 Thread 0x00000000162a1800 flushing nmethod 0x0000000003de3b10
Event: 8.225 Thread 0x00000000162a1800 flushing nmethod 0x0000000003e21f50
Event: 8.225 Thread 0x00000000162a1800 flushing nmethod 0x0000000003e9f790
Event: 8.225 Thread 0x00000000162a1800 flushing nmethod 0x0000000003ea8d10
Event: 8.225 Thread 0x00000000162a1800 flushing nmethod 0x0000000003eac2d0


Dynamic libraries:
0x00007ff706f50000 - 0x00007ff706f87000 	C:\Program Files\Java\jdk1.8.0_111\bin\java.exe
0x00007ff868150000 - 0x00007ff868345000 	C:\WINDOWS\SYSTEM32\ntdll.dll
0x00007ff8671e0000 - 0x00007ff86729e000 	C:\WINDOWS\System32\KERNEL32.DLL
0x00007ff865a20000 - 0x00007ff865ce9000 	C:\WINDOWS\System32\KERNELBASE.dll
0x00007ff8661a0000 - 0x00007ff86624c000 	C:\WINDOWS\System32\ADVAPI32.dll
0x00007ff866280000 - 0x00007ff86631e000 	C:\WINDOWS\System32\msvcrt.dll
0x00007ff867300000 - 0x00007ff86739b000 	C:\WINDOWS\System32\sechost.dll
0x00007ff8670b0000 - 0x00007ff8671da000 	C:\WINDOWS\System32\RPCRT4.dll
0x00007ff866320000 - 0x00007ff8664c1000 	C:\WINDOWS\System32\USER32.dll
0x00007ff865870000 - 0x00007ff865892000 	C:\WINDOWS\System32\win32u.dll
0x00007ff8664d0000 - 0x00007ff8664fb000 	C:\WINDOWS\System32\GDI32.dll
0x00007ff865f90000 - 0x00007ff86609b000 	C:\WINDOWS\System32\gdi32full.dll
0x00007ff8660a0000 - 0x00007ff86613d000 	C:\WINDOWS\System32\msvcp_win.dll
0x00007ff8658a0000 - 0x00007ff8659a0000 	C:\WINDOWS\System32\ucrtbase.dll
0x00007ff852310000 - 0x00007ff8525aa000 	C:\WINDOWS\WinSxS\amd64_microsoft.windows.common-controls_6595b64144ccf1df_6.0.19041.1110_none_60b5254171f9507e\COMCTL32.dll
0x00007ff866250000 - 0x00007ff866280000 	C:\WINDOWS\System32\IMM32.DLL
0x00000000773e0000 - 0x00000000774b2000 	C:\Program Files\Java\jdk1.8.0_111\jre\bin\msvcr100.dll
0x00000000765c0000 - 0x0000000076e5a000 	C:\Program Files\Java\jdk1.8.0_111\jre\bin\server\jvm.dll
0x00007ff866500000 - 0x00007ff866508000 	C:\WINDOWS\System32\PSAPI.DLL
0x00007ff85f3e0000 - 0x00007ff85f3e9000 	C:\WINDOWS\SYSTEM32\WSOCK32.dll
0x00007ff858b10000 - 0x00007ff858b37000 	C:\WINDOWS\SYSTEM32\WINMM.dll
0x00007ff85cc70000 - 0x00007ff85cc7a000 	C:\WINDOWS\SYSTEM32\VERSION.dll
0x00007ff866f20000 - 0x00007ff866f8b000 	C:\WINDOWS\System32\WS2_32.dll
0x0000000051450000 - 0x000000005145f000 	C:\Program Files\Java\jdk1.8.0_111\jre\bin\verify.dll
0x0000000077870000 - 0x0000000077899000 	C:\Program Files\Java\jdk1.8.0_111\jre\bin\java.dll
0x0000000077850000 - 0x0000000077866000 	C:\Program Files\Java\jdk1.8.0_111\jre\bin\zip.dll
0x00007ff8665c0000 - 0x00007ff866cff000 	C:\WINDOWS\System32\SHELL32.dll
0x00007ff863970000 - 0x00007ff864100000 	C:\WINDOWS\SYSTEM32\windows.storage.dll
0x00007ff8678a0000 - 0x00007ff867bf5000 	C:\WINDOWS\System32\combase.dll
0x00007ff8652c0000 - 0x00007ff8652ec000 	C:\WINDOWS\SYSTEM32\Wldp.dll
0x00007ff866510000 - 0x00007ff8665be000 	C:\WINDOWS\System32\SHCORE.dll
0x00007ff8672a0000 - 0x00007ff8672f5000 	C:\WINDOWS\System32\shlwapi.dll
0x00007ff8657b0000 - 0x00007ff8657cf000 	C:\WINDOWS\SYSTEM32\profapi.dll
0x0000000077830000 - 0x000000007784a000 	C:\Program Files\Java\jdk1.8.0_111\jre\bin\net.dll
0x00007ff864fb0000 - 0x00007ff86501a000 	C:\WINDOWS\system32\mswsock.dll
0x00000000773c0000 - 0x00000000773d1000 	C:\Program Files\Java\jdk1.8.0_111\jre\bin\nio.dll
0x00007ff865210000 - 0x00007ff865228000 	C:\WINDOWS\SYSTEM32\CRYPTSP.dll
0x00007ff8648d0000 - 0x00007ff864904000 	C:\WINDOWS\system32\rsaenh.dll
0x00007ff8659f0000 - 0x00007ff865a17000 	C:\WINDOWS\System32\bcrypt.dll
0x00007ff865730000 - 0x00007ff86575e000 	C:\WINDOWS\SYSTEM32\USERENV.dll
0x00007ff865f00000 - 0x00007ff865f83000 	C:\WINDOWS\System32\bcryptprimitives.dll
0x00007ff865230000 - 0x00007ff86523c000 	C:\WINDOWS\SYSTEM32\CRYPTBASE.dll
0x00007ff864ca0000 - 0x00007ff864cdb000 	C:\WINDOWS\SYSTEM32\IPHLPAPI.DLL
0x00007ff866d00000 - 0x00007ff866d08000 	C:\WINDOWS\System32\NSI.dll
0x00007ff85cc50000 - 0x00007ff85cc67000 	C:\WINDOWS\SYSTEM32\dhcpcsvc6.DLL
0x00007ff85e460000 - 0x00007ff85e47d000 	C:\WINDOWS\SYSTEM32\dhcpcsvc.DLL
0x00007ff864ce0000 - 0x00007ff864dac000 	C:\WINDOWS\SYSTEM32\DNSAPI.dll
0x0000000077390000 - 0x00000000773b4000 	C:\Program Files\Java\jdk1.8.0_111\jre\bin\sunec.dll
0x0000000077380000 - 0x000000007738b000 	C:\Program Files\Java\jdk1.8.0_111\jre\bin\sunmscapi.dll
0x00007ff865da0000 - 0x00007ff865ef6000 	C:\WINDOWS\System32\CRYPT32.dll
0x00000000771e0000 - 0x0000000077378000 	C:\Program Files\Java\jdk1.8.0_111\jre\bin\awt.dll
0x00007ff867eb0000 - 0x00007ff867f7d000 	C:\WINDOWS\System32\OLEAUT32.dll
0x00007ff862e60000 - 0x00007ff862ef0000 	C:\WINDOWS\SYSTEM32\apphelp.dll
0x00007ff862fd0000 - 0x00007ff8631b4000 	C:\WINDOWS\SYSTEM32\dbghelp.dll

VM Arguments:
jvm_args: -Djava.awt.headless=true -Djava.security.manager=worker.org.gradle.process.internal.worker.child.BootstrapSecurityManager -Dorg.gradle.native=false -Xmx512m -Dfile.encoding=windows-1252 -Duser.country=ID -Duser.language=en -Duser.variant -ea 
java_command: worker.org.gradle.process.internal.worker.GradleWorkerMain 'Gradle Test Executor 18'
java_class_path (initial): C:\Users\Lenovo\.gradle\caches\6.1.1\workerMain\gradle-worker.jar
Launcher Type: SUN_STANDARD

Environment Variables:
USERNAME=Lenovo
OS=Windows_NT
PROCESSOR_IDENTIFIER=Intel64 Family 6 Model 165 Stepping 2, GenuineIntel



---------------  S Y S T E M  ---------------

OS: Windows 10.0 , 64 bit Build 19041 (10.0.19041.1202)

CPU:total 12 (6 cores per cpu, 2 threads per core) family 6 model 165 stepping 2, cmov, cx8, fxsr, mmx, sse, sse2, sse3, ssse3, sse4.1, sse4.2, popcnt, avx, avx2, aes, clmul, erms, 3dnowpref, lzcnt, ht, tsc, tscinvbit, bmi1, bmi2, adx

Memory: 4k page, physical 16682800k(4630380k free), swap 21347336k(3909824k free)

vm_info: Java HotSpot(TM) 64-Bit Server VM (25.111-b14) for windows-amd64 JRE (1.8.0_111-b14), built on Sep 22 2016 19:24:05 by "java_re" with MS VC++ 10.0 (VS2010)

time: Fri Oct 08 09:23:56 2021
elapsed time: 8 seconds (0d 0h 0m 8s)

