#
# A fatal error has been detected by the Java Runtime Environment:
#
#  EXCEPTION_ACCESS_VIOLATION (0xc0000005) at pc=0x0000000076603608, pid=28328, tid=0x00000000000037b4
#
# JRE version: Java(TM) SE Runtime Environment (8.0_111-b14) (build 1.8.0_111-b14)
# Java VM: Java HotSpot(TM) 64-Bit Server VM (25.111-b14 mixed mode windows-amd64 compressed oops)
# Problematic frame:
# V  [jvm.dll+0x43608]
#
# Failed to write core dump. Minidumps are not enabled by default on client versions of Windows
#
# If you would like to submit a bug report, please visit:
#   http://bugreport.java.com/bugreport/crash.jsp
#

---------------  T H R E A D  ---------------

Current thread (0x0000000016296000):  JavaThread "C1 CompilerThread3" daemon [_thread_in_vm, id=14260, stack(0x0000000017cc0000,0x0000000017dc0000)]

siginfo: ExceptionCode=0xc0000005, reading address 0xffffffffffffffff

Registers:
RAX=0x0000000016296000, RBX=0x00000000030088b0, RCX=0x00000000030088b0, RDX=0x00000000030088b0
RSP=0x0000000017dbd100, RBP=0x00000000162d2310, RSI=0x00000000030088b0, RDI=0x0000000000000000
R8 =0x49362012ffff0013, R9 =0x0000000000000000, R10=0x00000000162d2540, R11=0x0000000018107800
R12=0x0000000016296000, R13=0x00000000162d2310, R14=0x000000001b0a4290, R15=0x0000000000000000
RIP=0x0000000076603608, EFLAGS=0x0000000000010202

Top of Stack: (sp=0x0000000017dbd100)
0x0000000017dbd100:   00000000000000b6 0000000017dbf6b0
0x0000000017dbd110:   0000000000000000 0000000000000077
0x0000000017dbd120:   000000001d8c0c28 0000000017dbf6b0
0x0000000017dbd130:   0000000017dbd210 00000000765efe25
0x0000000017dbd140:   00000000000000e9 0000000076603999
0x0000000017dbd150:   0000000000000077 0000000000000077
0x0000000017dbd160:   0000000000000000 0000000000000000
0x0000000017dbd170:   00000000000000b6 000000001b6a3e50
0x0000000017dbd180:   00000000162825c0 0000000076601c6b
0x0000000017dbd190:   0000000000000000 0000000016296000
0x0000000017dbd1a0:   000000001b0a5a50 00000000765ece0f
0x0000000017dbd1b0:   0000000016296000 0000000076606f80
0x0000000017dbd1c0:   0000000016296000 0000000016296000
0x0000000017dbd1d0:   000000001b6a3e50 00000000769e0aeb
0x0000000017dbd1e0:   0000000000000000 0000000000000000
0x0000000017dbd1f0:   000000001b0a5a50 0000000000000000 

Instructions: (pc=0x0000000076603608)
0x00000000766035e8:   00 48 8b da ff 15 fe 7d 59 00 44 0f b6 05 5a d9
0x00000000766035f8:   7a 00 4c 8b e0 45 84 c0 74 39 4c 8b 03 48 8b cb
0x0000000076603608:   41 ff 50 08 84 c0 74 2b 83 7b 08 00 7e 25 0f b6
0x0000000076603618:   83 0e 01 00 00 c0 e8 03 a8 01 74 17 48 8b 03 48 


Register to memory mapping:

RAX=0x0000000016296000 is a thread
RBX=0x00000000030088b0 is an unknown value
RCX=0x00000000030088b0 is an unknown value
RDX=0x00000000030088b0 is an unknown value
RSP=0x0000000017dbd100 is pointing into the stack for thread: 0x0000000016296000
RBP=0x00000000162d2310 is an unknown value
RSI=0x00000000030088b0 is an unknown value
RDI=0x0000000000000000 is an unknown value
R8 =0x49362012ffff0013 is an unknown value
R9 =0x0000000000000000 is an unknown value
R10=0x00000000162d2540 is an unknown value
R11=0x0000000018107800 is an unknown value
R12=0x0000000016296000 is a thread
R13=0x00000000162d2310 is an unknown value
R14=0x000000001b0a4290 is an unknown value
R15=0x0000000000000000 is an unknown value


Stack: [0x0000000017cc0000,0x0000000017dc0000],  sp=0x0000000017dbd100,  free space=1012k
Native frames: (J=compiled Java code, j=interpreted, Vv=VM code, C=native code)
V  [jvm.dll+0x43608]
V  [jvm.dll+0x43999]
V  [jvm.dll+0x41c6b]
V  [jvm.dll+0x420aeb]
V  [jvm.dll+0x41b8da]
V  [jvm.dll+0x41e727]
V  [jvm.dll+0x41eeeb]
V  [jvm.dll+0x41fde6]
V  [jvm.dll+0x420048]
V  [jvm.dll+0x42047b]
V  [jvm.dll+0x41ffd5]
V  [jvm.dll+0x41bd3b]
V  [jvm.dll+0x41e727]
V  [jvm.dll+0x41eeeb]
V  [jvm.dll+0x41fde6]
V  [jvm.dll+0x420048]
V  [jvm.dll+0x42047b]
V  [jvm.dll+0x41ffd5]
V  [jvm.dll+0x41bd3b]
V  [jvm.dll+0x41e727]
V  [jvm.dll+0x41f01d]
V  [jvm.dll+0x41fde6]
V  [jvm.dll+0x420048]
V  [jvm.dll+0x42047b]
V  [jvm.dll+0x41ffd5]
V  [jvm.dll+0x41bd3b]
V  [jvm.dll+0x41e727]
V  [jvm.dll+0x41eeeb]
V  [jvm.dll+0x41fde6]
V  [jvm.dll+0x420048]
V  [jvm.dll+0x42047b]
V  [jvm.dll+0x41ffd5]
V  [jvm.dll+0x41bd3b]
V  [jvm.dll+0x41e727]
V  [jvm.dll+0x41f01d]
V  [jvm.dll+0x41fde6]
V  [jvm.dll+0x420048]
V  [jvm.dll+0x42047b]
V  [jvm.dll+0x41ffd5]
V  [jvm.dll+0x41bd3b]
V  [jvm.dll+0x41e727]
V  [jvm.dll+0x41eeeb]
V  [jvm.dll+0x41fde6]
V  [jvm.dll+0x420048]
V  [jvm.dll+0x41bd3b]
V  [jvm.dll+0x41e727]
V  [jvm.dll+0x41eeeb]
V  [jvm.dll+0x41fde6]
V  [jvm.dll+0x420048]
V  [jvm.dll+0x41bd3b]
V  [jvm.dll+0x41e727]
V  [jvm.dll+0x41f01d]
V  [jvm.dll+0x41f412]
V  [jvm.dll+0x4244f5]
V  [jvm.dll+0x424600]
V  [jvm.dll+0x40ddb8]
V  [jvm.dll+0x40e021]
V  [jvm.dll+0x40e1e2]
V  [jvm.dll+0x40e3b1]
V  [jvm.dll+0x40e5bf]
V  [jvm.dll+0xa5742]
V  [jvm.dll+0xa607f]
V  [jvm.dll+0x244b7f]
V  [jvm.dll+0x29c43a]
C  [msvcr100.dll+0x21d9f]
C  [msvcr100.dll+0x21e3b]
C  [KERNEL32.DLL+0x17034]
C  [ntdll.dll+0x52651]


Current CompileTask:
C1:   6416 6582       3       android.content.res.TypedArray::$$robo$$android_content_res_TypedArray$loadStringValueAt (51 bytes)


---------------  P R O C E S S  ---------------

Java Threads: ( => current thread )
  0x00000000189dd000 JavaThread "Java2D Disposer" daemon [_thread_blocked, id=24420, stack(0x000000001db40000,0x000000001dc40000)]
  0x00000000189d8800 JavaThread "SDK 28 Main Thread" [_thread_in_Java, id=33264, stack(0x000000001a2d0000,0x000000001a3d0000)]
  0x00000000189da000 JavaThread "/127.0.0.1:62469 to /127.0.0.1:62468 workers Thread 3" [_thread_in_native, id=27476, stack(0x0000000019dd0000,0x0000000019ed0000)]
  0x00000000189de800 JavaThread "/127.0.0.1:62469 to /127.0.0.1:62468 workers Thread 2" [_thread_blocked, id=21832, stack(0x0000000019cd0000,0x0000000019dd0000)]
  0x00000000189dc000 JavaThread "Test worker" [_thread_blocked, id=22436, stack(0x0000000019890000,0x0000000019990000)]
  0x000000001632b000 JavaThread "Service Thread" daemon [_thread_blocked, id=25348, stack(0x0000000017dc0000,0x0000000017ec0000)]
=>0x0000000016296000 JavaThread "C1 CompilerThread3" daemon [_thread_in_vm, id=14260, stack(0x0000000017cc0000,0x0000000017dc0000)]
  0x0000000016291800 JavaThread "C2 CompilerThread2" daemon [_thread_blocked, id=27760, stack(0x0000000017bc0000,0x0000000017cc0000)]
  0x000000001628d000 JavaThread "C2 CompilerThread1" daemon [_thread_blocked, id=18056, stack(0x0000000017ac0000,0x0000000017bc0000)]
  0x000000001628a000 JavaThread "C2 CompilerThread0" daemon [_thread_blocked, id=33788, stack(0x00000000179c0000,0x0000000017ac0000)]
  0x0000000016288000 JavaThread "Attach Listener" daemon [_thread_blocked, id=28140, stack(0x00000000178c0000,0x00000000179c0000)]
  0x0000000016287000 JavaThread "Signal Dispatcher" daemon [_thread_blocked, id=26880, stack(0x00000000177c0000,0x00000000178c0000)]
  0x0000000016203000 JavaThread "Finalizer" daemon [_thread_blocked, id=33148, stack(0x0000000017480000,0x0000000017580000)]
  0x0000000014b1d000 JavaThread "Reference Handler" daemon [_thread_blocked, id=19384, stack(0x0000000017380000,0x0000000017480000)]
  0x0000000002fae000 JavaThread "main" [_thread_blocked, id=28912, stack(0x0000000002e30000,0x0000000002f30000)]

Other Threads:
  0x0000000014b16800 VMThread [stack: 0x0000000017280000,0x0000000017380000] [id=30196]
  0x000000001640e000 WatcherThread [stack: 0x0000000017ec0000,0x0000000017fc0000] [id=32956]

VM state:not at safepoint (normal execution)

VM Mutex/Monitor currently owned by a thread: None

Heap:
 PSYoungGen      total 153600K, used 109787K [0x00000000f5580000, 0x0000000100000000, 0x0000000100000000)
  eden space 137728K, 68% used [0x00000000f5580000,0x00000000fb139d20,0x00000000fdc00000)
  from space 15872K, 99% used [0x00000000ff080000,0x00000000ffffcee0,0x0000000100000000)
  to   space 18432K, 0% used [0x00000000fdc00000,0x00000000fdc00000,0x00000000fee00000)
 ParOldGen       total 240640K, used 63950K [0x00000000e0000000, 0x00000000eeb00000, 0x00000000f5580000)
  object space 240640K, 26% used [0x00000000e0000000,0x00000000e3e73a18,0x00000000eeb00000)
 Metaspace       used 61204K, capacity 70182K, committed 70272K, reserved 1110016K
  class space    used 7543K, capacity 10079K, committed 10112K, reserved 1048576K

Card table byte_map: [0x0000000012470000,0x0000000012580000] byte_map_base: 0x0000000011d70000

Marking Bits: (ParMarkBitMap*) 0x0000000076dda6c0
 Begin Bits: [0x0000000013030000, 0x0000000013830000)
 End Bits:   [0x0000000013830000, 0x0000000014030000)

Polling page: 0x0000000000f20000

CodeCache: size=245760Kb used=18121Kb max_used=18132Kb free=227639Kb
 bounds [0x00000000030b0000, 0x0000000004280000, 0x00000000120b0000]
 total_blobs=6987 nmethods=5464 adapters=1435
 compilation: enabled

Compilation events (10 events):
Event: 6.382 Thread 0x0000000016296000 nmethod 6576 0x000000000426b850 code [0x000000000426b9e0, 0x000000000426be48]
Event: 6.388 Thread 0x0000000016296000 6578       3       org.robolectric.res.android.Asset::toIntExact (21 bytes)
Event: 6.388 Thread 0x0000000016296000 nmethod 6578 0x000000000426bf50 code [0x000000000426c0c0, 0x000000000426c2e8]
Event: 6.388 Thread 0x0000000016296000 6579       3       org.robolectric.res.android.ResXMLParser::getElementNameID (84 bytes)
Event: 6.388 Thread 0x0000000016296000 nmethod 6579 0x000000000426c3d0 code [0x000000000426c5c0, 0x000000000426ce28]
Event: 6.395 Thread 0x0000000016296000 6580       3       org.robolectric.res.android.ResStringPool::styleAt (107 bytes)
Event: 6.396 Thread 0x0000000016296000 nmethod 6580 0x000000000426d2d0 code [0x000000000426d660, 0x000000000426f888]
Event: 6.396 Thread 0x0000000016296000 6581       3       android.content.res.TypedArray::loadStringValueAt (8 bytes)
Event: 6.398 Thread 0x0000000016296000 nmethod 6581 0x0000000004270d90 code [0x00000000042710c0, 0x0000000004272b88]
Event: 6.398 Thread 0x0000000016296000 6582       3       android.content.res.TypedArray::$$robo$$android_content_res_TypedArray$loadStringValueAt (51 bytes)

GC Heap History (10 events):
Event: 4.744 GC heap before
{Heap before GC invocations=17 (full 3):
 PSYoungGen      total 158720K, used 143360K [0x00000000f5580000, 0x0000000100000000, 0x0000000100000000)
  eden space 143360K, 100% used [0x00000000f5580000,0x00000000fe180000,0x00000000fe180000)
  from space 15360K, 0% used [0x00000000fe180000,0x00000000fe180000,0x00000000ff080000)
  to   space 15360K, 0% used [0x00000000ff100000,0x00000000ff100000,0x0000000100000000)
 ParOldGen       total 240640K, used 59139K [0x00000000e0000000, 0x00000000eeb00000, 0x00000000f5580000)
  object space 240640K, 24% used [0x00000000e0000000,0x00000000e39c0f00,0x00000000eeb00000)
 Metaspace       used 49616K, capacity 55512K, committed 55808K, reserved 1097728K
  class space    used 6051K, capacity 7847K, committed 7936K, reserved 1048576K
Event: 4.747 GC heap after
Heap after GC invocations=17 (full 3):
 PSYoungGen      total 159232K, used 5773K [0x00000000f5580000, 0x0000000100000000, 0x0000000100000000)
  eden space 143872K, 0% used [0x00000000f5580000,0x00000000f5580000,0x00000000fe200000)
  from space 15360K, 37% used [0x00000000ff100000,0x00000000ff6a3550,0x0000000100000000)
  to   space 15360K, 0% used [0x00000000fe200000,0x00000000fe200000,0x00000000ff100000)
 ParOldGen       total 240640K, used 59147K [0x00000000e0000000, 0x00000000eeb00000, 0x00000000f5580000)
  object space 240640K, 24% used [0x00000000e0000000,0x00000000e39c2f00,0x00000000eeb00000)
 Metaspace       used 49616K, capacity 55512K, committed 55808K, reserved 1097728K
  class space    used 6051K, capacity 7847K, committed 7936K, reserved 1048576K
}
Event: 5.042 GC heap before
{Heap before GC invocations=18 (full 3):
 PSYoungGen      total 159232K, used 149645K [0x00000000f5580000, 0x0000000100000000, 0x0000000100000000)
  eden space 143872K, 100% used [0x00000000f5580000,0x00000000fe200000,0x00000000fe200000)
  from space 15360K, 37% used [0x00000000ff100000,0x00000000ff6a3550,0x0000000100000000)
  to   space 15360K, 0% used [0x00000000fe200000,0x00000000fe200000,0x00000000ff100000)
 ParOldGen       total 240640K, used 59147K [0x00000000e0000000, 0x00000000eeb00000, 0x00000000f5580000)
  object space 240640K, 24% used [0x00000000e0000000,0x00000000e39c2f00,0x00000000eeb00000)
 Metaspace       used 53396K, capacity 59358K, committed 59648K, reserved 1101824K
  class space    used 6337K, capacity 8140K, committed 8192K, reserved 1048576K
Event: 5.049 GC heap after
Heap after GC invocations=18 (full 3):
 PSYoungGen      total 159232K, used 3774K [0x00000000f5580000, 0x0000000100000000, 0x0000000100000000)
  eden space 143872K, 0% used [0x00000000f5580000,0x00000000f5580000,0x00000000fe200000)
  from space 15360K, 24% used [0x00000000fe200000,0x00000000fe5afa18,0x00000000ff100000)
  to   space 15360K, 0% used [0x00000000ff100000,0x00000000ff100000,0x0000000100000000)
 ParOldGen       total 240640K, used 62896K [0x00000000e0000000, 0x00000000eeb00000, 0x00000000f5580000)
  object space 240640K, 26% used [0x00000000e0000000,0x00000000e3d6c140,0x00000000eeb00000)
 Metaspace       used 53396K, capacity 59358K, committed 59648K, reserved 1101824K
  class space    used 6337K, capacity 8140K, committed 8192K, reserved 1048576K
}
Event: 5.408 GC heap before
{Heap before GC invocations=19 (full 3):
 PSYoungGen      total 159232K, used 147646K [0x00000000f5580000, 0x0000000100000000, 0x0000000100000000)
  eden space 143872K, 100% used [0x00000000f5580000,0x00000000fe200000,0x00000000fe200000)
  from space 15360K, 24% used [0x00000000fe200000,0x00000000fe5afa18,0x00000000ff100000)
  to   space 15360K, 0% used [0x00000000ff100000,0x00000000ff100000,0x0000000100000000)
 ParOldGen       total 240640K, used 62896K [0x00000000e0000000, 0x00000000eeb00000, 0x00000000f5580000)
  object space 240640K, 26% used [0x00000000e0000000,0x00000000e3d6c140,0x00000000eeb00000)
 Metaspace       used 56497K, capacity 63174K, committed 63360K, reserved 1103872K
  class space    used 6746K, capacity 8734K, committed 8832K, reserved 1048576K
Event: 5.412 GC heap after
Heap after GC invocations=19 (full 3):
 PSYoungGen      total 158208K, used 7583K [0x00000000f5580000, 0x00000000fff00000, 0x0000000100000000)
  eden space 143872K, 0% used [0x00000000f5580000,0x00000000f5580000,0x00000000fe200000)
  from space 14336K, 52% used [0x00000000ff100000,0x00000000ff867c30,0x00000000fff00000)
  to   space 14848K, 0% used [0x00000000fe200000,0x00000000fe200000,0x00000000ff080000)
 ParOldGen       total 240640K, used 62904K [0x00000000e0000000, 0x00000000eeb00000, 0x00000000f5580000)
  object space 240640K, 26% used [0x00000000e0000000,0x00000000e3d6e140,0x00000000eeb00000)
 Metaspace       used 56497K, capacity 63174K, committed 63360K, reserved 1103872K
  class space    used 6746K, capacity 8734K, committed 8832K, reserved 1048576K
}
Event: 5.888 GC heap before
{Heap before GC invocations=20 (full 3):
 PSYoungGen      total 158208K, used 151455K [0x00000000f5580000, 0x00000000fff00000, 0x0000000100000000)
  eden space 143872K, 100% used [0x00000000f5580000,0x00000000fe200000,0x00000000fe200000)
  from space 14336K, 52% used [0x00000000ff100000,0x00000000ff867c30,0x00000000fff00000)
  to   space 14848K, 0% used [0x00000000fe200000,0x00000000fe200000,0x00000000ff080000)
 ParOldGen       total 240640K, used 62904K [0x00000000e0000000, 0x00000000eeb00000, 0x00000000f5580000)
  object space 240640K, 26% used [0x00000000e0000000,0x00000000e3d6e140,0x00000000eeb00000)
 Metaspace       used 60715K, capacity 69274K, committed 69504K, reserved 1107968K
  class space    used 7512K, capacity 10009K, committed 10112K, reserved 1048576K
Event: 5.895 GC heap after
Heap after GC invocations=20 (full 3):
 PSYoungGen      total 158720K, used 13241K [0x00000000f5580000, 0x0000000100000000, 0x0000000100000000)
  eden space 143872K, 0% used [0x00000000f5580000,0x00000000f5580000,0x00000000fe200000)
  from space 14848K, 89% used [0x00000000fe200000,0x00000000feeee698,0x00000000ff080000)
  to   space 15872K, 0% used [0x00000000ff080000,0x00000000ff080000,0x0000000100000000)
 ParOldGen       total 240640K, used 62912K [0x00000000e0000000, 0x00000000eeb00000, 0x00000000f5580000)
  object space 240640K, 26% used [0x00000000e0000000,0x00000000e3d70140,0x00000000eeb00000)
 Metaspace       used 60715K, capacity 69274K, committed 69504K, reserved 1107968K
  class space    used 7512K, capacity 10009K, committed 10112K, reserved 1048576K
}
Event: 6.197 GC heap before
{Heap before GC invocations=21 (full 3):
 PSYoungGen      total 158720K, used 157113K [0x00000000f5580000, 0x0000000100000000, 0x0000000100000000)
  eden space 143872K, 100% used [0x00000000f5580000,0x00000000fe200000,0x00000000fe200000)
  from space 14848K, 89% used [0x00000000fe200000,0x00000000feeee698,0x00000000ff080000)
  to   space 15872K, 0% used [0x00000000ff080000,0x00000000ff080000,0x0000000100000000)
 ParOldGen       total 240640K, used 62912K [0x00000000e0000000, 0x00000000eeb00000, 0x00000000f5580000)
  object space 240640K, 26% used [0x00000000e0000000,0x00000000e3d70140,0x00000000eeb00000)
 Metaspace       used 61085K, capacity 69980K, committed 70272K, reserved 1110016K
  class space    used 7533K, capacity 10064K, committed 10112K, reserved 1048576K
Event: 6.204 GC heap after
Heap after GC invocations=21 (full 3):
 PSYoungGen      total 153600K, used 15859K [0x00000000f5580000, 0x0000000100000000, 0x0000000100000000)
  eden space 137728K, 0% used [0x00000000f5580000,0x00000000f5580000,0x00000000fdc00000)
  from space 15872K, 99% used [0x00000000ff080000,0x00000000ffffcee0,0x0000000100000000)
  to   space 18432K, 0% used [0x00000000fdc00000,0x00000000fdc00000,0x00000000fee00000)
 ParOldGen       total 240640K, used 63950K [0x00000000e0000000, 0x00000000eeb00000, 0x00000000f5580000)
  object space 240640K, 26% used [0x00000000e0000000,0x00000000e3e73a18,0x00000000eeb00000)
 Metaspace       used 61085K, capacity 69980K, committed 70272K, reserved 1110016K
  class space    used 7533K, capacity 10064K, committed 10112K, reserved 1048576K
}

Deoptimization events (10 events):
Event: 5.769 Thread 0x00000000189d8800 Uncommon trap: reason=unstable_if action=reinterpret pc=0x0000000003480cec method=java.util.Arrays.hashCode([Ljava/lang/Object;)I @ 34
Event: 5.775 Thread 0x00000000189d8800 Uncommon trap: reason=unstable_if action=reinterpret pc=0x00000000035eb6b4 method=org.robolectric.res.android.ResTable_config.isBetterThan(Lorg/robolectric/res/android/ResTable_config;Lorg/robolectric/res/android/ResTable_config;)Z @ 898
Event: 5.998 Thread 0x00000000189d8800 Uncommon trap: reason=class_check action=maybe_recompile pc=0x00000000038c5758 method=java.lang.Character.codePointAt(Ljava/lang/CharSequence;I)I @ 2
Event: 5.998 Thread 0x00000000189d8800 Uncommon trap: reason=class_check action=maybe_recompile pc=0x00000000038c5758 method=java.lang.Character.codePointAt(Ljava/lang/CharSequence;I)I @ 2
Event: 6.015 Thread 0x00000000189d8800 Uncommon trap: reason=class_check action=maybe_recompile pc=0x0000000004127c60 method=java.lang.reflect.Array.newInstance(Ljava/lang/Class;I)Ljava/lang/Object; @ 2
Event: 6.063 Thread 0x00000000189d8800 Uncommon trap: reason=class_check action=maybe_recompile pc=0x0000000004127c60 method=java.lang.reflect.Array.newInstance(Ljava/lang/Class;I)Ljava/lang/Object; @ 2
Event: 6.086 Thread 0x00000000189d8800 Uncommon trap: reason=class_check action=maybe_recompile pc=0x0000000004127c60 method=java.lang.reflect.Array.newInstance(Ljava/lang/Class;I)Ljava/lang/Object; @ 2
Event: 6.086 Thread 0x00000000189d8800 Uncommon trap: reason=class_check action=maybe_recompile pc=0x0000000004127c60 method=java.lang.reflect.Array.newInstance(Ljava/lang/Class;I)Ljava/lang/Object; @ 2
Event: 6.230 Thread 0x00000000189d8800 Uncommon trap: reason=unstable_if action=reinterpret pc=0x000000000419d494 method=com.google.common.base.Objects.equal(Ljava/lang/Object;Ljava/lang/Object;)Z @ 2
Event: 6.231 Thread 0x00000000189d8800 Uncommon trap: reason=unstable_if action=reinterpret pc=0x000000000414df20 method=com.google.common.base.Objects.equal(Ljava/lang/Object;Ljava/lang/Object;)Z @ 2

Internal exceptions (10 events):
Event: 5.356 Thread 0x00000000189d9000 Exception <a 'java/lang/NoSuchFieldError': method resolution failed> (0x00000000fd3bba28) thrown at [C:\re\workspace\8-2-build-windows-amd64-cygwin\jdk8u111\7883\hotspot\src\share\vm\prims\methodHandles.cpp, line 1146]
Event: 5.473 Thread 0x00000000189d8800 Implicit null exception at 0x0000000003c435ce to 0x0000000003c4400f
Event: 5.558 Thread 0x00000000189d8800 Exception <a 'java/lang/NoSuchFieldError': method resolution failed> (0x00000000f78c14e0) thrown at [C:\re\workspace\8-2-build-windows-amd64-cygwin\jdk8u111\7883\hotspot\src\share\vm\prims\methodHandles.cpp, line 1146]
Event: 5.603 Thread 0x00000000189d8800 Exception <a 'java/lang/NoSuchFieldError': method resolution failed> (0x00000000f8498fe0) thrown at [C:\re\workspace\8-2-build-windows-amd64-cygwin\jdk8u111\7883\hotspot\src\share\vm\prims\methodHandles.cpp, line 1146]
Event: 5.707 Thread 0x00000000189d8800 Implicit null exception at 0x0000000003facd17 to 0x0000000003facded
Event: 5.753 Thread 0x00000000189d8800 Exception <a 'java/lang/NoSuchMethodError': java.lang.Object.lambda$get$0(Ljava/lang/Object;)V> (0x00000000face7e98) thrown at [C:\re\workspace\8-2-build-windows-amd64-cygwin\jdk8u111\7883\hotspot\src\share\vm\interpreter\linkResolver.cpp, line 582]
Event: 5.769 Thread 0x00000000189d8800 Implicit null exception at 0x0000000003480c2f to 0x0000000003480ccd
Event: 5.816 Thread 0x00000000189d8800 Exception <a 'sun/nio/fs/WindowsException'> (0x00000000fb8c2810) thrown at [C:\re\workspace\8-2-build-windows-amd64-cygwin\jdk8u111\7883\hotspot\src\share\vm\prims\jni.cpp, line 709]
Event: 6.059 Thread 0x00000000189d8800 Exception <a 'sun/nio/fs/WindowsException'> (0x00000000f9076e20) thrown at [C:\re\workspace\8-2-build-windows-amd64-cygwin\jdk8u111\7883\hotspot\src\share\vm\prims\jni.cpp, line 709]
Event: 6.315 Thread 0x00000000189d8800 Exception <a 'sun/nio/fs/WindowsException'> (0x00000000f6b4e508) thrown at [C:\re\workspace\8-2-build-windows-amd64-cygwin\jdk8u111\7883\hotspot\src\share\vm\prims\jni.cpp, line 709]

Events (10 events):
Event: 6.243 Thread 0x0000000016296000 flushing nmethod 0x0000000003fdac90
Event: 6.243 Thread 0x0000000016296000 flushing nmethod 0x000000000401ca50
Event: 6.246 Thread 0x00000000189db800 Thread added: 0x00000000189db800
Event: 6.246 Executing VM operation: RevokeBias
Event: 6.246 Executing VM operation: RevokeBias done
Event: 6.246 Thread 0x00000000189db800 Thread exited: 0x00000000189db800
Event: 6.268 loading class org/aplas/mylibrary/MainActivity
Event: 6.268 loading class org/aplas/mylibrary/MainActivity done
Event: 6.268 loading class org/aplas/mylibrary/TestC1MyData011
Event: 6.268 loading class org/aplas/mylibrary/TestC1MyData011 done


Dynamic libraries:
0x00007ff706f50000 - 0x00007ff706f87000 	C:\Program Files\Java\jdk1.8.0_111\bin\java.exe
0x00007ff868150000 - 0x00007ff868345000 	C:\WINDOWS\SYSTEM32\ntdll.dll
0x00007ff8671e0000 - 0x00007ff86729e000 	C:\WINDOWS\System32\KERNEL32.DLL
0x00007ff865a20000 - 0x00007ff865ce9000 	C:\WINDOWS\System32\KERNELBASE.dll
0x00007ff8661a0000 - 0x00007ff86624c000 	C:\WINDOWS\System32\ADVAPI32.dll
0x00007ff866280000 - 0x00007ff86631e000 	C:\WINDOWS\System32\msvcrt.dll
0x00007ff867300000 - 0x00007ff86739b000 	C:\WINDOWS\System32\sechost.dll
0x00007ff8670b0000 - 0x00007ff8671da000 	C:\WINDOWS\System32\RPCRT4.dll
0x00007ff866320000 - 0x00007ff8664c1000 	C:\WINDOWS\System32\USER32.dll
0x00007ff865870000 - 0x00007ff865892000 	C:\WINDOWS\System32\win32u.dll
0x00007ff8664d0000 - 0x00007ff8664fb000 	C:\WINDOWS\System32\GDI32.dll
0x00007ff865f90000 - 0x00007ff86609b000 	C:\WINDOWS\System32\gdi32full.dll
0x00007ff8660a0000 - 0x00007ff86613d000 	C:\WINDOWS\System32\msvcp_win.dll
0x00007ff8658a0000 - 0x00007ff8659a0000 	C:\WINDOWS\System32\ucrtbase.dll
0x00007ff852310000 - 0x00007ff8525aa000 	C:\WINDOWS\WinSxS\amd64_microsoft.windows.common-controls_6595b64144ccf1df_6.0.19041.1110_none_60b5254171f9507e\COMCTL32.dll
0x00007ff866250000 - 0x00007ff866280000 	C:\WINDOWS\System32\IMM32.DLL
0x00000000773e0000 - 0x00000000774b2000 	C:\Program Files\Java\jdk1.8.0_111\jre\bin\msvcr100.dll
0x00000000765c0000 - 0x0000000076e5a000 	C:\Program Files\Java\jdk1.8.0_111\jre\bin\server\jvm.dll
0x00007ff866500000 - 0x00007ff866508000 	C:\WINDOWS\System32\PSAPI.DLL
0x00007ff85f3e0000 - 0x00007ff85f3e9000 	C:\WINDOWS\SYSTEM32\WSOCK32.dll
0x00007ff85cc70000 - 0x00007ff85cc7a000 	C:\WINDOWS\SYSTEM32\VERSION.dll
0x00007ff858b10000 - 0x00007ff858b37000 	C:\WINDOWS\SYSTEM32\WINMM.dll
0x00007ff866f20000 - 0x00007ff866f8b000 	C:\WINDOWS\System32\WS2_32.dll
0x0000000051450000 - 0x000000005145f000 	C:\Program Files\Java\jdk1.8.0_111\jre\bin\verify.dll
0x0000000077870000 - 0x0000000077899000 	C:\Program Files\Java\jdk1.8.0_111\jre\bin\java.dll
0x0000000077850000 - 0x0000000077866000 	C:\Program Files\Java\jdk1.8.0_111\jre\bin\zip.dll
0x00007ff8665c0000 - 0x00007ff866cff000 	C:\WINDOWS\System32\SHELL32.dll
0x00007ff863970000 - 0x00007ff864100000 	C:\WINDOWS\SYSTEM32\windows.storage.dll
0x00007ff8678a0000 - 0x00007ff867bf5000 	C:\WINDOWS\System32\combase.dll
0x00007ff8652c0000 - 0x00007ff8652ec000 	C:\WINDOWS\SYSTEM32\Wldp.dll
0x00007ff866510000 - 0x00007ff8665be000 	C:\WINDOWS\System32\SHCORE.dll
0x00007ff8672a0000 - 0x00007ff8672f5000 	C:\WINDOWS\System32\shlwapi.dll
0x00007ff8657b0000 - 0x00007ff8657cf000 	C:\WINDOWS\SYSTEM32\profapi.dll
0x0000000077830000 - 0x000000007784a000 	C:\Program Files\Java\jdk1.8.0_111\jre\bin\net.dll
0x00007ff864fb0000 - 0x00007ff86501a000 	C:\WINDOWS\system32\mswsock.dll
0x00000000773c0000 - 0x00000000773d1000 	C:\Program Files\Java\jdk1.8.0_111\jre\bin\nio.dll
0x00007ff865210000 - 0x00007ff865228000 	C:\WINDOWS\SYSTEM32\CRYPTSP.dll
0x00007ff8648d0000 - 0x00007ff864904000 	C:\WINDOWS\system32\rsaenh.dll
0x00007ff8659f0000 - 0x00007ff865a17000 	C:\WINDOWS\System32\bcrypt.dll
0x00007ff865730000 - 0x00007ff86575e000 	C:\WINDOWS\SYSTEM32\USERENV.dll
0x00007ff865f00000 - 0x00007ff865f83000 	C:\WINDOWS\System32\bcryptprimitives.dll
0x00007ff865230000 - 0x00007ff86523c000 	C:\WINDOWS\SYSTEM32\CRYPTBASE.dll
0x00007ff864ca0000 - 0x00007ff864cdb000 	C:\WINDOWS\SYSTEM32\IPHLPAPI.DLL
0x00007ff866d00000 - 0x00007ff866d08000 	C:\WINDOWS\System32\NSI.dll
0x00007ff85cc50000 - 0x00007ff85cc67000 	C:\WINDOWS\SYSTEM32\dhcpcsvc6.DLL
0x00007ff85e460000 - 0x00007ff85e47d000 	C:\WINDOWS\SYSTEM32\dhcpcsvc.DLL
0x00007ff864ce0000 - 0x00007ff864dac000 	C:\WINDOWS\SYSTEM32\DNSAPI.dll
0x0000000077390000 - 0x00000000773b4000 	C:\Program Files\Java\jdk1.8.0_111\jre\bin\sunec.dll
0x0000000077380000 - 0x000000007738b000 	C:\Program Files\Java\jdk1.8.0_111\jre\bin\sunmscapi.dll
0x00007ff865da0000 - 0x00007ff865ef6000 	C:\WINDOWS\System32\CRYPT32.dll
0x00000000771e0000 - 0x0000000077378000 	C:\Program Files\Java\jdk1.8.0_111\jre\bin\awt.dll
0x00007ff867eb0000 - 0x00007ff867f7d000 	C:\WINDOWS\System32\OLEAUT32.dll
0x00007ff862e60000 - 0x00007ff862ef0000 	C:\WINDOWS\SYSTEM32\apphelp.dll
0x00007ff862fd0000 - 0x00007ff8631b4000 	C:\WINDOWS\SYSTEM32\dbghelp.dll

VM Arguments:
jvm_args: -Djava.awt.headless=true -Djava.security.manager=worker.org.gradle.process.internal.worker.child.BootstrapSecurityManager -Dorg.gradle.native=false -Xmx512m -Dfile.encoding=windows-1252 -Duser.country=ID -Duser.language=en -Duser.variant -ea 
java_command: worker.org.gradle.process.internal.worker.GradleWorkerMain 'Gradle Test Executor 1'
java_class_path (initial): C:\Users\Lenovo\.gradle\caches\6.1.1\workerMain\gradle-worker.jar
Launcher Type: SUN_STANDARD

Environment Variables:
USERNAME=Lenovo
OS=Windows_NT
PROCESSOR_IDENTIFIER=Intel64 Family 6 Model 165 Stepping 2, GenuineIntel



---------------  S Y S T E M  ---------------

OS: Windows 10.0 , 64 bit Build 19041 (10.0.19041.1202)

CPU:total 12 (6 cores per cpu, 2 threads per core) family 6 model 165 stepping 2, cmov, cx8, fxsr, mmx, sse, sse2, sse3, ssse3, sse4.1, sse4.2, popcnt, avx, avx2, aes, clmul, erms, 3dnowpref, lzcnt, ht, tsc, tscinvbit, bmi1, bmi2, adx

Memory: 4k page, physical 16682800k(4863136k free), swap 21347336k(4161884k free)

vm_info: Java HotSpot(TM) 64-Bit Server VM (25.111-b14) for windows-amd64 JRE (1.8.0_111-b14), built on Sep 22 2016 19:24:05 by "java_re" with MS VC++ 10.0 (VS2010)

time: Fri Oct 08 09:16:38 2021
elapsed time: 6 seconds (0d 0h 0m 6s)

