#
# A fatal error has been detected by the Java Runtime Environment:
#
#  EXCEPTION_ACCESS_VIOLATION (0xc0000005) at pc=0x0000000076603608, pid=25380, tid=0x00000000000078d0
#
# JRE version: Java(TM) SE Runtime Environment (8.0_111-b14) (build 1.8.0_111-b14)
# Java VM: Java HotSpot(TM) 64-Bit Server VM (25.111-b14 mixed mode windows-amd64 compressed oops)
# Problematic frame:
# V  [jvm.dll+0x43608]
#
# Failed to write core dump. Minidumps are not enabled by default on client versions of Windows
#
# If you would like to submit a bug report, please visit:
#   http://bugreport.java.com/bugreport/crash.jsp
#

---------------  T H R E A D  ---------------

Current thread (0x0000000015c20800):  JavaThread "C1 CompilerThread3" daemon [_thread_in_vm, id=30928, stack(0x0000000017640000,0x0000000017740000)]

siginfo: ExceptionCode=0xc0000005, reading address 0xffffffffffffffff

Registers:
RAX=0x0000000015c20800, RBX=0x0000000002978b80, RCX=0x0000000002978b80, RDX=0x0000000002978b80
RSP=0x000000001773cc00, RBP=0x0000000015c630a0, RSI=0x0000000002978b80, RDI=0x0000000000000000
R8 =0x49362012ffff0013, R9 =0x0000000000000000, R10=0x0000000015c632d0, R11=0x000000001a74dec0
R12=0x0000000015c20800, R13=0x0000000015c630a0, R14=0x000000001b95c010, R15=0x0000000000000000
RIP=0x0000000076603608, EFLAGS=0x0000000000010202

Top of Stack: (sp=0x000000001773cc00)
0x000000001773cc00:   00000000000000b6 000000001773f1b0
0x000000001773cc10:   0000000000000000 0000000000000077
0x000000001773cc20:   000000001c4f2498 000000001773f1b0
0x000000001773cc30:   000000001773cd10 00000000765efe25
0x000000001773cc40:   00000000000000e9 0000000076603999
0x000000001773cc50:   0000000000000077 0000000000000077
0x000000001773cc60:   0000000000000000 0000000000000000
0x000000001773cc70:   00000000000000b6 000000001bb997b0
0x000000001773cc80:   0000000015c3b2a0 0000000076601c6b
0x000000001773cc90:   0000000000000000 0000000015c20800
0x000000001773cca0:   000000001b95d7d0 00000000765ece0f
0x000000001773ccb0:   0000000015c20800 0000000076606f80
0x000000001773ccc0:   0000000015c20800 0000000015c20800
0x000000001773ccd0:   000000001bb997b0 00000000769e0aeb
0x000000001773cce0:   0000000000000000 0000000000000000
0x000000001773ccf0:   000000001b95d7d0 0000000000000000 

Instructions: (pc=0x0000000076603608)
0x00000000766035e8:   00 48 8b da ff 15 fe 7d 59 00 44 0f b6 05 5a d9
0x00000000766035f8:   7a 00 4c 8b e0 45 84 c0 74 39 4c 8b 03 48 8b cb
0x0000000076603608:   41 ff 50 08 84 c0 74 2b 83 7b 08 00 7e 25 0f b6
0x0000000076603618:   83 0e 01 00 00 c0 e8 03 a8 01 74 17 48 8b 03 48 


Register to memory mapping:

RAX=0x0000000015c20800 is a thread
RBX=0x0000000002978b80 is an unknown value
RCX=0x0000000002978b80 is an unknown value
RDX=0x0000000002978b80 is an unknown value
RSP=0x000000001773cc00 is pointing into the stack for thread: 0x0000000015c20800
RBP=0x0000000015c630a0 is an unknown value
RSI=0x0000000002978b80 is an unknown value
RDI=0x0000000000000000 is an unknown value
R8 =0x49362012ffff0013 is an unknown value
R9 =0x0000000000000000 is an unknown value
R10=0x0000000015c632d0 is an unknown value
R11=0x000000001a74dec0 is an unknown value
R12=0x0000000015c20800 is a thread
R13=0x0000000015c630a0 is an unknown value
R14=0x000000001b95c010 is an unknown value
R15=0x0000000000000000 is an unknown value


Stack: [0x0000000017640000,0x0000000017740000],  sp=0x000000001773cc00,  free space=1011k
Native frames: (J=compiled Java code, j=interpreted, Vv=VM code, C=native code)
V  [jvm.dll+0x43608]
V  [jvm.dll+0x43999]
V  [jvm.dll+0x41c6b]
V  [jvm.dll+0x420aeb]
V  [jvm.dll+0x41b8da]
V  [jvm.dll+0x41e727]
V  [jvm.dll+0x41eeeb]
V  [jvm.dll+0x41fde6]
V  [jvm.dll+0x420048]
V  [jvm.dll+0x42047b]
V  [jvm.dll+0x41ffd5]
V  [jvm.dll+0x41bd3b]
V  [jvm.dll+0x41e727]
V  [jvm.dll+0x41eeeb]
V  [jvm.dll+0x41fde6]
V  [jvm.dll+0x420048]
V  [jvm.dll+0x42047b]
V  [jvm.dll+0x41ffd5]
V  [jvm.dll+0x41bd3b]
V  [jvm.dll+0x41e727]
V  [jvm.dll+0x41f01d]
V  [jvm.dll+0x41fde6]
V  [jvm.dll+0x420048]
V  [jvm.dll+0x42047b]
V  [jvm.dll+0x41ffd5]
V  [jvm.dll+0x41bd3b]
V  [jvm.dll+0x41e727]
V  [jvm.dll+0x41eeeb]
V  [jvm.dll+0x41fde6]
V  [jvm.dll+0x420048]
V  [jvm.dll+0x42047b]
V  [jvm.dll+0x41ffd5]
V  [jvm.dll+0x41bd3b]
V  [jvm.dll+0x41e727]
V  [jvm.dll+0x41f01d]
V  [jvm.dll+0x41fde6]
V  [jvm.dll+0x420048]
V  [jvm.dll+0x42047b]
V  [jvm.dll+0x41ffd5]
V  [jvm.dll+0x41bd3b]
V  [jvm.dll+0x41e727]
V  [jvm.dll+0x41eeeb]
V  [jvm.dll+0x41fde6]
V  [jvm.dll+0x420048]
V  [jvm.dll+0x41bd3b]
V  [jvm.dll+0x41e727]
V  [jvm.dll+0x41eeeb]
V  [jvm.dll+0x41fde6]
V  [jvm.dll+0x420048]
V  [jvm.dll+0x41bd3b]
V  [jvm.dll+0x41e727]
V  [jvm.dll+0x41f01d]
V  [jvm.dll+0x41f412]
V  [jvm.dll+0x4244f5]
V  [jvm.dll+0x424600]
V  [jvm.dll+0x40ddb8]
V  [jvm.dll+0x40e021]
V  [jvm.dll+0x40e1e2]
V  [jvm.dll+0x40e3b1]
V  [jvm.dll+0x40e5bf]
V  [jvm.dll+0xa5742]
V  [jvm.dll+0xa607f]
V  [jvm.dll+0x244b7f]
V  [jvm.dll+0x29c43a]
C  [msvcr100.dll+0x21d9f]
C  [msvcr100.dll+0x21e3b]
C  [KERNEL32.DLL+0x17034]
C  [ntdll.dll+0x52651]


Current CompileTask:
C1:   6583 6707       3       android.content.res.TypedArray::$$robo$$android_content_res_TypedArray$loadStringValueAt (51 bytes)


---------------  P R O C E S S  ---------------

Java Threads: ( => current thread )
  0x000000001e3dc800 JavaThread "Java2D Disposer" daemon [_thread_blocked, id=33076, stack(0x000000001bf30000,0x000000001c030000)]
  0x0000000018760800 JavaThread "SDK 28 Main Thread" [_thread_blocked, id=28028, stack(0x0000000019a50000,0x0000000019b50000)]
  0x0000000017f5a000 JavaThread "/127.0.0.1:62869 to /127.0.0.1:62868 workers Thread 3" [_thread_in_native, id=13360, stack(0x0000000019750000,0x0000000019850000)]
  0x0000000017f59000 JavaThread "/127.0.0.1:62869 to /127.0.0.1:62868 workers Thread 2" [_thread_blocked, id=26956, stack(0x0000000019650000,0x0000000019750000)]
  0x0000000017f96800 JavaThread "Test worker" [_thread_blocked, id=27628, stack(0x0000000019210000,0x0000000019310000)]
  0x0000000015cb4800 JavaThread "Service Thread" daemon [_thread_blocked, id=29508, stack(0x0000000017740000,0x0000000017840000)]
=>0x0000000015c20800 JavaThread "C1 CompilerThread3" daemon [_thread_in_vm, id=30928, stack(0x0000000017640000,0x0000000017740000)]
  0x0000000015c1f000 JavaThread "C2 CompilerThread2" daemon [_thread_blocked, id=28600, stack(0x0000000017540000,0x0000000017640000)]
  0x0000000015c1a800 JavaThread "C2 CompilerThread1" daemon [_thread_blocked, id=16016, stack(0x0000000017440000,0x0000000017540000)]
  0x0000000015c15800 JavaThread "C2 CompilerThread0" daemon [_thread_blocked, id=6136, stack(0x0000000017340000,0x0000000017440000)]
  0x0000000015c13000 JavaThread "Attach Listener" daemon [_thread_blocked, id=14352, stack(0x0000000017240000,0x0000000017340000)]
  0x0000000015c12800 JavaThread "Signal Dispatcher" daemon [_thread_blocked, id=28304, stack(0x0000000017140000,0x0000000017240000)]
  0x0000000015b93000 JavaThread "Finalizer" daemon [_thread_blocked, id=33352, stack(0x0000000016e00000,0x0000000016f00000)]
  0x0000000002a1a000 JavaThread "Reference Handler" daemon [_thread_blocked, id=7536, stack(0x0000000016d00000,0x0000000016e00000)]
  0x000000000276e000 JavaThread "main" [_thread_blocked, id=28852, stack(0x0000000002820000,0x0000000002920000)]

Other Threads:
  0x0000000014486800 VMThread [stack: 0x0000000016c00000,0x0000000016d00000] [id=15804]
  0x0000000015d6e800 WatcherThread [stack: 0x0000000017840000,0x0000000017940000] [id=3820]

VM state:synchronizing (normal execution)

VM Mutex/Monitor currently owned by a thread:  ([mutex/lock_event])
[0x000000000276d2e0] Threads_lock - owner thread: 0x0000000014486800
[0x000000000276cc60] Heap_lock - owner thread: 0x0000000018760800

Heap:
 PSYoungGen      total 156160K, used 156159K [0x00000000f5580000, 0x0000000100000000, 0x0000000100000000)
  eden space 137728K, 100% used [0x00000000f5580000,0x00000000fdc00000,0x00000000fdc00000)
  from space 18432K, 99% used [0x00000000fdc00000,0x00000000fedffef0,0x00000000fee00000)
  to   space 18432K, 0% used [0x00000000fee00000,0x00000000fee00000,0x0000000100000000)
 ParOldGen       total 263168K, used 63928K [0x00000000e0000000, 0x00000000f0100000, 0x00000000f5580000)
  object space 263168K, 24% used [0x00000000e0000000,0x00000000e3e6e050,0x00000000f0100000)
 Metaspace       used 61459K, capacity 70632K, committed 70872K, reserved 1110016K
  class space    used 7584K, capacity 10164K, committed 10240K, reserved 1048576K

Card table byte_map: [0x0000000011de0000,0x0000000011ef0000] byte_map_base: 0x00000000116e0000

Marking Bits: (ParMarkBitMap*) 0x0000000076dda6c0
 Begin Bits: [0x00000000129a0000, 0x00000000131a0000)
 End Bits:   [0x00000000131a0000, 0x00000000139a0000)

Polling page: 0x00000000008e0000

CodeCache: size=245760Kb used=17823Kb max_used=17834Kb free=227936Kb
 bounds [0x0000000002a20000, 0x0000000003ba0000, 0x0000000011a20000]
 total_blobs=6928 nmethods=5401 adapters=1439
 compilation: enabled

Compilation events (10 events):
Event: 6.490 Thread 0x0000000015c20800 nmethod 6699 0x0000000003b82cd0 code [0x0000000003b82e60, 0x0000000003b83458]
Event: 6.491 Thread 0x0000000015c20800 6700       3       android.util.SparseArray::$$robo$$android_util_SparseArray$get (38 bytes)
Event: 6.492 Thread 0x0000000015c20800 nmethod 6700 0x0000000003b835d0 code [0x0000000003b83920, 0x0000000003b855e8]
Event: 6.492 Thread 0x0000000015c20800 6703       3       java.lang.invoke.LambdaForm$MH/408500429::delegate (14 bytes)
Event: 6.492 Thread 0x0000000015c20800 nmethod 6703 0x0000000003b87010 code [0x0000000003b871a0, 0x0000000003b87608]
Event: 6.492 Thread 0x0000000015c20800 6701       3       android.util.ArrayMap::put (9 bytes)
Event: 6.493 Thread 0x0000000015c20800 nmethod 6701 0x0000000003b87750 code [0x0000000003b87a80, 0x0000000003b89628]
Event: 6.493 Thread 0x0000000015c20800 6702       3       android.util.ArrayMap::$$robo$$android_util_ArrayMap$put (337 bytes)
Event: 6.497 Thread 0x0000000015c20800 nmethod 6702 0x0000000003b8acd0 code [0x0000000003b8b580, 0x0000000003b920b8]
Event: 6.497 Thread 0x0000000015c20800 6707       3       android.content.res.TypedArray::$$robo$$android_content_res_TypedArray$loadStringValueAt (51 bytes)

GC Heap History (10 events):
Event: 4.753 GC heap before
{Heap before GC invocations=16 (full 3):
 PSYoungGen      total 156160K, used 141824K [0x00000000f5580000, 0x0000000100000000, 0x0000000100000000)
  eden space 141824K, 100% used [0x00000000f5580000,0x00000000fe000000,0x00000000fe000000)
  from space 14336K, 0% used [0x00000000ff200000,0x00000000ff200000,0x0000000100000000)
  to   space 16384K, 0% used [0x00000000fe000000,0x00000000fe000000,0x00000000ff000000)
 ParOldGen       total 263168K, used 60827K [0x00000000e0000000, 0x00000000f0100000, 0x00000000f5580000)
  object space 263168K, 23% used [0x00000000e0000000,0x00000000e3b66dd0,0x00000000f0100000)
 Metaspace       used 49665K, capacity 55578K, committed 55768K, reserved 1097728K
  class space    used 6056K, capacity 7846K, committed 7936K, reserved 1048576K
Event: 4.758 GC heap after
Heap after GC invocations=16 (full 3):
 PSYoungGen      total 158208K, used 5639K [0x00000000f5580000, 0x0000000100000000, 0x0000000100000000)
  eden space 141824K, 0% used [0x00000000f5580000,0x00000000f5580000,0x00000000fe000000)
  from space 16384K, 34% used [0x00000000fe000000,0x00000000fe581fb8,0x00000000ff000000)
  to   space 16384K, 0% used [0x00000000ff000000,0x00000000ff000000,0x0000000100000000)
 ParOldGen       total 263168K, used 60835K [0x00000000e0000000, 0x00000000f0100000, 0x00000000f5580000)
  object space 263168K, 23% used [0x00000000e0000000,0x00000000e3b68dd0,0x00000000f0100000)
 Metaspace       used 49665K, capacity 55578K, committed 55768K, reserved 1097728K
  class space    used 6056K, capacity 7846K, committed 7936K, reserved 1048576K
}
Event: 5.048 GC heap before
{Heap before GC invocations=17 (full 3):
 PSYoungGen      total 158208K, used 147463K [0x00000000f5580000, 0x0000000100000000, 0x0000000100000000)
  eden space 141824K, 100% used [0x00000000f5580000,0x00000000fe000000,0x00000000fe000000)
  from space 16384K, 34% used [0x00000000fe000000,0x00000000fe581fb8,0x00000000ff000000)
  to   space 16384K, 0% used [0x00000000ff000000,0x00000000ff000000,0x0000000100000000)
 ParOldGen       total 263168K, used 60835K [0x00000000e0000000, 0x00000000f0100000, 0x00000000f5580000)
  object space 263168K, 23% used [0x00000000e0000000,0x00000000e3b68dd0,0x00000000f0100000)
 Metaspace       used 53414K, capacity 59356K, committed 59608K, reserved 1101824K
  class space    used 6339K, capacity 8139K, committed 8192K, reserved 1048576K
Event: 5.052 GC heap after
Heap after GC invocations=17 (full 3):
 PSYoungGen      total 157184K, used 7305K [0x00000000f5580000, 0x00000000fff00000, 0x0000000100000000)
  eden space 141824K, 0% used [0x00000000f5580000,0x00000000f5580000,0x00000000fe000000)
  from space 15360K, 47% used [0x00000000ff000000,0x00000000ff722508,0x00000000fff00000)
  to   space 15872K, 0% used [0x00000000fe000000,0x00000000fe000000,0x00000000fef80000)
 ParOldGen       total 263168K, used 60843K [0x00000000e0000000, 0x00000000f0100000, 0x00000000f5580000)
  object space 263168K, 23% used [0x00000000e0000000,0x00000000e3b6add0,0x00000000f0100000)
 Metaspace       used 53414K, capacity 59356K, committed 59608K, reserved 1101824K
  class space    used 6339K, capacity 8139K, committed 8192K, reserved 1048576K
}
Event: 5.403 GC heap before
{Heap before GC invocations=18 (full 3):
 PSYoungGen      total 157184K, used 149129K [0x00000000f5580000, 0x00000000fff00000, 0x0000000100000000)
  eden space 141824K, 100% used [0x00000000f5580000,0x00000000fe000000,0x00000000fe000000)
  from space 15360K, 47% used [0x00000000ff000000,0x00000000ff722508,0x00000000fff00000)
  to   space 15872K, 0% used [0x00000000fe000000,0x00000000fe000000,0x00000000fef80000)
 ParOldGen       total 263168K, used 60843K [0x00000000e0000000, 0x00000000f0100000, 0x00000000f5580000)
  object space 263168K, 23% used [0x00000000e0000000,0x00000000e3b6add0,0x00000000f0100000)
 Metaspace       used 56390K, capacity 63020K, committed 63320K, reserved 1103872K
  class space    used 6739K, capacity 8733K, committed 8832K, reserved 1048576K
Event: 5.409 GC heap after
Heap after GC invocations=18 (full 3):
 PSYoungGen      total 157696K, used 11103K [0x00000000f5580000, 0x0000000100000000, 0x0000000100000000)
  eden space 141824K, 0% used [0x00000000f5580000,0x00000000f5580000,0x00000000fe000000)
  from space 15872K, 69% used [0x00000000fe000000,0x00000000fead7fb8,0x00000000fef80000)
  to   space 15872K, 0% used [0x00000000ff080000,0x00000000ff080000,0x0000000100000000)
 ParOldGen       total 263168K, used 60851K [0x00000000e0000000, 0x00000000f0100000, 0x00000000f5580000)
  object space 263168K, 23% used [0x00000000e0000000,0x00000000e3b6cdd0,0x00000000f0100000)
 Metaspace       used 56390K, capacity 63020K, committed 63320K, reserved 1103872K
  class space    used 6739K, capacity 8733K, committed 8832K, reserved 1048576K
}
Event: 5.850 GC heap before
{Heap before GC invocations=19 (full 3):
 PSYoungGen      total 157696K, used 152927K [0x00000000f5580000, 0x0000000100000000, 0x0000000100000000)
  eden space 141824K, 100% used [0x00000000f5580000,0x00000000fe000000,0x00000000fe000000)
  from space 15872K, 69% used [0x00000000fe000000,0x00000000fead7fb8,0x00000000fef80000)
  to   space 15872K, 0% used [0x00000000ff080000,0x00000000ff080000,0x0000000100000000)
 ParOldGen       total 263168K, used 60851K [0x00000000e0000000, 0x00000000f0100000, 0x00000000f5580000)
  object space 263168K, 23% used [0x00000000e0000000,0x00000000e3b6cdd0,0x00000000f0100000)
 Metaspace       used 60727K, capacity 69242K, committed 69464K, reserved 1107968K
  class space    used 7516K, capacity 10009K, committed 10112K, reserved 1048576K
Event: 5.858 GC heap after
Heap after GC invocations=19 (full 3):
 PSYoungGen      total 153600K, used 15862K [0x00000000f5580000, 0x0000000100000000, 0x0000000100000000)
  eden space 137728K, 0% used [0x00000000f5580000,0x00000000f5580000,0x00000000fdc00000)
  from space 15872K, 99% used [0x00000000ff080000,0x00000000ffffd838,0x0000000100000000)
  to   space 18432K, 0% used [0x00000000fdc00000,0x00000000fdc00000,0x00000000fee00000)
 ParOldGen       total 263168K, used 61849K [0x00000000e0000000, 0x00000000f0100000, 0x00000000f5580000)
  object space 263168K, 23% used [0x00000000e0000000,0x00000000e3c66778,0x00000000f0100000)
 Metaspace       used 60727K, capacity 69242K, committed 69464K, reserved 1107968K
  class space    used 7516K, capacity 10009K, committed 10112K, reserved 1048576K
}
Event: 6.142 GC heap before
{Heap before GC invocations=20 (full 3):
 PSYoungGen      total 153600K, used 153590K [0x00000000f5580000, 0x0000000100000000, 0x0000000100000000)
  eden space 137728K, 100% used [0x00000000f5580000,0x00000000fdc00000,0x00000000fdc00000)
  from space 15872K, 99% used [0x00000000ff080000,0x00000000ffffd838,0x0000000100000000)
  to   space 18432K, 0% used [0x00000000fdc00000,0x00000000fdc00000,0x00000000fee00000)
 ParOldGen       total 263168K, used 61849K [0x00000000e0000000, 0x00000000f0100000, 0x00000000f5580000)
  object space 263168K, 23% used [0x00000000e0000000,0x00000000e3c66778,0x00000000f0100000)
 Metaspace       used 60945K, capacity 69740K, committed 69976K, reserved 1110016K
  class space    used 7528K, capacity 10030K, committed 10112K, reserved 1048576K
Event: 6.151 GC heap after
Heap after GC invocations=20 (full 3):
 PSYoungGen      total 156160K, used 18431K [0x00000000f5580000, 0x0000000100000000, 0x0000000100000000)
  eden space 137728K, 0% used [0x00000000f5580000,0x00000000f5580000,0x00000000fdc00000)
  from space 18432K, 99% used [0x00000000fdc00000,0x00000000fedffef0,0x00000000fee00000)
  to   space 18432K, 0% used [0x00000000fee00000,0x00000000fee00000,0x0000000100000000)
 ParOldGen       total 263168K, used 63928K [0x00000000e0000000, 0x00000000f0100000, 0x00000000f5580000)
  object space 263168K, 24% used [0x00000000e0000000,0x00000000e3e6e050,0x00000000f0100000)
 Metaspace       used 60945K, capacity 69740K, committed 69976K, reserved 1110016K
  class space    used 7528K, capacity 10030K, committed 10112K, reserved 1048576K
}

Deoptimization events (10 events):
Event: 5.778 Thread 0x0000000018760800 Uncommon trap: reason=bimorphic action=maybe_recompile pc=0x000000000367bb14 method=java.util.AbstractCollection.toArray()[Ljava/lang/Object; @ 22
Event: 5.969 Thread 0x0000000018760800 Uncommon trap: reason=class_check action=maybe_recompile pc=0x00000000033e1098 method=java.lang.Character.codePointAt(Ljava/lang/CharSequence;I)I @ 2
Event: 5.970 Thread 0x0000000018760800 Uncommon trap: reason=class_check action=maybe_recompile pc=0x00000000033e1098 method=java.lang.Character.codePointAt(Ljava/lang/CharSequence;I)I @ 2
Event: 5.986 Thread 0x0000000018760800 Uncommon trap: reason=bimorphic action=maybe_recompile pc=0x000000000367bb14 method=java.util.AbstractCollection.toArray()[Ljava/lang/Object; @ 22
Event: 5.986 Thread 0x0000000018760800 Uncommon trap: reason=bimorphic action=maybe_recompile pc=0x00000000035685dc method=java.util.regex.Pattern$Start.<init>(Ljava/util/regex/Pattern$Node;)V @ 22
Event: 6.033 Thread 0x0000000018760800 Uncommon trap: reason=bimorphic action=maybe_recompile pc=0x000000000367bb14 method=java.util.AbstractCollection.toArray()[Ljava/lang/Object; @ 22
Event: 6.195 Thread 0x0000000018760800 Uncommon trap: reason=unstable_if action=reinterpret pc=0x0000000003a40854 method=com.google.common.base.Objects.equal(Ljava/lang/Object;Ljava/lang/Object;)Z @ 2
Event: 6.320 Thread 0x0000000018760800 Uncommon trap: reason=unstable_if action=reinterpret pc=0x00000000037fa330 method=java.util.HashMap$HashIterator.<init>(Ljava/util/HashMap;)V @ 45
Event: 6.332 Thread 0x0000000018760800 Uncommon trap: reason=bimorphic action=maybe_recompile pc=0x000000000367bb14 method=java.util.AbstractCollection.toArray()[Ljava/lang/Object; @ 22
Event: 6.333 Thread 0x0000000018760800 Uncommon trap: reason=bimorphic action=maybe_recompile pc=0x00000000035685dc method=java.util.regex.Pattern$Start.<init>(Ljava/util/regex/Pattern$Node;)V @ 22

Internal exceptions (10 events):
Event: 5.475 Thread 0x0000000018760800 Implicit null exception at 0x00000000035a6313 to 0x00000000035a6edf
Event: 5.475 Thread 0x0000000018760800 Implicit null exception at 0x000000000390e7fe to 0x000000000390ee79
Event: 5.557 Thread 0x0000000018760800 Exception <a 'java/lang/NoSuchFieldError': method resolution failed> (0x00000000f7baad08) thrown at [C:\re\workspace\8-2-build-windows-amd64-cygwin\jdk8u111\7883\hotspot\src\share\vm\prims\methodHandles.cpp, line 1146]
Event: 5.600 Thread 0x0000000018760800 Exception <a 'java/lang/NoSuchFieldError': method resolution failed> (0x00000000f878b7a8) thrown at [C:\re\workspace\8-2-build-windows-amd64-cygwin\jdk8u111\7883\hotspot\src\share\vm\prims\methodHandles.cpp, line 1146]
Event: 5.701 Thread 0x0000000018760800 Implicit null exception at 0x00000000036a8c97 to 0x00000000036a8d64
Event: 5.748 Thread 0x0000000018760800 Exception <a 'java/lang/NoSuchMethodError': java.lang.Object.lambda$get$0(Ljava/lang/Object;)V> (0x00000000fb05a808) thrown at [C:\re\workspace\8-2-build-windows-amd64-cygwin\jdk8u111\7883\hotspot\src\share\vm\interpreter\linkResolver.cpp, line 582]
Event: 5.764 Thread 0x0000000018760800 Implicit null exception at 0x0000000002ebb0ef to 0x0000000002ebb18d
Event: 5.776 Thread 0x0000000018760800 Exception <a 'sun/nio/fs/WindowsException'> (0x00000000fbc32cc8) thrown at [C:\re\workspace\8-2-build-windows-amd64-cygwin\jdk8u111\7883\hotspot\src\share\vm\prims\jni.cpp, line 709]
Event: 6.032 Thread 0x0000000018760800 Exception <a 'sun/nio/fs/WindowsException'> (0x00000000f95dc730) thrown at [C:\re\workspace\8-2-build-windows-amd64-cygwin\jdk8u111\7883\hotspot\src\share\vm\prims\jni.cpp, line 709]
Event: 6.350 Thread 0x0000000018760800 Exception <a 'sun/nio/fs/WindowsException'> (0x00000000f796cb10) thrown at [C:\re\workspace\8-2-build-windows-amd64-cygwin\jdk8u111\7883\hotspot\src\share\vm\prims\jni.cpp, line 709]

Events (10 events):
Event: 6.332 Thread 0x0000000018760800 Uncommon trap: trap_request=0xffffffc6 fr.pc=0x000000000367bb14
Event: 6.332 Thread 0x0000000018760800 DEOPT PACKING pc=0x000000000367bb14 sp=0x0000000019b4eb80
Event: 6.332 Thread 0x0000000018760800 DEOPT UNPACKING pc=0x0000000002a6582a sp=0x0000000019b4eb48 mode 2
Event: 6.333 Thread 0x0000000018760800 Uncommon trap: trap_request=0xffffffc6 fr.pc=0x00000000035685dc
Event: 6.333 Thread 0x0000000018760800 DEOPT PACKING pc=0x00000000035685dc sp=0x0000000019b4ee80
Event: 6.333 Thread 0x0000000018760800 DEOPT UNPACKING pc=0x0000000002a6582a sp=0x0000000019b4ede8 mode 2
Event: 6.497 Thread 0x000000001e3da800 Thread added: 0x000000001e3da800
Event: 6.497 Executing VM operation: RevokeBias
Event: 6.497 Executing VM operation: RevokeBias done
Event: 6.498 Thread 0x000000001e3da800 Thread exited: 0x000000001e3da800


Dynamic libraries:
0x00007ff706f50000 - 0x00007ff706f87000 	C:\Program Files\Java\jdk1.8.0_111\bin\java.exe
0x00007ff868150000 - 0x00007ff868345000 	C:\WINDOWS\SYSTEM32\ntdll.dll
0x00007ff8671e0000 - 0x00007ff86729e000 	C:\WINDOWS\System32\KERNEL32.DLL
0x00007ff865a20000 - 0x00007ff865ce9000 	C:\WINDOWS\System32\KERNELBASE.dll
0x00007ff8661a0000 - 0x00007ff86624c000 	C:\WINDOWS\System32\ADVAPI32.dll
0x00007ff866280000 - 0x00007ff86631e000 	C:\WINDOWS\System32\msvcrt.dll
0x00007ff867300000 - 0x00007ff86739b000 	C:\WINDOWS\System32\sechost.dll
0x00007ff8670b0000 - 0x00007ff8671da000 	C:\WINDOWS\System32\RPCRT4.dll
0x00007ff866320000 - 0x00007ff8664c1000 	C:\WINDOWS\System32\USER32.dll
0x00007ff865870000 - 0x00007ff865892000 	C:\WINDOWS\System32\win32u.dll
0x00007ff8664d0000 - 0x00007ff8664fb000 	C:\WINDOWS\System32\GDI32.dll
0x00007ff865f90000 - 0x00007ff86609b000 	C:\WINDOWS\System32\gdi32full.dll
0x00007ff8660a0000 - 0x00007ff86613d000 	C:\WINDOWS\System32\msvcp_win.dll
0x00007ff8658a0000 - 0x00007ff8659a0000 	C:\WINDOWS\System32\ucrtbase.dll
0x00007ff852310000 - 0x00007ff8525aa000 	C:\WINDOWS\WinSxS\amd64_microsoft.windows.common-controls_6595b64144ccf1df_6.0.19041.1110_none_60b5254171f9507e\COMCTL32.dll
0x00007ff866250000 - 0x00007ff866280000 	C:\WINDOWS\System32\IMM32.DLL
0x00000000773e0000 - 0x00000000774b2000 	C:\Program Files\Java\jdk1.8.0_111\jre\bin\msvcr100.dll
0x00000000765c0000 - 0x0000000076e5a000 	C:\Program Files\Java\jdk1.8.0_111\jre\bin\server\jvm.dll
0x00007ff866500000 - 0x00007ff866508000 	C:\WINDOWS\System32\PSAPI.DLL
0x00007ff85cc70000 - 0x00007ff85cc7a000 	C:\WINDOWS\SYSTEM32\VERSION.dll
0x00007ff858b10000 - 0x00007ff858b37000 	C:\WINDOWS\SYSTEM32\WINMM.dll
0x00007ff85f3e0000 - 0x00007ff85f3e9000 	C:\WINDOWS\SYSTEM32\WSOCK32.dll
0x00007ff866f20000 - 0x00007ff866f8b000 	C:\WINDOWS\System32\WS2_32.dll
0x0000000051450000 - 0x000000005145f000 	C:\Program Files\Java\jdk1.8.0_111\jre\bin\verify.dll
0x0000000077870000 - 0x0000000077899000 	C:\Program Files\Java\jdk1.8.0_111\jre\bin\java.dll
0x0000000077850000 - 0x0000000077866000 	C:\Program Files\Java\jdk1.8.0_111\jre\bin\zip.dll
0x00007ff8665c0000 - 0x00007ff866cff000 	C:\WINDOWS\System32\SHELL32.dll
0x00007ff863970000 - 0x00007ff864100000 	C:\WINDOWS\SYSTEM32\windows.storage.dll
0x00007ff8678a0000 - 0x00007ff867bf5000 	C:\WINDOWS\System32\combase.dll
0x00007ff8652c0000 - 0x00007ff8652ec000 	C:\WINDOWS\SYSTEM32\Wldp.dll
0x00007ff866510000 - 0x00007ff8665be000 	C:\WINDOWS\System32\SHCORE.dll
0x00007ff8672a0000 - 0x00007ff8672f5000 	C:\WINDOWS\System32\shlwapi.dll
0x00007ff8657b0000 - 0x00007ff8657cf000 	C:\WINDOWS\SYSTEM32\profapi.dll
0x0000000077830000 - 0x000000007784a000 	C:\Program Files\Java\jdk1.8.0_111\jre\bin\net.dll
0x00007ff864fb0000 - 0x00007ff86501a000 	C:\WINDOWS\system32\mswsock.dll
0x00000000773c0000 - 0x00000000773d1000 	C:\Program Files\Java\jdk1.8.0_111\jre\bin\nio.dll
0x00007ff865210000 - 0x00007ff865228000 	C:\WINDOWS\SYSTEM32\CRYPTSP.dll
0x00007ff8648d0000 - 0x00007ff864904000 	C:\WINDOWS\system32\rsaenh.dll
0x00007ff8659f0000 - 0x00007ff865a17000 	C:\WINDOWS\System32\bcrypt.dll
0x00007ff865730000 - 0x00007ff86575e000 	C:\WINDOWS\SYSTEM32\USERENV.dll
0x00007ff865f00000 - 0x00007ff865f83000 	C:\WINDOWS\System32\bcryptprimitives.dll
0x00007ff865230000 - 0x00007ff86523c000 	C:\WINDOWS\SYSTEM32\CRYPTBASE.dll
0x00007ff864ca0000 - 0x00007ff864cdb000 	C:\WINDOWS\SYSTEM32\IPHLPAPI.DLL
0x00007ff866d00000 - 0x00007ff866d08000 	C:\WINDOWS\System32\NSI.dll
0x00007ff85cc50000 - 0x00007ff85cc67000 	C:\WINDOWS\SYSTEM32\dhcpcsvc6.DLL
0x00007ff85e460000 - 0x00007ff85e47d000 	C:\WINDOWS\SYSTEM32\dhcpcsvc.DLL
0x00007ff864ce0000 - 0x00007ff864dac000 	C:\WINDOWS\SYSTEM32\DNSAPI.dll
0x0000000077390000 - 0x00000000773b4000 	C:\Program Files\Java\jdk1.8.0_111\jre\bin\sunec.dll
0x0000000077380000 - 0x000000007738b000 	C:\Program Files\Java\jdk1.8.0_111\jre\bin\sunmscapi.dll
0x00007ff865da0000 - 0x00007ff865ef6000 	C:\WINDOWS\System32\CRYPT32.dll
0x00000000771e0000 - 0x0000000077378000 	C:\Program Files\Java\jdk1.8.0_111\jre\bin\awt.dll
0x00007ff867eb0000 - 0x00007ff867f7d000 	C:\WINDOWS\System32\OLEAUT32.dll
0x00007ff862e60000 - 0x00007ff862ef0000 	C:\WINDOWS\SYSTEM32\apphelp.dll
0x00007ff862fd0000 - 0x00007ff8631b4000 	C:\WINDOWS\SYSTEM32\dbghelp.dll

VM Arguments:
jvm_args: -Djava.awt.headless=true -Djava.security.manager=worker.org.gradle.process.internal.worker.child.BootstrapSecurityManager -Dorg.gradle.native=false -Xmx512m -Dfile.encoding=windows-1252 -Duser.country=ID -Duser.language=en -Duser.variant -ea 
java_command: worker.org.gradle.process.internal.worker.GradleWorkerMain 'Gradle Test Executor 17'
java_class_path (initial): C:\Users\Lenovo\.gradle\caches\6.1.1\workerMain\gradle-worker.jar
Launcher Type: SUN_STANDARD

Environment Variables:
USERNAME=Lenovo
OS=Windows_NT
PROCESSOR_IDENTIFIER=Intel64 Family 6 Model 165 Stepping 2, GenuineIntel



---------------  S Y S T E M  ---------------

OS: Windows 10.0 , 64 bit Build 19041 (10.0.19041.1202)

CPU:total 12 (6 cores per cpu, 2 threads per core) family 6 model 165 stepping 2, cmov, cx8, fxsr, mmx, sse, sse2, sse3, ssse3, sse4.1, sse4.2, popcnt, avx, avx2, aes, clmul, erms, 3dnowpref, lzcnt, ht, tsc, tscinvbit, bmi1, bmi2, adx

Memory: 4k page, physical 16682800k(4617864k free), swap 21347336k(3922308k free)

vm_info: Java HotSpot(TM) 64-Bit Server VM (25.111-b14) for windows-amd64 JRE (1.8.0_111-b14), built on Sep 22 2016 19:24:05 by "java_re" with MS VC++ 10.0 (VS2010)

time: Fri Oct 08 09:22:55 2021
elapsed time: 6 seconds (0d 0h 0m 6s)

