#
# A fatal error has been detected by the Java Runtime Environment:
#
#  EXCEPTION_ACCESS_VIOLATION (0xc0000005) at pc=0x0000000076603608, pid=28220, tid=0x00000000000066d0
#
# JRE version: Java(TM) SE Runtime Environment (8.0_111-b14) (build 1.8.0_111-b14)
# Java VM: Java HotSpot(TM) 64-Bit Server VM (25.111-b14 mixed mode windows-amd64 compressed oops)
# Problematic frame:
# V  [jvm.dll+0x43608]
#
# Failed to write core dump. Minidumps are not enabled by default on client versions of Windows
#
# If you would like to submit a bug report, please visit:
#   http://bugreport.java.com/bugreport/crash.jsp
#

---------------  T H R E A D  ---------------

Current thread (0x0000000015ee3000):  JavaThread "C1 CompilerThread3" daemon [_thread_in_vm, id=26320, stack(0x0000000017900000,0x0000000017a00000)]

siginfo: ExceptionCode=0xc0000005, reading address 0xffffffffffffffff

Registers:
RAX=0x0000000015ee3000, RBX=0x0000000002c68ce0, RCX=0x0000000002c68ce0, RDX=0x0000000002c68ce0
RSP=0x00000000179fd2b0, RBP=0x0000000016097e40, RSI=0x0000000002c68ce0, RDI=0x0000000000000000
R8 =0x49362012ffff0013, R9 =0x0000000000000000, R10=0x0000000016098070, R11=0x000000001bb62bc0
R12=0x0000000015ee3000, R13=0x0000000016097e40, R14=0x000000001907d430, R15=0x0000000000000000
RIP=0x0000000076603608, EFLAGS=0x0000000000010202

Top of Stack: (sp=0x00000000179fd2b0)
0x00000000179fd2b0:   00000000000000b6 00000000179ff860
0x00000000179fd2c0:   0000000000000000 0000000000000077
0x00000000179fd2d0:   000000001c64d1c0 00000000179ff860
0x00000000179fd2e0:   00000000179fd3c0 00000000765efe25
0x00000000179fd2f0:   00000000000000e9 0000000076603999
0x00000000179fd300:   0000000000000077 0000000000000077
0x00000000179fd310:   0000000000000000 0000000000000000
0x00000000179fd320:   00000000000000b6 000000001b168200
0x00000000179fd330:   0000000002c1a5c0 0000000076601c6b
0x00000000179fd340:   0000000000000000 0000000015ee3000
0x00000000179fd350:   000000001907e5a0 00000000765ece0f
0x00000000179fd360:   0000000015ee3000 0000000076606f80
0x00000000179fd370:   0000000015ee3000 0000000015ee3000
0x00000000179fd380:   000000001b168200 00000000769e0aeb
0x00000000179fd390:   0000000000000000 0000000000000000
0x00000000179fd3a0:   000000001907e5a0 0000000000000000 

Instructions: (pc=0x0000000076603608)
0x00000000766035e8:   00 48 8b da ff 15 fe 7d 59 00 44 0f b6 05 5a d9
0x00000000766035f8:   7a 00 4c 8b e0 45 84 c0 74 39 4c 8b 03 48 8b cb
0x0000000076603608:   41 ff 50 08 84 c0 74 2b 83 7b 08 00 7e 25 0f b6
0x0000000076603618:   83 0e 01 00 00 c0 e8 03 a8 01 74 17 48 8b 03 48 


Register to memory mapping:

RAX=0x0000000015ee3000 is a thread
RBX=0x0000000002c68ce0 is an unknown value
RCX=0x0000000002c68ce0 is an unknown value
RDX=0x0000000002c68ce0 is an unknown value
RSP=0x00000000179fd2b0 is pointing into the stack for thread: 0x0000000015ee3000
RBP=0x0000000016097e40 is an unknown value
RSI=0x0000000002c68ce0 is an unknown value
RDI=0x0000000000000000 is an unknown value
R8 =0x49362012ffff0013 is an unknown value
R9 =0x0000000000000000 is an unknown value
R10=0x0000000016098070 is an unknown value
R11=0x000000001bb62bc0 is an unknown value
R12=0x0000000015ee3000 is a thread
R13=0x0000000016097e40 is an unknown value
R14=0x000000001907d430 is an unknown value
R15=0x0000000000000000 is an unknown value


Stack: [0x0000000017900000,0x0000000017a00000],  sp=0x00000000179fd2b0,  free space=1012k
Native frames: (J=compiled Java code, j=interpreted, Vv=VM code, C=native code)
V  [jvm.dll+0x43608]
V  [jvm.dll+0x43999]
V  [jvm.dll+0x41c6b]
V  [jvm.dll+0x420aeb]
V  [jvm.dll+0x41b8da]
V  [jvm.dll+0x41e727]
V  [jvm.dll+0x41eeeb]
V  [jvm.dll+0x41fde6]
V  [jvm.dll+0x420048]
V  [jvm.dll+0x42047b]
V  [jvm.dll+0x41ffd5]
V  [jvm.dll+0x41bd3b]
V  [jvm.dll+0x41e727]
V  [jvm.dll+0x41eeeb]
V  [jvm.dll+0x41fde6]
V  [jvm.dll+0x420048]
V  [jvm.dll+0x42047b]
V  [jvm.dll+0x41ffd5]
V  [jvm.dll+0x41bd3b]
V  [jvm.dll+0x41e727]
V  [jvm.dll+0x41f01d]
V  [jvm.dll+0x41fde6]
V  [jvm.dll+0x420048]
V  [jvm.dll+0x42047b]
V  [jvm.dll+0x41ffd5]
V  [jvm.dll+0x41bd3b]
V  [jvm.dll+0x41e727]
V  [jvm.dll+0x41eeeb]
V  [jvm.dll+0x41fde6]
V  [jvm.dll+0x420048]
V  [jvm.dll+0x42047b]
V  [jvm.dll+0x41ffd5]
V  [jvm.dll+0x41bd3b]
V  [jvm.dll+0x41e727]
V  [jvm.dll+0x41f01d]
V  [jvm.dll+0x41fde6]
V  [jvm.dll+0x420048]
V  [jvm.dll+0x42047b]
V  [jvm.dll+0x41ffd5]
V  [jvm.dll+0x41bd3b]
V  [jvm.dll+0x41e727]
V  [jvm.dll+0x41eeeb]
V  [jvm.dll+0x41fde6]
V  [jvm.dll+0x420048]
V  [jvm.dll+0x41bd3b]
V  [jvm.dll+0x41e727]
V  [jvm.dll+0x41eeeb]
V  [jvm.dll+0x41fde6]
V  [jvm.dll+0x420048]
V  [jvm.dll+0x41bd3b]
V  [jvm.dll+0x41e727]
V  [jvm.dll+0x41f01d]
V  [jvm.dll+0x41f412]
V  [jvm.dll+0x4244f5]
V  [jvm.dll+0x424600]
V  [jvm.dll+0x40ddb8]
V  [jvm.dll+0x40e021]
V  [jvm.dll+0x40e1e2]
V  [jvm.dll+0x40e3b1]
V  [jvm.dll+0x40e5bf]
V  [jvm.dll+0xa5742]
V  [jvm.dll+0xa607f]
V  [jvm.dll+0x244b7f]
V  [jvm.dll+0x29c43a]
C  [msvcr100.dll+0x21d9f]
C  [msvcr100.dll+0x21e3b]
C  [KERNEL32.DLL+0x17034]
C  [ntdll.dll+0x52651]


Current CompileTask:
C1:   6166 6271       3       android.content.res.TypedArray::$$robo$$android_content_res_TypedArray$loadStringValueAt (51 bytes)


---------------  P R O C E S S  ---------------

Java Threads: ( => current thread )
  0x00000000180eb000 JavaThread "SDK 28 Main Thread" [_thread_in_native, id=19464, stack(0x0000000019f10000,0x000000001a010000)]
  0x000000001812a800 JavaThread "/127.0.0.1:56932 to /127.0.0.1:56931 workers Thread 3" [_thread_in_native, id=14388, stack(0x0000000019a10000,0x0000000019b10000)]
  0x000000001821d800 JavaThread "/127.0.0.1:56932 to /127.0.0.1:56931 workers Thread 2" [_thread_blocked, id=4088, stack(0x0000000019910000,0x0000000019a10000)]
  0x00000000187cc000 JavaThread "Test worker" [_thread_blocked, id=31452, stack(0x00000000194d0000,0x00000000195d0000)]
  0x0000000015f74000 JavaThread "Service Thread" daemon [_thread_blocked, id=4144, stack(0x0000000017a00000,0x0000000017b00000)]
=>0x0000000015ee3000 JavaThread "C1 CompilerThread3" daemon [_thread_in_vm, id=26320, stack(0x0000000017900000,0x0000000017a00000)]
  0x0000000015ee2000 JavaThread "C2 CompilerThread2" daemon [_thread_in_native, id=28724, stack(0x0000000017800000,0x0000000017900000)]
  0x0000000015edd000 JavaThread "C2 CompilerThread1" daemon [_thread_in_native, id=31728, stack(0x0000000017700000,0x0000000017800000)]
  0x0000000015ed6800 JavaThread "C2 CompilerThread0" daemon [_thread_blocked, id=13824, stack(0x0000000017600000,0x0000000017700000)]
  0x0000000015ed4000 JavaThread "Attach Listener" daemon [_thread_blocked, id=26632, stack(0x0000000017500000,0x0000000017600000)]
  0x0000000015ed3800 JavaThread "Signal Dispatcher" daemon [_thread_blocked, id=29840, stack(0x0000000017400000,0x0000000017500000)]
  0x0000000015e53000 JavaThread "Finalizer" daemon [_thread_blocked, id=15768, stack(0x00000000170c0000,0x00000000171c0000)]
  0x000000001477d800 JavaThread "Reference Handler" daemon [_thread_blocked, id=18488, stack(0x0000000016fc0000,0x00000000170c0000)]
  0x0000000002b0e000 JavaThread "main" [_thread_blocked, id=31556, stack(0x0000000002b10000,0x0000000002c10000)]

Other Threads:
  0x0000000014776800 VMThread [stack: 0x0000000016ec0000,0x0000000016fc0000] [id=31800]
  0x0000000016037000 WatcherThread [stack: 0x0000000017b00000,0x0000000017c00000] [id=22756]

VM state:not at safepoint (normal execution)

VM Mutex/Monitor currently owned by a thread: None

Heap:
 PSYoungGen      total 156672K, used 42603K [0x00000000f5580000, 0x0000000100000000, 0x0000000100000000)
  eden space 139776K, 21% used [0x00000000f5580000,0x00000000f7330208,0x00000000fde00000)
  from space 16896K, 72% used [0x00000000fde00000,0x00000000fe9eabb0,0x00000000fee80000)
  to   space 17408K, 0% used [0x00000000fef00000,0x00000000fef00000,0x0000000100000000)
 ParOldGen       total 278528K, used 61087K [0x00000000e0000000, 0x00000000f1000000, 0x00000000f5580000)
  object space 278528K, 21% used [0x00000000e0000000,0x00000000e3ba7e58,0x00000000f1000000)
 Metaspace       used 58737K, capacity 66716K, committed 66944K, reserved 1105920K
  class space    used 7190K, capacity 9513K, committed 9600K, reserved 1048576K

Card table byte_map: [0x00000000120d0000,0x00000000121e0000] byte_map_base: 0x00000000119d0000

Marking Bits: (ParMarkBitMap*) 0x0000000076dda6c0
 Begin Bits: [0x0000000012c90000, 0x0000000013490000)
 End Bits:   [0x0000000013490000, 0x0000000013c90000)

Polling page: 0x0000000002a10000

CodeCache: size=245760Kb used=16855Kb max_used=16864Kb free=228904Kb
 bounds [0x0000000002d10000, 0x0000000003da0000, 0x0000000011d10000]
 total_blobs=6536 nmethods=5098 adapters=1350
 compilation: enabled

Compilation events (10 events):
Event: 6.143 Thread 0x0000000015edd000 6268   !   4       java.lang.invoke.LambdaForm$MH/1877383535::guardWithCatch (75 bytes)
Event: 6.143 Thread 0x0000000015ee3000 nmethod 6266 0x0000000003d92510 code [0x0000000003d92720, 0x0000000003d935a8]
Event: 6.143 Thread 0x0000000015ee3000 6267   !   3       java.lang.invoke.LambdaForm$MH/279083532::guardWithCatch (77 bytes)
Event: 6.143 Thread 0x0000000015ee3000 nmethod 6267 0x0000000003d93d90 code [0x0000000003d93f40, 0x0000000003d94988]
Event: 6.144 Thread 0x0000000015ed6800 6269       4       java.lang.invoke.LambdaForm$DMH/687073222::invokeSpecial_LL_V (15 bytes)
Event: 6.144 Thread 0x0000000015ed6800 nmethod 6269 0x0000000003d97910 code [0x0000000003d97a60, 0x0000000003d97b08]
Event: 6.144 Thread 0x0000000015edd000 nmethod 6268 0x0000000003d95d90 code [0x0000000003d95f00, 0x0000000003d96148]
Event: 6.146 Thread 0x0000000015ee3000 6270       3       android.content.res.TypedArray::loadStringValueAt (8 bytes)
Event: 6.147 Thread 0x0000000015ee3000 nmethod 6270 0x0000000003d99610 code [0x0000000003d99940, 0x0000000003d9b468]
Event: 6.147 Thread 0x0000000015ee3000 6271       3       android.content.res.TypedArray::$$robo$$android_content_res_TypedArray$loadStringValueAt (51 bytes)

GC Heap History (10 events):
Event: 4.774 GC heap before
{Heap before GC invocations=16 (full 3):
 PSYoungGen      total 153088K, used 139776K [0x00000000f5580000, 0x0000000100000000, 0x0000000100000000)
  eden space 139776K, 100% used [0x00000000f5580000,0x00000000fde00000,0x00000000fde00000)
  from space 13312K, 0% used [0x00000000ff300000,0x00000000ff300000,0x0000000100000000)
  to   space 17408K, 0% used [0x00000000fde00000,0x00000000fde00000,0x00000000fef00000)
 ParOldGen       total 278528K, used 61047K [0x00000000e0000000, 0x00000000f1000000, 0x00000000f5580000)
  object space 278528K, 21% used [0x00000000e0000000,0x00000000e3b9de58,0x00000000f1000000)
 Metaspace       used 48672K, capacity 54424K, committed 54656K, reserved 1095680K
  class space    used 5936K, capacity 7697K, committed 7808K, reserved 1048576K
Event: 4.778 GC heap after
Heap after GC invocations=16 (full 3):
 PSYoungGen      total 157184K, used 2750K [0x00000000f5580000, 0x0000000100000000, 0x0000000100000000)
  eden space 139776K, 0% used [0x00000000f5580000,0x00000000f5580000,0x00000000fde00000)
  from space 17408K, 15% used [0x00000000fde00000,0x00000000fe0af998,0x00000000fef00000)
  to   space 17408K, 0% used [0x00000000fef00000,0x00000000fef00000,0x0000000100000000)
 ParOldGen       total 278528K, used 61055K [0x00000000e0000000, 0x00000000f1000000, 0x00000000f5580000)
  object space 278528K, 21% used [0x00000000e0000000,0x00000000e3b9fe58,0x00000000f1000000)
 Metaspace       used 48672K, capacity 54424K, committed 54656K, reserved 1095680K
  class space    used 5936K, capacity 7697K, committed 7808K, reserved 1048576K
}
Event: 5.124 GC heap before
{Heap before GC invocations=17 (full 3):
 PSYoungGen      total 157184K, used 142526K [0x00000000f5580000, 0x0000000100000000, 0x0000000100000000)
  eden space 139776K, 100% used [0x00000000f5580000,0x00000000fde00000,0x00000000fde00000)
  from space 17408K, 15% used [0x00000000fde00000,0x00000000fe0af998,0x00000000fef00000)
  to   space 17408K, 0% used [0x00000000fef00000,0x00000000fef00000,0x0000000100000000)
 ParOldGen       total 278528K, used 61055K [0x00000000e0000000, 0x00000000f1000000, 0x00000000f5580000)
  object space 278528K, 21% used [0x00000000e0000000,0x00000000e3b9fe58,0x00000000f1000000)
 Metaspace       used 52317K, capacity 58710K, committed 58752K, reserved 1099776K
  class space    used 6391K, capacity 8318K, committed 8320K, reserved 1048576K
Event: 5.129 GC heap after
Heap after GC invocations=17 (full 3):
 PSYoungGen      total 157184K, used 6000K [0x00000000f5580000, 0x0000000100000000, 0x0000000100000000)
  eden space 139776K, 0% used [0x00000000f5580000,0x00000000f5580000,0x00000000fde00000)
  from space 17408K, 34% used [0x00000000fef00000,0x00000000ff4dc370,0x0000000100000000)
  to   space 17408K, 0% used [0x00000000fde00000,0x00000000fde00000,0x00000000fef00000)
 ParOldGen       total 278528K, used 61063K [0x00000000e0000000, 0x00000000f1000000, 0x00000000f5580000)
  object space 278528K, 21% used [0x00000000e0000000,0x00000000e3ba1e58,0x00000000f1000000)
 Metaspace       used 52317K, capacity 58710K, committed 58752K, reserved 1099776K
  class space    used 6391K, capacity 8318K, committed 8320K, reserved 1048576K
}
Event: 5.475 GC heap before
{Heap before GC invocations=18 (full 3):
 PSYoungGen      total 157184K, used 145776K [0x00000000f5580000, 0x0000000100000000, 0x0000000100000000)
  eden space 139776K, 100% used [0x00000000f5580000,0x00000000fde00000,0x00000000fde00000)
  from space 17408K, 34% used [0x00000000fef00000,0x00000000ff4dc370,0x0000000100000000)
  to   space 17408K, 0% used [0x00000000fde00000,0x00000000fde00000,0x00000000fef00000)
 ParOldGen       total 278528K, used 61063K [0x00000000e0000000, 0x00000000f1000000, 0x00000000f5580000)
  object space 278528K, 21% used [0x00000000e0000000,0x00000000e3ba1e58,0x00000000f1000000)
 Metaspace       used 56779K, capacity 64296K, committed 64640K, reserved 1103872K
  class space    used 6986K, capacity 9239K, committed 9344K, reserved 1048576K
Event: 5.480 GC heap after
Heap after GC invocations=18 (full 3):
 PSYoungGen      total 149504K, used 9438K [0x00000000f5580000, 0x00000000fff00000, 0x0000000100000000)
  eden space 139776K, 0% used [0x00000000f5580000,0x00000000f5580000,0x00000000fde00000)
  from space 9728K, 97% used [0x00000000fde00000,0x00000000fe737b80,0x00000000fe780000)
  to   space 16896K, 0% used [0x00000000fee80000,0x00000000fee80000,0x00000000fff00000)
 ParOldGen       total 278528K, used 61071K [0x00000000e0000000, 0x00000000f1000000, 0x00000000f5580000)
  object space 278528K, 21% used [0x00000000e0000000,0x00000000e3ba3e58,0x00000000f1000000)
 Metaspace       used 56779K, capacity 64296K, committed 64640K, reserved 1103872K
  class space    used 6986K, capacity 9239K, committed 9344K, reserved 1048576K
}
Event: 5.792 GC heap before
{Heap before GC invocations=19 (full 3):
 PSYoungGen      total 149504K, used 149214K [0x00000000f5580000, 0x00000000fff00000, 0x0000000100000000)
  eden space 139776K, 100% used [0x00000000f5580000,0x00000000fde00000,0x00000000fde00000)
  from space 9728K, 97% used [0x00000000fde00000,0x00000000fe737b80,0x00000000fe780000)
  to   space 16896K, 0% used [0x00000000fee80000,0x00000000fee80000,0x00000000fff00000)
 ParOldGen       total 278528K, used 61071K [0x00000000e0000000, 0x00000000f1000000, 0x00000000f5580000)
  object space 278528K, 21% used [0x00000000e0000000,0x00000000e3ba3e58,0x00000000f1000000)
 Metaspace       used 58258K, capacity 65990K, committed 66048K, reserved 1105920K
  class space    used 7164K, capacity 9432K, committed 9472K, reserved 1048576K
Event: 5.798 GC heap after
Heap after GC invocations=19 (full 3):
 PSYoungGen      total 156672K, used 11318K [0x00000000f5580000, 0x0000000100000000, 0x0000000100000000)
  eden space 139776K, 0% used [0x00000000f5580000,0x00000000f5580000,0x00000000fde00000)
  from space 16896K, 66% used [0x00000000fee80000,0x00000000ff98d878,0x00000000fff00000)
  to   space 16896K, 0% used [0x00000000fde00000,0x00000000fde00000,0x00000000fee80000)
 ParOldGen       total 278528K, used 61079K [0x00000000e0000000, 0x00000000f1000000, 0x00000000f5580000)
  object space 278528K, 21% used [0x00000000e0000000,0x00000000e3ba5e58,0x00000000f1000000)
 Metaspace       used 58258K, capacity 65990K, committed 66048K, reserved 1105920K
  class space    used 7164K, capacity 9432K, committed 9472K, reserved 1048576K
}
Event: 6.120 GC heap before
{Heap before GC invocations=20 (full 3):
 PSYoungGen      total 156672K, used 151094K [0x00000000f5580000, 0x0000000100000000, 0x0000000100000000)
  eden space 139776K, 100% used [0x00000000f5580000,0x00000000fde00000,0x00000000fde00000)
  from space 16896K, 66% used [0x00000000fee80000,0x00000000ff98d878,0x00000000fff00000)
  to   space 16896K, 0% used [0x00000000fde00000,0x00000000fde00000,0x00000000fee80000)
 ParOldGen       total 278528K, used 61079K [0x00000000e0000000, 0x00000000f1000000, 0x00000000f5580000)
  object space 278528K, 21% used [0x00000000e0000000,0x00000000e3ba5e58,0x00000000f1000000)
 Metaspace       used 58729K, capacity 66706K, committed 66944K, reserved 1105920K
  class space    used 7189K, capacity 9512K, committed 9600K, reserved 1048576K
Event: 6.126 GC heap after
Heap after GC invocations=20 (full 3):
 PSYoungGen      total 156672K, used 12202K [0x00000000f5580000, 0x0000000100000000, 0x0000000100000000)
  eden space 139776K, 0% used [0x00000000f5580000,0x00000000f5580000,0x00000000fde00000)
  from space 16896K, 72% used [0x00000000fde00000,0x00000000fe9eabb0,0x00000000fee80000)
  to   space 17408K, 0% used [0x00000000fef00000,0x00000000fef00000,0x0000000100000000)
 ParOldGen       total 278528K, used 61087K [0x00000000e0000000, 0x00000000f1000000, 0x00000000f5580000)
  object space 278528K, 21% used [0x00000000e0000000,0x00000000e3ba7e58,0x00000000f1000000)
 Metaspace       used 58729K, capacity 66706K, committed 66944K, reserved 1105920K
  class space    used 7189K, capacity 9512K, committed 9600K, reserved 1048576K
}

Deoptimization events (10 events):
Event: 5.607 Thread 0x00000000187cc000 Uncommon trap: reason=class_check action=maybe_recompile pc=0x000000000376a3c4 method=com.google.common.collect.ImmutableSet$RegularSetBuilderImpl.add(Ljava/lang/Object;)Lcom/google/common/collect/ImmutableSet$SetBuilderImpl; @ 6
Event: 5.607 Thread 0x00000000187cc000 Uncommon trap: reason=class_check action=maybe_recompile pc=0x000000000376a3c4 method=com.google.common.collect.ImmutableSet$RegularSetBuilderImpl.add(Ljava/lang/Object;)Lcom/google/common/collect/ImmutableSet$SetBuilderImpl; @ 6
Event: 5.607 Thread 0x00000000187cc000 Uncommon trap: reason=class_check action=maybe_recompile pc=0x000000000376a3c4 method=com.google.common.collect.ImmutableSet$RegularSetBuilderImpl.add(Ljava/lang/Object;)Lcom/google/common/collect/ImmutableSet$SetBuilderImpl; @ 6
Event: 5.607 Thread 0x00000000187cc000 Uncommon trap: reason=class_check action=maybe_recompile pc=0x000000000376a3c4 method=com.google.common.collect.ImmutableSet$RegularSetBuilderImpl.add(Ljava/lang/Object;)Lcom/google/common/collect/ImmutableSet$SetBuilderImpl; @ 6
Event: 5.607 Thread 0x00000000187cc000 Uncommon trap: reason=unstable_if action=reinterpret pc=0x00000000034134cc method=org.robolectric.internal.bytecode.MethodRef.equals(Ljava/lang/Object;)Z @ 2
Event: 5.610 Thread 0x00000000180eb000 Uncommon trap: reason=unstable_if action=reinterpret pc=0x00000000033244ec method=java.util.Arrays.hashCode([Ljava/lang/Object;)I @ 34
Event: 5.613 Thread 0x00000000180eb000 Uncommon trap: reason=unstable_if action=reinterpret pc=0x00000000036ba434 method=org.robolectric.res.android.ResTable_config.isBetterThan(Lorg/robolectric/res/android/ResTable_config;Lorg/robolectric/res/android/ResTable_config;)Z @ 898
Event: 5.913 Thread 0x00000000180eb000 Uncommon trap: reason=unstable_if action=reinterpret pc=0x00000000034be710 method=java.nio.Buffer.hasRemaining()Z @ 8
Event: 6.067 Thread 0x00000000180eb000 Uncommon trap: reason=unstable_if action=reinterpret pc=0x0000000002e4fb50 method=com.google.common.base.Objects.equal(Ljava/lang/Object;Ljava/lang/Object;)Z @ 2
Event: 6.067 Thread 0x00000000180eb000 Uncommon trap: reason=unstable_if action=reinterpret pc=0x00000000039e2a1c method=com.google.common.base.Objects.equal(Ljava/lang/Object;Ljava/lang/Object;)Z @ 2

Internal exceptions (10 events):
Event: 4.023 Thread 0x00000000180eb000 Exception <a 'java/lang/NoSuchFieldError': method resolution failed> (0x00000000f6618160) thrown at [C:\re\workspace\8-2-build-windows-amd64-cygwin\jdk8u111\7883\hotspot\src\share\vm\prims\methodHandles.cpp, line 1146]
Event: 4.967 Thread 0x000000001b215000 Exception <a 'java/lang/NoSuchFieldError': method resolution failed> (0x00000000fa46abd8) thrown at [C:\re\workspace\8-2-build-windows-amd64-cygwin\jdk8u111\7883\hotspot\src\share\vm\prims\methodHandles.cpp, line 1146]
Event: 5.327 Thread 0x00000000180eb000 Implicit null exception at 0x00000000036fcb94 to 0x00000000036fd4f1
Event: 5.327 Thread 0x00000000180eb000 Implicit null exception at 0x0000000003a86173 to 0x0000000003a86839
Event: 5.428 Thread 0x00000000180eb000 Exception <a 'java/lang/NoSuchFieldError': method resolution failed> (0x00000000fd617478) thrown at [C:\re\workspace\8-2-build-windows-amd64-cygwin\jdk8u111\7883\hotspot\src\share\vm\prims\methodHandles.cpp, line 1146]
Event: 5.542 Thread 0x00000000180eb000 Implicit null exception at 0x000000000310ed97 to 0x000000000310ee6d
Event: 5.592 Thread 0x00000000180eb000 Exception <a 'java/lang/NoSuchMethodError': java.lang.Object.lambda$get$0(Ljava/lang/Object;)V> (0x00000000f785fbb8) thrown at [C:\re\workspace\8-2-build-windows-amd64-cygwin\jdk8u111\7883\hotspot\src\share\vm\interpreter\linkResolver.cpp, line 582]
Event: 5.610 Thread 0x00000000180eb000 Implicit null exception at 0x000000000332442f to 0x00000000033244cd
Event: 5.654 Thread 0x00000000180eb000 Exception <a 'sun/nio/fs/WindowsException'> (0x00000000f8398f80) thrown at [C:\re\workspace\8-2-build-windows-amd64-cygwin\jdk8u111\7883\hotspot\src\share\vm\prims\jni.cpp, line 709]
Event: 5.962 Thread 0x00000000180eb000 Exception <a 'sun/nio/fs/WindowsException'> (0x00000000f8571df8) thrown at [C:\re\workspace\8-2-build-windows-amd64-cygwin\jdk8u111\7883\hotspot\src\share\vm\prims\jni.cpp, line 709]

Events (10 events):
Event: 6.067 Thread 0x00000000180eb000 Uncommon trap: trap_request=0xffffff65 fr.pc=0x0000000002e4fb50
Event: 6.067 Thread 0x00000000180eb000 DEOPT PACKING pc=0x0000000002e4fb50 sp=0x000000001a004940
Event: 6.067 Thread 0x00000000180eb000 DEOPT UNPACKING pc=0x0000000002d5582a sp=0x000000001a0047d0 mode 2
Event: 6.067 Thread 0x00000000180eb000 Uncommon trap: trap_request=0xffffff65 fr.pc=0x00000000039e2a1c
Event: 6.067 Thread 0x00000000180eb000 DEOPT PACKING pc=0x00000000039e2a1c sp=0x000000001a004820
Event: 6.067 Thread 0x00000000180eb000 DEOPT UNPACKING pc=0x0000000002d5582a sp=0x000000001a004760 mode 2
Event: 6.120 Executing VM operation: ParallelGCFailedAllocation
Event: 6.126 Executing VM operation: ParallelGCFailedAllocation done
Event: 6.126 Executing VM operation: RevokeBias
Event: 6.127 Executing VM operation: RevokeBias done


Dynamic libraries:
0x00007ff706f50000 - 0x00007ff706f87000 	C:\Program Files\Java\jdk1.8.0_111\bin\java.exe
0x00007ff868150000 - 0x00007ff868345000 	C:\WINDOWS\SYSTEM32\ntdll.dll
0x00007ff8671e0000 - 0x00007ff86729e000 	C:\WINDOWS\System32\KERNEL32.DLL
0x00007ff865a20000 - 0x00007ff865ce9000 	C:\WINDOWS\System32\KERNELBASE.dll
0x00007ff8661a0000 - 0x00007ff86624c000 	C:\WINDOWS\System32\ADVAPI32.dll
0x00007ff866280000 - 0x00007ff86631e000 	C:\WINDOWS\System32\msvcrt.dll
0x00007ff867300000 - 0x00007ff86739b000 	C:\WINDOWS\System32\sechost.dll
0x00007ff8670b0000 - 0x00007ff8671da000 	C:\WINDOWS\System32\RPCRT4.dll
0x00007ff866320000 - 0x00007ff8664c1000 	C:\WINDOWS\System32\USER32.dll
0x00007ff865870000 - 0x00007ff865892000 	C:\WINDOWS\System32\win32u.dll
0x00007ff8664d0000 - 0x00007ff8664fb000 	C:\WINDOWS\System32\GDI32.dll
0x00007ff865f90000 - 0x00007ff86609b000 	C:\WINDOWS\System32\gdi32full.dll
0x00007ff8660a0000 - 0x00007ff86613d000 	C:\WINDOWS\System32\msvcp_win.dll
0x00007ff8658a0000 - 0x00007ff8659a0000 	C:\WINDOWS\System32\ucrtbase.dll
0x00007ff852310000 - 0x00007ff8525aa000 	C:\WINDOWS\WinSxS\amd64_microsoft.windows.common-controls_6595b64144ccf1df_6.0.19041.1110_none_60b5254171f9507e\COMCTL32.dll
0x00007ff866250000 - 0x00007ff866280000 	C:\WINDOWS\System32\IMM32.DLL
0x00000000773e0000 - 0x00000000774b2000 	C:\Program Files\Java\jdk1.8.0_111\jre\bin\msvcr100.dll
0x00000000765c0000 - 0x0000000076e5a000 	C:\Program Files\Java\jdk1.8.0_111\jre\bin\server\jvm.dll
0x00007ff866500000 - 0x00007ff866508000 	C:\WINDOWS\System32\PSAPI.DLL
0x00007ff85f3e0000 - 0x00007ff85f3e9000 	C:\WINDOWS\SYSTEM32\WSOCK32.dll
0x00007ff858b10000 - 0x00007ff858b37000 	C:\WINDOWS\SYSTEM32\WINMM.dll
0x00007ff85cc70000 - 0x00007ff85cc7a000 	C:\WINDOWS\SYSTEM32\VERSION.dll
0x00007ff866f20000 - 0x00007ff866f8b000 	C:\WINDOWS\System32\WS2_32.dll
0x0000000051450000 - 0x000000005145f000 	C:\Program Files\Java\jdk1.8.0_111\jre\bin\verify.dll
0x0000000077870000 - 0x0000000077899000 	C:\Program Files\Java\jdk1.8.0_111\jre\bin\java.dll
0x0000000077850000 - 0x0000000077866000 	C:\Program Files\Java\jdk1.8.0_111\jre\bin\zip.dll
0x00007ff8665c0000 - 0x00007ff866cff000 	C:\WINDOWS\System32\SHELL32.dll
0x00007ff863970000 - 0x00007ff864100000 	C:\WINDOWS\SYSTEM32\windows.storage.dll
0x00007ff8678a0000 - 0x00007ff867bf5000 	C:\WINDOWS\System32\combase.dll
0x00007ff8652c0000 - 0x00007ff8652ec000 	C:\WINDOWS\SYSTEM32\Wldp.dll
0x00007ff866510000 - 0x00007ff8665be000 	C:\WINDOWS\System32\SHCORE.dll
0x00007ff8672a0000 - 0x00007ff8672f5000 	C:\WINDOWS\System32\shlwapi.dll
0x00007ff8657b0000 - 0x00007ff8657cf000 	C:\WINDOWS\SYSTEM32\profapi.dll
0x0000000077830000 - 0x000000007784a000 	C:\Program Files\Java\jdk1.8.0_111\jre\bin\net.dll
0x00007ff864fb0000 - 0x00007ff86501a000 	C:\WINDOWS\system32\mswsock.dll
0x00000000773c0000 - 0x00000000773d1000 	C:\Program Files\Java\jdk1.8.0_111\jre\bin\nio.dll
0x00007ff865210000 - 0x00007ff865228000 	C:\WINDOWS\SYSTEM32\CRYPTSP.dll
0x00007ff8648d0000 - 0x00007ff864904000 	C:\WINDOWS\system32\rsaenh.dll
0x00007ff8659f0000 - 0x00007ff865a17000 	C:\WINDOWS\System32\bcrypt.dll
0x00007ff865730000 - 0x00007ff86575e000 	C:\WINDOWS\SYSTEM32\USERENV.dll
0x00007ff865f00000 - 0x00007ff865f83000 	C:\WINDOWS\System32\bcryptprimitives.dll
0x00007ff865230000 - 0x00007ff86523c000 	C:\WINDOWS\SYSTEM32\CRYPTBASE.dll
0x00007ff864ca0000 - 0x00007ff864cdb000 	C:\WINDOWS\SYSTEM32\IPHLPAPI.DLL
0x00007ff866d00000 - 0x00007ff866d08000 	C:\WINDOWS\System32\NSI.dll
0x00007ff85cc50000 - 0x00007ff85cc67000 	C:\WINDOWS\SYSTEM32\dhcpcsvc6.DLL
0x00007ff85e460000 - 0x00007ff85e47d000 	C:\WINDOWS\SYSTEM32\dhcpcsvc.DLL
0x00007ff864ce0000 - 0x00007ff864dac000 	C:\WINDOWS\SYSTEM32\DNSAPI.dll
0x0000000077390000 - 0x00000000773b4000 	C:\Program Files\Java\jdk1.8.0_111\jre\bin\sunec.dll
0x0000000077380000 - 0x000000007738b000 	C:\Program Files\Java\jdk1.8.0_111\jre\bin\sunmscapi.dll
0x00007ff865da0000 - 0x00007ff865ef6000 	C:\WINDOWS\System32\CRYPT32.dll
0x00007ff862fd0000 - 0x00007ff8631b4000 	C:\WINDOWS\SYSTEM32\dbghelp.dll

VM Arguments:
jvm_args: -Djava.awt.headless=true -Djava.security.manager=worker.org.gradle.process.internal.worker.child.BootstrapSecurityManager -Dorg.gradle.native=false -Xmx512m -Dfile.encoding=windows-1252 -Duser.country=ID -Duser.language=en -Duser.variant -ea 
java_command: worker.org.gradle.process.internal.worker.GradleWorkerMain 'Gradle Test Executor 11'
java_class_path (initial): C:\Users\Lenovo\.gradle\caches\6.1.1\workerMain\gradle-worker.jar
Launcher Type: SUN_STANDARD

Environment Variables:
USERNAME=Lenovo
OS=Windows_NT
PROCESSOR_IDENTIFIER=Intel64 Family 6 Model 165 Stepping 2, GenuineIntel



---------------  S Y S T E M  ---------------

OS: Windows 10.0 , 64 bit Build 19041 (10.0.19041.1202)

CPU:total 12 (6 cores per cpu, 2 threads per core) family 6 model 165 stepping 2, cmov, cx8, fxsr, mmx, sse, sse2, sse3, ssse3, sse4.1, sse4.2, popcnt, avx, avx2, aes, clmul, erms, 3dnowpref, lzcnt, ht, tsc, tscinvbit, bmi1, bmi2, adx

Memory: 4k page, physical 16682800k(4681276k free), swap 21347336k(3968888k free)

vm_info: Java HotSpot(TM) 64-Bit Server VM (25.111-b14) for windows-amd64 JRE (1.8.0_111-b14), built on Sep 22 2016 19:24:05 by "java_re" with MS VC++ 10.0 (VS2010)

time: Fri Oct 08 09:20:44 2021
elapsed time: 6 seconds (0d 0h 0m 6s)

