#
# A fatal error has been detected by the Java Runtime Environment:
#
#  EXCEPTION_ACCESS_VIOLATION (0xc0000005) at pc=0x0000000076603608, pid=25152, tid=0x0000000000005d58
#
# JRE version: Java(TM) SE Runtime Environment (8.0_111-b14) (build 1.8.0_111-b14)
# Java VM: Java HotSpot(TM) 64-Bit Server VM (25.111-b14 mixed mode windows-amd64 compressed oops)
# Problematic frame:
# V  [jvm.dll+0x43608]
#
# Failed to write core dump. Minidumps are not enabled by default on client versions of Windows
#
# If you would like to submit a bug report, please visit:
#   http://bugreport.java.com/bugreport/crash.jsp
#

---------------  T H R E A D  ---------------

Current thread (0x0000000016214800):  JavaThread "C1 CompilerThread3" daemon [_thread_in_vm, id=23896, stack(0x0000000017c20000,0x0000000017d20000)]

siginfo: ExceptionCode=0xc0000005, reading address 0xffffffffffffffff

Registers:
RAX=0x0000000016214800, RBX=0x0000000002f988b0, RCX=0x0000000002f988b0, RDX=0x0000000002f988b0
RSP=0x0000000017d1d2e0, RBP=0x0000000016249f00, RSI=0x0000000002f988b0, RDI=0x0000000000000000
R8 =0x49362012ffff0013, R9 =0x0000000000000000, R10=0x000000001624a130, R11=0x000000001a89eb70
R12=0x0000000016214800, R13=0x0000000016249f00, R14=0x000000001cf040c0, R15=0x0000000000000000
RIP=0x0000000076603608, EFLAGS=0x0000000000010202

Top of Stack: (sp=0x0000000017d1d2e0)
0x0000000017d1d2e0:   00000000000000b6 0000000017d1f890
0x0000000017d1d2f0:   0000000000000000 0000000000000077
0x0000000017d1d300:   000000001ee5d590 0000000017d1f890
0x0000000017d1d310:   0000000017d1d3f0 00000000765efe25
0x0000000017d1d320:   00000000000000e9 0000000076603999
0x0000000017d1d330:   0000000000000077 0000000000000077
0x0000000017d1d340:   0000000000000000 0000000000000000
0x0000000017d1d350:   00000000000000b6 000000001e172f80
0x0000000017d1d360:   000000001621d390 0000000076601c6b
0x0000000017d1d370:   0000000000000000 0000000016214800
0x0000000017d1d380:   000000001cf05230 00000000765ece0f
0x0000000017d1d390:   0000000016214800 0000000076606f80
0x0000000017d1d3a0:   0000000016214800 0000000016214800
0x0000000017d1d3b0:   000000001e172f80 00000000769e0aeb
0x0000000017d1d3c0:   0000000000000000 0000000000000000
0x0000000017d1d3d0:   000000001cf05230 0000000000000000 

Instructions: (pc=0x0000000076603608)
0x00000000766035e8:   00 48 8b da ff 15 fe 7d 59 00 44 0f b6 05 5a d9
0x00000000766035f8:   7a 00 4c 8b e0 45 84 c0 74 39 4c 8b 03 48 8b cb
0x0000000076603608:   41 ff 50 08 84 c0 74 2b 83 7b 08 00 7e 25 0f b6
0x0000000076603618:   83 0e 01 00 00 c0 e8 03 a8 01 74 17 48 8b 03 48 


Register to memory mapping:

RAX=0x0000000016214800 is a thread
RBX=0x0000000002f988b0 is an unknown value
RCX=0x0000000002f988b0 is an unknown value
RDX=0x0000000002f988b0 is an unknown value
RSP=0x0000000017d1d2e0 is pointing into the stack for thread: 0x0000000016214800
RBP=0x0000000016249f00 is an unknown value
RSI=0x0000000002f988b0 is an unknown value
RDI=0x0000000000000000 is an unknown value
R8 =0x49362012ffff0013 is an unknown value
R9 =0x0000000000000000 is an unknown value
R10=0x000000001624a130 is an unknown value
R11=0x000000001a89eb70 is an unknown value
R12=0x0000000016214800 is a thread
R13=0x0000000016249f00 is an unknown value
R14=0x000000001cf040c0 is an unknown value
R15=0x0000000000000000 is an unknown value


Stack: [0x0000000017c20000,0x0000000017d20000],  sp=0x0000000017d1d2e0,  free space=1012k
Native frames: (J=compiled Java code, j=interpreted, Vv=VM code, C=native code)
V  [jvm.dll+0x43608]
V  [jvm.dll+0x43999]
V  [jvm.dll+0x41c6b]
V  [jvm.dll+0x420aeb]
V  [jvm.dll+0x41b8da]
V  [jvm.dll+0x41e727]
V  [jvm.dll+0x41eeeb]
V  [jvm.dll+0x41fde6]
V  [jvm.dll+0x420048]
V  [jvm.dll+0x42047b]
V  [jvm.dll+0x41ffd5]
V  [jvm.dll+0x41bd3b]
V  [jvm.dll+0x41e727]
V  [jvm.dll+0x41eeeb]
V  [jvm.dll+0x41fde6]
V  [jvm.dll+0x420048]
V  [jvm.dll+0x42047b]
V  [jvm.dll+0x41ffd5]
V  [jvm.dll+0x41bd3b]
V  [jvm.dll+0x41e727]
V  [jvm.dll+0x41f01d]
V  [jvm.dll+0x41fde6]
V  [jvm.dll+0x420048]
V  [jvm.dll+0x42047b]
V  [jvm.dll+0x41ffd5]
V  [jvm.dll+0x41bd3b]
V  [jvm.dll+0x41e727]
V  [jvm.dll+0x41eeeb]
V  [jvm.dll+0x41fde6]
V  [jvm.dll+0x420048]
V  [jvm.dll+0x42047b]
V  [jvm.dll+0x41ffd5]
V  [jvm.dll+0x41bd3b]
V  [jvm.dll+0x41e727]
V  [jvm.dll+0x41f01d]
V  [jvm.dll+0x41fde6]
V  [jvm.dll+0x420048]
V  [jvm.dll+0x42047b]
V  [jvm.dll+0x41ffd5]
V  [jvm.dll+0x41bd3b]
V  [jvm.dll+0x41e727]
V  [jvm.dll+0x41eeeb]
V  [jvm.dll+0x41fde6]
V  [jvm.dll+0x420048]
V  [jvm.dll+0x41bd3b]
V  [jvm.dll+0x41e727]
V  [jvm.dll+0x41eeeb]
V  [jvm.dll+0x41fde6]
V  [jvm.dll+0x420048]
V  [jvm.dll+0x41bd3b]
V  [jvm.dll+0x41e727]
V  [jvm.dll+0x41f01d]
V  [jvm.dll+0x41f412]
V  [jvm.dll+0x4244f5]
V  [jvm.dll+0x424600]
V  [jvm.dll+0x40ddb8]
V  [jvm.dll+0x40e021]
V  [jvm.dll+0x40e1e2]
V  [jvm.dll+0x40e3b1]
V  [jvm.dll+0x40e5bf]
V  [jvm.dll+0xa5742]
V  [jvm.dll+0xa607f]
V  [jvm.dll+0x244b7f]
V  [jvm.dll+0x29c43a]
C  [msvcr100.dll+0x21d9f]
C  [msvcr100.dll+0x21e3b]
C  [KERNEL32.DLL+0x17034]
C  [ntdll.dll+0x52651]


Current CompileTask:
C1:   6928 6470       3       android.content.res.TypedArray::$$robo$$android_content_res_TypedArray$loadStringValueAt (51 bytes)


---------------  P R O C E S S  ---------------

Java Threads: ( => current thread )
  0x000000001928e000 JavaThread "SharedPreferencesImpl-load" [_thread_blocked, id=7564, stack(0x0000000021b00000,0x0000000021c00000)]
  0x000000001928c800 JavaThread "Java2D Disposer" daemon [_thread_blocked, id=896, stack(0x000000001b120000,0x000000001b220000)]
  0x00000000185d2000 JavaThread "SDK 28 Main Thread" [_thread_blocked, id=31496, stack(0x000000001a030000,0x000000001a130000)]
  0x0000000018b8d800 JavaThread "/127.0.0.1:56879 to /127.0.0.1:56878 workers Thread 3" [_thread_in_native, id=10412, stack(0x0000000019d30000,0x0000000019e30000)]
  0x0000000018b8c800 JavaThread "/127.0.0.1:56879 to /127.0.0.1:56878 workers Thread 2" [_thread_blocked, id=25128, stack(0x0000000019c30000,0x0000000019d30000)]
  0x00000000184c2000 JavaThread "Test worker" [_thread_blocked, id=29952, stack(0x00000000197f0000,0x00000000198f0000)]
  0x00000000162a2000 JavaThread "Service Thread" daemon [_thread_blocked, id=19752, stack(0x0000000017d20000,0x0000000017e20000)]
=>0x0000000016214800 JavaThread "C1 CompilerThread3" daemon [_thread_in_vm, id=23896, stack(0x0000000017c20000,0x0000000017d20000)]
  0x0000000016211000 JavaThread "C2 CompilerThread2" daemon [_thread_blocked, id=14708, stack(0x0000000017b20000,0x0000000017c20000)]
  0x000000001620c000 JavaThread "C2 CompilerThread1" daemon [_thread_blocked, id=16132, stack(0x0000000017a20000,0x0000000017b20000)]
  0x0000000016209800 JavaThread "C2 CompilerThread0" daemon [_thread_blocked, id=13768, stack(0x0000000017920000,0x0000000017a20000)]
  0x0000000016207000 JavaThread "Attach Listener" daemon [_thread_blocked, id=25848, stack(0x0000000017820000,0x0000000017920000)]
  0x0000000016206800 JavaThread "Signal Dispatcher" daemon [_thread_blocked, id=28236, stack(0x0000000017720000,0x0000000017820000)]
  0x0000000016183800 JavaThread "Finalizer" daemon [_thread_blocked, id=32892, stack(0x00000000173e0000,0x00000000174e0000)]
  0x000000000303a000 JavaThread "Reference Handler" daemon [_thread_blocked, id=29212, stack(0x00000000172e0000,0x00000000173e0000)]
  0x0000000002f3e000 JavaThread "main" [_thread_blocked, id=11900, stack(0x0000000002db0000,0x0000000002eb0000)]

Other Threads:
  0x0000000014aa6800 VMThread [stack: 0x00000000171e0000,0x00000000172e0000] [id=30516]
  0x0000000016364000 WatcherThread [stack: 0x0000000017e20000,0x0000000017f20000] [id=26828]

VM state:synchronizing (normal execution)

VM Mutex/Monitor currently owned by a thread:  ([mutex/lock_event])
[0x0000000002f3d4e0] Threads_lock - owner thread: 0x0000000014aa6800

Heap:
 PSYoungGen      total 156672K, used 103222K [0x00000000f5580000, 0x0000000100000000, 0x0000000100000000)
  eden space 139776K, 63% used [0x00000000f5580000,0x00000000fac322b8,0x00000000fde00000)
  from space 16896K, 85% used [0x00000000fde00000,0x00000000fec1b828,0x00000000fee80000)
  to   space 17920K, 0% used [0x00000000fee80000,0x00000000fee80000,0x0000000100000000)
 ParOldGen       total 268800K, used 61039K [0x00000000e0000000, 0x00000000f0680000, 0x00000000f5580000)
  object space 268800K, 22% used [0x00000000e0000000,0x00000000e3b9bde0,0x00000000f0680000)
 Metaspace       used 61123K, capacity 69956K, committed 70104K, reserved 1110016K
  class space    used 7675K, capacity 10221K, committed 10240K, reserved 1048576K

Card table byte_map: [0x0000000012400000,0x0000000012510000] byte_map_base: 0x0000000011d00000

Marking Bits: (ParMarkBitMap*) 0x0000000076dda6c0
 Begin Bits: [0x0000000012fc0000, 0x00000000137c0000)
 End Bits:   [0x00000000137c0000, 0x0000000013fc0000)

Polling page: 0x0000000000bf0000

CodeCache: size=245760Kb used=16670Kb max_used=16681Kb free=229089Kb
 bounds [0x0000000003040000, 0x00000000040a0000, 0x0000000012040000]
 total_blobs=6804 nmethods=5243 adapters=1473
 compilation: enabled

Compilation events (10 events):
Event: 6.862 Thread 0x0000000016214800 nmethod 6466 0x0000000004086310 code [0x00000000040864a0, 0x0000000004086a68]
Event: 6.863 Thread 0x0000000016214800 6467       3       java.lang.invoke.LambdaForm$MH/1233192180::linkToCallSite (17 bytes)
Event: 6.863 Thread 0x0000000016214800 nmethod 6467 0x0000000004085a90 code [0x0000000004085c20, 0x0000000004086188]
Event: 6.863 Thread 0x0000000016214800 6468       3       java.lang.invoke.LambdaForm$MH/859852625::guard (100 bytes)
Event: 6.863 Thread 0x0000000016214800 nmethod 6468 0x0000000004084390 code [0x00000000040845a0, 0x0000000004085288]
Event: 6.865 Thread 0x0000000016214800 6469       3       android.content.res.TypedArray::loadStringValueAt (8 bytes)
Event: 6.867 Thread 0x0000000016214800 nmethod 6469 0x0000000004097710 code [0x0000000004097a40, 0x0000000004099568]
Event: 6.867 Thread 0x0000000016214800 6471       3       java.lang.invoke.LambdaForm$MH/1134568576::exactInvoker (51 bytes)
Event: 6.868 Thread 0x0000000016214800 nmethod 6471 0x0000000004083010 code [0x0000000004083200, 0x0000000004083ee8]
Event: 6.868 Thread 0x0000000016214800 6470       3       android.content.res.TypedArray::$$robo$$android_content_res_TypedArray$loadStringValueAt (51 bytes)

GC Heap History (10 events):
Event: 4.988 GC heap before
{Heap before GC invocations=16 (full 3):
 PSYoungGen      total 153600K, used 139776K [0x00000000f5580000, 0x0000000100000000, 0x0000000100000000)
  eden space 139776K, 100% used [0x00000000f5580000,0x00000000fde00000,0x00000000fde00000)
  from space 13824K, 0% used [0x00000000ff280000,0x00000000ff280000,0x0000000100000000)
  to   space 17408K, 0% used [0x00000000fde00000,0x00000000fde00000,0x00000000fef00000)
 ParOldGen       total 268800K, used 60999K [0x00000000e0000000, 0x00000000f0680000, 0x00000000f5580000)
  object space 268800K, 22% used [0x00000000e0000000,0x00000000e3b91de0,0x00000000f0680000)
 Metaspace       used 49727K, capacity 55638K, committed 55768K, reserved 1097728K
  class space    used 6060K, capacity 7846K, committed 7936K, reserved 1048576K
Event: 4.991 GC heap after
Heap after GC invocations=16 (full 3):
 PSYoungGen      total 157184K, used 4599K [0x00000000f5580000, 0x0000000100000000, 0x0000000100000000)
  eden space 139776K, 0% used [0x00000000f5580000,0x00000000f5580000,0x00000000fde00000)
  from space 17408K, 26% used [0x00000000fde00000,0x00000000fe27dfa0,0x00000000fef00000)
  to   space 17408K, 0% used [0x00000000fef00000,0x00000000fef00000,0x0000000100000000)
 ParOldGen       total 268800K, used 61007K [0x00000000e0000000, 0x00000000f0680000, 0x00000000f5580000)
  object space 268800K, 22% used [0x00000000e0000000,0x00000000e3b93de0,0x00000000f0680000)
 Metaspace       used 49727K, capacity 55638K, committed 55768K, reserved 1097728K
  class space    used 6060K, capacity 7846K, committed 7936K, reserved 1048576K
}
Event: 5.368 GC heap before
{Heap before GC invocations=17 (full 3):
 PSYoungGen      total 157184K, used 144375K [0x00000000f5580000, 0x0000000100000000, 0x0000000100000000)
  eden space 139776K, 100% used [0x00000000f5580000,0x00000000fde00000,0x00000000fde00000)
  from space 17408K, 26% used [0x00000000fde00000,0x00000000fe27dfa0,0x00000000fef00000)
  to   space 17408K, 0% used [0x00000000fef00000,0x00000000fef00000,0x0000000100000000)
 ParOldGen       total 268800K, used 61007K [0x00000000e0000000, 0x00000000f0680000, 0x00000000f5580000)
  object space 268800K, 22% used [0x00000000e0000000,0x00000000e3b93de0,0x00000000f0680000)
 Metaspace       used 53500K, capacity 59416K, committed 59608K, reserved 1101824K
  class space    used 6344K, capacity 8139K, committed 8192K, reserved 1048576K
Event: 5.372 GC heap after
Heap after GC invocations=17 (full 3):
 PSYoungGen      total 157184K, used 6230K [0x00000000f5580000, 0x0000000100000000, 0x0000000100000000)
  eden space 139776K, 0% used [0x00000000f5580000,0x00000000f5580000,0x00000000fde00000)
  from space 17408K, 35% used [0x00000000fef00000,0x00000000ff515b78,0x0000000100000000)
  to   space 17408K, 0% used [0x00000000fde00000,0x00000000fde00000,0x00000000fef00000)
 ParOldGen       total 268800K, used 61015K [0x00000000e0000000, 0x00000000f0680000, 0x00000000f5580000)
  object space 268800K, 22% used [0x00000000e0000000,0x00000000e3b95de0,0x00000000f0680000)
 Metaspace       used 53500K, capacity 59416K, committed 59608K, reserved 1101824K
  class space    used 6344K, capacity 8139K, committed 8192K, reserved 1048576K
}
Event: 5.744 GC heap before
{Heap before GC invocations=18 (full 3):
 PSYoungGen      total 157184K, used 146006K [0x00000000f5580000, 0x0000000100000000, 0x0000000100000000)
  eden space 139776K, 100% used [0x00000000f5580000,0x00000000fde00000,0x00000000fde00000)
  from space 17408K, 35% used [0x00000000fef00000,0x00000000ff515b78,0x0000000100000000)
  to   space 17408K, 0% used [0x00000000fde00000,0x00000000fde00000,0x00000000fef00000)
 ParOldGen       total 268800K, used 61015K [0x00000000e0000000, 0x00000000f0680000, 0x00000000f5580000)
  object space 268800K, 22% used [0x00000000e0000000,0x00000000e3b95de0,0x00000000f0680000)
 Metaspace       used 55233K, capacity 61720K, committed 61912K, reserved 1101824K
  class space    used 6664K, capacity 8615K, committed 8704K, reserved 1048576K
Event: 5.749 GC heap after
Heap after GC invocations=18 (full 3):
 PSYoungGen      total 147456K, used 7660K [0x00000000f5580000, 0x00000000fff00000, 0x0000000100000000)
  eden space 139776K, 0% used [0x00000000f5580000,0x00000000f5580000,0x00000000fde00000)
  from space 7680K, 99% used [0x00000000fde00000,0x00000000fe57b338,0x00000000fe580000)
  to   space 16896K, 0% used [0x00000000fee80000,0x00000000fee80000,0x00000000fff00000)
 ParOldGen       total 268800K, used 61023K [0x00000000e0000000, 0x00000000f0680000, 0x00000000f5580000)
  object space 268800K, 22% used [0x00000000e0000000,0x00000000e3b97de0,0x00000000f0680000)
 Metaspace       used 55233K, capacity 61720K, committed 61912K, reserved 1101824K
  class space    used 6664K, capacity 8615K, committed 8704K, reserved 1048576K
}
Event: 6.260 GC heap before
{Heap before GC invocations=19 (full 3):
 PSYoungGen      total 147456K, used 147436K [0x00000000f5580000, 0x00000000fff00000, 0x0000000100000000)
  eden space 139776K, 100% used [0x00000000f5580000,0x00000000fde00000,0x00000000fde00000)
  from space 7680K, 99% used [0x00000000fde00000,0x00000000fe57b338,0x00000000fe580000)
  to   space 16896K, 0% used [0x00000000fee80000,0x00000000fee80000,0x00000000fff00000)
 ParOldGen       total 268800K, used 61023K [0x00000000e0000000, 0x00000000f0680000, 0x00000000f5580000)
  object space 268800K, 22% used [0x00000000e0000000,0x00000000e3b97de0,0x00000000f0680000)
 Metaspace       used 59401K, capacity 67778K, committed 68056K, reserved 1107968K
  class space    used 7437K, capacity 9890K, committed 9984K, reserved 1048576K
Event: 6.268 GC heap after
Heap after GC invocations=19 (full 3):
 PSYoungGen      total 156672K, used 11273K [0x00000000f5580000, 0x0000000100000000, 0x0000000100000000)
  eden space 139776K, 0% used [0x00000000f5580000,0x00000000f5580000,0x00000000fde00000)
  from space 16896K, 66% used [0x00000000fee80000,0x00000000ff982730,0x00000000fff00000)
  to   space 16896K, 0% used [0x00000000fde00000,0x00000000fde00000,0x00000000fee80000)
 ParOldGen       total 268800K, used 61031K [0x00000000e0000000, 0x00000000f0680000, 0x00000000f5580000)
  object space 268800K, 22% used [0x00000000e0000000,0x00000000e3b99de0,0x00000000f0680000)
 Metaspace       used 59401K, capacity 67778K, committed 68056K, reserved 1107968K
  class space    used 7437K, capacity 9890K, committed 9984K, reserved 1048576K
}
Event: 6.704 GC heap before
{Heap before GC invocations=20 (full 3):
 PSYoungGen      total 156672K, used 151049K [0x00000000f5580000, 0x0000000100000000, 0x0000000100000000)
  eden space 139776K, 100% used [0x00000000f5580000,0x00000000fde00000,0x00000000fde00000)
  from space 16896K, 66% used [0x00000000fee80000,0x00000000ff982730,0x00000000fff00000)
  to   space 16896K, 0% used [0x00000000fde00000,0x00000000fde00000,0x00000000fee80000)
 ParOldGen       total 268800K, used 61031K [0x00000000e0000000, 0x00000000f0680000, 0x00000000f5580000)
  object space 268800K, 22% used [0x00000000e0000000,0x00000000e3b99de0,0x00000000f0680000)
 Metaspace       used 61076K, capacity 69860K, committed 70104K, reserved 1110016K
  class space    used 7672K, capacity 10215K, committed 10240K, reserved 1048576K
Event: 6.711 GC heap after
Heap after GC invocations=20 (full 3):
 PSYoungGen      total 156672K, used 14446K [0x00000000f5580000, 0x0000000100000000, 0x0000000100000000)
  eden space 139776K, 0% used [0x00000000f5580000,0x00000000f5580000,0x00000000fde00000)
  from space 16896K, 85% used [0x00000000fde00000,0x00000000fec1b828,0x00000000fee80000)
  to   space 17920K, 0% used [0x00000000fee80000,0x00000000fee80000,0x0000000100000000)
 ParOldGen       total 268800K, used 61039K [0x00000000e0000000, 0x00000000f0680000, 0x00000000f5580000)
  object space 268800K, 22% used [0x00000000e0000000,0x00000000e3b9bde0,0x00000000f0680000)
 Metaspace       used 61076K, capacity 69860K, committed 70104K, reserved 1110016K
  class space    used 7672K, capacity 10215K, committed 10240K, reserved 1048576K
}

Deoptimization events (10 events):
Event: 6.520 Thread 0x00000000184c2000 Uncommon trap: reason=unstable_if action=reinterpret pc=0x00000000037a0888 method=org.robolectric.internal.bytecode.MethodRef.equals(Ljava/lang/Object;)Z @ 2
Event: 6.523 Thread 0x00000000185d2000 Uncommon trap: reason=unstable_if action=reinterpret pc=0x000000000383a2ec method=java.util.Arrays.hashCode([Ljava/lang/Object;)I @ 34
Event: 6.524 Thread 0x00000000185d2000 Uncommon trap: reason=speculate_class_check action=maybe_recompile pc=0x0000000003f0f7d0 method=java.nio.charset.CharsetDecoder.reset()Ljava/nio/charset/CharsetDecoder; @ 1
Event: 6.524 Thread 0x00000000185d2000 Uncommon trap: reason=speculate_class_check action=maybe_recompile pc=0x0000000003f0f7d0 method=java.nio.charset.CharsetDecoder.reset()Ljava/nio/charset/CharsetDecoder; @ 1
Event: 6.524 Thread 0x00000000185d2000 Uncommon trap: reason=speculate_class_check action=maybe_recompile pc=0x0000000003f0f7d0 method=java.nio.charset.CharsetDecoder.reset()Ljava/nio/charset/CharsetDecoder; @ 1
Event: 6.524 Thread 0x00000000185d2000 Uncommon trap: reason=speculate_class_check action=maybe_recompile pc=0x0000000003f0f7d0 method=java.nio.charset.CharsetDecoder.reset()Ljava/nio/charset/CharsetDecoder; @ 1
Event: 6.526 Thread 0x00000000185d2000 Uncommon trap: reason=unstable_if action=reinterpret pc=0x00000000033d9220 method=java.util.Arrays.equals([B[B)Z @ 41
Event: 6.530 Thread 0x00000000185d2000 Uncommon trap: reason=unstable_if action=reinterpret pc=0x0000000003c5d274 method=org.robolectric.res.android.ResTable_config.isBetterThan(Lorg/robolectric/res/android/ResTable_config;Lorg/robolectric/res/android/ResTable_config;)Z @ 898
Event: 6.570 Thread 0x00000000185d2000 Uncommon trap: reason=unstable_if action=reinterpret pc=0x00000000031adf44 method=org.robolectric.res.android.ResTable_config.match(Lorg/robolectric/res/android/ResTable_config;)Z @ 531
Event: 6.851 Thread 0x00000000185d2000 Uncommon trap: reason=unstable_if action=reinterpret pc=0x000000000403d6b8 method=java.lang.StringCoding.decode(Ljava/nio/charset/Charset;[BII)[C @ 24

Internal exceptions (10 events):
Event: 5.661 Thread 0x00000000185d2000 Implicit null exception at 0x00000000033959d8 to 0x0000000003395a66
Event: 5.913 Thread 0x0000000019289800 Exception <a 'java/lang/NoSuchFieldError': method resolution failed> (0x00000000f8efcd20) thrown at [C:\re\workspace\8-2-build-windows-amd64-cygwin\jdk8u111\7883\hotspot\src\share\vm\prims\methodHandles.cpp, line 1146]
Event: 6.017 Thread 0x00000000185d2000 Implicit null exception at 0x0000000003a1e457 to 0x0000000003a1fd0f
Event: 6.017 Thread 0x00000000185d2000 Implicit null exception at 0x0000000003886a74 to 0x00000000038871a9
Event: 6.101 Thread 0x00000000185d2000 Exception <a 'java/lang/NoSuchFieldError': method resolution failed> (0x00000000fc0e2b28) thrown at [C:\re\workspace\8-2-build-windows-amd64-cygwin\jdk8u111\7883\hotspot\src\share\vm\prims\methodHandles.cpp, line 1146]
Event: 6.162 Thread 0x00000000185d2000 Exception <a 'java/lang/NoSuchFieldError': method resolution failed> (0x00000000fccb6fc8) thrown at [C:\re\workspace\8-2-build-windows-amd64-cygwin\jdk8u111\7883\hotspot\src\share\vm\prims\methodHandles.cpp, line 1146]
Event: 6.397 Thread 0x00000000185d2000 Implicit null exception at 0x0000000003d071d7 to 0x0000000003d072a5
Event: 6.488 Thread 0x00000000185d2000 Exception <a 'java/lang/NoSuchMethodError': java.lang.Object.lambda$get$0(Ljava/lang/Object;)V> (0x00000000f89c0ee8) thrown at [C:\re\workspace\8-2-build-windows-amd64-cygwin\jdk8u111\7883\hotspot\src\share\vm\interpreter\linkResolver.cpp, line 582]
Event: 6.523 Thread 0x00000000185d2000 Implicit null exception at 0x000000000383a22f to 0x000000000383a2cd
Event: 6.573 Thread 0x00000000185d2000 Exception <a 'sun/nio/fs/WindowsException'> (0x00000000f951d7c0) thrown at [C:\re\workspace\8-2-build-windows-amd64-cygwin\jdk8u111\7883\hotspot\src\share\vm\prims\jni.cpp, line 709]

Events (10 events):
Event: 6.767 Thread 0x0000000016214800 flushing nmethod 0x0000000003d0a190
Event: 6.768 Thread 0x0000000016214800 flushing nmethod 0x0000000003d60e50
Event: 6.776 Thread 0x000000001620c000 flushing nmethod 0x0000000003dbdad0
Event: 6.776 Thread 0x000000001620c000 flushing nmethod 0x0000000003e09210
Event: 6.776 Thread 0x000000001620c000 flushing nmethod 0x0000000003e50dd0
Event: 6.851 Thread 0x00000000185d2000 Uncommon trap: trap_request=0xffffff65 fr.pc=0x000000000403d6b8
Event: 6.851 Thread 0x00000000185d2000 DEOPT PACKING pc=0x000000000403d6b8 sp=0x000000001a128880
Event: 6.851 Thread 0x00000000185d2000 DEOPT UNPACKING pc=0x000000000308582a sp=0x000000001a1286d0 mode 2
Event: 6.852 Thread 0x00000000185d2000 DEOPT PACKING pc=0x000000000347e58d sp=0x000000001a1272d0
Event: 6.852 Thread 0x00000000185d2000 DEOPT UNPACKING pc=0x000000000308787f sp=0x000000001a127030 mode 0


Dynamic libraries:
0x00007ff706f50000 - 0x00007ff706f87000 	C:\Program Files\Java\jdk1.8.0_111\bin\java.exe
0x00007ff868150000 - 0x00007ff868345000 	C:\WINDOWS\SYSTEM32\ntdll.dll
0x00007ff8671e0000 - 0x00007ff86729e000 	C:\WINDOWS\System32\KERNEL32.DLL
0x00007ff865a20000 - 0x00007ff865ce9000 	C:\WINDOWS\System32\KERNELBASE.dll
0x00007ff8661a0000 - 0x00007ff86624c000 	C:\WINDOWS\System32\ADVAPI32.dll
0x00007ff866280000 - 0x00007ff86631e000 	C:\WINDOWS\System32\msvcrt.dll
0x00007ff867300000 - 0x00007ff86739b000 	C:\WINDOWS\System32\sechost.dll
0x00007ff8670b0000 - 0x00007ff8671da000 	C:\WINDOWS\System32\RPCRT4.dll
0x00007ff866320000 - 0x00007ff8664c1000 	C:\WINDOWS\System32\USER32.dll
0x00007ff865870000 - 0x00007ff865892000 	C:\WINDOWS\System32\win32u.dll
0x00007ff8664d0000 - 0x00007ff8664fb000 	C:\WINDOWS\System32\GDI32.dll
0x00007ff865f90000 - 0x00007ff86609b000 	C:\WINDOWS\System32\gdi32full.dll
0x00007ff8660a0000 - 0x00007ff86613d000 	C:\WINDOWS\System32\msvcp_win.dll
0x00007ff8658a0000 - 0x00007ff8659a0000 	C:\WINDOWS\System32\ucrtbase.dll
0x00007ff852310000 - 0x00007ff8525aa000 	C:\WINDOWS\WinSxS\amd64_microsoft.windows.common-controls_6595b64144ccf1df_6.0.19041.1110_none_60b5254171f9507e\COMCTL32.dll
0x00007ff866250000 - 0x00007ff866280000 	C:\WINDOWS\System32\IMM32.DLL
0x00000000773e0000 - 0x00000000774b2000 	C:\Program Files\Java\jdk1.8.0_111\jre\bin\msvcr100.dll
0x00000000765c0000 - 0x0000000076e5a000 	C:\Program Files\Java\jdk1.8.0_111\jre\bin\server\jvm.dll
0x00007ff866500000 - 0x00007ff866508000 	C:\WINDOWS\System32\PSAPI.DLL
0x00007ff85cc70000 - 0x00007ff85cc7a000 	C:\WINDOWS\SYSTEM32\VERSION.dll
0x00007ff85f3e0000 - 0x00007ff85f3e9000 	C:\WINDOWS\SYSTEM32\WSOCK32.dll
0x00007ff858b10000 - 0x00007ff858b37000 	C:\WINDOWS\SYSTEM32\WINMM.dll
0x00007ff866f20000 - 0x00007ff866f8b000 	C:\WINDOWS\System32\WS2_32.dll
0x0000000051450000 - 0x000000005145f000 	C:\Program Files\Java\jdk1.8.0_111\jre\bin\verify.dll
0x0000000077870000 - 0x0000000077899000 	C:\Program Files\Java\jdk1.8.0_111\jre\bin\java.dll
0x0000000077850000 - 0x0000000077866000 	C:\Program Files\Java\jdk1.8.0_111\jre\bin\zip.dll
0x00007ff8665c0000 - 0x00007ff866cff000 	C:\WINDOWS\System32\SHELL32.dll
0x00007ff863970000 - 0x00007ff864100000 	C:\WINDOWS\SYSTEM32\windows.storage.dll
0x00007ff8678a0000 - 0x00007ff867bf5000 	C:\WINDOWS\System32\combase.dll
0x00007ff8652c0000 - 0x00007ff8652ec000 	C:\WINDOWS\SYSTEM32\Wldp.dll
0x00007ff866510000 - 0x00007ff8665be000 	C:\WINDOWS\System32\SHCORE.dll
0x00007ff8672a0000 - 0x00007ff8672f5000 	C:\WINDOWS\System32\shlwapi.dll
0x00007ff8657b0000 - 0x00007ff8657cf000 	C:\WINDOWS\SYSTEM32\profapi.dll
0x0000000077830000 - 0x000000007784a000 	C:\Program Files\Java\jdk1.8.0_111\jre\bin\net.dll
0x00007ff864fb0000 - 0x00007ff86501a000 	C:\WINDOWS\system32\mswsock.dll
0x00000000773c0000 - 0x00000000773d1000 	C:\Program Files\Java\jdk1.8.0_111\jre\bin\nio.dll
0x00007ff865210000 - 0x00007ff865228000 	C:\WINDOWS\SYSTEM32\CRYPTSP.dll
0x00007ff8648d0000 - 0x00007ff864904000 	C:\WINDOWS\system32\rsaenh.dll
0x00007ff8659f0000 - 0x00007ff865a17000 	C:\WINDOWS\System32\bcrypt.dll
0x00007ff865730000 - 0x00007ff86575e000 	C:\WINDOWS\SYSTEM32\USERENV.dll
0x00007ff865f00000 - 0x00007ff865f83000 	C:\WINDOWS\System32\bcryptprimitives.dll
0x00007ff865230000 - 0x00007ff86523c000 	C:\WINDOWS\SYSTEM32\CRYPTBASE.dll
0x00007ff864ca0000 - 0x00007ff864cdb000 	C:\WINDOWS\SYSTEM32\IPHLPAPI.DLL
0x00007ff866d00000 - 0x00007ff866d08000 	C:\WINDOWS\System32\NSI.dll
0x00007ff85cc50000 - 0x00007ff85cc67000 	C:\WINDOWS\SYSTEM32\dhcpcsvc6.DLL
0x00007ff85e460000 - 0x00007ff85e47d000 	C:\WINDOWS\SYSTEM32\dhcpcsvc.DLL
0x00007ff864ce0000 - 0x00007ff864dac000 	C:\WINDOWS\SYSTEM32\DNSAPI.dll
0x0000000077390000 - 0x00000000773b4000 	C:\Program Files\Java\jdk1.8.0_111\jre\bin\sunec.dll
0x0000000077380000 - 0x000000007738b000 	C:\Program Files\Java\jdk1.8.0_111\jre\bin\sunmscapi.dll
0x00007ff865da0000 - 0x00007ff865ef6000 	C:\WINDOWS\System32\CRYPT32.dll
0x00000000771e0000 - 0x0000000077378000 	C:\Program Files\Java\jdk1.8.0_111\jre\bin\awt.dll
0x00007ff867eb0000 - 0x00007ff867f7d000 	C:\WINDOWS\System32\OLEAUT32.dll
0x00007ff862e60000 - 0x00007ff862ef0000 	C:\WINDOWS\SYSTEM32\apphelp.dll
0x00007ff862fd0000 - 0x00007ff8631b4000 	C:\WINDOWS\SYSTEM32\dbghelp.dll

VM Arguments:
jvm_args: -Djava.awt.headless=true -Djava.security.manager=worker.org.gradle.process.internal.worker.child.BootstrapSecurityManager -Dorg.gradle.native=false -Xmx512m -Dfile.encoding=windows-1252 -Duser.country=ID -Duser.language=en -Duser.variant -ea 
java_command: worker.org.gradle.process.internal.worker.GradleWorkerMain 'Gradle Test Executor 7'
java_class_path (initial): C:\Users\Lenovo\.gradle\caches\6.1.1\workerMain\gradle-worker.jar
Launcher Type: SUN_STANDARD

Environment Variables:
USERNAME=Lenovo
OS=Windows_NT
PROCESSOR_IDENTIFIER=Intel64 Family 6 Model 165 Stepping 2, GenuineIntel



---------------  S Y S T E M  ---------------

OS: Windows 10.0 , 64 bit Build 19041 (10.0.19041.1202)

CPU:total 12 (6 cores per cpu, 2 threads per core) family 6 model 165 stepping 2, cmov, cx8, fxsr, mmx, sse, sse2, sse3, ssse3, sse4.1, sse4.2, popcnt, avx, avx2, aes, clmul, erms, 3dnowpref, lzcnt, ht, tsc, tscinvbit, bmi1, bmi2, adx

Memory: 4k page, physical 16682800k(4742964k free), swap 21347336k(3995464k free)

vm_info: Java HotSpot(TM) 64-Bit Server VM (25.111-b14) for windows-amd64 JRE (1.8.0_111-b14), built on Sep 22 2016 19:24:05 by "java_re" with MS VC++ 10.0 (VS2010)

time: Fri Oct 08 09:19:26 2021
elapsed time: 6 seconds (0d 0h 0m 6s)

