#
# A fatal error has been detected by the Java Runtime Environment:
#
#  EXCEPTION_ACCESS_VIOLATION (0xc0000005) at pc=0x0000000076603608, pid=29040, tid=0x0000000000004310
#
# JRE version: Java(TM) SE Runtime Environment (8.0_111-b14) (build 1.8.0_111-b14)
# Java VM: Java HotSpot(TM) 64-Bit Server VM (25.111-b14 mixed mode windows-amd64 compressed oops)
# Problematic frame:
# V  [jvm.dll+0x43608]
#
# Failed to write core dump. Minidumps are not enabled by default on client versions of Windows
#
# If you would like to submit a bug report, please visit:
#   http://bugreport.java.com/bugreport/crash.jsp
#

---------------  T H R E A D  ---------------

Current thread (0x0000000015a34800):  JavaThread "C1 CompilerThread3" daemon [_thread_in_vm, id=17168, stack(0x0000000017440000,0x0000000017540000)]

siginfo: ExceptionCode=0xc0000005, reading address 0xffffffffffffffff

Registers:
RAX=0x0000000015a34800, RBX=0x0000000002868ae0, RCX=0x0000000002868ae0, RDX=0x0000000002868ae0
RSP=0x000000001753cf20, RBP=0x0000000015a771d0, RSI=0x0000000002868ae0, RDI=0x0000000000000000
R8 =0x49362012ffff0013, R9 =0x0000000000000000, R10=0x0000000015a77400, R11=0x000000001a884a50
R12=0x0000000015a34800, R13=0x0000000015a771d0, R14=0x000000001b0270d0, R15=0x0000000000000000
RIP=0x0000000076603608, EFLAGS=0x0000000000010202

Top of Stack: (sp=0x000000001753cf20)
0x000000001753cf20:   00000000000000b6 000000001753f4d0
0x000000001753cf30:   0000000000000000 0000000000000077
0x000000001753cf40:   000000001d735e98 000000001753f4d0
0x000000001753cf50:   000000001753d030 00000000765efe25
0x000000001753cf60:   00000000000000e9 0000000076603999
0x000000001753cf70:   0000000000000077 0000000000000077
0x000000001753cf80:   0000000000000000 0000000000000000
0x000000001753cf90:   00000000000000b6 000000001c518e60
0x000000001753cfa0:   000000000281a5c0 0000000076601c6b
0x000000001753cfb0:   0000000000000000 0000000015a34800
0x000000001753cfc0:   000000001b028240 00000000765ece0f
0x000000001753cfd0:   0000000015a34800 0000000076606f80
0x000000001753cfe0:   0000000015a34800 0000000015a34800
0x000000001753cff0:   000000001c518e60 00000000769e0aeb
0x000000001753d000:   0000000000000000 0000000000000000
0x000000001753d010:   000000001b028240 0000000000000000 

Instructions: (pc=0x0000000076603608)
0x00000000766035e8:   00 48 8b da ff 15 fe 7d 59 00 44 0f b6 05 5a d9
0x00000000766035f8:   7a 00 4c 8b e0 45 84 c0 74 39 4c 8b 03 48 8b cb
0x0000000076603608:   41 ff 50 08 84 c0 74 2b 83 7b 08 00 7e 25 0f b6
0x0000000076603618:   83 0e 01 00 00 c0 e8 03 a8 01 74 17 48 8b 03 48 


Register to memory mapping:

RAX=0x0000000015a34800 is a thread
RBX=0x0000000002868ae0 is an unknown value
RCX=0x0000000002868ae0 is an unknown value
RDX=0x0000000002868ae0 is an unknown value
RSP=0x000000001753cf20 is pointing into the stack for thread: 0x0000000015a34800
RBP=0x0000000015a771d0 is an unknown value
RSI=0x0000000002868ae0 is an unknown value
RDI=0x0000000000000000 is an unknown value
R8 =0x49362012ffff0013 is an unknown value
R9 =0x0000000000000000 is an unknown value
R10=0x0000000015a77400 is an unknown value
R11=0x000000001a884a50 is an unknown value
R12=0x0000000015a34800 is a thread
R13=0x0000000015a771d0 is an unknown value
R14=0x000000001b0270d0 is an unknown value
R15=0x0000000000000000 is an unknown value


Stack: [0x0000000017440000,0x0000000017540000],  sp=0x000000001753cf20,  free space=1011k
Native frames: (J=compiled Java code, j=interpreted, Vv=VM code, C=native code)
V  [jvm.dll+0x43608]
V  [jvm.dll+0x43999]
V  [jvm.dll+0x41c6b]
V  [jvm.dll+0x420aeb]
V  [jvm.dll+0x41b8da]
V  [jvm.dll+0x41e727]
V  [jvm.dll+0x41eeeb]
V  [jvm.dll+0x41fde6]
V  [jvm.dll+0x420048]
V  [jvm.dll+0x42047b]
V  [jvm.dll+0x41ffd5]
V  [jvm.dll+0x41bd3b]
V  [jvm.dll+0x41e727]
V  [jvm.dll+0x41eeeb]
V  [jvm.dll+0x41fde6]
V  [jvm.dll+0x420048]
V  [jvm.dll+0x42047b]
V  [jvm.dll+0x41ffd5]
V  [jvm.dll+0x41bd3b]
V  [jvm.dll+0x41e727]
V  [jvm.dll+0x41f01d]
V  [jvm.dll+0x41fde6]
V  [jvm.dll+0x420048]
V  [jvm.dll+0x42047b]
V  [jvm.dll+0x41ffd5]
V  [jvm.dll+0x41bd3b]
V  [jvm.dll+0x41e727]
V  [jvm.dll+0x41eeeb]
V  [jvm.dll+0x41fde6]
V  [jvm.dll+0x420048]
V  [jvm.dll+0x42047b]
V  [jvm.dll+0x41ffd5]
V  [jvm.dll+0x41bd3b]
V  [jvm.dll+0x41e727]
V  [jvm.dll+0x41f01d]
V  [jvm.dll+0x41fde6]
V  [jvm.dll+0x420048]
V  [jvm.dll+0x42047b]
V  [jvm.dll+0x41ffd5]
V  [jvm.dll+0x41bd3b]
V  [jvm.dll+0x41e727]
V  [jvm.dll+0x41eeeb]
V  [jvm.dll+0x41fde6]
V  [jvm.dll+0x420048]
V  [jvm.dll+0x41bd3b]
V  [jvm.dll+0x41e727]
V  [jvm.dll+0x41eeeb]
V  [jvm.dll+0x41fde6]
V  [jvm.dll+0x420048]
V  [jvm.dll+0x41bd3b]
V  [jvm.dll+0x41e727]
V  [jvm.dll+0x41f01d]
V  [jvm.dll+0x41f412]
V  [jvm.dll+0x4244f5]
V  [jvm.dll+0x424600]
V  [jvm.dll+0x40ddb8]
V  [jvm.dll+0x40e021]
V  [jvm.dll+0x40e1e2]
V  [jvm.dll+0x40e3b1]
V  [jvm.dll+0x40e5bf]
V  [jvm.dll+0xa5742]
V  [jvm.dll+0xa607f]
V  [jvm.dll+0x244b7f]
V  [jvm.dll+0x29c43a]
C  [msvcr100.dll+0x21d9f]
C  [msvcr100.dll+0x21e3b]
C  [KERNEL32.DLL+0x17034]
C  [ntdll.dll+0x52651]


Current CompileTask:
C1:   6934 6235       3       android.content.res.TypedArray::$$robo$$android_content_res_TypedArray$loadStringValueAt (51 bytes)


---------------  P R O C E S S  ---------------

Java Threads: ( => current thread )
  0x00000000188d6000 JavaThread "SDK 28 Main Thread" [_thread_in_native, id=30688, stack(0x0000000019850000,0x0000000019950000)]
  0x0000000017eca000 JavaThread "/127.0.0.1:56919 to /127.0.0.1:56918 workers Thread 3" [_thread_in_native, id=11624, stack(0x0000000019550000,0x0000000019650000)]
  0x0000000017f02800 JavaThread "/127.0.0.1:56919 to /127.0.0.1:56918 workers Thread 2" [_thread_blocked, id=26536, stack(0x0000000019450000,0x0000000019550000)]
  0x0000000017ee5800 JavaThread "Test worker" [_thread_blocked, id=7736, stack(0x0000000019010000,0x0000000019110000)]
  0x0000000015ac7800 JavaThread "Service Thread" daemon [_thread_blocked, id=14712, stack(0x0000000017540000,0x0000000017640000)]
=>0x0000000015a34800 JavaThread "C1 CompilerThread3" daemon [_thread_in_vm, id=17168, stack(0x0000000017440000,0x0000000017540000)]
  0x0000000015a34000 JavaThread "C2 CompilerThread2" daemon [_thread_in_native, id=10444, stack(0x0000000017340000,0x0000000017440000)]
  0x0000000015a33000 JavaThread "C2 CompilerThread1" daemon [_thread_in_native, id=31604, stack(0x0000000017240000,0x0000000017340000)]
  0x0000000015a2b000 JavaThread "C2 CompilerThread0" daemon [_thread_in_native, id=27636, stack(0x0000000017140000,0x0000000017240000)]
  0x0000000015a26800 JavaThread "Attach Listener" daemon [_thread_blocked, id=30880, stack(0x0000000017040000,0x0000000017140000)]
  0x0000000015a26000 JavaThread "Signal Dispatcher" daemon [_thread_blocked, id=28720, stack(0x0000000016f40000,0x0000000017040000)]
  0x00000000159a3000 JavaThread "Finalizer" daemon [_thread_blocked, id=14292, stack(0x0000000016c00000,0x0000000016d00000)]
  0x000000000290a000 JavaThread "Reference Handler" daemon [_thread_blocked, id=27928, stack(0x0000000016b00000,0x0000000016c00000)]
  0x000000000267e000 JavaThread "main" [_thread_blocked, id=13240, stack(0x0000000002710000,0x0000000002810000)]

Other Threads:
  0x00000000142c6800 VMThread [stack: 0x0000000016a00000,0x0000000016b00000] [id=30796]
  0x0000000015b14000 WatcherThread [stack: 0x0000000017640000,0x0000000017740000] [id=21552]

VM state:not at safepoint (normal execution)

VM Mutex/Monitor currently owned by a thread: None

Heap:
 PSYoungGen      total 156160K, used 55836K [0x00000000f5580000, 0x0000000100000000, 0x0000000100000000)
  eden space 137728K, 31% used [0x00000000f5580000,0x00000000f8014718,0x00000000fdc00000)
  from space 18432K, 66% used [0x00000000fee00000,0x00000000ff9f2bb0,0x0000000100000000)
  to   space 18432K, 0% used [0x00000000fdc00000,0x00000000fdc00000,0x00000000fee00000)
 ParOldGen       total 258560K, used 59530K [0x00000000e0000000, 0x00000000efc80000, 0x00000000f5580000)
  object space 258560K, 23% used [0x00000000e0000000,0x00000000e3a22a40,0x00000000efc80000)
 Metaspace       used 58582K, capacity 66484K, committed 66608K, reserved 1105920K
  class space    used 7181K, capacity 9479K, committed 9520K, reserved 1048576K

Card table byte_map: [0x0000000011cd0000,0x0000000011de0000] byte_map_base: 0x00000000115d0000

Marking Bits: (ParMarkBitMap*) 0x0000000076dda6c0
 Begin Bits: [0x00000000127e0000, 0x0000000012fe0000)
 End Bits:   [0x0000000012fe0000, 0x00000000137e0000)

Polling page: 0x00000000007f0000

CodeCache: size=245760Kb used=16517Kb max_used=16707Kb free=229242Kb
 bounds [0x0000000002910000, 0x0000000003980000, 0x0000000011910000]
 total_blobs=6518 nmethods=5080 adapters=1350
 compilation: enabled

Compilation events (10 events):
Event: 6.908 Thread 0x0000000015a34800 nmethod 6230 0x0000000002f69e90 code [0x0000000002f6a0a0, 0x0000000002f6af28]
Event: 6.908 Thread 0x0000000015a34800 6231   !   3       java.lang.invoke.LambdaForm$MH/279083532::guardWithCatch (77 bytes)
Event: 6.908 Thread 0x0000000015a34800 nmethod 6231 0x0000000002fe3e10 code [0x0000000002fe3fc0, 0x0000000002fe49c8]
Event: 6.909 Thread 0x0000000015a33000 6233       4       java.lang.invoke.LambdaForm$DMH/687073222::invokeSpecial_LL_V (15 bytes)
Event: 6.909 Thread 0x0000000015a33000 nmethod 6233 0x0000000002fe2650 code [0x0000000002fe27a0, 0x0000000002fe2848]
Event: 6.909 Thread 0x0000000015a2b000 nmethod 6232 0x0000000003125190 code [0x0000000003125300, 0x0000000003125548]
Event: 6.911 Thread 0x0000000015a34800 6234       3       android.content.res.TypedArray::loadStringValueAt (8 bytes)
Event: 6.911 Thread 0x0000000015a34800 nmethod 6234 0x00000000030bcb50 code [0x00000000030bce80, 0x00000000030be9a8]
Event: 6.911 Thread 0x0000000015a34800 6235       3       android.content.res.TypedArray::$$robo$$android_content_res_TypedArray$loadStringValueAt (51 bytes)
Event: 6.912 Thread 0x0000000015a34000 6236       4       org.robolectric.res.android.AttributeResolution9::ApplyStyle (954 bytes)

GC Heap History (10 events):
Event: 5.313 GC heap before
{Heap before GC invocations=17 (full 3):
 PSYoungGen      total 154112K, used 138752K [0x00000000f5580000, 0x0000000100000000, 0x0000000100000000)
  eden space 138752K, 100% used [0x00000000f5580000,0x00000000fdd00000,0x00000000fdd00000)
  from space 15360K, 0% used [0x00000000fdd00000,0x00000000fdd00000,0x00000000fec00000)
  to   space 19456K, 0% used [0x00000000fed00000,0x00000000fed00000,0x0000000100000000)
 ParOldGen       total 258560K, used 59490K [0x00000000e0000000, 0x00000000efc80000, 0x00000000f5580000)
  object space 258560K, 23% used [0x00000000e0000000,0x00000000e3a18a40,0x00000000efc80000)
 Metaspace       used 48632K, capacity 54360K, committed 54576K, reserved 1095680K
  class space    used 5928K, capacity 7697K, committed 7728K, reserved 1048576K
Event: 5.316 GC heap after
Heap after GC invocations=17 (full 3):
 PSYoungGen      total 155136K, used 3196K [0x00000000f5580000, 0x0000000100000000, 0x0000000100000000)
  eden space 135680K, 0% used [0x00000000f5580000,0x00000000f5580000,0x00000000fda00000)
  from space 19456K, 16% used [0x00000000fed00000,0x00000000ff01f0c0,0x0000000100000000)
  to   space 19456K, 0% used [0x00000000fda00000,0x00000000fda00000,0x00000000fed00000)
 ParOldGen       total 258560K, used 59498K [0x00000000e0000000, 0x00000000efc80000, 0x00000000f5580000)
  object space 258560K, 23% used [0x00000000e0000000,0x00000000e3a1aa40,0x00000000efc80000)
 Metaspace       used 48632K, capacity 54360K, committed 54576K, reserved 1095680K
  class space    used 5928K, capacity 7697K, committed 7728K, reserved 1048576K
}
Event: 5.659 GC heap before
{Heap before GC invocations=18 (full 3):
 PSYoungGen      total 155136K, used 138876K [0x00000000f5580000, 0x0000000100000000, 0x0000000100000000)
  eden space 135680K, 100% used [0x00000000f5580000,0x00000000fda00000,0x00000000fda00000)
  from space 19456K, 16% used [0x00000000fed00000,0x00000000ff01f0c0,0x0000000100000000)
  to   space 19456K, 0% used [0x00000000fda00000,0x00000000fda00000,0x00000000fed00000)
 ParOldGen       total 258560K, used 59498K [0x00000000e0000000, 0x00000000efc80000, 0x00000000f5580000)
  object space 258560K, 23% used [0x00000000e0000000,0x00000000e3a1aa40,0x00000000efc80000)
 Metaspace       used 52114K, capacity 58490K, committed 58800K, reserved 1099776K
  class space    used 6379K, capacity 8318K, committed 8368K, reserved 1048576K
Event: 5.665 GC heap after
Heap after GC invocations=18 (full 3):
 PSYoungGen      total 155136K, used 6075K [0x00000000f5580000, 0x0000000100000000, 0x0000000100000000)
  eden space 135680K, 0% used [0x00000000f5580000,0x00000000f5580000,0x00000000fda00000)
  from space 19456K, 31% used [0x00000000fda00000,0x00000000fdfeeca0,0x00000000fed00000)
  to   space 19456K, 0% used [0x00000000fed00000,0x00000000fed00000,0x0000000100000000)
 ParOldGen       total 258560K, used 59506K [0x00000000e0000000, 0x00000000efc80000, 0x00000000f5580000)
  object space 258560K, 23% used [0x00000000e0000000,0x00000000e3a1ca40,0x00000000efc80000)
 Metaspace       used 52114K, capacity 58490K, committed 58800K, reserved 1099776K
  class space    used 6379K, capacity 8318K, committed 8368K, reserved 1048576K
}
Event: 6.117 GC heap before
{Heap before GC invocations=19 (full 3):
 PSYoungGen      total 155136K, used 141755K [0x00000000f5580000, 0x0000000100000000, 0x0000000100000000)
  eden space 135680K, 100% used [0x00000000f5580000,0x00000000fda00000,0x00000000fda00000)
  from space 19456K, 31% used [0x00000000fda00000,0x00000000fdfeeca0,0x00000000fed00000)
  to   space 19456K, 0% used [0x00000000fed00000,0x00000000fed00000,0x0000000100000000)
 ParOldGen       total 258560K, used 59506K [0x00000000e0000000, 0x00000000efc80000, 0x00000000f5580000)
  object space 258560K, 23% used [0x00000000e0000000,0x00000000e3a1ca40,0x00000000efc80000)
 Metaspace       used 56004K, capacity 62764K, committed 62896K, reserved 1103872K
  class space    used 6761K, capacity 8793K, committed 8880K, reserved 1048576K
Event: 6.123 GC heap after
Heap after GC invocations=19 (full 3):
 PSYoungGen      total 153088K, used 8877K [0x00000000f5580000, 0x00000000ffe00000, 0x0000000100000000)
  eden space 135680K, 0% used [0x00000000f5580000,0x00000000f5580000,0x00000000fda00000)
  from space 17408K, 50% used [0x00000000fed00000,0x00000000ff5ab5d0,0x00000000ffe00000)
  to   space 18432K, 0% used [0x00000000fda00000,0x00000000fda00000,0x00000000fec00000)
 ParOldGen       total 258560K, used 59514K [0x00000000e0000000, 0x00000000efc80000, 0x00000000f5580000)
  object space 258560K, 23% used [0x00000000e0000000,0x00000000e3a1ea40,0x00000000efc80000)
 Metaspace       used 56004K, capacity 62764K, committed 62896K, reserved 1103872K
  class space    used 6761K, capacity 8793K, committed 8880K, reserved 1048576K
}
Event: 6.529 GC heap before
{Heap before GC invocations=20 (full 3):
 PSYoungGen      total 153088K, used 144557K [0x00000000f5580000, 0x00000000ffe00000, 0x0000000100000000)
  eden space 135680K, 100% used [0x00000000f5580000,0x00000000fda00000,0x00000000fda00000)
  from space 17408K, 50% used [0x00000000fed00000,0x00000000ff5ab5d0,0x00000000ffe00000)
  to   space 18432K, 0% used [0x00000000fda00000,0x00000000fda00000,0x00000000fec00000)
 ParOldGen       total 258560K, used 59514K [0x00000000e0000000, 0x00000000efc80000, 0x00000000f5580000)
  object space 258560K, 23% used [0x00000000e0000000,0x00000000e3a1ea40,0x00000000efc80000)
 Metaspace       used 58244K, capacity 65960K, committed 66096K, reserved 1105920K
  class space    used 7162K, capacity 9429K, committed 9520K, reserved 1048576K
Event: 6.536 GC heap after
Heap after GC invocations=20 (full 3):
 PSYoungGen      total 154112K, used 11346K [0x00000000f5580000, 0x0000000100000000, 0x0000000100000000)
  eden space 135680K, 0% used [0x00000000f5580000,0x00000000f5580000,0x00000000fda00000)
  from space 18432K, 61% used [0x00000000fda00000,0x00000000fe514a80,0x00000000fec00000)
  to   space 18432K, 0% used [0x00000000fee00000,0x00000000fee00000,0x0000000100000000)
 ParOldGen       total 258560K, used 59522K [0x00000000e0000000, 0x00000000efc80000, 0x00000000f5580000)
  object space 258560K, 23% used [0x00000000e0000000,0x00000000e3a20a40,0x00000000efc80000)
 Metaspace       used 58244K, capacity 65960K, committed 66096K, reserved 1105920K
  class space    used 7162K, capacity 9429K, committed 9520K, reserved 1048576K
}
Event: 6.852 GC heap before
{Heap before GC invocations=21 (full 3):
 PSYoungGen      total 154112K, used 147026K [0x00000000f5580000, 0x0000000100000000, 0x0000000100000000)
  eden space 135680K, 100% used [0x00000000f5580000,0x00000000fda00000,0x00000000fda00000)
  from space 18432K, 61% used [0x00000000fda00000,0x00000000fe514a80,0x00000000fec00000)
  to   space 18432K, 0% used [0x00000000fee00000,0x00000000fee00000,0x0000000100000000)
 ParOldGen       total 258560K, used 59522K [0x00000000e0000000, 0x00000000efc80000, 0x00000000f5580000)
  object space 258560K, 23% used [0x00000000e0000000,0x00000000e3a20a40,0x00000000efc80000)
 Metaspace       used 58392K, capacity 66200K, committed 66352K, reserved 1105920K
  class space    used 7171K, capacity 9445K, committed 9520K, reserved 1048576K
Event: 6.859 GC heap after
Heap after GC invocations=21 (full 3):
 PSYoungGen      total 156160K, used 12234K [0x00000000f5580000, 0x0000000100000000, 0x0000000100000000)
  eden space 137728K, 0% used [0x00000000f5580000,0x00000000f5580000,0x00000000fdc00000)
  from space 18432K, 66% used [0x00000000fee00000,0x00000000ff9f2bb0,0x0000000100000000)
  to   space 18432K, 0% used [0x00000000fdc00000,0x00000000fdc00000,0x00000000fee00000)
 ParOldGen       total 258560K, used 59530K [0x00000000e0000000, 0x00000000efc80000, 0x00000000f5580000)
  object space 258560K, 23% used [0x00000000e0000000,0x00000000e3a22a40,0x00000000efc80000)
 Metaspace       used 58392K, capacity 66200K, committed 66352K, reserved 1105920K
  class space    used 7171K, capacity 9445K, committed 9520K, reserved 1048576K
}

Deoptimization events (10 events):
Event: 6.317 Thread 0x0000000017ee5800 Uncommon trap: reason=bimorphic action=maybe_recompile pc=0x00000000036cee70 method=java.util.regex.Pattern$Curly.match0(Ljava/util/regex/Matcher;IILjava/lang/CharSequence;)Z @ 77
Event: 6.318 Thread 0x0000000017ee5800 Uncommon trap: reason=class_check action=maybe_recompile pc=0x00000000033befc0 method=com.google.common.collect.ImmutableSet$RegularSetBuilderImpl.add(Ljava/lang/Object;)Lcom/google/common/collect/ImmutableSet$SetBuilderImpl; @ 6
Event: 6.318 Thread 0x0000000017ee5800 Uncommon trap: reason=class_check action=maybe_recompile pc=0x00000000033befc0 method=com.google.common.collect.ImmutableSet$RegularSetBuilderImpl.add(Ljava/lang/Object;)Lcom/google/common/collect/ImmutableSet$SetBuilderImpl; @ 6
Event: 6.318 Thread 0x0000000017ee5800 Uncommon trap: reason=class_check action=maybe_recompile pc=0x00000000033befc0 method=com.google.common.collect.ImmutableSet$RegularSetBuilderImpl.add(Ljava/lang/Object;)Lcom/google/common/collect/ImmutableSet$SetBuilderImpl; @ 6
Event: 6.318 Thread 0x0000000017ee5800 Uncommon trap: reason=class_check action=maybe_recompile pc=0x00000000033befc0 method=com.google.common.collect.ImmutableSet$RegularSetBuilderImpl.add(Ljava/lang/Object;)Lcom/google/common/collect/ImmutableSet$SetBuilderImpl; @ 6
Event: 6.319 Thread 0x0000000017ee5800 Uncommon trap: reason=unstable_if action=reinterpret pc=0x0000000002f3fe4c method=org.robolectric.internal.bytecode.MethodRef.equals(Ljava/lang/Object;)Z @ 2
Event: 6.320 Thread 0x00000000188d6000 Uncommon trap: reason=unstable_if action=reinterpret pc=0x000000000362bdac method=java.util.Arrays.hashCode([Ljava/lang/Object;)I @ 34
Event: 6.324 Thread 0x00000000188d6000 Uncommon trap: reason=unstable_if action=reinterpret pc=0x0000000002f92374 method=org.robolectric.res.android.ResTable_config.isBetterThan(Lorg/robolectric/res/android/ResTable_config;Lorg/robolectric/res/android/ResTable_config;)Z @ 898
Event: 6.826 Thread 0x00000000188d6000 Uncommon trap: reason=unstable_if action=reinterpret pc=0x0000000003928d50 method=com.google.common.base.Objects.equal(Ljava/lang/Object;Ljava/lang/Object;)Z @ 2
Event: 6.826 Thread 0x00000000188d6000 Uncommon trap: reason=unstable_if action=reinterpret pc=0x000000000389f95c method=com.google.common.base.Objects.equal(Ljava/lang/Object;Ljava/lang/Object;)Z @ 2

Internal exceptions (10 events):
Event: 4.493 Thread 0x00000000188d6000 Exception <a 'java/lang/NoSuchFieldError': method resolution failed> (0x00000000f741b398) thrown at [C:\re\workspace\8-2-build-windows-amd64-cygwin\jdk8u111\7883\hotspot\src\share\vm\prims\methodHandles.cpp, line 1146]
Event: 5.511 Thread 0x0000000015a31800 Exception <a 'java/lang/NoSuchFieldError': method resolution failed> (0x00000000fa7d2a80) thrown at [C:\re\workspace\8-2-build-windows-amd64-cygwin\jdk8u111\7883\hotspot\src\share\vm\prims\methodHandles.cpp, line 1146]
Event: 5.985 Thread 0x00000000188d6000 Implicit null exception at 0x00000000035061cd to 0x0000000003506c07
Event: 5.985 Thread 0x00000000188d6000 Implicit null exception at 0x0000000002a4d8b3 to 0x0000000002a4df79
Event: 6.136 Thread 0x00000000188d6000 Exception <a 'java/lang/NoSuchFieldError': method resolution failed> (0x00000000f5928db8) thrown at [C:\re\workspace\8-2-build-windows-amd64-cygwin\jdk8u111\7883\hotspot\src\share\vm\prims\methodHandles.cpp, line 1146]
Event: 6.249 Thread 0x00000000188d6000 Implicit null exception at 0x0000000002d74257 to 0x0000000002d7432d
Event: 6.301 Thread 0x00000000188d6000 Exception <a 'java/lang/NoSuchMethodError': java.lang.Object.lambda$get$0(Ljava/lang/Object;)V> (0x00000000f841b7f8) thrown at [C:\re\workspace\8-2-build-windows-amd64-cygwin\jdk8u111\7883\hotspot\src\share\vm\interpreter\linkResolver.cpp, line 582]
Event: 6.320 Thread 0x00000000188d6000 Implicit null exception at 0x000000000362bcef to 0x000000000362bd8d
Event: 6.365 Thread 0x00000000188d6000 Exception <a 'sun/nio/fs/WindowsException'> (0x00000000f8f64058) thrown at [C:\re\workspace\8-2-build-windows-amd64-cygwin\jdk8u111\7883\hotspot\src\share\vm\prims\jni.cpp, line 709]
Event: 6.741 Thread 0x00000000188d6000 Exception <a 'sun/nio/fs/WindowsException'> (0x00000000f934b7f0) thrown at [C:\re\workspace\8-2-build-windows-amd64-cygwin\jdk8u111\7883\hotspot\src\share\vm\prims\jni.cpp, line 709]

Events (10 events):
Event: 6.880 Thread 0x0000000015a34800 flushing nmethod 0x00000000034508d0
Event: 6.881 Thread 0x0000000015a34800 flushing nmethod 0x0000000003590bd0
Event: 6.881 Thread 0x0000000015a34800 flushing nmethod 0x00000000035b5350
Event: 6.881 Thread 0x0000000015a34800 flushing nmethod 0x00000000035bf510
Event: 6.881 Thread 0x0000000015a34800 flushing nmethod 0x00000000035f18d0
Event: 6.881 Thread 0x0000000015a34800 flushing nmethod 0x000000000364dc10
Event: 6.881 Thread 0x0000000015a34800 flushing nmethod 0x00000000036892d0
Event: 6.886 Thread 0x0000000015a34800 flushing nmethod 0x00000000036c07d0
Event: 6.886 Thread 0x0000000015a34800 flushing nmethod 0x00000000036c7d90
Event: 6.886 Thread 0x0000000015a34800 flushing nmethod 0x00000000036cd050


Dynamic libraries:
0x00007ff706f50000 - 0x00007ff706f87000 	C:\Program Files\Java\jdk1.8.0_111\bin\java.exe
0x00007ff868150000 - 0x00007ff868345000 	C:\WINDOWS\SYSTEM32\ntdll.dll
0x00007ff8671e0000 - 0x00007ff86729e000 	C:\WINDOWS\System32\KERNEL32.DLL
0x00007ff865a20000 - 0x00007ff865ce9000 	C:\WINDOWS\System32\KERNELBASE.dll
0x00007ff8661a0000 - 0x00007ff86624c000 	C:\WINDOWS\System32\ADVAPI32.dll
0x00007ff866280000 - 0x00007ff86631e000 	C:\WINDOWS\System32\msvcrt.dll
0x00007ff867300000 - 0x00007ff86739b000 	C:\WINDOWS\System32\sechost.dll
0x00007ff8670b0000 - 0x00007ff8671da000 	C:\WINDOWS\System32\RPCRT4.dll
0x00007ff866320000 - 0x00007ff8664c1000 	C:\WINDOWS\System32\USER32.dll
0x00007ff865870000 - 0x00007ff865892000 	C:\WINDOWS\System32\win32u.dll
0x00007ff8664d0000 - 0x00007ff8664fb000 	C:\WINDOWS\System32\GDI32.dll
0x00007ff865f90000 - 0x00007ff86609b000 	C:\WINDOWS\System32\gdi32full.dll
0x00007ff8660a0000 - 0x00007ff86613d000 	C:\WINDOWS\System32\msvcp_win.dll
0x00007ff8658a0000 - 0x00007ff8659a0000 	C:\WINDOWS\System32\ucrtbase.dll
0x00007ff852310000 - 0x00007ff8525aa000 	C:\WINDOWS\WinSxS\amd64_microsoft.windows.common-controls_6595b64144ccf1df_6.0.19041.1110_none_60b5254171f9507e\COMCTL32.dll
0x00007ff866250000 - 0x00007ff866280000 	C:\WINDOWS\System32\IMM32.DLL
0x00000000773e0000 - 0x00000000774b2000 	C:\Program Files\Java\jdk1.8.0_111\jre\bin\msvcr100.dll
0x00000000765c0000 - 0x0000000076e5a000 	C:\Program Files\Java\jdk1.8.0_111\jre\bin\server\jvm.dll
0x00007ff866500000 - 0x00007ff866508000 	C:\WINDOWS\System32\PSAPI.DLL
0x00007ff85f3e0000 - 0x00007ff85f3e9000 	C:\WINDOWS\SYSTEM32\WSOCK32.dll
0x00007ff858b10000 - 0x00007ff858b37000 	C:\WINDOWS\SYSTEM32\WINMM.dll
0x00007ff85cc70000 - 0x00007ff85cc7a000 	C:\WINDOWS\SYSTEM32\VERSION.dll
0x00007ff866f20000 - 0x00007ff866f8b000 	C:\WINDOWS\System32\WS2_32.dll
0x0000000051450000 - 0x000000005145f000 	C:\Program Files\Java\jdk1.8.0_111\jre\bin\verify.dll
0x0000000077870000 - 0x0000000077899000 	C:\Program Files\Java\jdk1.8.0_111\jre\bin\java.dll
0x0000000077850000 - 0x0000000077866000 	C:\Program Files\Java\jdk1.8.0_111\jre\bin\zip.dll
0x00007ff8665c0000 - 0x00007ff866cff000 	C:\WINDOWS\System32\SHELL32.dll
0x00007ff863970000 - 0x00007ff864100000 	C:\WINDOWS\SYSTEM32\windows.storage.dll
0x00007ff8678a0000 - 0x00007ff867bf5000 	C:\WINDOWS\System32\combase.dll
0x00007ff8652c0000 - 0x00007ff8652ec000 	C:\WINDOWS\SYSTEM32\Wldp.dll
0x00007ff866510000 - 0x00007ff8665be000 	C:\WINDOWS\System32\SHCORE.dll
0x00007ff8672a0000 - 0x00007ff8672f5000 	C:\WINDOWS\System32\shlwapi.dll
0x00007ff8657b0000 - 0x00007ff8657cf000 	C:\WINDOWS\SYSTEM32\profapi.dll
0x0000000077830000 - 0x000000007784a000 	C:\Program Files\Java\jdk1.8.0_111\jre\bin\net.dll
0x00007ff864fb0000 - 0x00007ff86501a000 	C:\WINDOWS\system32\mswsock.dll
0x00000000773c0000 - 0x00000000773d1000 	C:\Program Files\Java\jdk1.8.0_111\jre\bin\nio.dll
0x00007ff865210000 - 0x00007ff865228000 	C:\WINDOWS\SYSTEM32\CRYPTSP.dll
0x00007ff8648d0000 - 0x00007ff864904000 	C:\WINDOWS\system32\rsaenh.dll
0x00007ff8659f0000 - 0x00007ff865a17000 	C:\WINDOWS\System32\bcrypt.dll
0x00007ff865730000 - 0x00007ff86575e000 	C:\WINDOWS\SYSTEM32\USERENV.dll
0x00007ff865f00000 - 0x00007ff865f83000 	C:\WINDOWS\System32\bcryptprimitives.dll
0x00007ff865230000 - 0x00007ff86523c000 	C:\WINDOWS\SYSTEM32\CRYPTBASE.dll
0x00007ff864ca0000 - 0x00007ff864cdb000 	C:\WINDOWS\SYSTEM32\IPHLPAPI.DLL
0x00007ff866d00000 - 0x00007ff866d08000 	C:\WINDOWS\System32\NSI.dll
0x00007ff85cc50000 - 0x00007ff85cc67000 	C:\WINDOWS\SYSTEM32\dhcpcsvc6.DLL
0x00007ff85e460000 - 0x00007ff85e47d000 	C:\WINDOWS\SYSTEM32\dhcpcsvc.DLL
0x00007ff864ce0000 - 0x00007ff864dac000 	C:\WINDOWS\SYSTEM32\DNSAPI.dll
0x0000000077390000 - 0x00000000773b4000 	C:\Program Files\Java\jdk1.8.0_111\jre\bin\sunec.dll
0x0000000077380000 - 0x000000007738b000 	C:\Program Files\Java\jdk1.8.0_111\jre\bin\sunmscapi.dll
0x00007ff865da0000 - 0x00007ff865ef6000 	C:\WINDOWS\System32\CRYPT32.dll
0x00007ff862fd0000 - 0x00007ff8631b4000 	C:\WINDOWS\SYSTEM32\dbghelp.dll

VM Arguments:
jvm_args: -Djava.awt.headless=true -Djava.security.manager=worker.org.gradle.process.internal.worker.child.BootstrapSecurityManager -Dorg.gradle.native=false -Xmx512m -Dfile.encoding=windows-1252 -Duser.country=ID -Duser.language=en -Duser.variant -ea 
java_command: worker.org.gradle.process.internal.worker.GradleWorkerMain 'Gradle Test Executor 10'
java_class_path (initial): C:\Users\Lenovo\.gradle\caches\6.1.1\workerMain\gradle-worker.jar
Launcher Type: SUN_STANDARD

Environment Variables:
USERNAME=Lenovo
OS=Windows_NT
PROCESSOR_IDENTIFIER=Intel64 Family 6 Model 165 Stepping 2, GenuineIntel



---------------  S Y S T E M  ---------------

OS: Windows 10.0 , 64 bit Build 19041 (10.0.19041.1202)

CPU:total 12 (6 cores per cpu, 2 threads per core) family 6 model 165 stepping 2, cmov, cx8, fxsr, mmx, sse, sse2, sse3, ssse3, sse4.1, sse4.2, popcnt, avx, avx2, aes, clmul, erms, 3dnowpref, lzcnt, ht, tsc, tscinvbit, bmi1, bmi2, adx

Memory: 4k page, physical 16682800k(4699916k free), swap 21347336k(3996420k free)

vm_info: Java HotSpot(TM) 64-Bit Server VM (25.111-b14) for windows-amd64 JRE (1.8.0_111-b14), built on Sep 22 2016 19:24:05 by "java_re" with MS VC++ 10.0 (VS2010)

time: Fri Oct 08 09:20:34 2021
elapsed time: 6 seconds (0d 0h 0m 6s)

