#
# A fatal error has been detected by the Java Runtime Environment:
#
#  EXCEPTION_ACCESS_VIOLATION (0xc0000005) at pc=0x0000000076603608, pid=28408, tid=0x000000000000779c
#
# JRE version: Java(TM) SE Runtime Environment (8.0_111-b14) (build 1.8.0_111-b14)
# Java VM: Java HotSpot(TM) 64-Bit Server VM (25.111-b14 mixed mode windows-amd64 compressed oops)
# Problematic frame:
# V  [jvm.dll+0x43608]
#
# Failed to write core dump. Minidumps are not enabled by default on client versions of Windows
#
# If you would like to submit a bug report, please visit:
#   http://bugreport.java.com/bugreport/crash.jsp
#

---------------  T H R E A D  ---------------

Current thread (0x00000000161f3000):  JavaThread "C1 CompilerThread3" daemon [_thread_in_vm, id=30620, stack(0x0000000017c10000,0x0000000017d10000)]

siginfo: ExceptionCode=0xc0000005, reading address 0xffffffffffffffff

Registers:
RAX=0x00000000161f3000, RBX=0x0000000002ef8b80, RCX=0x0000000002ef8b80, RDX=0x0000000002ef8b80
RSP=0x0000000017d0cd40, RBP=0x0000000016333630, RSI=0x0000000002ef8b80, RDI=0x0000000000000000
R8 =0x49362012ffff0013, R9 =0x0000000000000000, R10=0x0000000016333860, R11=0x00000000193fcdb0
R12=0x00000000161f3000, R13=0x0000000016333630, R14=0x000000001a8ce6f0, R15=0x0000000000000000
RIP=0x0000000076603608, EFLAGS=0x0000000000010202

Top of Stack: (sp=0x0000000017d0cd40)
0x0000000017d0cd40:   00000000000000b6 0000000017d0f2f0
0x0000000017d0cd50:   0000000000000000 0000000000000077
0x0000000017d0cd60:   000000001dda7d00 0000000017d0f2f0
0x0000000017d0cd70:   0000000017d0ce50 00000000765efe25
0x0000000017d0cd80:   00000000000000ea 0000000076603999
0x0000000017d0cd90:   0000000000000077 0000000000000077
0x0000000017d0cda0:   0000000000000000 0000000000000000
0x0000000017d0cdb0:   00000000000000b6 000000001c1a7810
0x0000000017d0cdc0:   0000000016206c20 0000000076601c6b
0x0000000017d0cdd0:   0000000000000000 00000000161f3000
0x0000000017d0cde0:   000000001a8cfeb0 00000000765ece0f
0x0000000017d0cdf0:   00000000161f3000 0000000076606f80
0x0000000017d0ce00:   00000000161f3000 00000000161f3000
0x0000000017d0ce10:   000000001c1a7810 00000000769e0aeb
0x0000000017d0ce20:   0000000000000000 0000000000000000
0x0000000017d0ce30:   000000001a8cfeb0 0000000000000000 

Instructions: (pc=0x0000000076603608)
0x00000000766035e8:   00 48 8b da ff 15 fe 7d 59 00 44 0f b6 05 5a d9
0x00000000766035f8:   7a 00 4c 8b e0 45 84 c0 74 39 4c 8b 03 48 8b cb
0x0000000076603608:   41 ff 50 08 84 c0 74 2b 83 7b 08 00 7e 25 0f b6
0x0000000076603618:   83 0e 01 00 00 c0 e8 03 a8 01 74 17 48 8b 03 48 


Register to memory mapping:

RAX=0x00000000161f3000 is a thread
RBX=0x0000000002ef8b80 is an unknown value
RCX=0x0000000002ef8b80 is an unknown value
RDX=0x0000000002ef8b80 is an unknown value
RSP=0x0000000017d0cd40 is pointing into the stack for thread: 0x00000000161f3000
RBP=0x0000000016333630 is an unknown value
RSI=0x0000000002ef8b80 is an unknown value
RDI=0x0000000000000000 is an unknown value
R8 =0x49362012ffff0013 is an unknown value
R9 =0x0000000000000000 is an unknown value
R10=0x0000000016333860 is an unknown value
R11=0x00000000193fcdb0 is an unknown value
R12=0x00000000161f3000 is a thread
R13=0x0000000016333630 is an unknown value
R14=0x000000001a8ce6f0 is an unknown value
R15=0x0000000000000000 is an unknown value


Stack: [0x0000000017c10000,0x0000000017d10000],  sp=0x0000000017d0cd40,  free space=1011k
Native frames: (J=compiled Java code, j=interpreted, Vv=VM code, C=native code)
V  [jvm.dll+0x43608]
V  [jvm.dll+0x43999]
V  [jvm.dll+0x41c6b]
V  [jvm.dll+0x420aeb]
V  [jvm.dll+0x41b8da]
V  [jvm.dll+0x41e727]
V  [jvm.dll+0x41eeeb]
V  [jvm.dll+0x41fde6]
V  [jvm.dll+0x420048]
V  [jvm.dll+0x42047b]
V  [jvm.dll+0x41ffd5]
V  [jvm.dll+0x41bd3b]
V  [jvm.dll+0x41e727]
V  [jvm.dll+0x41eeeb]
V  [jvm.dll+0x41fde6]
V  [jvm.dll+0x420048]
V  [jvm.dll+0x42047b]
V  [jvm.dll+0x41ffd5]
V  [jvm.dll+0x41bd3b]
V  [jvm.dll+0x41e727]
V  [jvm.dll+0x41f01d]
V  [jvm.dll+0x41fde6]
V  [jvm.dll+0x420048]
V  [jvm.dll+0x42047b]
V  [jvm.dll+0x41ffd5]
V  [jvm.dll+0x41bd3b]
V  [jvm.dll+0x41e727]
V  [jvm.dll+0x41eeeb]
V  [jvm.dll+0x41fde6]
V  [jvm.dll+0x420048]
V  [jvm.dll+0x42047b]
V  [jvm.dll+0x41ffd5]
V  [jvm.dll+0x41bd3b]
V  [jvm.dll+0x41e727]
V  [jvm.dll+0x41f01d]
V  [jvm.dll+0x41fde6]
V  [jvm.dll+0x420048]
V  [jvm.dll+0x42047b]
V  [jvm.dll+0x41ffd5]
V  [jvm.dll+0x41bd3b]
V  [jvm.dll+0x41e727]
V  [jvm.dll+0x41eeeb]
V  [jvm.dll+0x41fde6]
V  [jvm.dll+0x420048]
V  [jvm.dll+0x41bd3b]
V  [jvm.dll+0x41e727]
V  [jvm.dll+0x41eeeb]
V  [jvm.dll+0x41fde6]
V  [jvm.dll+0x420048]
V  [jvm.dll+0x41bd3b]
V  [jvm.dll+0x41e727]
V  [jvm.dll+0x41f01d]
V  [jvm.dll+0x41f412]
V  [jvm.dll+0x4244f5]
V  [jvm.dll+0x424600]
V  [jvm.dll+0x40ddb8]
V  [jvm.dll+0x40e021]
V  [jvm.dll+0x40e1e2]
V  [jvm.dll+0x40e3b1]
V  [jvm.dll+0x40e5bf]
V  [jvm.dll+0xa5742]
V  [jvm.dll+0xa607f]
V  [jvm.dll+0x244b7f]
V  [jvm.dll+0x29c43a]
C  [msvcr100.dll+0x21d9f]
C  [msvcr100.dll+0x21e3b]
C  [KERNEL32.DLL+0x17034]
C  [ntdll.dll+0x52651]


Current CompileTask:
C1:   6280 6784       3       android.content.res.TypedArray::$$robo$$android_content_res_TypedArray$loadStringValueAt (51 bytes)


---------------  P R O C E S S  ---------------

Java Threads: ( => current thread )
  0x000000001b5a5000 JavaThread "Java2D Disposer" daemon [_thread_blocked, id=16696, stack(0x000000001c4c0000,0x000000001c5c0000)]
  0x0000000018bbd800 JavaThread "SDK 28 Main Thread" [_thread_in_vm, id=11756, stack(0x000000001a220000,0x000000001a320000)]
  0x0000000018a9a800 JavaThread "/127.0.0.1:57381 to /127.0.0.1:57380 workers Thread 3" [_thread_in_native, id=30828, stack(0x0000000019d20000,0x0000000019e20000)]
  0x0000000018a9a000 JavaThread "/127.0.0.1:57381 to /127.0.0.1:57380 workers Thread 2" [_thread_blocked, id=23852, stack(0x0000000019c20000,0x0000000019d20000)]
  0x00000000186d0000 JavaThread "Test worker" [_thread_blocked, id=20388, stack(0x00000000197e0000,0x00000000198e0000)]
  0x00000000161fe800 JavaThread "Service Thread" daemon [_thread_blocked, id=5712, stack(0x0000000017d10000,0x0000000017e10000)]
=>0x00000000161f3000 JavaThread "C1 CompilerThread3" daemon [_thread_in_vm, id=30620, stack(0x0000000017c10000,0x0000000017d10000)]
  0x00000000161f2000 JavaThread "C2 CompilerThread2" daemon [_thread_in_native, id=18696, stack(0x0000000017b10000,0x0000000017c10000)]
  0x00000000161ed000 JavaThread "C2 CompilerThread1" daemon [_thread_in_native, id=12480, stack(0x0000000017a10000,0x0000000017b10000)]
  0x00000000161e8000 JavaThread "C2 CompilerThread0" daemon [_thread_in_native, id=32520, stack(0x0000000017910000,0x0000000017a10000)]
  0x00000000161e6000 JavaThread "Attach Listener" daemon [_thread_blocked, id=20788, stack(0x0000000017810000,0x0000000017910000)]
  0x00000000161e5000 JavaThread "Signal Dispatcher" daemon [_thread_blocked, id=18584, stack(0x0000000017710000,0x0000000017810000)]
  0x0000000002f9b000 JavaThread "Finalizer" daemon [_thread_blocked, id=12536, stack(0x00000000173d0000,0x00000000174d0000)]
  0x0000000002f9a000 JavaThread "Reference Handler" daemon [_thread_blocked, id=23248, stack(0x00000000172d0000,0x00000000173d0000)]
  0x000000000301e000 JavaThread "main" [_thread_blocked, id=28928, stack(0x0000000002d60000,0x0000000002e60000)]

Other Threads:
  0x0000000014a86800 VMThread [stack: 0x00000000171d0000,0x00000000172d0000] [id=11572]
  0x00000000162e5800 WatcherThread [stack: 0x0000000017e10000,0x0000000017f10000] [id=33144]

VM state:not at safepoint (normal execution)

VM Mutex/Monitor currently owned by a thread: None

Heap:
 PSYoungGen      total 148480K, used 106887K [0x00000000f5580000, 0x0000000100000000, 0x0000000100000000)
  eden space 131584K, 68% used [0x00000000f5580000,0x00000000fad64fd0,0x00000000fd600000)
  from space 16896K, 99% used [0x00000000fef80000,0x00000000ffffcfa0,0x0000000100000000)
  to   space 21504K, 0% used [0x00000000fd600000,0x00000000fd600000,0x00000000feb00000)
 ParOldGen       total 267264K, used 63634K [0x00000000e0000000, 0x00000000f0500000, 0x00000000f5580000)
  object space 267264K, 23% used [0x00000000e0000000,0x00000000e3e24908,0x00000000f0500000)
 Metaspace       used 62447K, capacity 71656K, committed 71856K, reserved 1110016K
  class space    used 7791K, capacity 10350K, committed 10416K, reserved 1048576K

Card table byte_map: [0x00000000123e0000,0x00000000124f0000] byte_map_base: 0x0000000011ce0000

Marking Bits: (ParMarkBitMap*) 0x0000000076dda6c0
 Begin Bits: [0x0000000012fa0000, 0x00000000137a0000)
 End Bits:   [0x00000000137a0000, 0x0000000013fa0000)

Polling page: 0x0000000000fd0000

CodeCache: size=245760Kb used=18330Kb max_used=18346Kb free=227429Kb
 bounds [0x0000000003020000, 0x0000000004240000, 0x0000000012020000]
 total_blobs=7020 nmethods=5475 adapters=1456
 compilation: enabled

Compilation events (10 events):
Event: 6.224 Thread 0x00000000161f3000 nmethod 6779 0x0000000004235d90 code [0x00000000042360c0, 0x0000000004237ba8]
Event: 6.224 Thread 0x00000000161f3000 6780       3       android.view.View::$$robo$$android_view_View$getDrawableState (49 bytes)
Event: 6.224 Thread 0x00000000161f3000 nmethod 6780 0x0000000003cda110 code [0x0000000003cda280, 0x0000000003cda568]
Event: 6.224 Thread 0x00000000161f3000 6781       3       java.lang.invoke.LambdaForm$MH/2136773692::linkToCallSite (19 bytes)
Event: 6.224 Thread 0x00000000161e8000 6782       4       java.lang.invoke.LambdaForm$DMH/1283484971::invokeSpecial_LL_I (15 bytes)
Event: 6.224 Thread 0x00000000161f3000 nmethod 6781 0x00000000035d5950 code [0x00000000035d5ae0, 0x00000000035d6168]
Event: 6.225 Thread 0x00000000161f3000 6783       3       java.lang.invoke.LambdaForm$MH/1256477420::delegate (13 bytes)
Event: 6.225 Thread 0x00000000161e8000 nmethod 6782 0x00000000035ef850 code [0x00000000035ef9a0, 0x00000000035efa48]
Event: 6.225 Thread 0x00000000161f3000 nmethod 6783 0x0000000003552210 code [0x00000000035523a0, 0x0000000003552808]
Event: 6.225 Thread 0x00000000161f3000 6784       3       android.content.res.TypedArray::$$robo$$android_content_res_TypedArray$loadStringValueAt (51 bytes)

GC Heap History (10 events):
Event: 4.682 GC heap before
{Heap before GC invocations=17 (full 3):
 PSYoungGen      total 158720K, used 148106K [0x00000000f5580000, 0x0000000100000000, 0x0000000100000000)
  eden space 142848K, 100% used [0x00000000f5580000,0x00000000fe100000,0x00000000fe100000)
  from space 15872K, 33% used [0x00000000fe100000,0x00000000fe622908,0x00000000ff080000)
  to   space 15872K, 0% used [0x00000000ff080000,0x00000000ff080000,0x0000000100000000)
 ParOldGen       total 267264K, used 60866K [0x00000000e0000000, 0x00000000f0500000, 0x00000000f5580000)
  object space 267264K, 22% used [0x00000000e0000000,0x00000000e3b70a68,0x00000000f0500000)
 Metaspace       used 53424K, capacity 59376K, committed 59696K, reserved 1101824K
  class space    used 6338K, capacity 8139K, committed 8240K, reserved 1048576K
Event: 4.686 GC heap after
Heap after GC invocations=17 (full 3):
 PSYoungGen      total 157696K, used 7101K [0x00000000f5580000, 0x00000000fff00000, 0x0000000100000000)
  eden space 142848K, 0% used [0x00000000f5580000,0x00000000f5580000,0x00000000fe100000)
  from space 14848K, 47% used [0x00000000ff080000,0x00000000ff76f538,0x00000000fff00000)
  to   space 15360K, 0% used [0x00000000fe100000,0x00000000fe100000,0x00000000ff000000)
 ParOldGen       total 267264K, used 60874K [0x00000000e0000000, 0x00000000f0500000, 0x00000000f5580000)
  object space 267264K, 22% used [0x00000000e0000000,0x00000000e3b72a68,0x00000000f0500000)
 Metaspace       used 53424K, capacity 59376K, committed 59696K, reserved 1101824K
  class space    used 6338K, capacity 8139K, committed 8240K, reserved 1048576K
}
Event: 5.032 GC heap before
{Heap before GC invocations=18 (full 3):
 PSYoungGen      total 157696K, used 149949K [0x00000000f5580000, 0x00000000fff00000, 0x0000000100000000)
  eden space 142848K, 100% used [0x00000000f5580000,0x00000000fe100000,0x00000000fe100000)
  from space 14848K, 47% used [0x00000000ff080000,0x00000000ff76f538,0x00000000fff00000)
  to   space 15360K, 0% used [0x00000000fe100000,0x00000000fe100000,0x00000000ff000000)
 ParOldGen       total 267264K, used 60874K [0x00000000e0000000, 0x00000000f0500000, 0x00000000f5580000)
  object space 267264K, 22% used [0x00000000e0000000,0x00000000e3b72a68,0x00000000f0500000)
 Metaspace       used 56539K, capacity 63136K, committed 63280K, reserved 1103872K
  class space    used 6748K, capacity 8733K, committed 8752K, reserved 1048576K
Event: 5.038 GC heap after
Heap after GC invocations=18 (full 3):
 PSYoungGen      total 158208K, used 10813K [0x00000000f5580000, 0x0000000100000000, 0x0000000100000000)
  eden space 142848K, 0% used [0x00000000f5580000,0x00000000f5580000,0x00000000fe100000)
  from space 15360K, 70% used [0x00000000fe100000,0x00000000feb8f4a8,0x00000000ff000000)
  to   space 15360K, 0% used [0x00000000ff100000,0x00000000ff100000,0x0000000100000000)
 ParOldGen       total 267264K, used 60882K [0x00000000e0000000, 0x00000000f0500000, 0x00000000f5580000)
  object space 267264K, 22% used [0x00000000e0000000,0x00000000e3b74a68,0x00000000f0500000)
 Metaspace       used 56539K, capacity 63136K, committed 63280K, reserved 1103872K
  class space    used 6748K, capacity 8733K, committed 8752K, reserved 1048576K
}
Event: 5.455 GC heap before
{Heap before GC invocations=19 (full 3):
 PSYoungGen      total 158208K, used 153661K [0x00000000f5580000, 0x0000000100000000, 0x0000000100000000)
  eden space 142848K, 100% used [0x00000000f5580000,0x00000000fe100000,0x00000000fe100000)
  from space 15360K, 70% used [0x00000000fe100000,0x00000000feb8f4a8,0x00000000ff000000)
  to   space 15360K, 0% used [0x00000000ff100000,0x00000000ff100000,0x0000000100000000)
 ParOldGen       total 267264K, used 60882K [0x00000000e0000000, 0x00000000f0500000, 0x00000000f5580000)
  object space 267264K, 22% used [0x00000000e0000000,0x00000000e3b74a68,0x00000000f0500000)
 Metaspace       used 60048K, capacity 68544K, committed 68656K, reserved 1107968K
  class space    used 7507K, capacity 9966K, committed 10032K, reserved 1048576K
Event: 5.463 GC heap after
Heap after GC invocations=19 (full 3):
 PSYoungGen      total 156160K, used 14126K [0x00000000f5580000, 0x0000000100000000, 0x0000000100000000)
  eden space 140800K, 0% used [0x00000000f5580000,0x00000000f5580000,0x00000000fdf00000)
  from space 15360K, 91% used [0x00000000ff100000,0x00000000ffecb898,0x0000000100000000)
  to   space 16896K, 0% used [0x00000000fdf00000,0x00000000fdf00000,0x00000000fef80000)
 ParOldGen       total 267264K, used 60890K [0x00000000e0000000, 0x00000000f0500000, 0x00000000f5580000)
  object space 267264K, 22% used [0x00000000e0000000,0x00000000e3b76a68,0x00000000f0500000)
 Metaspace       used 60048K, capacity 68544K, committed 68656K, reserved 1107968K
  class space    used 7507K, capacity 9966K, committed 10032K, reserved 1048576K
}
Event: 5.842 GC heap before
{Heap before GC invocations=20 (full 3):
 PSYoungGen      total 156160K, used 154926K [0x00000000f5580000, 0x0000000100000000, 0x0000000100000000)
  eden space 140800K, 100% used [0x00000000f5580000,0x00000000fdf00000,0x00000000fdf00000)
  from space 15360K, 91% used [0x00000000ff100000,0x00000000ffecb898,0x0000000100000000)
  to   space 16896K, 0% used [0x00000000fdf00000,0x00000000fdf00000,0x00000000fef80000)
 ParOldGen       total 267264K, used 60890K [0x00000000e0000000, 0x00000000f0500000, 0x00000000f5580000)
  object space 267264K, 22% used [0x00000000e0000000,0x00000000e3b76a68,0x00000000f0500000)
 Metaspace       used 62018K, capacity 70890K, committed 71088K, reserved 1110016K
  class space    used 7765K, capacity 10289K, committed 10416K, reserved 1048576K
Event: 5.850 GC heap after
Heap after GC invocations=20 (full 3):
 PSYoungGen      total 157696K, used 16868K [0x00000000f5580000, 0x0000000100000000, 0x0000000100000000)
  eden space 140800K, 0% used [0x00000000f5580000,0x00000000f5580000,0x00000000fdf00000)
  from space 16896K, 99% used [0x00000000fdf00000,0x00000000fef79230,0x00000000fef80000)
  to   space 16896K, 0% used [0x00000000fef80000,0x00000000fef80000,0x0000000100000000)
 ParOldGen       total 267264K, used 60948K [0x00000000e0000000, 0x00000000f0500000, 0x00000000f5580000)
  object space 267264K, 22% used [0x00000000e0000000,0x00000000e3b85030,0x00000000f0500000)
 Metaspace       used 62018K, capacity 70890K, committed 71088K, reserved 1110016K
  class space    used 7765K, capacity 10289K, committed 10416K, reserved 1048576K
}
Event: 6.114 GC heap before
{Heap before GC invocations=21 (full 3):
 PSYoungGen      total 157696K, used 157668K [0x00000000f5580000, 0x0000000100000000, 0x0000000100000000)
  eden space 140800K, 100% used [0x00000000f5580000,0x00000000fdf00000,0x00000000fdf00000)
  from space 16896K, 99% used [0x00000000fdf00000,0x00000000fef79230,0x00000000fef80000)
  to   space 16896K, 0% used [0x00000000fef80000,0x00000000fef80000,0x0000000100000000)
 ParOldGen       total 267264K, used 60948K [0x00000000e0000000, 0x00000000f0500000, 0x00000000f5580000)
  object space 267264K, 22% used [0x00000000e0000000,0x00000000e3b85030,0x00000000f0500000)
 Metaspace       used 62177K, capacity 71226K, committed 71344K, reserved 1110016K
  class space    used 7775K, capacity 10305K, committed 10416K, reserved 1048576K
Event: 6.123 GC heap after
Heap after GC invocations=21 (full 3):
 PSYoungGen      total 148480K, used 16883K [0x00000000f5580000, 0x0000000100000000, 0x0000000100000000)
  eden space 131584K, 0% used [0x00000000f5580000,0x00000000f5580000,0x00000000fd600000)
  from space 16896K, 99% used [0x00000000fef80000,0x00000000ffffcfa0,0x0000000100000000)
  to   space 21504K, 0% used [0x00000000fd600000,0x00000000fd600000,0x00000000feb00000)
 ParOldGen       total 267264K, used 63634K [0x00000000e0000000, 0x00000000f0500000, 0x00000000f5580000)
  object space 267264K, 23% used [0x00000000e0000000,0x00000000e3e24908,0x00000000f0500000)
 Metaspace       used 62177K, capacity 71226K, committed 71344K, reserved 1110016K
  class space    used 7775K, capacity 10305K, committed 10416K, reserved 1048576K
}

Deoptimization events (10 events):
Event: 5.785 Thread 0x0000000018bbd800 Uncommon trap: reason=unstable_if action=reinterpret pc=0x00000000034d1eec method=java.util.Arrays.hashCode([Ljava/lang/Object;)I @ 34
Event: 5.788 Thread 0x0000000018bbd800 Uncommon trap: reason=unstable_if action=reinterpret pc=0x0000000003f3ce98 method=org.robolectric.res.android.ResTable_config.isBetterThan(Lorg/robolectric/res/android/ResTable_config;Lorg/robolectric/res/android/ResTable_config;)Z @ 898
Event: 5.832 Thread 0x0000000018bbd800 Uncommon trap: reason=unstable_if action=reinterpret pc=0x0000000003e9089c method=org.robolectric.res.android.CppAssetManager2$Theme.SetTo(Lorg/robolectric/res/android/CppAssetManager2$Theme;)Z @ 53
Event: 5.832 Thread 0x0000000018bbd800 Uncommon trap: reason=unstable_if action=reinterpret pc=0x0000000003af92a0 method=org.robolectric.res.android.CppAssetManager2$Theme.SetTo(Lorg/robolectric/res/android/CppAssetManager2$Theme;)Z @ 53
Event: 5.837 Thread 0x0000000018bbd800 Uncommon trap: reason=unstable_if action=reinterpret pc=0x0000000003e8220c method=org.robolectric.res.android.CppAssetManager2$Theme.SetTo(Lorg/robolectric/res/android/CppAssetManager2$Theme;)Z @ 53
Event: 5.963 Thread 0x0000000018bbd800 Uncommon trap: reason=class_check action=maybe_recompile pc=0x0000000003d9e860 method=java.lang.reflect.Array.newInstance(Ljava/lang/Class;I)Ljava/lang/Object; @ 2
Event: 5.963 Thread 0x0000000018bbd800 Uncommon trap: reason=class_check action=maybe_recompile pc=0x0000000003d9e860 method=java.lang.reflect.Array.newInstance(Ljava/lang/Class;I)Ljava/lang/Object; @ 2
Event: 5.963 Thread 0x0000000018bbd800 Uncommon trap: reason=class_check action=maybe_recompile pc=0x0000000003d9e860 method=java.lang.reflect.Array.newInstance(Ljava/lang/Class;I)Ljava/lang/Object; @ 2
Event: 5.963 Thread 0x0000000018bbd800 Uncommon trap: reason=class_check action=maybe_recompile pc=0x0000000003d9e860 method=java.lang.reflect.Array.newInstance(Ljava/lang/Class;I)Ljava/lang/Object; @ 2
Event: 6.033 Thread 0x0000000018bbd800 Uncommon trap: reason=unstable_if action=reinterpret pc=0x0000000003980f34 method=java.lang.String.lastIndexOf([CII[CIII)I @ 66

Internal exceptions (10 events):
Event: 4.383 Thread 0x0000000018bbd800 Exception <a 'java/lang/NoSuchMethodError': java.lang.Object.lambda$comparingDouble$8dcf42ea$1(Ljava/util/function/ToDoubleFunction;Ljava/lang/Object;Ljava/lang/Object;)I> (0x00000000fe03fbb8) thrown at [C:\re\workspace\8-2-build-windows-amd64-cygwin\jdk8
Event: 4.978 Thread 0x000000001b5a3800 Exception <a 'java/lang/NoSuchFieldError': method resolution failed> (0x00000000fcf855f0) thrown at [C:\re\workspace\8-2-build-windows-amd64-cygwin\jdk8u111\7883\hotspot\src\share\vm\prims\methodHandles.cpp, line 1146]
Event: 5.091 Thread 0x0000000018bbd800 Implicit null exception at 0x0000000003a60ae8 to 0x0000000003a6158b
Event: 5.091 Thread 0x0000000018bbd800 Implicit null exception at 0x00000000034995a6 to 0x0000000003499c41
Event: 5.169 Thread 0x0000000018bbd800 Exception <a 'java/lang/NoSuchFieldError': method resolution failed> (0x00000000f76f2938) thrown at [C:\re\workspace\8-2-build-windows-amd64-cygwin\jdk8u111\7883\hotspot\src\share\vm\prims\methodHandles.cpp, line 1146]
Event: 5.219 Thread 0x0000000018bbd800 Exception <a 'java/lang/NoSuchFieldError': method resolution failed> (0x00000000f82ce928) thrown at [C:\re\workspace\8-2-build-windows-amd64-cygwin\jdk8u111\7883\hotspot\src\share\vm\prims\methodHandles.cpp, line 1146]
Event: 5.716 Thread 0x0000000018bbd800 Implicit null exception at 0x00000000031b5617 to 0x00000000031b56ed
Event: 5.767 Thread 0x0000000018bbd800 Exception <a 'java/lang/NoSuchMethodError': java.lang.Object.lambda$get$0(Ljava/lang/Object;)V> (0x00000000fcdbe8a0) thrown at [C:\re\workspace\8-2-build-windows-amd64-cygwin\jdk8u111\7883\hotspot\src\share\vm\interpreter\linkResolver.cpp, line 582]
Event: 5.785 Thread 0x0000000018bbd800 Implicit null exception at 0x00000000034d1e2f to 0x00000000034d1ecd
Event: 5.829 Thread 0x0000000018bbd800 Exception <a 'sun/nio/fs/WindowsException'> (0x00000000fd91d630) thrown at [C:\re\workspace\8-2-build-windows-amd64-cygwin\jdk8u111\7883\hotspot\src\share\vm\prims\jni.cpp, line 709]

Events (10 events):
Event: 6.163 Thread 0x00000000161f3000 flushing nmethod 0x0000000003d62090
Event: 6.163 Thread 0x00000000161f3000 flushing nmethod 0x0000000003d64550
Event: 6.164 Thread 0x00000000161f3000 flushing nmethod 0x0000000003d7dbd0
Event: 6.164 Thread 0x00000000161f3000 flushing nmethod 0x0000000003d81790
Event: 6.164 Thread 0x00000000161f3000 flushing nmethod 0x0000000003d8a710
Event: 6.164 Thread 0x00000000161f3000 flushing nmethod 0x0000000003ddfc10
Event: 6.164 Thread 0x00000000161f3000 flushing nmethod 0x0000000003de5650
Event: 6.164 Thread 0x00000000161f3000 flushing nmethod 0x0000000003de8850
Event: 6.164 Thread 0x00000000161f3000 flushing nmethod 0x0000000003dea4d0
Event: 6.164 Thread 0x00000000161f3000 flushing nmethod 0x0000000003df2490


Dynamic libraries:
0x00007ff706f50000 - 0x00007ff706f87000 	C:\Program Files\Java\jdk1.8.0_111\bin\java.exe
0x00007ff868150000 - 0x00007ff868345000 	C:\WINDOWS\SYSTEM32\ntdll.dll
0x00007ff8671e0000 - 0x00007ff86729e000 	C:\WINDOWS\System32\KERNEL32.DLL
0x00007ff865a20000 - 0x00007ff865ce9000 	C:\WINDOWS\System32\KERNELBASE.dll
0x00007ff8661a0000 - 0x00007ff86624c000 	C:\WINDOWS\System32\ADVAPI32.dll
0x00007ff866280000 - 0x00007ff86631e000 	C:\WINDOWS\System32\msvcrt.dll
0x00007ff867300000 - 0x00007ff86739b000 	C:\WINDOWS\System32\sechost.dll
0x00007ff8670b0000 - 0x00007ff8671da000 	C:\WINDOWS\System32\RPCRT4.dll
0x00007ff866320000 - 0x00007ff8664c1000 	C:\WINDOWS\System32\USER32.dll
0x00007ff865870000 - 0x00007ff865892000 	C:\WINDOWS\System32\win32u.dll
0x00007ff8664d0000 - 0x00007ff8664fb000 	C:\WINDOWS\System32\GDI32.dll
0x00007ff865f90000 - 0x00007ff86609b000 	C:\WINDOWS\System32\gdi32full.dll
0x00007ff8660a0000 - 0x00007ff86613d000 	C:\WINDOWS\System32\msvcp_win.dll
0x00007ff8658a0000 - 0x00007ff8659a0000 	C:\WINDOWS\System32\ucrtbase.dll
0x00007ff852310000 - 0x00007ff8525aa000 	C:\WINDOWS\WinSxS\amd64_microsoft.windows.common-controls_6595b64144ccf1df_6.0.19041.1110_none_60b5254171f9507e\COMCTL32.dll
0x00007ff866250000 - 0x00007ff866280000 	C:\WINDOWS\System32\IMM32.DLL
0x00000000773e0000 - 0x00000000774b2000 	C:\Program Files\Java\jdk1.8.0_111\jre\bin\msvcr100.dll
0x00000000765c0000 - 0x0000000076e5a000 	C:\Program Files\Java\jdk1.8.0_111\jre\bin\server\jvm.dll
0x00007ff866500000 - 0x00007ff866508000 	C:\WINDOWS\System32\PSAPI.DLL
0x00007ff85f3e0000 - 0x00007ff85f3e9000 	C:\WINDOWS\SYSTEM32\WSOCK32.dll
0x00007ff85cc70000 - 0x00007ff85cc7a000 	C:\WINDOWS\SYSTEM32\VERSION.dll
0x00007ff858b10000 - 0x00007ff858b37000 	C:\WINDOWS\SYSTEM32\WINMM.dll
0x00007ff866f20000 - 0x00007ff866f8b000 	C:\WINDOWS\System32\WS2_32.dll
0x0000000051450000 - 0x000000005145f000 	C:\Program Files\Java\jdk1.8.0_111\jre\bin\verify.dll
0x0000000077870000 - 0x0000000077899000 	C:\Program Files\Java\jdk1.8.0_111\jre\bin\java.dll
0x0000000077850000 - 0x0000000077866000 	C:\Program Files\Java\jdk1.8.0_111\jre\bin\zip.dll
0x00007ff8665c0000 - 0x00007ff866cff000 	C:\WINDOWS\System32\SHELL32.dll
0x00007ff863970000 - 0x00007ff864100000 	C:\WINDOWS\SYSTEM32\windows.storage.dll
0x00007ff8678a0000 - 0x00007ff867bf5000 	C:\WINDOWS\System32\combase.dll
0x00007ff8652c0000 - 0x00007ff8652ec000 	C:\WINDOWS\SYSTEM32\Wldp.dll
0x00007ff866510000 - 0x00007ff8665be000 	C:\WINDOWS\System32\SHCORE.dll
0x00007ff8672a0000 - 0x00007ff8672f5000 	C:\WINDOWS\System32\shlwapi.dll
0x00007ff8657b0000 - 0x00007ff8657cf000 	C:\WINDOWS\SYSTEM32\profapi.dll
0x0000000077830000 - 0x000000007784a000 	C:\Program Files\Java\jdk1.8.0_111\jre\bin\net.dll
0x00007ff864fb0000 - 0x00007ff86501a000 	C:\WINDOWS\system32\mswsock.dll
0x00000000773c0000 - 0x00000000773d1000 	C:\Program Files\Java\jdk1.8.0_111\jre\bin\nio.dll
0x00007ff865210000 - 0x00007ff865228000 	C:\WINDOWS\SYSTEM32\CRYPTSP.dll
0x00007ff8648d0000 - 0x00007ff864904000 	C:\WINDOWS\system32\rsaenh.dll
0x00007ff8659f0000 - 0x00007ff865a17000 	C:\WINDOWS\System32\bcrypt.dll
0x00007ff865730000 - 0x00007ff86575e000 	C:\WINDOWS\SYSTEM32\USERENV.dll
0x00007ff865f00000 - 0x00007ff865f83000 	C:\WINDOWS\System32\bcryptprimitives.dll
0x00007ff865230000 - 0x00007ff86523c000 	C:\WINDOWS\SYSTEM32\CRYPTBASE.dll
0x00007ff864ca0000 - 0x00007ff864cdb000 	C:\WINDOWS\SYSTEM32\IPHLPAPI.DLL
0x00007ff866d00000 - 0x00007ff866d08000 	C:\WINDOWS\System32\NSI.dll
0x00007ff85cc50000 - 0x00007ff85cc67000 	C:\WINDOWS\SYSTEM32\dhcpcsvc6.DLL
0x00007ff85e460000 - 0x00007ff85e47d000 	C:\WINDOWS\SYSTEM32\dhcpcsvc.DLL
0x00007ff864ce0000 - 0x00007ff864dac000 	C:\WINDOWS\SYSTEM32\DNSAPI.dll
0x0000000077390000 - 0x00000000773b4000 	C:\Program Files\Java\jdk1.8.0_111\jre\bin\sunec.dll
0x0000000077380000 - 0x000000007738b000 	C:\Program Files\Java\jdk1.8.0_111\jre\bin\sunmscapi.dll
0x00007ff865da0000 - 0x00007ff865ef6000 	C:\WINDOWS\System32\CRYPT32.dll
0x00000000771e0000 - 0x0000000077378000 	C:\Program Files\Java\jdk1.8.0_111\jre\bin\awt.dll
0x00007ff867eb0000 - 0x00007ff867f7d000 	C:\WINDOWS\System32\OLEAUT32.dll
0x00007ff862e60000 - 0x00007ff862ef0000 	C:\WINDOWS\SYSTEM32\apphelp.dll
0x00007ff862fd0000 - 0x00007ff8631b4000 	C:\WINDOWS\SYSTEM32\dbghelp.dll

VM Arguments:
jvm_args: -Djava.awt.headless=true -Djava.security.manager=worker.org.gradle.process.internal.worker.child.BootstrapSecurityManager -Dorg.gradle.native=false -Xmx512m -Dfile.encoding=windows-1252 -Duser.country=ID -Duser.language=en -Duser.variant -ea 
java_command: worker.org.gradle.process.internal.worker.GradleWorkerMain 'Gradle Test Executor 19'
java_class_path (initial): C:\Users\Lenovo\.gradle\caches\6.1.1\workerMain\gradle-worker.jar
Launcher Type: SUN_STANDARD

Environment Variables:
USERNAME=Lenovo
OS=Windows_NT
PROCESSOR_IDENTIFIER=Intel64 Family 6 Model 165 Stepping 2, GenuineIntel



---------------  S Y S T E M  ---------------

OS: Windows 10.0 , 64 bit Build 19041 (10.0.19041.1202)

CPU:total 12 (6 cores per cpu, 2 threads per core) family 6 model 165 stepping 2, cmov, cx8, fxsr, mmx, sse, sse2, sse3, ssse3, sse4.1, sse4.2, popcnt, avx, avx2, aes, clmul, erms, 3dnowpref, lzcnt, ht, tsc, tscinvbit, bmi1, bmi2, adx

Memory: 4k page, physical 16682800k(4611720k free), swap 21347336k(3889860k free)

vm_info: Java HotSpot(TM) 64-Bit Server VM (25.111-b14) for windows-amd64 JRE (1.8.0_111-b14), built on Sep 22 2016 19:24:05 by "java_re" with MS VC++ 10.0 (VS2010)

time: Fri Oct 08 09:24:06 2021
elapsed time: 6 seconds (0d 0h 0m 6s)

