#
# A fatal error has been detected by the Java Runtime Environment:
#
#  EXCEPTION_ACCESS_VIOLATION (0xc0000005) at pc=0x0000000076603608, pid=26536, tid=0x0000000000004268
#
# JRE version: Java(TM) SE Runtime Environment (8.0_111-b14) (build 1.8.0_111-b14)
# Java VM: Java HotSpot(TM) 64-Bit Server VM (25.111-b14 mixed mode windows-amd64 compressed oops)
# Problematic frame:
# V  [jvm.dll+0x43608]
#
# Failed to write core dump. Minidumps are not enabled by default on client versions of Windows
#
# If you would like to submit a bug report, please visit:
#   http://bugreport.java.com/bugreport/crash.jsp
#

---------------  T H R E A D  ---------------

Current thread (0x0000000016445000):  JavaThread "C1 CompilerThread3" daemon [_thread_in_vm, id=17000, stack(0x0000000017e60000,0x0000000017f60000)]

siginfo: ExceptionCode=0xc0000005, reading address 0xffffffffffffffff

Registers:
RAX=0x0000000016445000, RBX=0x00000000031d8b80, RCX=0x00000000031d8b80, RDX=0x00000000031d8b80
RSP=0x0000000017f5cfe0, RBP=0x00000000164819e0, RSI=0x00000000031d8b80, RDI=0x0000000000000000
R8 =0x49362012ffff0013, R9 =0x0000000000000000, R10=0x0000000016481c10, R11=0x00000000197a4440
R12=0x0000000016445000, R13=0x00000000164819e0, R14=0x000000001c573db0, R15=0x0000000000000000
RIP=0x0000000076603608, EFLAGS=0x0000000000010202

Top of Stack: (sp=0x0000000017f5cfe0)
0x0000000017f5cfe0:   00000000000000b6 0000000017f5f590
0x0000000017f5cff0:   0000000000000000 0000000000000077
0x0000000017f5d000:   000000001cbc1e80 0000000017f5f590
0x0000000017f5d010:   0000000017f5d0f0 00000000765efe25
0x0000000017f5d020:   00000000000000e9 0000000076603999
0x0000000017f5d030:   0000000000000077 0000000000000077
0x0000000017f5d040:   0000000000000000 0000000000000000
0x0000000017f5d050:   00000000000000b6 000000001dac2ff0
0x0000000017f5d060:   000000001642f5c0 0000000076601c6b
0x0000000017f5d070:   0000000000000000 0000000016445000
0x0000000017f5d080:   000000001c575570 00000000765ece0f
0x0000000017f5d090:   0000000016445000 0000000076606f80
0x0000000017f5d0a0:   0000000016445000 0000000016445000
0x0000000017f5d0b0:   000000001dac2ff0 00000000769e0aeb
0x0000000017f5d0c0:   0000000000000000 0000000000000000
0x0000000017f5d0d0:   000000001c575570 0000000000000000 

Instructions: (pc=0x0000000076603608)
0x00000000766035e8:   00 48 8b da ff 15 fe 7d 59 00 44 0f b6 05 5a d9
0x00000000766035f8:   7a 00 4c 8b e0 45 84 c0 74 39 4c 8b 03 48 8b cb
0x0000000076603608:   41 ff 50 08 84 c0 74 2b 83 7b 08 00 7e 25 0f b6
0x0000000076603618:   83 0e 01 00 00 c0 e8 03 a8 01 74 17 48 8b 03 48 


Register to memory mapping:

RAX=0x0000000016445000 is a thread
RBX=0x00000000031d8b80 is an unknown value
RCX=0x00000000031d8b80 is an unknown value
RDX=0x00000000031d8b80 is an unknown value
RSP=0x0000000017f5cfe0 is pointing into the stack for thread: 0x0000000016445000
RBP=0x00000000164819e0 is an unknown value
RSI=0x00000000031d8b80 is an unknown value
RDI=0x0000000000000000 is an unknown value
R8 =0x49362012ffff0013 is an unknown value
R9 =0x0000000000000000 is an unknown value
R10=0x0000000016481c10 is an unknown value
R11=0x00000000197a4440 is an unknown value
R12=0x0000000016445000 is a thread
R13=0x00000000164819e0 is an unknown value
R14=0x000000001c573db0 is an unknown value
R15=0x0000000000000000 is an unknown value


Stack: [0x0000000017e60000,0x0000000017f60000],  sp=0x0000000017f5cfe0,  free space=1011k
Native frames: (J=compiled Java code, j=interpreted, Vv=VM code, C=native code)
V  [jvm.dll+0x43608]
V  [jvm.dll+0x43999]
V  [jvm.dll+0x41c6b]
V  [jvm.dll+0x420aeb]
V  [jvm.dll+0x41b8da]
V  [jvm.dll+0x41e727]
V  [jvm.dll+0x41eeeb]
V  [jvm.dll+0x41fde6]
V  [jvm.dll+0x420048]
V  [jvm.dll+0x42047b]
V  [jvm.dll+0x41ffd5]
V  [jvm.dll+0x41bd3b]
V  [jvm.dll+0x41e727]
V  [jvm.dll+0x41eeeb]
V  [jvm.dll+0x41fde6]
V  [jvm.dll+0x420048]
V  [jvm.dll+0x42047b]
V  [jvm.dll+0x41ffd5]
V  [jvm.dll+0x41bd3b]
V  [jvm.dll+0x41e727]
V  [jvm.dll+0x41f01d]
V  [jvm.dll+0x41fde6]
V  [jvm.dll+0x420048]
V  [jvm.dll+0x42047b]
V  [jvm.dll+0x41ffd5]
V  [jvm.dll+0x41bd3b]
V  [jvm.dll+0x41e727]
V  [jvm.dll+0x41eeeb]
V  [jvm.dll+0x41fde6]
V  [jvm.dll+0x420048]
V  [jvm.dll+0x42047b]
V  [jvm.dll+0x41ffd5]
V  [jvm.dll+0x41bd3b]
V  [jvm.dll+0x41e727]
V  [jvm.dll+0x41f01d]
V  [jvm.dll+0x41fde6]
V  [jvm.dll+0x420048]
V  [jvm.dll+0x42047b]
V  [jvm.dll+0x41ffd5]
V  [jvm.dll+0x41bd3b]
V  [jvm.dll+0x41e727]
V  [jvm.dll+0x41eeeb]
V  [jvm.dll+0x41fde6]
V  [jvm.dll+0x420048]
V  [jvm.dll+0x41bd3b]
V  [jvm.dll+0x41e727]
V  [jvm.dll+0x41eeeb]
V  [jvm.dll+0x41fde6]
V  [jvm.dll+0x420048]
V  [jvm.dll+0x41bd3b]
V  [jvm.dll+0x41e727]
V  [jvm.dll+0x41f01d]
V  [jvm.dll+0x41f412]
V  [jvm.dll+0x4244f5]
V  [jvm.dll+0x424600]
V  [jvm.dll+0x40ddb8]
V  [jvm.dll+0x40e021]
V  [jvm.dll+0x40e1e2]
V  [jvm.dll+0x40e3b1]
V  [jvm.dll+0x40e5bf]
V  [jvm.dll+0xa5742]
V  [jvm.dll+0xa607f]
V  [jvm.dll+0x244b7f]
V  [jvm.dll+0x29c43a]
C  [msvcr100.dll+0x21d9f]
C  [msvcr100.dll+0x21e3b]
C  [KERNEL32.DLL+0x17034]
C  [ntdll.dll+0x52651]


Current CompileTask:
C1:   6942 6893       3       android.content.res.TypedArray::$$robo$$android_content_res_TypedArray$loadStringValueAt (51 bytes)


---------------  P R O C E S S  ---------------

Java Threads: ( => current thread )
  0x0000000018ade000 JavaThread "Java2D Disposer" daemon [_thread_blocked, id=30100, stack(0x000000001c710000,0x000000001c810000)]
  0x0000000018ae1800 JavaThread "SDK 28 Main Thread" [_thread_in_vm, id=10352, stack(0x000000001a470000,0x000000001a570000)]
  0x0000000018ae1000 JavaThread "/127.0.0.1:60367 to /127.0.0.1:60366 workers Thread 3" [_thread_in_native, id=25256, stack(0x0000000019f70000,0x000000001a070000)]
  0x0000000018ae0000 JavaThread "/127.0.0.1:60367 to /127.0.0.1:60366 workers Thread 2" [_thread_blocked, id=31196, stack(0x0000000019e70000,0x0000000019f70000)]
  0x00000000186ed800 JavaThread "Test worker" [_thread_blocked, id=29948, stack(0x0000000019a30000,0x0000000019b30000)]
  0x00000000164d2800 JavaThread "Service Thread" daemon [_thread_blocked, id=11608, stack(0x0000000017f60000,0x0000000018060000)]
=>0x0000000016445000 JavaThread "C1 CompilerThread3" daemon [_thread_in_vm, id=17000, stack(0x0000000017e60000,0x0000000017f60000)]
  0x0000000016440800 JavaThread "C2 CompilerThread2" daemon [_thread_blocked, id=30384, stack(0x0000000017d60000,0x0000000017e60000)]
  0x000000001643d800 JavaThread "C2 CompilerThread1" daemon [_thread_blocked, id=14828, stack(0x0000000017c60000,0x0000000017d60000)]
  0x000000001643b000 JavaThread "C2 CompilerThread0" daemon [_thread_blocked, id=30340, stack(0x0000000017b60000,0x0000000017c60000)]
  0x0000000016436800 JavaThread "Attach Listener" daemon [_thread_blocked, id=28416, stack(0x0000000017a60000,0x0000000017b60000)]
  0x0000000016436000 JavaThread "Signal Dispatcher" daemon [_thread_blocked, id=26364, stack(0x0000000017960000,0x0000000017a60000)]
  0x00000000163b3000 JavaThread "Finalizer" daemon [_thread_blocked, id=11056, stack(0x0000000017620000,0x0000000017720000)]
  0x000000000327a000 JavaThread "Reference Handler" daemon [_thread_blocked, id=22368, stack(0x0000000017520000,0x0000000017620000)]
  0x000000000307e000 JavaThread "main" [_thread_blocked, id=1820, stack(0x0000000003080000,0x0000000003180000)]

Other Threads:
  0x0000000014ce6800 VMThread [stack: 0x0000000017420000,0x0000000017520000] [id=25532]
  0x00000000165ba800 WatcherThread [stack: 0x0000000018060000,0x0000000018160000] [id=17796]

VM state:not at safepoint (normal execution)

VM Mutex/Monitor currently owned by a thread: None

Heap:
 PSYoungGen      total 151040K, used 56360K [0x00000000f5580000, 0x0000000100000000, 0x0000000100000000)
  eden space 127488K, 33% used [0x00000000f5580000,0x00000000f7f4efc8,0x00000000fd200000)
  from space 23552K, 57% used [0x00000000fd200000,0x00000000fdf3b1f0,0x00000000fe900000)
  to   space 23040K, 0% used [0x00000000fe980000,0x00000000fe980000,0x0000000100000000)
 ParOldGen       total 267776K, used 78685K [0x00000000e0000000, 0x00000000f0580000, 0x00000000f5580000)
  object space 267776K, 29% used [0x00000000e0000000,0x00000000e4cd74c8,0x00000000f0580000)
 Metaspace       used 61810K, capacity 71209K, committed 71384K, reserved 1110016K
  class space    used 7574K, capacity 10165K, committed 10240K, reserved 1048576K

Card table byte_map: [0x0000000012640000,0x0000000012750000] byte_map_base: 0x0000000011f40000

Marking Bits: (ParMarkBitMap*) 0x0000000076dda6c0
 Begin Bits: [0x0000000013200000, 0x0000000013a00000)
 End Bits:   [0x0000000013a00000, 0x0000000014200000)

Polling page: 0x0000000001780000

CodeCache: size=245760Kb used=19555Kb max_used=19650Kb free=226204Kb
 bounds [0x0000000003280000, 0x00000000045e0000, 0x0000000012280000]
 total_blobs=7118 nmethods=5595 adapters=1435
 compilation: enabled

Compilation events (10 events):
Event: 6.853 Thread 0x000000001643b000 6889       4       java.lang.invoke.LambdaForm$DMH/411631404::invokeStatic__L (13 bytes)
Event: 6.853 Thread 0x000000001643b000 nmethod 6889 0x00000000036c3050 code [0x00000000036c31a0, 0x00000000036c3228]
Event: 6.854 Thread 0x0000000016445000 nmethod 6888 0x00000000045c6b90 code [0x00000000045c71c0, 0x00000000045cc018]
Event: 6.854 Thread 0x0000000016445000 6890   !   3       org.robolectric.util.ReflectionHelpers::callConstructor (121 bytes)
Event: 6.855 Thread 0x0000000016445000 nmethod 6890 0x0000000003ea9110 code [0x0000000003ea9460, 0x0000000003eaaf48]
Event: 6.855 Thread 0x0000000016445000 6891       3       java.lang.invoke.LambdaForm$MH/1342161973::exactInvoker (51 bytes)
Event: 6.855 Thread 0x0000000016445000 nmethod 6891 0x0000000003dd8610 code [0x0000000003dd8800, 0x0000000003dd94e8]
Event: 6.855 Thread 0x0000000016445000 6892       3       org.robolectric.shadows.ShadowPaint::<init> (12 bytes)
Event: 6.856 Thread 0x0000000016445000 nmethod 6892 0x0000000003733110 code [0x0000000003733280, 0x0000000003733450]
Event: 6.888 Thread 0x0000000016445000 6893       3       android.content.res.TypedArray::$$robo$$android_content_res_TypedArray$loadStringValueAt (51 bytes)

GC Heap History (10 events):
Event: 5.350 GC heap before
{Heap before GC invocations=18 (full 3):
 PSYoungGen      total 160256K, used 152753K [0x00000000f5580000, 0x0000000100000000, 0x0000000100000000)
  eden space 145920K, 100% used [0x00000000f5580000,0x00000000fe400000,0x00000000fe400000)
  from space 14336K, 47% used [0x00000000ff200000,0x00000000ff8ac548,0x0000000100000000)
  to   space 14336K, 0% used [0x00000000fe400000,0x00000000fe400000,0x00000000ff200000)
 ParOldGen       total 267776K, used 61034K [0x00000000e0000000, 0x00000000f0580000, 0x00000000f5580000)
  object space 267776K, 22% used [0x00000000e0000000,0x00000000e3b9a840,0x00000000f0580000)
 Metaspace       used 56884K, capacity 63523K, committed 63832K, reserved 1103872K
  class space    used 6783K, capacity 8777K, committed 8832K, reserved 1048576K
Event: 5.356 GC heap after
Heap after GC invocations=18 (full 3):
 PSYoungGen      total 157184K, used 11219K [0x00000000f5580000, 0x0000000100000000, 0x0000000100000000)
  eden space 145920K, 0% used [0x00000000f5580000,0x00000000f5580000,0x00000000fe400000)
  from space 11264K, 99% used [0x00000000fe400000,0x00000000feef4cb0,0x00000000fef00000)
  to   space 14848K, 0% used [0x00000000ff180000,0x00000000ff180000,0x0000000100000000)
 ParOldGen       total 267776K, used 61042K [0x00000000e0000000, 0x00000000f0580000, 0x00000000f5580000)
  object space 267776K, 22% used [0x00000000e0000000,0x00000000e3b9c840,0x00000000f0580000)
 Metaspace       used 56884K, capacity 63523K, committed 63832K, reserved 1103872K
  class space    used 6783K, capacity 8777K, committed 8832K, reserved 1048576K
}
Event: 5.875 GC heap before
{Heap before GC invocations=19 (full 3):
 PSYoungGen      total 157184K, used 157139K [0x00000000f5580000, 0x0000000100000000, 0x0000000100000000)
  eden space 145920K, 100% used [0x00000000f5580000,0x00000000fe400000,0x00000000fe400000)
  from space 11264K, 99% used [0x00000000fe400000,0x00000000feef4cb0,0x00000000fef00000)
  to   space 14848K, 0% used [0x00000000ff180000,0x00000000ff180000,0x0000000100000000)
 ParOldGen       total 267776K, used 61042K [0x00000000e0000000, 0x00000000f0580000, 0x00000000f5580000)
  object space 267776K, 22% used [0x00000000e0000000,0x00000000e3b9c840,0x00000000f0580000)
 Metaspace       used 60720K, capacity 69273K, committed 69464K, reserved 1107968K
  class space    used 7513K, capacity 10009K, committed 10112K, reserved 1048576K
Event: 5.884 GC heap after
Heap after GC invocations=19 (full 3):
 PSYoungGen      total 155648K, used 14847K [0x00000000f5580000, 0x0000000100000000, 0x0000000100000000)
  eden space 140800K, 0% used [0x00000000f5580000,0x00000000f5580000,0x00000000fdf00000)
  from space 14848K, 99% used [0x00000000ff180000,0x00000000ffffff90,0x0000000100000000)
  to   space 16896K, 0% used [0x00000000fdf00000,0x00000000fdf00000,0x00000000fef80000)
 ParOldGen       total 267776K, used 62305K [0x00000000e0000000, 0x00000000f0580000, 0x00000000f5580000)
  object space 267776K, 23% used [0x00000000e0000000,0x00000000e3cd8788,0x00000000f0580000)
 Metaspace       used 60720K, capacity 69273K, committed 69464K, reserved 1107968K
  class space    used 7513K, capacity 10009K, committed 10112K, reserved 1048576K
}
Event: 6.228 GC heap before
{Heap before GC invocations=20 (full 3):
 PSYoungGen      total 155648K, used 155647K [0x00000000f5580000, 0x0000000100000000, 0x0000000100000000)
  eden space 140800K, 100% used [0x00000000f5580000,0x00000000fdf00000,0x00000000fdf00000)
  from space 14848K, 99% used [0x00000000ff180000,0x00000000ffffff90,0x0000000100000000)
  to   space 16896K, 0% used [0x00000000fdf00000,0x00000000fdf00000,0x00000000fef80000)
 ParOldGen       total 267776K, used 62305K [0x00000000e0000000, 0x00000000f0580000, 0x00000000f5580000)
  object space 267776K, 23% used [0x00000000e0000000,0x00000000e3cd8788,0x00000000f0580000)
 Metaspace       used 61105K, capacity 70009K, committed 70232K, reserved 1110016K
  class space    used 7535K, capacity 10065K, committed 10112K, reserved 1048576K
Event: 6.236 GC heap after
Heap after GC invocations=20 (full 3):
 PSYoungGen      total 157696K, used 16876K [0x00000000f5580000, 0x0000000100000000, 0x0000000100000000)
  eden space 140800K, 0% used [0x00000000f5580000,0x00000000f5580000,0x00000000fdf00000)
  from space 16896K, 99% used [0x00000000fdf00000,0x00000000fef7b230,0x00000000fef80000)
  to   space 16896K, 0% used [0x00000000fef80000,0x00000000fef80000,0x0000000100000000)
 ParOldGen       total 267776K, used 65520K [0x00000000e0000000, 0x00000000f0580000, 0x00000000f5580000)
  object space 267776K, 24% used [0x00000000e0000000,0x00000000e3ffc060,0x00000000f0580000)
 Metaspace       used 61105K, capacity 70009K, committed 70232K, reserved 1110016K
  class space    used 7535K, capacity 10065K, committed 10112K, reserved 1048576K
}
Event: 6.619 GC heap before
{Heap before GC invocations=21 (full 3):
 PSYoungGen      total 157696K, used 157676K [0x00000000f5580000, 0x0000000100000000, 0x0000000100000000)
  eden space 140800K, 100% used [0x00000000f5580000,0x00000000fdf00000,0x00000000fdf00000)
  from space 16896K, 99% used [0x00000000fdf00000,0x00000000fef7b230,0x00000000fef80000)
  to   space 16896K, 0% used [0x00000000fef80000,0x00000000fef80000,0x0000000100000000)
 ParOldGen       total 267776K, used 65520K [0x00000000e0000000, 0x00000000f0580000, 0x00000000f5580000)
  object space 267776K, 24% used [0x00000000e0000000,0x00000000e3ffc060,0x00000000f0580000)
 Metaspace       used 61648K, capacity 70923K, committed 71128K, reserved 1110016K
  class space    used 7568K, capacity 10156K, committed 10240K, reserved 1048576K
Event: 6.627 GC heap after
Heap after GC invocations=21 (full 3):
 PSYoungGen      total 144384K, used 16873K [0x00000000f5580000, 0x0000000100000000, 0x0000000100000000)
  eden space 127488K, 0% used [0x00000000f5580000,0x00000000f5580000,0x00000000fd200000)
  from space 16896K, 99% used [0x00000000fef80000,0x00000000ffffa400,0x0000000100000000)
  to   space 23552K, 0% used [0x00000000fd200000,0x00000000fd200000,0x00000000fe900000)
 ParOldGen       total 267776K, used 71004K [0x00000000e0000000, 0x00000000f0580000, 0x00000000f5580000)
  object space 267776K, 26% used [0x00000000e0000000,0x00000000e4557328,0x00000000f0580000)
 Metaspace       used 61648K, capacity 70923K, committed 71128K, reserved 1110016K
  class space    used 7568K, capacity 10156K, committed 10240K, reserved 1048576K
}
Event: 6.864 GC heap before
{Heap before GC invocations=22 (full 3):
 PSYoungGen      total 144384K, used 144361K [0x00000000f5580000, 0x0000000100000000, 0x0000000100000000)
  eden space 127488K, 100% used [0x00000000f5580000,0x00000000fd200000,0x00000000fd200000)
  from space 16896K, 99% used [0x00000000fef80000,0x00000000ffffa400,0x0000000100000000)
  to   space 23552K, 0% used [0x00000000fd200000,0x00000000fd200000,0x00000000fe900000)
 ParOldGen       total 267776K, used 71004K [0x00000000e0000000, 0x00000000f0580000, 0x00000000f5580000)
  object space 267776K, 26% used [0x00000000e0000000,0x00000000e4557328,0x00000000f0580000)
 Metaspace       used 61810K, capacity 71209K, committed 71384K, reserved 1110016K
  class space    used 7574K, capacity 10165K, committed 10240K, reserved 1048576K
Event: 6.871 GC heap after
Heap after GC invocations=22 (full 3):
 PSYoungGen      total 151040K, used 13548K [0x00000000f5580000, 0x0000000100000000, 0x0000000100000000)
  eden space 127488K, 0% used [0x00000000f5580000,0x00000000f5580000,0x00000000fd200000)
  from space 23552K, 57% used [0x00000000fd200000,0x00000000fdf3b1f0,0x00000000fe900000)
  to   space 23040K, 0% used [0x00000000fe980000,0x00000000fe980000,0x0000000100000000)
 ParOldGen       total 267776K, used 78685K [0x00000000e0000000, 0x00000000f0580000, 0x00000000f5580000)
  object space 267776K, 29% used [0x00000000e0000000,0x00000000e4cd74c8,0x00000000f0580000)
 Metaspace       used 61810K, capacity 71209K, committed 71384K, reserved 1110016K
  class space    used 7574K, capacity 10165K, committed 10240K, reserved 1048576K
}

Deoptimization events (10 events):
Event: 5.716 Thread 0x00000000186ed800 Uncommon trap: reason=class_check action=maybe_recompile pc=0x0000000003cc59b4 method=com.google.common.collect.ImmutableSet$RegularSetBuilderImpl.add(Ljava/lang/Object;)Lcom/google/common/collect/ImmutableSet$SetBuilderImpl; @ 6
Event: 5.716 Thread 0x00000000186ed800 Uncommon trap: reason=class_check action=maybe_recompile pc=0x0000000003cc59b4 method=com.google.common.collect.ImmutableSet$RegularSetBuilderImpl.add(Ljava/lang/Object;)Lcom/google/common/collect/ImmutableSet$SetBuilderImpl; @ 6
Event: 5.716 Thread 0x00000000186ed800 Uncommon trap: reason=unstable_if action=reinterpret pc=0x00000000038c27cc method=org.robolectric.internal.bytecode.MethodRef.equals(Ljava/lang/Object;)Z @ 2
Event: 5.718 Thread 0x0000000018ae1800 Uncommon trap: reason=unstable_if action=reinterpret pc=0x0000000003a8de6c method=java.util.Arrays.hashCode([Ljava/lang/Object;)I @ 34
Event: 5.724 Thread 0x0000000018ae1800 Uncommon trap: reason=unstable_if action=reinterpret pc=0x00000000039c03b4 method=org.robolectric.res.android.ResTable_config.isBetterThan(Lorg/robolectric/res/android/ResTable_config;Lorg/robolectric/res/android/ResTable_config;)Z @ 898
Event: 5.989 Thread 0x0000000018ae1800 Uncommon trap: reason=class_check action=maybe_recompile pc=0x0000000003af5618 method=java.lang.Character.codePointAt(Ljava/lang/CharSequence;I)I @ 2
Event: 5.989 Thread 0x0000000018ae1800 Uncommon trap: reason=class_check action=maybe_recompile pc=0x0000000003af5618 method=java.lang.Character.codePointAt(Ljava/lang/CharSequence;I)I @ 2
Event: 6.246 Thread 0x0000000018ae1800 Uncommon trap: reason=unstable_if action=reinterpret pc=0x000000000427fb14 method=com.google.common.base.Objects.equal(Ljava/lang/Object;Ljava/lang/Object;)Z @ 2
Event: 6.251 Thread 0x0000000018ae1800 Uncommon trap: reason=unstable_if action=reinterpret pc=0x000000000424fea0 method=com.google.common.base.Objects.equal(Ljava/lang/Object;Ljava/lang/Object;)Z @ 2
Event: 6.303 Thread 0x0000000018ae1800 Uncommon trap: reason=unstable_if action=reinterpret pc=0x0000000003eedef4 method=java.util.WeakHashMap.remove(Ljava/lang/Object;)Ljava/lang/Object; @ 94

Internal exceptions (10 events):
Event: 5.493 Thread 0x0000000018ae1800 Exception <a 'java/lang/NoSuchFieldError': method resolution failed> (0x00000000f6957570) thrown at [C:\re\workspace\8-2-build-windows-amd64-cygwin\jdk8u111\7883\hotspot\src\share\vm\prims\methodHandles.cpp, line 1146]
Event: 5.546 Thread 0x0000000018ae1800 Exception <a 'java/lang/NoSuchFieldError': method resolution failed> (0x00000000f7525fa0) thrown at [C:\re\workspace\8-2-build-windows-amd64-cygwin\jdk8u111\7883\hotspot\src\share\vm\prims\methodHandles.cpp, line 1146]
Event: 5.652 Thread 0x0000000018ae1800 Implicit null exception at 0x0000000003f47f17 to 0x0000000003f47fe5
Event: 5.701 Thread 0x0000000018ae1800 Exception <a 'java/lang/NoSuchMethodError': java.lang.Object.lambda$get$0(Ljava/lang/Object;)V> (0x00000000f9d21990) thrown at [C:\re\workspace\8-2-build-windows-amd64-cygwin\jdk8u111\7883\hotspot\src\share\vm\interpreter\linkResolver.cpp, line 582]
Event: 5.718 Thread 0x0000000018ae1800 Implicit null exception at 0x0000000003a8ddaf to 0x0000000003a8de4d
Event: 5.766 Thread 0x0000000018ae1800 Exception <a 'sun/nio/fs/WindowsException'> (0x00000000fa8e46a0) thrown at [C:\re\workspace\8-2-build-windows-amd64-cygwin\jdk8u111\7883\hotspot\src\share\vm\prims\jni.cpp, line 709]
Event: 6.053 Thread 0x0000000018ae1800 Exception <a 'sun/nio/fs/WindowsException'> (0x00000000f8983238) thrown at [C:\re\workspace\8-2-build-windows-amd64-cygwin\jdk8u111\7883\hotspot\src\share\vm\prims\jni.cpp, line 709]
Event: 6.351 Thread 0x0000000018ae1800 Exception <a 'sun/nio/fs/WindowsException'> (0x00000000f6762858) thrown at [C:\re\workspace\8-2-build-windows-amd64-cygwin\jdk8u111\7883\hotspot\src\share\vm\prims\jni.cpp, line 709]
Event: 6.578 Thread 0x0000000018ae1800 Exception <a 'sun/nio/fs/WindowsException'> (0x00000000fc840f50) thrown at [C:\re\workspace\8-2-build-windows-amd64-cygwin\jdk8u111\7883\hotspot\src\share\vm\prims\jni.cpp, line 709]
Event: 6.778 Thread 0x0000000018ae1800 Exception <a 'sun/nio/fs/WindowsException'> (0x00000000fa0190a0) thrown at [C:\re\workspace\8-2-build-windows-amd64-cygwin\jdk8u111\7883\hotspot\src\share\vm\prims\jni.cpp, line 709]

Events (10 events):
Event: 6.820 Thread 0x0000000016445000 flushing nmethod 0x000000000404c710
Event: 6.820 Thread 0x0000000016445000 flushing nmethod 0x00000000040a9390
Event: 6.820 Thread 0x0000000016445000 flushing nmethod 0x00000000040d9190
Event: 6.821 Thread 0x0000000016445000 flushing nmethod 0x0000000004129410
Event: 6.864 Executing VM operation: ParallelGCFailedAllocation
Event: 6.871 Executing VM operation: ParallelGCFailedAllocation done
Event: 6.871 Executing VM operation: RevokeBias
Event: 6.871 Executing VM operation: RevokeBias done
Event: 6.872 Executing VM operation: RevokeBias
Event: 6.872 Executing VM operation: RevokeBias done


Dynamic libraries:
0x00007ff706f50000 - 0x00007ff706f87000 	C:\Program Files\Java\jdk1.8.0_111\bin\java.exe
0x00007ff868150000 - 0x00007ff868345000 	C:\WINDOWS\SYSTEM32\ntdll.dll
0x00007ff8671e0000 - 0x00007ff86729e000 	C:\WINDOWS\System32\KERNEL32.DLL
0x00007ff865a20000 - 0x00007ff865ce9000 	C:\WINDOWS\System32\KERNELBASE.dll
0x00007ff8661a0000 - 0x00007ff86624c000 	C:\WINDOWS\System32\ADVAPI32.dll
0x00007ff866280000 - 0x00007ff86631e000 	C:\WINDOWS\System32\msvcrt.dll
0x00007ff867300000 - 0x00007ff86739b000 	C:\WINDOWS\System32\sechost.dll
0x00007ff8670b0000 - 0x00007ff8671da000 	C:\WINDOWS\System32\RPCRT4.dll
0x00007ff866320000 - 0x00007ff8664c1000 	C:\WINDOWS\System32\USER32.dll
0x00007ff865870000 - 0x00007ff865892000 	C:\WINDOWS\System32\win32u.dll
0x00007ff8664d0000 - 0x00007ff8664fb000 	C:\WINDOWS\System32\GDI32.dll
0x00007ff865f90000 - 0x00007ff86609b000 	C:\WINDOWS\System32\gdi32full.dll
0x00007ff8660a0000 - 0x00007ff86613d000 	C:\WINDOWS\System32\msvcp_win.dll
0x00007ff8658a0000 - 0x00007ff8659a0000 	C:\WINDOWS\System32\ucrtbase.dll
0x00007ff852310000 - 0x00007ff8525aa000 	C:\WINDOWS\WinSxS\amd64_microsoft.windows.common-controls_6595b64144ccf1df_6.0.19041.1110_none_60b5254171f9507e\COMCTL32.dll
0x00007ff866250000 - 0x00007ff866280000 	C:\WINDOWS\System32\IMM32.DLL
0x00000000773e0000 - 0x00000000774b2000 	C:\Program Files\Java\jdk1.8.0_111\jre\bin\msvcr100.dll
0x00000000765c0000 - 0x0000000076e5a000 	C:\Program Files\Java\jdk1.8.0_111\jre\bin\server\jvm.dll
0x00007ff866500000 - 0x00007ff866508000 	C:\WINDOWS\System32\PSAPI.DLL
0x00007ff85f3e0000 - 0x00007ff85f3e9000 	C:\WINDOWS\SYSTEM32\WSOCK32.dll
0x00007ff858b10000 - 0x00007ff858b37000 	C:\WINDOWS\SYSTEM32\WINMM.dll
0x00007ff85cc70000 - 0x00007ff85cc7a000 	C:\WINDOWS\SYSTEM32\VERSION.dll
0x00007ff866f20000 - 0x00007ff866f8b000 	C:\WINDOWS\System32\WS2_32.dll
0x0000000051450000 - 0x000000005145f000 	C:\Program Files\Java\jdk1.8.0_111\jre\bin\verify.dll
0x0000000077870000 - 0x0000000077899000 	C:\Program Files\Java\jdk1.8.0_111\jre\bin\java.dll
0x0000000077850000 - 0x0000000077866000 	C:\Program Files\Java\jdk1.8.0_111\jre\bin\zip.dll
0x00007ff8665c0000 - 0x00007ff866cff000 	C:\WINDOWS\System32\SHELL32.dll
0x00007ff863970000 - 0x00007ff864100000 	C:\WINDOWS\SYSTEM32\windows.storage.dll
0x00007ff8678a0000 - 0x00007ff867bf5000 	C:\WINDOWS\System32\combase.dll
0x00007ff8652c0000 - 0x00007ff8652ec000 	C:\WINDOWS\SYSTEM32\Wldp.dll
0x00007ff866510000 - 0x00007ff8665be000 	C:\WINDOWS\System32\SHCORE.dll
0x00007ff8672a0000 - 0x00007ff8672f5000 	C:\WINDOWS\System32\shlwapi.dll
0x00007ff8657b0000 - 0x00007ff8657cf000 	C:\WINDOWS\SYSTEM32\profapi.dll
0x0000000077830000 - 0x000000007784a000 	C:\Program Files\Java\jdk1.8.0_111\jre\bin\net.dll
0x00007ff864fb0000 - 0x00007ff86501a000 	C:\WINDOWS\system32\mswsock.dll
0x00000000773c0000 - 0x00000000773d1000 	C:\Program Files\Java\jdk1.8.0_111\jre\bin\nio.dll
0x00007ff865210000 - 0x00007ff865228000 	C:\WINDOWS\SYSTEM32\CRYPTSP.dll
0x00007ff8648d0000 - 0x00007ff864904000 	C:\WINDOWS\system32\rsaenh.dll
0x00007ff8659f0000 - 0x00007ff865a17000 	C:\WINDOWS\System32\bcrypt.dll
0x00007ff865730000 - 0x00007ff86575e000 	C:\WINDOWS\SYSTEM32\USERENV.dll
0x00007ff865f00000 - 0x00007ff865f83000 	C:\WINDOWS\System32\bcryptprimitives.dll
0x00007ff865230000 - 0x00007ff86523c000 	C:\WINDOWS\SYSTEM32\CRYPTBASE.dll
0x00007ff864ca0000 - 0x00007ff864cdb000 	C:\WINDOWS\SYSTEM32\IPHLPAPI.DLL
0x00007ff866d00000 - 0x00007ff866d08000 	C:\WINDOWS\System32\NSI.dll
0x00007ff85cc50000 - 0x00007ff85cc67000 	C:\WINDOWS\SYSTEM32\dhcpcsvc6.DLL
0x00007ff85e460000 - 0x00007ff85e47d000 	C:\WINDOWS\SYSTEM32\dhcpcsvc.DLL
0x00007ff864ce0000 - 0x00007ff864dac000 	C:\WINDOWS\SYSTEM32\DNSAPI.dll
0x0000000077390000 - 0x00000000773b4000 	C:\Program Files\Java\jdk1.8.0_111\jre\bin\sunec.dll
0x0000000077380000 - 0x000000007738b000 	C:\Program Files\Java\jdk1.8.0_111\jre\bin\sunmscapi.dll
0x00007ff865da0000 - 0x00007ff865ef6000 	C:\WINDOWS\System32\CRYPT32.dll
0x00000000771e0000 - 0x0000000077378000 	C:\Program Files\Java\jdk1.8.0_111\jre\bin\awt.dll
0x00007ff867eb0000 - 0x00007ff867f7d000 	C:\WINDOWS\System32\OLEAUT32.dll
0x00007ff862e60000 - 0x00007ff862ef0000 	C:\WINDOWS\SYSTEM32\apphelp.dll
0x00007ff862fd0000 - 0x00007ff8631b4000 	C:\WINDOWS\SYSTEM32\dbghelp.dll

VM Arguments:
jvm_args: -Djava.awt.headless=true -Djava.security.manager=worker.org.gradle.process.internal.worker.child.BootstrapSecurityManager -Dorg.gradle.native=false -Xmx512m -Dfile.encoding=windows-1252 -Duser.country=ID -Duser.language=en -Duser.variant -ea 
java_command: worker.org.gradle.process.internal.worker.GradleWorkerMain 'Gradle Test Executor 2'
java_class_path (initial): C:\Users\Lenovo\.gradle\caches\6.1.1\workerMain\gradle-worker.jar
Launcher Type: SUN_STANDARD

Environment Variables:
USERNAME=Lenovo
OS=Windows_NT
PROCESSOR_IDENTIFIER=Intel64 Family 6 Model 165 Stepping 2, GenuineIntel



---------------  S Y S T E M  ---------------

OS: Windows 10.0 , 64 bit Build 19041 (10.0.19041.1202)

CPU:total 12 (6 cores per cpu, 2 threads per core) family 6 model 165 stepping 2, cmov, cx8, fxsr, mmx, sse, sse2, sse3, ssse3, sse4.1, sse4.2, popcnt, avx, avx2, aes, clmul, erms, 3dnowpref, lzcnt, ht, tsc, tscinvbit, bmi1, bmi2, adx

Memory: 4k page, physical 16682800k(5032148k free), swap 21347336k(4212804k free)

vm_info: Java HotSpot(TM) 64-Bit Server VM (25.111-b14) for windows-amd64 JRE (1.8.0_111-b14), built on Sep 22 2016 19:24:05 by "java_re" with MS VC++ 10.0 (VS2010)

time: Fri Oct 08 09:17:38 2021
elapsed time: 6 seconds (0d 0h 0m 6s)

