#
# A fatal error has been detected by the Java Runtime Environment:
#
#  EXCEPTION_ACCESS_VIOLATION (0xc0000005) at pc=0x0000000076603608, pid=30696, tid=0x00000000000059d4
#
# JRE version: Java(TM) SE Runtime Environment (8.0_111-b14) (build 1.8.0_111-b14)
# Java VM: Java HotSpot(TM) 64-Bit Server VM (25.111-b14 mixed mode windows-amd64 compressed oops)
# Problematic frame:
# V  [jvm.dll+0x43608]
#
# Failed to write core dump. Minidumps are not enabled by default on client versions of Windows
#
# If you would like to submit a bug report, please visit:
#   http://bugreport.java.com/bugreport/crash.jsp
#

---------------  T H R E A D  ---------------

Current thread (0x0000000015d4b800):  JavaThread "C1 CompilerThread3" daemon [_thread_in_vm, id=22996, stack(0x0000000017760000,0x0000000017860000)]

siginfo: ExceptionCode=0xc0000005, reading address 0xffffffffffffffff

Registers:
RAX=0x0000000015d4b800, RBX=0x0000000002a88b80, RCX=0x0000000002a88b80, RDX=0x0000000002a88b80
RSP=0x000000001785cf50, RBP=0x0000000015d86df0, RSI=0x0000000002a88b80, RDI=0x0000000000000000
R8 =0x49362012ffff0013, R9 =0x0000000000000000, R10=0x0000000015d87020, R11=0x000000001cae84d0
R12=0x0000000015d4b800, R13=0x0000000015d86df0, R14=0x0000000019196350, R15=0x0000000000000000
RIP=0x0000000076603608, EFLAGS=0x0000000000010202

Top of Stack: (sp=0x000000001785cf50)
0x000000001785cf50:   00000000000000b6 000000001785f500
0x000000001785cf60:   0000000000000000 0000000000000077
0x000000001785cf70:   000000001d4bd4a0 000000001785f500
0x000000001785cf80:   000000001785d060 00000000765efe25
0x000000001785cf90:   00000000000000eb 0000000076603999
0x000000001785cfa0:   0000000000000077 0000000000000077
0x000000001785cfb0:   0000000000000000 0000000000000000
0x000000001785cfc0:   00000000000000b6 000000001e2c6710
0x000000001785cfd0:   0000000002a3a5c0 0000000076601c6b
0x000000001785cfe0:   0000000000000000 0000000015d4b800
0x000000001785cff0:   00000000191974c0 00000000765ece0f
0x000000001785d000:   0000000015d4b800 0000000076606f80
0x000000001785d010:   0000000015d4b800 0000000015d4b800
0x000000001785d020:   000000001e2c6710 00000000769e0aeb
0x000000001785d030:   0000000000000000 0000000000000000
0x000000001785d040:   00000000191974c0 0000000000000000 

Instructions: (pc=0x0000000076603608)
0x00000000766035e8:   00 48 8b da ff 15 fe 7d 59 00 44 0f b6 05 5a d9
0x00000000766035f8:   7a 00 4c 8b e0 45 84 c0 74 39 4c 8b 03 48 8b cb
0x0000000076603608:   41 ff 50 08 84 c0 74 2b 83 7b 08 00 7e 25 0f b6
0x0000000076603618:   83 0e 01 00 00 c0 e8 03 a8 01 74 17 48 8b 03 48 


Register to memory mapping:

RAX=0x0000000015d4b800 is a thread
RBX=0x0000000002a88b80 is an unknown value
RCX=0x0000000002a88b80 is an unknown value
RDX=0x0000000002a88b80 is an unknown value
RSP=0x000000001785cf50 is pointing into the stack for thread: 0x0000000015d4b800
RBP=0x0000000015d86df0 is an unknown value
RSI=0x0000000002a88b80 is an unknown value
RDI=0x0000000000000000 is an unknown value
R8 =0x49362012ffff0013 is an unknown value
R9 =0x0000000000000000 is an unknown value
R10=0x0000000015d87020 is an unknown value
R11=0x000000001cae84d0 is an unknown value
R12=0x0000000015d4b800 is a thread
R13=0x0000000015d86df0 is an unknown value
R14=0x0000000019196350 is an unknown value
R15=0x0000000000000000 is an unknown value


Stack: [0x0000000017760000,0x0000000017860000],  sp=0x000000001785cf50,  free space=1011k
Native frames: (J=compiled Java code, j=interpreted, Vv=VM code, C=native code)
V  [jvm.dll+0x43608]
V  [jvm.dll+0x43999]
V  [jvm.dll+0x41c6b]
V  [jvm.dll+0x420aeb]
V  [jvm.dll+0x41b8da]
V  [jvm.dll+0x41e727]
V  [jvm.dll+0x41eeeb]
V  [jvm.dll+0x41fde6]
V  [jvm.dll+0x420048]
V  [jvm.dll+0x42047b]
V  [jvm.dll+0x41ffd5]
V  [jvm.dll+0x41bd3b]
V  [jvm.dll+0x41e727]
V  [jvm.dll+0x41eeeb]
V  [jvm.dll+0x41fde6]
V  [jvm.dll+0x420048]
V  [jvm.dll+0x42047b]
V  [jvm.dll+0x41ffd5]
V  [jvm.dll+0x41bd3b]
V  [jvm.dll+0x41e727]
V  [jvm.dll+0x41f01d]
V  [jvm.dll+0x41fde6]
V  [jvm.dll+0x420048]
V  [jvm.dll+0x42047b]
V  [jvm.dll+0x41ffd5]
V  [jvm.dll+0x41bd3b]
V  [jvm.dll+0x41e727]
V  [jvm.dll+0x41eeeb]
V  [jvm.dll+0x41fde6]
V  [jvm.dll+0x420048]
V  [jvm.dll+0x42047b]
V  [jvm.dll+0x41ffd5]
V  [jvm.dll+0x41bd3b]
V  [jvm.dll+0x41e727]
V  [jvm.dll+0x41f01d]
V  [jvm.dll+0x41fde6]
V  [jvm.dll+0x420048]
V  [jvm.dll+0x42047b]
V  [jvm.dll+0x41ffd5]
V  [jvm.dll+0x41bd3b]
V  [jvm.dll+0x41e727]
V  [jvm.dll+0x41eeeb]
V  [jvm.dll+0x41fde6]
V  [jvm.dll+0x420048]
V  [jvm.dll+0x41bd3b]
V  [jvm.dll+0x41e727]
V  [jvm.dll+0x41eeeb]
V  [jvm.dll+0x41fde6]
V  [jvm.dll+0x420048]
V  [jvm.dll+0x41bd3b]
V  [jvm.dll+0x41e727]
V  [jvm.dll+0x41f01d]
V  [jvm.dll+0x41f412]
V  [jvm.dll+0x4244f5]
V  [jvm.dll+0x424600]
V  [jvm.dll+0x40ddb8]
V  [jvm.dll+0x40e021]
V  [jvm.dll+0x40e1e2]
V  [jvm.dll+0x40e3b1]
V  [jvm.dll+0x40e5bf]
V  [jvm.dll+0xa5742]
V  [jvm.dll+0xa607f]
V  [jvm.dll+0x244b7f]
V  [jvm.dll+0x29c43a]
C  [msvcr100.dll+0x21d9f]
C  [msvcr100.dll+0x21e3b]
C  [KERNEL32.DLL+0x17034]
C  [ntdll.dll+0x52651]


Current CompileTask:
C1:   6745 6579       3       android.content.res.TypedArray::$$robo$$android_content_res_TypedArray$loadStringValueAt (51 bytes)


---------------  P R O C E S S  ---------------

Java Threads: ( => current thread )
  0x000000001c512800 JavaThread "Java2D Disposer" daemon [_thread_blocked, id=25800, stack(0x000000001c050000,0x000000001c150000)]
  0x0000000018a44000 JavaThread "SDK 28 Main Thread" [_thread_in_native, id=26756, stack(0x0000000019b70000,0x0000000019c70000)]
  0x0000000018184000 JavaThread "/127.0.0.1:56892 to /127.0.0.1:56891 workers Thread 3" [_thread_in_native, id=25604, stack(0x0000000019870000,0x0000000019970000)]
  0x0000000018183800 JavaThread "/127.0.0.1:56892 to /127.0.0.1:56891 workers Thread 2" [_thread_blocked, id=8392, stack(0x0000000019770000,0x0000000019870000)]
  0x0000000017f11800 JavaThread "Test worker" [_thread_blocked, id=28712, stack(0x0000000019330000,0x0000000019430000)]
  0x0000000015deb000 JavaThread "Service Thread" daemon [_thread_blocked, id=16684, stack(0x0000000017860000,0x0000000017960000)]
=>0x0000000015d4b800 JavaThread "C1 CompilerThread3" daemon [_thread_in_vm, id=22996, stack(0x0000000017760000,0x0000000017860000)]
  0x0000000015d4a000 JavaThread "C2 CompilerThread2" daemon [_thread_blocked, id=12072, stack(0x0000000017660000,0x0000000017760000)]
  0x0000000015d3d800 JavaThread "C2 CompilerThread1" daemon [_thread_blocked, id=31524, stack(0x0000000017560000,0x0000000017660000)]
  0x0000000015d3b000 JavaThread "C2 CompilerThread0" daemon [_thread_in_native, id=26388, stack(0x0000000017460000,0x0000000017560000)]
  0x0000000015d36800 JavaThread "Attach Listener" daemon [_thread_blocked, id=3756, stack(0x0000000017360000,0x0000000017460000)]
  0x0000000015d36000 JavaThread "Signal Dispatcher" daemon [_thread_blocked, id=31856, stack(0x0000000017260000,0x0000000017360000)]
  0x0000000015cb3000 JavaThread "Finalizer" daemon [_thread_blocked, id=13348, stack(0x0000000016f10000,0x0000000017010000)]
  0x0000000002b2a000 JavaThread "Reference Handler" daemon [_thread_blocked, id=29896, stack(0x0000000016e10000,0x0000000016f10000)]
  0x0000000000bde000 JavaThread "main" [_thread_blocked, id=25392, stack(0x0000000002920000,0x0000000002a20000)]

Other Threads:
  0x00000000145b6800 VMThread [stack: 0x0000000016d10000,0x0000000016e10000] [id=20612]
  0x0000000015ea4800 WatcherThread [stack: 0x0000000017960000,0x0000000017a60000] [id=32996]

VM state:not at safepoint (normal execution)

VM Mutex/Monitor currently owned by a thread: None

Heap:
 PSYoungGen      total 156672K, used 131235K [0x00000000f5580000, 0x0000000100000000, 0x0000000100000000)
  eden space 141824K, 82% used [0x00000000f5580000,0x00000000fc78da80,0x00000000fe000000)
  from space 14848K, 97% used [0x00000000fe000000,0x00000000fee1b350,0x00000000fee80000)
  to   space 17408K, 0% used [0x00000000fef00000,0x00000000fef00000,0x0000000100000000)
 ParOldGen       total 263680K, used 60966K [0x00000000e0000000, 0x00000000f0180000, 0x00000000f5580000)
  object space 263680K, 23% used [0x00000000e0000000,0x00000000e3b89878,0x00000000f0180000)
 Metaspace       used 61395K, capacity 70372K, committed 70440K, reserved 1110016K
  class space    used 7694K, capacity 10273K, committed 10288K, reserved 1048576K

Card table byte_map: [0x0000000011f00000,0x0000000012010000] byte_map_base: 0x0000000011800000

Marking Bits: (ParMarkBitMap*) 0x0000000076dda6c0
 Begin Bits: [0x0000000012ac0000, 0x00000000132c0000)
 End Bits:   [0x00000000132c0000, 0x0000000013ac0000)

Polling page: 0x0000000001070000

CodeCache: size=245760Kb used=17028Kb max_used=17058Kb free=228731Kb
 bounds [0x0000000002b40000, 0x0000000003c10000, 0x0000000011b40000]
 total_blobs=6878 nmethods=5317 adapters=1473
 compilation: enabled

Compilation events (10 events):
Event: 6.694 Thread 0x0000000015d4b800 nmethod 6573 0x000000000388d050 code [0x000000000388d1a0, 0x000000000388d310]
Event: 6.694 Thread 0x0000000015d4b800 6556       1       java.util.Formatter$FormatSpecifier::index (5 bytes)
Event: 6.694 Thread 0x0000000015d4b800 nmethod 6556 0x000000000388cd50 code [0x000000000388cea0, 0x000000000388cfb0]
Event: 6.694 Thread 0x0000000015d4b800 6578       3       android.content.res.TypedArray::loadStringValueAt (8 bytes)
Event: 6.696 Thread 0x0000000015d4b800 nmethod 6578 0x0000000003be3210 code [0x0000000003be3540, 0x0000000003be5008]
Event: 6.696 Thread 0x0000000015d4b800 6582       3       java.nio.Buffer::limit (62 bytes)
Event: 6.696 Thread 0x0000000015d4b800 nmethod 6582 0x0000000002f53790 code [0x0000000002f53900, 0x0000000002f53c08]
Event: 6.696 Thread 0x0000000015d4b800 6581       3       org.robolectric.res.android.ResourceString::decodeLengthUTF16 (38 bytes)
Event: 6.696 Thread 0x0000000015d4b800 nmethod 6581 0x0000000003bc1110 code [0x0000000003bc1280, 0x0000000003bc15b8]
Event: 6.696 Thread 0x0000000015d4b800 6579       3       android.content.res.TypedArray::$$robo$$android_content_res_TypedArray$loadStringValueAt (51 bytes)

GC Heap History (10 events):
Event: 5.012 GC heap before
{Heap before GC invocations=16 (full 3):
 PSYoungGen      total 155648K, used 141824K [0x00000000f5580000, 0x0000000100000000, 0x0000000100000000)
  eden space 141824K, 100% used [0x00000000f5580000,0x00000000fe000000,0x00000000fe000000)
  from space 13824K, 0% used [0x00000000ff280000,0x00000000ff280000,0x0000000100000000)
  to   space 16384K, 0% used [0x00000000fe000000,0x00000000fe000000,0x00000000ff000000)
 ParOldGen       total 263680K, used 60926K [0x00000000e0000000, 0x00000000f0180000, 0x00000000f5580000)
  object space 263680K, 23% used [0x00000000e0000000,0x00000000e3b7f878,0x00000000f0180000)
 Metaspace       used 49813K, capacity 55702K, committed 55720K, reserved 1097728K
  class space    used 6063K, capacity 7846K, committed 7856K, reserved 1048576K
Event: 5.016 GC heap after
Heap after GC invocations=16 (full 3):
 PSYoungGen      total 158208K, used 4482K [0x00000000f5580000, 0x0000000100000000, 0x0000000100000000)
  eden space 141824K, 0% used [0x00000000f5580000,0x00000000f5580000,0x00000000fe000000)
  from space 16384K, 27% used [0x00000000fe000000,0x00000000fe4609f8,0x00000000ff000000)
  to   space 16384K, 0% used [0x00000000ff000000,0x00000000ff000000,0x0000000100000000)
 ParOldGen       total 263680K, used 60934K [0x00000000e0000000, 0x00000000f0180000, 0x00000000f5580000)
  object space 263680K, 23% used [0x00000000e0000000,0x00000000e3b81878,0x00000000f0180000)
 Metaspace       used 49813K, capacity 55702K, committed 55720K, reserved 1097728K
  class space    used 6063K, capacity 7846K, committed 7856K, reserved 1048576K
}
Event: 5.343 GC heap before
{Heap before GC invocations=17 (full 3):
 PSYoungGen      total 158208K, used 146306K [0x00000000f5580000, 0x0000000100000000, 0x0000000100000000)
  eden space 141824K, 100% used [0x00000000f5580000,0x00000000fe000000,0x00000000fe000000)
  from space 16384K, 27% used [0x00000000fe000000,0x00000000fe4609f8,0x00000000ff000000)
  to   space 16384K, 0% used [0x00000000ff000000,0x00000000ff000000,0x0000000100000000)
 ParOldGen       total 263680K, used 60934K [0x00000000e0000000, 0x00000000f0180000, 0x00000000f5580000)
  object space 263680K, 23% used [0x00000000e0000000,0x00000000e3b81878,0x00000000f0180000)
 Metaspace       used 53524K, capacity 59480K, committed 59688K, reserved 1101824K
  class space    used 6343K, capacity 8139K, committed 8240K, reserved 1048576K
Event: 5.348 GC heap after
Heap after GC invocations=17 (full 3):
 PSYoungGen      total 158208K, used 6247K [0x00000000f5580000, 0x0000000100000000, 0x0000000100000000)
  eden space 141824K, 0% used [0x00000000f5580000,0x00000000f5580000,0x00000000fe000000)
  from space 16384K, 38% used [0x00000000ff000000,0x00000000ff619d78,0x0000000100000000)
  to   space 16384K, 0% used [0x00000000fe000000,0x00000000fe000000,0x00000000ff000000)
 ParOldGen       total 263680K, used 60942K [0x00000000e0000000, 0x00000000f0180000, 0x00000000f5580000)
  object space 263680K, 23% used [0x00000000e0000000,0x00000000e3b83878,0x00000000f0180000)
 Metaspace       used 53524K, capacity 59480K, committed 59688K, reserved 1101824K
  class space    used 6343K, capacity 8139K, committed 8240K, reserved 1048576K
}
Event: 5.630 GC heap before
{Heap before GC invocations=18 (full 3):
 PSYoungGen      total 158208K, used 148071K [0x00000000f5580000, 0x0000000100000000, 0x0000000100000000)
  eden space 141824K, 100% used [0x00000000f5580000,0x00000000fe000000,0x00000000fe000000)
  from space 16384K, 38% used [0x00000000ff000000,0x00000000ff619d78,0x0000000100000000)
  to   space 16384K, 0% used [0x00000000fe000000,0x00000000fe000000,0x00000000ff000000)
 ParOldGen       total 263680K, used 60942K [0x00000000e0000000, 0x00000000f0180000, 0x00000000f5580000)
  object space 263680K, 23% used [0x00000000e0000000,0x00000000e3b83878,0x00000000f0180000)
 Metaspace       used 55401K, capacity 61852K, committed 61864K, reserved 1101824K
  class space    used 6665K, capacity 8615K, committed 8624K, reserved 1048576K
Event: 5.635 GC heap after
Heap after GC invocations=18 (full 3):
 PSYoungGen      total 148992K, used 6968K [0x00000000f5580000, 0x00000000fff00000, 0x0000000100000000)
  eden space 141824K, 0% used [0x00000000f5580000,0x00000000f5580000,0x00000000fe000000)
  from space 7168K, 97% used [0x00000000fe000000,0x00000000fe6ce328,0x00000000fe700000)
  to   space 15872K, 0% used [0x00000000fef80000,0x00000000fef80000,0x00000000fff00000)
 ParOldGen       total 263680K, used 60950K [0x00000000e0000000, 0x00000000f0180000, 0x00000000f5580000)
  object space 263680K, 23% used [0x00000000e0000000,0x00000000e3b85878,0x00000000f0180000)
 Metaspace       used 55401K, capacity 61852K, committed 61864K, reserved 1101824K
  class space    used 6665K, capacity 8615K, committed 8624K, reserved 1048576K
}
Event: 6.098 GC heap before
{Heap before GC invocations=19 (full 3):
 PSYoungGen      total 148992K, used 148792K [0x00000000f5580000, 0x00000000fff00000, 0x0000000100000000)
  eden space 141824K, 100% used [0x00000000f5580000,0x00000000fe000000,0x00000000fe000000)
  from space 7168K, 97% used [0x00000000fe000000,0x00000000fe6ce328,0x00000000fe700000)
  to   space 15872K, 0% used [0x00000000fef80000,0x00000000fef80000,0x00000000fff00000)
 ParOldGen       total 263680K, used 60950K [0x00000000e0000000, 0x00000000f0180000, 0x00000000f5580000)
  object space 263680K, 23% used [0x00000000e0000000,0x00000000e3b85878,0x00000000f0180000)
 Metaspace       used 59590K, capacity 68138K, committed 68392K, reserved 1107968K
  class space    used 7485K, capacity 9976K, committed 10032K, reserved 1048576K
Event: 6.105 GC heap after
Heap after GC invocations=19 (full 3):
 PSYoungGen      total 157696K, used 11419K [0x00000000f5580000, 0x0000000100000000, 0x0000000100000000)
  eden space 141824K, 0% used [0x00000000f5580000,0x00000000f5580000,0x00000000fe000000)
  from space 15872K, 71% used [0x00000000fef80000,0x00000000ffaa6da8,0x00000000fff00000)
  to   space 15872K, 0% used [0x00000000fe000000,0x00000000fe000000,0x00000000fef80000)
 ParOldGen       total 263680K, used 60958K [0x00000000e0000000, 0x00000000f0180000, 0x00000000f5580000)
  object space 263680K, 23% used [0x00000000e0000000,0x00000000e3b87878,0x00000000f0180000)
 Metaspace       used 59590K, capacity 68138K, committed 68392K, reserved 1107968K
  class space    used 7485K, capacity 9976K, committed 10032K, reserved 1048576K
}
Event: 6.475 GC heap before
{Heap before GC invocations=20 (full 3):
 PSYoungGen      total 157696K, used 153243K [0x00000000f5580000, 0x0000000100000000, 0x0000000100000000)
  eden space 141824K, 100% used [0x00000000f5580000,0x00000000fe000000,0x00000000fe000000)
  from space 15872K, 71% used [0x00000000fef80000,0x00000000ffaa6da8,0x00000000fff00000)
  to   space 15872K, 0% used [0x00000000fe000000,0x00000000fe000000,0x00000000fef80000)
 ParOldGen       total 263680K, used 60958K [0x00000000e0000000, 0x00000000f0180000, 0x00000000f5580000)
  object space 263680K, 23% used [0x00000000e0000000,0x00000000e3b87878,0x00000000f0180000)
 Metaspace       used 61243K, capacity 70110K, committed 70184K, reserved 1110016K
  class space    used 7679K, capacity 10248K, committed 10288K, reserved 1048576K
Event: 6.483 GC heap after
Heap after GC invocations=20 (full 3):
 PSYoungGen      total 156672K, used 14444K [0x00000000f5580000, 0x0000000100000000, 0x0000000100000000)
  eden space 141824K, 0% used [0x00000000f5580000,0x00000000f5580000,0x00000000fe000000)
  from space 14848K, 97% used [0x00000000fe000000,0x00000000fee1b350,0x00000000fee80000)
  to   space 17408K, 0% used [0x00000000fef00000,0x00000000fef00000,0x0000000100000000)
 ParOldGen       total 263680K, used 60966K [0x00000000e0000000, 0x00000000f0180000, 0x00000000f5580000)
  object space 263680K, 23% used [0x00000000e0000000,0x00000000e3b89878,0x00000000f0180000)
 Metaspace       used 61243K, capacity 70110K, committed 70184K, reserved 1110016K
  class space    used 7679K, capacity 10248K, committed 10288K, reserved 1048576K
}

Deoptimization events (10 events):
Event: 6.286 Thread 0x0000000018a44000 Uncommon trap: reason=bimorphic action=maybe_recompile pc=0x000000000380a3cc method=java.util.regex.Pattern$Start.<init>(Ljava/util/regex/Pattern$Node;)V @ 22
Event: 6.287 Thread 0x0000000018a44000 Uncommon trap: reason=unstable_if action=reinterpret pc=0x0000000003340a2c method=java.util.Arrays.hashCode([Ljava/lang/Object;)I @ 34
Event: 6.289 Thread 0x0000000018a44000 Uncommon trap: reason=unstable_if action=reinterpret pc=0x0000000003990c60 method=java.util.Arrays.equals([B[B)Z @ 41
Event: 6.291 Thread 0x0000000018a44000 Uncommon trap: reason=unstable_if action=reinterpret pc=0x0000000002ea8434 method=org.robolectric.res.android.ResTable_config.isBetterThan(Lorg/robolectric/res/android/ResTable_config;Lorg/robolectric/res/android/ResTable_config;)Z @ 898
Event: 6.329 Thread 0x0000000018a44000 Uncommon trap: reason=unstable_if action=reinterpret pc=0x0000000003ac221c method=org.robolectric.res.android.ResTable_config.match(Lorg/robolectric/res/android/ResTable_config;)Z @ 531
Event: 6.594 Thread 0x0000000018a44000 Uncommon trap: reason=unstable_if action=reinterpret pc=0x0000000003b467ac method=java.lang.StringCoding.decode(Ljava/nio/charset/Charset;[BII)[C @ 24
Event: 6.650 Thread 0x0000000018a44000 Uncommon trap: reason=class_check action=maybe_recompile pc=0x00000000033f9358 method=java.lang.Character.codePointAt(Ljava/lang/CharSequence;I)I @ 2
Event: 6.683 Thread 0x0000000018a44000 Uncommon trap: reason=unstable_if action=reinterpret pc=0x0000000003b1c7ec method=java.nio.Buffer.hasRemaining()Z @ 8
Event: 6.688 Thread 0x0000000018a44000 Uncommon trap: reason=bimorphic action=maybe_recompile pc=0x000000000380a3cc method=java.util.regex.Pattern$Start.<init>(Ljava/util/regex/Pattern$Node;)V @ 22
Event: 6.691 Thread 0x0000000018a44000 Uncommon trap: reason=unstable_if action=reinterpret pc=0x0000000003ae6674 method=org.robolectric.res.android.ResTable_config.match(Lorg/robolectric/res/android/ResTable_config;)Z @ 341

Internal exceptions (10 events):
Event: 5.564 Thread 0x0000000018a44000 Implicit null exception at 0x0000000002e67098 to 0x0000000002e67126
Event: 5.770 Thread 0x000000001c50f000 Exception <a 'java/lang/NoSuchFieldError': method resolution failed> (0x00000000f8788ef8) thrown at [C:\re\workspace\8-2-build-windows-amd64-cygwin\jdk8u111\7883\hotspot\src\share\vm\prims\methodHandles.cpp, line 1146]
Event: 5.875 Thread 0x0000000018a44000 Implicit null exception at 0x000000000353782f to 0x00000000035382cb
Event: 5.875 Thread 0x0000000018a44000 Implicit null exception at 0x00000000039bb4e6 to 0x00000000039bbb81
Event: 5.959 Thread 0x0000000018a44000 Exception <a 'java/lang/NoSuchFieldError': method resolution failed> (0x00000000fbaa31c8) thrown at [C:\re\workspace\8-2-build-windows-amd64-cygwin\jdk8u111\7883\hotspot\src\share\vm\prims\methodHandles.cpp, line 1146]
Event: 6.010 Thread 0x0000000018a44000 Exception <a 'java/lang/NoSuchFieldError': method resolution failed> (0x00000000fc6775b0) thrown at [C:\re\workspace\8-2-build-windows-amd64-cygwin\jdk8u111\7883\hotspot\src\share\vm\prims\methodHandles.cpp, line 1146]
Event: 6.210 Thread 0x0000000018a44000 Implicit null exception at 0x0000000003189417 to 0x00000000031894ed
Event: 6.268 Thread 0x0000000018a44000 Exception <a 'java/lang/NoSuchMethodError': java.lang.Object.lambda$get$0(Ljava/lang/Object;)V> (0x00000000f8186fd0) thrown at [C:\re\workspace\8-2-build-windows-amd64-cygwin\jdk8u111\7883\hotspot\src\share\vm\interpreter\linkResolver.cpp, line 582]
Event: 6.287 Thread 0x0000000018a44000 Implicit null exception at 0x000000000334096f to 0x0000000003340a0d
Event: 6.333 Thread 0x0000000018a44000 Exception <a 'sun/nio/fs/WindowsException'> (0x00000000f8ce9f10) thrown at [C:\re\workspace\8-2-build-windows-amd64-cygwin\jdk8u111\7883\hotspot\src\share\vm\prims\jni.cpp, line 709]

Events (10 events):
Event: 6.683 Thread 0x0000000018a44000 DEOPT PACKING pc=0x0000000003b1c7ec sp=0x0000000019c6cc80
Event: 6.683 Thread 0x0000000018a44000 DEOPT UNPACKING pc=0x0000000002b8582a sp=0x0000000019c6cb68 mode 2
Event: 6.685 loading class sun/nio/cs/UTF_8$1
Event: 6.685 loading class sun/nio/cs/UTF_8$1 done
Event: 6.688 Thread 0x0000000018a44000 Uncommon trap: trap_request=0xffffffc6 fr.pc=0x000000000380a3cc
Event: 6.688 Thread 0x0000000018a44000 DEOPT PACKING pc=0x000000000380a3cc sp=0x0000000019c6ea80
Event: 6.688 Thread 0x0000000018a44000 DEOPT UNPACKING pc=0x0000000002b8582a sp=0x0000000019c6e9e8 mode 2
Event: 6.691 Thread 0x0000000018a44000 Uncommon trap: trap_request=0xffffff65 fr.pc=0x0000000003ae6674
Event: 6.691 Thread 0x0000000018a44000 DEOPT PACKING pc=0x0000000003ae6674 sp=0x0000000019c6d150
Event: 6.691 Thread 0x0000000018a44000 DEOPT UNPACKING pc=0x0000000002b8582a sp=0x0000000019c6d0f8 mode 2


Dynamic libraries:
0x00007ff706f50000 - 0x00007ff706f87000 	C:\Program Files\Java\jdk1.8.0_111\bin\java.exe
0x00007ff868150000 - 0x00007ff868345000 	C:\WINDOWS\SYSTEM32\ntdll.dll
0x00007ff8671e0000 - 0x00007ff86729e000 	C:\WINDOWS\System32\KERNEL32.DLL
0x00007ff865a20000 - 0x00007ff865ce9000 	C:\WINDOWS\System32\KERNELBASE.dll
0x00007ff8661a0000 - 0x00007ff86624c000 	C:\WINDOWS\System32\ADVAPI32.dll
0x00007ff866280000 - 0x00007ff86631e000 	C:\WINDOWS\System32\msvcrt.dll
0x00007ff867300000 - 0x00007ff86739b000 	C:\WINDOWS\System32\sechost.dll
0x00007ff8670b0000 - 0x00007ff8671da000 	C:\WINDOWS\System32\RPCRT4.dll
0x00007ff866320000 - 0x00007ff8664c1000 	C:\WINDOWS\System32\USER32.dll
0x00007ff865870000 - 0x00007ff865892000 	C:\WINDOWS\System32\win32u.dll
0x00007ff8664d0000 - 0x00007ff8664fb000 	C:\WINDOWS\System32\GDI32.dll
0x00007ff865f90000 - 0x00007ff86609b000 	C:\WINDOWS\System32\gdi32full.dll
0x00007ff8660a0000 - 0x00007ff86613d000 	C:\WINDOWS\System32\msvcp_win.dll
0x00007ff8658a0000 - 0x00007ff8659a0000 	C:\WINDOWS\System32\ucrtbase.dll
0x00007ff852310000 - 0x00007ff8525aa000 	C:\WINDOWS\WinSxS\amd64_microsoft.windows.common-controls_6595b64144ccf1df_6.0.19041.1110_none_60b5254171f9507e\COMCTL32.dll
0x00007ff866250000 - 0x00007ff866280000 	C:\WINDOWS\System32\IMM32.DLL
0x00000000773e0000 - 0x00000000774b2000 	C:\Program Files\Java\jdk1.8.0_111\jre\bin\msvcr100.dll
0x00000000765c0000 - 0x0000000076e5a000 	C:\Program Files\Java\jdk1.8.0_111\jre\bin\server\jvm.dll
0x00007ff866500000 - 0x00007ff866508000 	C:\WINDOWS\System32\PSAPI.DLL
0x00007ff85f3e0000 - 0x00007ff85f3e9000 	C:\WINDOWS\SYSTEM32\WSOCK32.dll
0x00007ff858b10000 - 0x00007ff858b37000 	C:\WINDOWS\SYSTEM32\WINMM.dll
0x00007ff85cc70000 - 0x00007ff85cc7a000 	C:\WINDOWS\SYSTEM32\VERSION.dll
0x00007ff866f20000 - 0x00007ff866f8b000 	C:\WINDOWS\System32\WS2_32.dll
0x0000000051450000 - 0x000000005145f000 	C:\Program Files\Java\jdk1.8.0_111\jre\bin\verify.dll
0x0000000077870000 - 0x0000000077899000 	C:\Program Files\Java\jdk1.8.0_111\jre\bin\java.dll
0x0000000077850000 - 0x0000000077866000 	C:\Program Files\Java\jdk1.8.0_111\jre\bin\zip.dll
0x00007ff8665c0000 - 0x00007ff866cff000 	C:\WINDOWS\System32\SHELL32.dll
0x00007ff863970000 - 0x00007ff864100000 	C:\WINDOWS\SYSTEM32\windows.storage.dll
0x00007ff8678a0000 - 0x00007ff867bf5000 	C:\WINDOWS\System32\combase.dll
0x00007ff8652c0000 - 0x00007ff8652ec000 	C:\WINDOWS\SYSTEM32\Wldp.dll
0x00007ff866510000 - 0x00007ff8665be000 	C:\WINDOWS\System32\SHCORE.dll
0x00007ff8672a0000 - 0x00007ff8672f5000 	C:\WINDOWS\System32\shlwapi.dll
0x00007ff8657b0000 - 0x00007ff8657cf000 	C:\WINDOWS\SYSTEM32\profapi.dll
0x0000000077830000 - 0x000000007784a000 	C:\Program Files\Java\jdk1.8.0_111\jre\bin\net.dll
0x00007ff864fb0000 - 0x00007ff86501a000 	C:\WINDOWS\system32\mswsock.dll
0x00000000773c0000 - 0x00000000773d1000 	C:\Program Files\Java\jdk1.8.0_111\jre\bin\nio.dll
0x00007ff865210000 - 0x00007ff865228000 	C:\WINDOWS\SYSTEM32\CRYPTSP.dll
0x00007ff8648d0000 - 0x00007ff864904000 	C:\WINDOWS\system32\rsaenh.dll
0x00007ff8659f0000 - 0x00007ff865a17000 	C:\WINDOWS\System32\bcrypt.dll
0x00007ff865730000 - 0x00007ff86575e000 	C:\WINDOWS\SYSTEM32\USERENV.dll
0x00007ff865f00000 - 0x00007ff865f83000 	C:\WINDOWS\System32\bcryptprimitives.dll
0x00007ff865230000 - 0x00007ff86523c000 	C:\WINDOWS\SYSTEM32\CRYPTBASE.dll
0x00007ff864ca0000 - 0x00007ff864cdb000 	C:\WINDOWS\SYSTEM32\IPHLPAPI.DLL
0x00007ff866d00000 - 0x00007ff866d08000 	C:\WINDOWS\System32\NSI.dll
0x00007ff85cc50000 - 0x00007ff85cc67000 	C:\WINDOWS\SYSTEM32\dhcpcsvc6.DLL
0x00007ff85e460000 - 0x00007ff85e47d000 	C:\WINDOWS\SYSTEM32\dhcpcsvc.DLL
0x00007ff864ce0000 - 0x00007ff864dac000 	C:\WINDOWS\SYSTEM32\DNSAPI.dll
0x0000000077390000 - 0x00000000773b4000 	C:\Program Files\Java\jdk1.8.0_111\jre\bin\sunec.dll
0x0000000077380000 - 0x000000007738b000 	C:\Program Files\Java\jdk1.8.0_111\jre\bin\sunmscapi.dll
0x00007ff865da0000 - 0x00007ff865ef6000 	C:\WINDOWS\System32\CRYPT32.dll
0x00000000771e0000 - 0x0000000077378000 	C:\Program Files\Java\jdk1.8.0_111\jre\bin\awt.dll
0x00007ff867eb0000 - 0x00007ff867f7d000 	C:\WINDOWS\System32\OLEAUT32.dll
0x00007ff862e60000 - 0x00007ff862ef0000 	C:\WINDOWS\SYSTEM32\apphelp.dll
0x00007ff862fd0000 - 0x00007ff8631b4000 	C:\WINDOWS\SYSTEM32\dbghelp.dll

VM Arguments:
jvm_args: -Djava.awt.headless=true -Djava.security.manager=worker.org.gradle.process.internal.worker.child.BootstrapSecurityManager -Dorg.gradle.native=false -Xmx512m -Dfile.encoding=windows-1252 -Duser.country=ID -Duser.language=en -Duser.variant -ea 
java_command: worker.org.gradle.process.internal.worker.GradleWorkerMain 'Gradle Test Executor 8'
java_class_path (initial): C:\Users\Lenovo\.gradle\caches\6.1.1\workerMain\gradle-worker.jar
Launcher Type: SUN_STANDARD

Environment Variables:
USERNAME=Lenovo
OS=Windows_NT
PROCESSOR_IDENTIFIER=Intel64 Family 6 Model 165 Stepping 2, GenuineIntel



---------------  S Y S T E M  ---------------

OS: Windows 10.0 , 64 bit Build 19041 (10.0.19041.1202)

CPU:total 12 (6 cores per cpu, 2 threads per core) family 6 model 165 stepping 2, cmov, cx8, fxsr, mmx, sse, sse2, sse3, ssse3, sse4.1, sse4.2, popcnt, avx, avx2, aes, clmul, erms, 3dnowpref, lzcnt, ht, tsc, tscinvbit, bmi1, bmi2, adx

Memory: 4k page, physical 16682800k(4767996k free), swap 21347336k(4050740k free)

vm_info: Java HotSpot(TM) 64-Bit Server VM (25.111-b14) for windows-amd64 JRE (1.8.0_111-b14), built on Sep 22 2016 19:24:05 by "java_re" with MS VC++ 10.0 (VS2010)

time: Fri Oct 08 09:19:37 2021
elapsed time: 6 seconds (0d 0h 0m 6s)

