#
# A fatal error has been detected by the Java Runtime Environment:
#
#  EXCEPTION_ACCESS_VIOLATION (0xc0000005) at pc=0x0000000076603608, pid=27128, tid=0x0000000000005194
#
# JRE version: Java(TM) SE Runtime Environment (8.0_111-b14) (build 1.8.0_111-b14)
# Java VM: Java HotSpot(TM) 64-Bit Server VM (25.111-b14 mixed mode windows-amd64 compressed oops)
# Problematic frame:
# V  [jvm.dll+0x43608]
#
# Failed to write core dump. Minidumps are not enabled by default on client versions of Windows
#
# If you would like to submit a bug report, please visit:
#   http://bugreport.java.com/bugreport/crash.jsp
#

---------------  T H R E A D  ---------------

Current thread (0x0000000015885000):  JavaThread "C1 CompilerThread3" daemon [_thread_in_vm, id=20884, stack(0x00000000172a0000,0x00000000173a0000)]

siginfo: ExceptionCode=0xc0000005, reading address 0xffffffffffffffff

Registers:
RAX=0x0000000015885000, RBX=0x0000000002608b80, RCX=0x0000000002608b80, RDX=0x0000000002608b80
RSP=0x000000001739ce60, RBP=0x00000000158c7a50, RSI=0x0000000002608b80, RDI=0x0000000000000000
R8 =0x49362012ffff0013, R9 =0x0000000000000000, R10=0x00000000158c7c80, R11=0x000000001c3b0cb0
R12=0x0000000015885000, R13=0x00000000158c7a50, R14=0x000000001d01e3b0, R15=0x0000000000000000
RIP=0x0000000076603608, EFLAGS=0x0000000000010202

Top of Stack: (sp=0x000000001739ce60)
0x000000001739ce60:   00000000000000b6 000000001739f410
0x000000001739ce70:   0000000000000000 0000000000000077
0x000000001739ce80:   000000001d79a630 000000001739f410
0x000000001739ce90:   000000001739cf70 00000000765efe25
0x000000001739cea0:   00000000000000ea 0000000076603999
0x000000001739ceb0:   0000000000000077 0000000000000077
0x000000001739cec0:   0000000000000000 0000000000000000
0x000000001739ced0:   00000000000000b6 000000001bb23c60
0x000000001739cee0:   00000000025ba5c0 0000000076601c6b
0x000000001739cef0:   0000000000000000 0000000015885000
0x000000001739cf00:   000000001d01fb70 00000000765ece0f
0x000000001739cf10:   0000000015885000 0000000076606f80
0x000000001739cf20:   0000000015885000 0000000015885000
0x000000001739cf30:   000000001bb23c60 00000000769e0aeb
0x000000001739cf40:   0000000000000000 0000000000000000
0x000000001739cf50:   000000001d01fb70 0000000000000000 

Instructions: (pc=0x0000000076603608)
0x00000000766035e8:   00 48 8b da ff 15 fe 7d 59 00 44 0f b6 05 5a d9
0x00000000766035f8:   7a 00 4c 8b e0 45 84 c0 74 39 4c 8b 03 48 8b cb
0x0000000076603608:   41 ff 50 08 84 c0 74 2b 83 7b 08 00 7e 25 0f b6
0x0000000076603618:   83 0e 01 00 00 c0 e8 03 a8 01 74 17 48 8b 03 48 


Register to memory mapping:

RAX=0x0000000015885000 is a thread
RBX=0x0000000002608b80 is an unknown value
RCX=0x0000000002608b80 is an unknown value
RDX=0x0000000002608b80 is an unknown value
RSP=0x000000001739ce60 is pointing into the stack for thread: 0x0000000015885000
RBP=0x00000000158c7a50 is an unknown value
RSI=0x0000000002608b80 is an unknown value
RDI=0x0000000000000000 is an unknown value
R8 =0x49362012ffff0013 is an unknown value
R9 =0x0000000000000000 is an unknown value
R10=0x00000000158c7c80 is an unknown value
R11=0x000000001c3b0cb0 is an unknown value
R12=0x0000000015885000 is a thread
R13=0x00000000158c7a50 is an unknown value
R14=0x000000001d01e3b0 is an unknown value
R15=0x0000000000000000 is an unknown value


Stack: [0x00000000172a0000,0x00000000173a0000],  sp=0x000000001739ce60,  free space=1011k
Native frames: (J=compiled Java code, j=interpreted, Vv=VM code, C=native code)
V  [jvm.dll+0x43608]
V  [jvm.dll+0x43999]
V  [jvm.dll+0x41c6b]
V  [jvm.dll+0x420aeb]
V  [jvm.dll+0x41b8da]
V  [jvm.dll+0x41e727]
V  [jvm.dll+0x41eeeb]
V  [jvm.dll+0x41fde6]
V  [jvm.dll+0x420048]
V  [jvm.dll+0x42047b]
V  [jvm.dll+0x41ffd5]
V  [jvm.dll+0x41bd3b]
V  [jvm.dll+0x41e727]
V  [jvm.dll+0x41eeeb]
V  [jvm.dll+0x41fde6]
V  [jvm.dll+0x420048]
V  [jvm.dll+0x42047b]
V  [jvm.dll+0x41ffd5]
V  [jvm.dll+0x41bd3b]
V  [jvm.dll+0x41e727]
V  [jvm.dll+0x41f01d]
V  [jvm.dll+0x41fde6]
V  [jvm.dll+0x420048]
V  [jvm.dll+0x42047b]
V  [jvm.dll+0x41ffd5]
V  [jvm.dll+0x41bd3b]
V  [jvm.dll+0x41e727]
V  [jvm.dll+0x41eeeb]
V  [jvm.dll+0x41fde6]
V  [jvm.dll+0x420048]
V  [jvm.dll+0x42047b]
V  [jvm.dll+0x41ffd5]
V  [jvm.dll+0x41bd3b]
V  [jvm.dll+0x41e727]
V  [jvm.dll+0x41f01d]
V  [jvm.dll+0x41fde6]
V  [jvm.dll+0x420048]
V  [jvm.dll+0x42047b]
V  [jvm.dll+0x41ffd5]
V  [jvm.dll+0x41bd3b]
V  [jvm.dll+0x41e727]
V  [jvm.dll+0x41eeeb]
V  [jvm.dll+0x41fde6]
V  [jvm.dll+0x420048]
V  [jvm.dll+0x41bd3b]
V  [jvm.dll+0x41e727]
V  [jvm.dll+0x41eeeb]
V  [jvm.dll+0x41fde6]
V  [jvm.dll+0x420048]
V  [jvm.dll+0x41bd3b]
V  [jvm.dll+0x41e727]
V  [jvm.dll+0x41f01d]
V  [jvm.dll+0x41f412]
V  [jvm.dll+0x4244f5]
V  [jvm.dll+0x424600]
V  [jvm.dll+0x40ddb8]
V  [jvm.dll+0x40e021]
V  [jvm.dll+0x40e1e2]
V  [jvm.dll+0x40e3b1]
V  [jvm.dll+0x40e5bf]
V  [jvm.dll+0xa5742]
V  [jvm.dll+0xa607f]
V  [jvm.dll+0x244b7f]
V  [jvm.dll+0x29c43a]
C  [msvcr100.dll+0x21d9f]
C  [msvcr100.dll+0x21e3b]
C  [KERNEL32.DLL+0x17034]
C  [ntdll.dll+0x52651]


Current CompileTask:
C1:   6758 6891       3       android.content.res.TypedArray::$$robo$$android_content_res_TypedArray$loadStringValueAt (51 bytes)


---------------  P R O C E S S  ---------------

Java Threads: ( => current thread )
  0x000000001a00c000 JavaThread "Java2D Disposer" daemon [_thread_blocked, id=28044, stack(0x000000001bb50000,0x000000001bc50000)]
  0x00000000187e7000 JavaThread "SDK 28 Main Thread" [_thread_in_native, id=16468, stack(0x00000000198b0000,0x00000000199b0000)]
  0x00000000181fa800 JavaThread "/127.0.0.1:54969 to /127.0.0.1:54968 workers Thread 3" [_thread_in_native, id=27916, stack(0x00000000193b0000,0x00000000194b0000)]
  0x00000000181fa000 JavaThread "/127.0.0.1:54969 to /127.0.0.1:54968 workers Thread 2" [_thread_blocked, id=13812, stack(0x00000000192b0000,0x00000000193b0000)]
  0x0000000017aa5000 JavaThread "Test worker" [_thread_blocked, id=24152, stack(0x0000000018e70000,0x0000000018f70000)]
  0x0000000015913000 JavaThread "Service Thread" daemon [_thread_blocked, id=31568, stack(0x00000000173a0000,0x00000000174a0000)]
=>0x0000000015885000 JavaThread "C1 CompilerThread3" daemon [_thread_in_vm, id=20884, stack(0x00000000172a0000,0x00000000173a0000)]
  0x0000000015884000 JavaThread "C2 CompilerThread2" daemon [_thread_blocked, id=20564, stack(0x00000000171a0000,0x00000000172a0000)]
  0x0000000015881000 JavaThread "C2 CompilerThread1" daemon [_thread_blocked, id=1804, stack(0x00000000170a0000,0x00000000171a0000)]
  0x000000001587b000 JavaThread "C2 CompilerThread0" daemon [_thread_blocked, id=16396, stack(0x0000000016fa0000,0x00000000170a0000)]
  0x0000000015876800 JavaThread "Attach Listener" daemon [_thread_blocked, id=6680, stack(0x0000000016ea0000,0x0000000016fa0000)]
  0x0000000015876000 JavaThread "Signal Dispatcher" daemon [_thread_blocked, id=14136, stack(0x0000000016da0000,0x0000000016ea0000)]
  0x00000000157f3000 JavaThread "Finalizer" daemon [_thread_blocked, id=12912, stack(0x0000000016a60000,0x0000000016b60000)]
  0x00000000026aa000 JavaThread "Reference Handler" daemon [_thread_blocked, id=5412, stack(0x0000000016960000,0x0000000016a60000)]
  0x00000000024ae000 JavaThread "main" [_thread_blocked, id=23948, stack(0x00000000024b0000,0x00000000025b0000)]

Other Threads:
  0x0000000014116800 VMThread [stack: 0x0000000016860000,0x0000000016960000] [id=24104]
  0x00000000159dd800 WatcherThread [stack: 0x00000000174a0000,0x00000000175a0000] [id=26840]

VM state:not at safepoint (normal execution)

VM Mutex/Monitor currently owned by a thread: None

Heap:
 PSYoungGen      total 155648K, used 138097K [0x00000000f5580000, 0x0000000100000000, 0x0000000100000000)
  eden space 139776K, 87% used [0x00000000f5580000,0x00000000fcd96fc0,0x00000000fde00000)
  from space 15872K, 95% used [0x00000000ff080000,0x00000000fff45690,0x0000000100000000)
  to   space 17408K, 0% used [0x00000000fde00000,0x00000000fde00000,0x00000000fef00000)
 ParOldGen       total 243200K, used 69019K [0x00000000e0000000, 0x00000000eed80000, 0x00000000f5580000)
  object space 243200K, 28% used [0x00000000e0000000,0x00000000e4366f38,0x00000000eed80000)
 Metaspace       used 63516K, capacity 73410K, committed 73728K, reserved 1112064K
  class space    used 7957K, capacity 10682K, committed 10752K, reserved 1048576K

Card table byte_map: [0x0000000011a70000,0x0000000011b80000] byte_map_base: 0x0000000011370000

Marking Bits: (ParMarkBitMap*) 0x0000000076dda6c0
 Begin Bits: [0x0000000012630000, 0x0000000012e30000)
 End Bits:   [0x0000000012e30000, 0x0000000013630000)

Polling page: 0x0000000000b70000

CodeCache: size=245760Kb used=18707Kb max_used=18721Kb free=227052Kb
 bounds [0x00000000026b0000, 0x0000000003940000, 0x00000000116b0000]
 total_blobs=7166 nmethods=5572 adapters=1506
 compilation: enabled

Compilation events (10 events):
Event: 6.736 Thread 0x0000000015885000 nmethod 6884 0x00000000033f5090 code [0x00000000033f5240, 0x00000000033f54c8]
Event: 6.737 Thread 0x0000000015885000 6887       3       org.robolectric.res.android.ResStringPool::styleAt (107 bytes)
Event: 6.737 Thread 0x000000001587b000 6888       4       android.content.pm.ActivityInfo::$$robo$$android_content_pm_ActivityInfo$activityInfoConfigNativeToJava (36 bytes)
Event: 6.738 Thread 0x0000000015885000 nmethod 6887 0x000000000392b450 code [0x000000000392b7e0, 0x000000000392da08]
Event: 6.738 Thread 0x0000000015885000 6892       3       java.lang.invoke.InvokerBytecodeGenerator::classFileEpilogue (17 bytes)
Event: 6.738 Thread 0x0000000015885000 nmethod 6892 0x0000000002d93150 code [0x0000000002d932c0, 0x0000000002d935b8]
Event: 6.738 Thread 0x0000000015885000 6890       3       android.content.res.TypedArray::loadStringValueAt (8 bytes)
Event: 6.738 Thread 0x000000001587b000 nmethod 6888 0x00000000034868d0 code [0x0000000003486a00, 0x0000000003486b98]
Event: 6.739 Thread 0x0000000015885000 nmethod 6890 0x000000000392ef10 code [0x000000000392f240, 0x0000000003930d08]
Event: 6.739 Thread 0x0000000015885000 6891       3       android.content.res.TypedArray::$$robo$$android_content_res_TypedArray$loadStringValueAt (51 bytes)

GC Heap History (10 events):
Event: 4.876 GC heap before
{Heap before GC invocations=17 (full 3):
 PSYoungGen      total 155136K, used 154796K [0x00000000f5580000, 0x00000000fff00000, 0x0000000100000000)
  eden space 148992K, 100% used [0x00000000f5580000,0x00000000fe700000,0x00000000fe700000)
  from space 6144K, 94% used [0x00000000fe700000,0x00000000fecab378,0x00000000fed00000)
  to   space 12288K, 0% used [0x00000000ff300000,0x00000000ff300000,0x00000000fff00000)
 ParOldGen       total 243200K, used 60786K [0x00000000e0000000, 0x00000000eed80000, 0x00000000f5580000)
  object space 243200K, 24% used [0x00000000e0000000,0x00000000e3b5c910,0x00000000eed80000)
 Metaspace       used 53582K, capacity 59484K, committed 59648K, reserved 1101824K
  class space    used 6387K, capacity 8171K, committed 8192K, reserved 1048576K
Event: 4.881 GC heap after
Heap after GC invocations=17 (full 3):
 PSYoungGen      total 161280K, used 7220K [0x00000000f5580000, 0x0000000100000000, 0x0000000100000000)
  eden space 148992K, 0% used [0x00000000f5580000,0x00000000f5580000,0x00000000fe700000)
  from space 12288K, 58% used [0x00000000ff300000,0x00000000ffa0d310,0x00000000fff00000)
  to   space 12288K, 0% used [0x00000000fe700000,0x00000000fe700000,0x00000000ff300000)
 ParOldGen       total 243200K, used 60794K [0x00000000e0000000, 0x00000000eed80000, 0x00000000f5580000)
  object space 243200K, 24% used [0x00000000e0000000,0x00000000e3b5e910,0x00000000eed80000)
 Metaspace       used 53582K, capacity 59484K, committed 59648K, reserved 1101824K
  class space    used 6387K, capacity 8171K, committed 8192K, reserved 1048576K
}
Event: 5.250 GC heap before
{Heap before GC invocations=18 (full 3):
 PSYoungGen      total 161280K, used 156212K [0x00000000f5580000, 0x0000000100000000, 0x0000000100000000)
  eden space 148992K, 100% used [0x00000000f5580000,0x00000000fe700000,0x00000000fe700000)
  from space 12288K, 58% used [0x00000000ff300000,0x00000000ffa0d310,0x00000000fff00000)
  to   space 12288K, 0% used [0x00000000fe700000,0x00000000fe700000,0x00000000ff300000)
 ParOldGen       total 243200K, used 60794K [0x00000000e0000000, 0x00000000eed80000, 0x00000000f5580000)
  object space 243200K, 24% used [0x00000000e0000000,0x00000000e3b5e910,0x00000000eed80000)
 Metaspace       used 57204K, capacity 63810K, committed 64000K, reserved 1103872K
  class space    used 6865K, capacity 8880K, committed 8960K, reserved 1048576K
Event: 5.257 GC heap after
Heap after GC invocations=18 (full 3):
 PSYoungGen      total 161280K, used 11842K [0x00000000f5580000, 0x0000000100000000, 0x0000000100000000)
  eden space 148992K, 0% used [0x00000000f5580000,0x00000000f5580000,0x00000000fe700000)
  from space 12288K, 96% used [0x00000000fe700000,0x00000000ff290908,0x00000000ff300000)
  to   space 13312K, 0% used [0x00000000ff300000,0x00000000ff300000,0x0000000100000000)
 ParOldGen       total 243200K, used 60802K [0x00000000e0000000, 0x00000000eed80000, 0x00000000f5580000)
  object space 243200K, 25% used [0x00000000e0000000,0x00000000e3b60910,0x00000000eed80000)
 Metaspace       used 57204K, capacity 63810K, committed 64000K, reserved 1103872K
  class space    used 6865K, capacity 8880K, committed 8960K, reserved 1048576K
}
Event: 5.741 GC heap before
{Heap before GC invocations=19 (full 3):
 PSYoungGen      total 161280K, used 160834K [0x00000000f5580000, 0x0000000100000000, 0x0000000100000000)
  eden space 148992K, 100% used [0x00000000f5580000,0x00000000fe700000,0x00000000fe700000)
  from space 12288K, 96% used [0x00000000fe700000,0x00000000ff290908,0x00000000ff300000)
  to   space 13312K, 0% used [0x00000000ff300000,0x00000000ff300000,0x0000000100000000)
 ParOldGen       total 243200K, used 60802K [0x00000000e0000000, 0x00000000eed80000, 0x00000000f5580000)
  object space 243200K, 25% used [0x00000000e0000000,0x00000000e3b60910,0x00000000eed80000)
 Metaspace       used 60335K, capacity 69356K, committed 69632K, reserved 1107968K
  class space    used 7601K, capacity 10194K, committed 10240K, reserved 1048576K
Event: 5.750 GC heap after
Heap after GC invocations=19 (full 3):
 PSYoungGen      total 156160K, used 13295K [0x00000000f5580000, 0x0000000100000000, 0x0000000100000000)
  eden space 142848K, 0% used [0x00000000f5580000,0x00000000f5580000,0x00000000fe100000)
  from space 13312K, 99% used [0x00000000ff300000,0x00000000ffffbf28,0x0000000100000000)
  to   space 15872K, 0% used [0x00000000fe100000,0x00000000fe100000,0x00000000ff080000)
 ParOldGen       total 243200K, used 64315K [0x00000000e0000000, 0x00000000eed80000, 0x00000000f5580000)
  object space 243200K, 26% used [0x00000000e0000000,0x00000000e3ececd8,0x00000000eed80000)
 Metaspace       used 60335K, capacity 69356K, committed 69632K, reserved 1107968K
  class space    used 7601K, capacity 10194K, committed 10240K, reserved 1048576K
}
Event: 6.030 GC heap before
{Heap before GC invocations=20 (full 3):
 PSYoungGen      total 156160K, used 156143K [0x00000000f5580000, 0x0000000100000000, 0x0000000100000000)
  eden space 142848K, 100% used [0x00000000f5580000,0x00000000fe100000,0x00000000fe100000)
  from space 13312K, 99% used [0x00000000ff300000,0x00000000ffffbf28,0x0000000100000000)
  to   space 15872K, 0% used [0x00000000fe100000,0x00000000fe100000,0x00000000ff080000)
 ParOldGen       total 243200K, used 64315K [0x00000000e0000000, 0x00000000eed80000, 0x00000000f5580000)
  object space 243200K, 26% used [0x00000000e0000000,0x00000000e3ececd8,0x00000000eed80000)
 Metaspace       used 61511K, capacity 70766K, committed 70912K, reserved 1110016K
  class space    used 7769K, capacity 10383K, committed 10496K, reserved 1048576K
Event: 6.038 GC heap after
Heap after GC invocations=20 (full 3):
 PSYoungGen      total 158720K, used 9806K [0x00000000f5580000, 0x0000000100000000, 0x0000000100000000)
  eden space 142848K, 0% used [0x00000000f5580000,0x00000000f5580000,0x00000000fe100000)
  from space 15872K, 61% used [0x00000000fe100000,0x00000000fea939f8,0x00000000ff080000)
  to   space 15872K, 0% used [0x00000000ff080000,0x00000000ff080000,0x0000000100000000)
 ParOldGen       total 243200K, used 69011K [0x00000000e0000000, 0x00000000eed80000, 0x00000000f5580000)
  object space 243200K, 28% used [0x00000000e0000000,0x00000000e4364f38,0x00000000eed80000)
 Metaspace       used 61511K, capacity 70766K, committed 70912K, reserved 1110016K
  class space    used 7769K, capacity 10383K, committed 10496K, reserved 1048576K
}
Event: 6.526 GC heap before
{Heap before GC invocations=21 (full 3):
 PSYoungGen      total 158720K, used 152654K [0x00000000f5580000, 0x0000000100000000, 0x0000000100000000)
  eden space 142848K, 100% used [0x00000000f5580000,0x00000000fe100000,0x00000000fe100000)
  from space 15872K, 61% used [0x00000000fe100000,0x00000000fea939f8,0x00000000ff080000)
  to   space 15872K, 0% used [0x00000000ff080000,0x00000000ff080000,0x0000000100000000)
 ParOldGen       total 243200K, used 69011K [0x00000000e0000000, 0x00000000eed80000, 0x00000000f5580000)
  object space 243200K, 28% used [0x00000000e0000000,0x00000000e4364f38,0x00000000eed80000)
 Metaspace       used 63282K, capacity 73032K, committed 73216K, reserved 1112064K
  class space    used 7942K, capacity 10638K, committed 10752K, reserved 1048576K
Event: 6.533 GC heap after
Heap after GC invocations=21 (full 3):
 PSYoungGen      total 155648K, used 15125K [0x00000000f5580000, 0x0000000100000000, 0x0000000100000000)
  eden space 139776K, 0% used [0x00000000f5580000,0x00000000f5580000,0x00000000fde00000)
  from space 15872K, 95% used [0x00000000ff080000,0x00000000fff45690,0x0000000100000000)
  to   space 17408K, 0% used [0x00000000fde00000,0x00000000fde00000,0x00000000fef00000)
 ParOldGen       total 243200K, used 69019K [0x00000000e0000000, 0x00000000eed80000, 0x00000000f5580000)
  object space 243200K, 28% used [0x00000000e0000000,0x00000000e4366f38,0x00000000eed80000)
 Metaspace       used 63282K, capacity 73032K, committed 73216K, reserved 1112064K
  class space    used 7942K, capacity 10638K, committed 10752K, reserved 1048576K
}

Deoptimization events (10 events):
Event: 6.249 Thread 0x0000000017aa5000 Uncommon trap: reason=class_check action=maybe_recompile pc=0x0000000003144474 method=com.google.common.collect.ImmutableSet$RegularSetBuilderImpl.add(Ljava/lang/Object;)Lcom/google/common/collect/ImmutableSet$SetBuilderImpl; @ 6
Event: 6.249 Thread 0x0000000017aa5000 Uncommon trap: reason=class_check action=maybe_recompile pc=0x0000000003144474 method=com.google.common.collect.ImmutableSet$RegularSetBuilderImpl.add(Ljava/lang/Object;)Lcom/google/common/collect/ImmutableSet$SetBuilderImpl; @ 6
Event: 6.249 Thread 0x0000000017aa5000 Uncommon trap: reason=class_check action=maybe_recompile pc=0x0000000003144474 method=com.google.common.collect.ImmutableSet$RegularSetBuilderImpl.add(Ljava/lang/Object;)Lcom/google/common/collect/ImmutableSet$SetBuilderImpl; @ 6
Event: 6.249 Thread 0x0000000017aa5000 Uncommon trap: reason=unstable_if action=reinterpret pc=0x0000000002d68a0c method=org.robolectric.internal.bytecode.MethodRef.equals(Ljava/lang/Object;)Z @ 2
Event: 6.250 Thread 0x00000000187e7000 Uncommon trap: reason=class_check action=maybe_recompile pc=0x00000000032e9714 method=java.util.Collections.unmodifiableList(Ljava/util/List;)Ljava/util/List; @ 1
Event: 6.250 Thread 0x00000000187e7000 Uncommon trap: reason=class_check action=maybe_recompile pc=0x00000000032e9714 method=java.util.Collections.unmodifiableList(Ljava/util/List;)Ljava/util/List; @ 1
Event: 6.250 Thread 0x00000000187e7000 Uncommon trap: reason=class_check action=maybe_recompile pc=0x00000000032e9714 method=java.util.Collections.unmodifiableList(Ljava/util/List;)Ljava/util/List; @ 1
Event: 6.250 Thread 0x00000000187e7000 Uncommon trap: reason=class_check action=maybe_recompile pc=0x00000000032e9714 method=java.util.Collections.unmodifiableList(Ljava/util/List;)Ljava/util/List; @ 1
Event: 6.252 Thread 0x00000000187e7000 Uncommon trap: reason=unstable_if action=reinterpret pc=0x0000000002e1c6ec method=java.util.Arrays.hashCode([Ljava/lang/Object;)I @ 34
Event: 6.257 Thread 0x00000000187e7000 Uncommon trap: reason=unstable_if action=reinterpret pc=0x000000000335c574 method=org.robolectric.res.android.ResTable_config.isBetterThan(Lorg/robolectric/res/android/ResTable_config;Lorg/robolectric/res/android/ResTable_config;)Z @ 898

Internal exceptions (10 events):
Event: 5.883 Thread 0x00000000187e7000 Implicit null exception at 0x00000000029d6998 to 0x00000000029d6a26
Event: 6.120 Thread 0x00000000187e7000 Exception <a 'java/lang/IllegalMonitorStateException'> (0x00000000f57c2cf0) thrown at [C:\re\workspace\8-2-build-windows-amd64-cygwin\jdk8u111\7883\hotspot\src\share\vm\runtime\objectMonitor.cpp, line 1471]
Event: 6.188 Thread 0x00000000187e7000 Implicit null exception at 0x000000000300fed7 to 0x000000000300ffad
Event: 6.236 Thread 0x00000000187e7000 Exception <a 'java/lang/NoSuchMethodError': java.lang.Object.lambda$get$0(Ljava/lang/Object;)V> (0x00000000f75b27c0) thrown at [C:\re\workspace\8-2-build-windows-amd64-cygwin\jdk8u111\7883\hotspot\src\share\vm\interpreter\linkResolver.cpp, line 582]
Event: 6.252 Thread 0x00000000187e7000 Implicit null exception at 0x0000000002e1c62f to 0x0000000002e1c6cd
Event: 6.299 Thread 0x00000000187e7000 Exception <a 'sun/nio/fs/WindowsException'> (0x00000000f818aba8) thrown at [C:\re\workspace\8-2-build-windows-amd64-cygwin\jdk8u111\7883\hotspot\src\share\vm\prims\jni.cpp, line 709]
Event: 6.681 Thread 0x00000000187e7000 Exception <a 'java/lang/IllegalMonitorStateException'> (0x00000000fbc50248) thrown at [C:\re\workspace\8-2-build-windows-amd64-cygwin\jdk8u111\7883\hotspot\src\share\vm\runtime\objectMonitor.cpp, line 1471]
Event: 6.686 Thread 0x00000000187e7000 Exception <a 'java/lang/IllegalMonitorStateException'> (0x00000000fbc7cf70) thrown at [C:\re\workspace\8-2-build-windows-amd64-cygwin\jdk8u111\7883\hotspot\src\share\vm\runtime\objectMonitor.cpp, line 1471]
Event: 6.687 Thread 0x00000000187e7000 Exception <a 'java/lang/IllegalMonitorStateException'> (0x00000000fbc85dc8) thrown at [C:\re\workspace\8-2-build-windows-amd64-cygwin\jdk8u111\7883\hotspot\src\share\vm\runtime\objectMonitor.cpp, line 1471]
Event: 6.687 Thread 0x00000000187e7000 Exception <a 'java/lang/IllegalMonitorStateException'> (0x00000000fbc8e888) thrown at [C:\re\workspace\8-2-build-windows-amd64-cygwin\jdk8u111\7883\hotspot\src\share\vm\runtime\objectMonitor.cpp, line 1471]

Events (10 events):
Event: 6.684 loading class androidx/databinding/adapters/ObservableListAdapter
Event: 6.684 loading class androidx/databinding/adapters/ObservableListAdapter done
Event: 6.684 Executing VM operation: RevokeBias
Event: 6.684 Executing VM operation: RevokeBias done
Event: 6.685 loading class android/widget/AbsSpinner
Event: 6.685 loading class android/widget/AbsSpinner done
Event: 6.685 loading class android/widget/AdapterView
Event: 6.685 loading class android/widget/AdapterView done
Event: 6.685 loading class android/widget/AdapterView
Event: 6.685 loading class android/widget/AdapterView done


Dynamic libraries:
0x00007ff706f50000 - 0x00007ff706f87000 	C:\Program Files\Java\jdk1.8.0_111\bin\java.exe
0x00007ff868150000 - 0x00007ff868345000 	C:\WINDOWS\SYSTEM32\ntdll.dll
0x00007ff8671e0000 - 0x00007ff86729e000 	C:\WINDOWS\System32\KERNEL32.DLL
0x00007ff865a20000 - 0x00007ff865ce9000 	C:\WINDOWS\System32\KERNELBASE.dll
0x00007ff8661a0000 - 0x00007ff86624c000 	C:\WINDOWS\System32\ADVAPI32.dll
0x00007ff866280000 - 0x00007ff86631e000 	C:\WINDOWS\System32\msvcrt.dll
0x00007ff867300000 - 0x00007ff86739b000 	C:\WINDOWS\System32\sechost.dll
0x00007ff8670b0000 - 0x00007ff8671da000 	C:\WINDOWS\System32\RPCRT4.dll
0x00007ff866320000 - 0x00007ff8664c1000 	C:\WINDOWS\System32\USER32.dll
0x00007ff865870000 - 0x00007ff865892000 	C:\WINDOWS\System32\win32u.dll
0x00007ff8664d0000 - 0x00007ff8664fb000 	C:\WINDOWS\System32\GDI32.dll
0x00007ff865f90000 - 0x00007ff86609b000 	C:\WINDOWS\System32\gdi32full.dll
0x00007ff8660a0000 - 0x00007ff86613d000 	C:\WINDOWS\System32\msvcp_win.dll
0x00007ff8658a0000 - 0x00007ff8659a0000 	C:\WINDOWS\System32\ucrtbase.dll
0x00007ff852310000 - 0x00007ff8525aa000 	C:\WINDOWS\WinSxS\amd64_microsoft.windows.common-controls_6595b64144ccf1df_6.0.19041.1110_none_60b5254171f9507e\COMCTL32.dll
0x00007ff866250000 - 0x00007ff866280000 	C:\WINDOWS\System32\IMM32.DLL
0x00000000773e0000 - 0x00000000774b2000 	C:\Program Files\Java\jdk1.8.0_111\jre\bin\msvcr100.dll
0x00000000765c0000 - 0x0000000076e5a000 	C:\Program Files\Java\jdk1.8.0_111\jre\bin\server\jvm.dll
0x00007ff866500000 - 0x00007ff866508000 	C:\WINDOWS\System32\PSAPI.DLL
0x00007ff85f3e0000 - 0x00007ff85f3e9000 	C:\WINDOWS\SYSTEM32\WSOCK32.dll
0x00007ff85cc70000 - 0x00007ff85cc7a000 	C:\WINDOWS\SYSTEM32\VERSION.dll
0x00007ff858b10000 - 0x00007ff858b37000 	C:\WINDOWS\SYSTEM32\WINMM.dll
0x00007ff866f20000 - 0x00007ff866f8b000 	C:\WINDOWS\System32\WS2_32.dll
0x0000000051450000 - 0x000000005145f000 	C:\Program Files\Java\jdk1.8.0_111\jre\bin\verify.dll
0x0000000077870000 - 0x0000000077899000 	C:\Program Files\Java\jdk1.8.0_111\jre\bin\java.dll
0x0000000077850000 - 0x0000000077866000 	C:\Program Files\Java\jdk1.8.0_111\jre\bin\zip.dll
0x00007ff8665c0000 - 0x00007ff866cff000 	C:\WINDOWS\System32\SHELL32.dll
0x00007ff863970000 - 0x00007ff864100000 	C:\WINDOWS\SYSTEM32\windows.storage.dll
0x00007ff8678a0000 - 0x00007ff867bf5000 	C:\WINDOWS\System32\combase.dll
0x00007ff8652c0000 - 0x00007ff8652ec000 	C:\WINDOWS\SYSTEM32\Wldp.dll
0x00007ff866510000 - 0x00007ff8665be000 	C:\WINDOWS\System32\SHCORE.dll
0x00007ff8672a0000 - 0x00007ff8672f5000 	C:\WINDOWS\System32\shlwapi.dll
0x00007ff8657b0000 - 0x00007ff8657cf000 	C:\WINDOWS\SYSTEM32\profapi.dll
0x0000000077830000 - 0x000000007784a000 	C:\Program Files\Java\jdk1.8.0_111\jre\bin\net.dll
0x00007ff864fb0000 - 0x00007ff86501a000 	C:\WINDOWS\system32\mswsock.dll
0x00000000773c0000 - 0x00000000773d1000 	C:\Program Files\Java\jdk1.8.0_111\jre\bin\nio.dll
0x00007ff865210000 - 0x00007ff865228000 	C:\WINDOWS\SYSTEM32\CRYPTSP.dll
0x00007ff8648d0000 - 0x00007ff864904000 	C:\WINDOWS\system32\rsaenh.dll
0x00007ff8659f0000 - 0x00007ff865a17000 	C:\WINDOWS\System32\bcrypt.dll
0x00007ff865730000 - 0x00007ff86575e000 	C:\WINDOWS\SYSTEM32\USERENV.dll
0x00007ff865f00000 - 0x00007ff865f83000 	C:\WINDOWS\System32\bcryptprimitives.dll
0x00007ff865230000 - 0x00007ff86523c000 	C:\WINDOWS\SYSTEM32\CRYPTBASE.dll
0x00007ff864ca0000 - 0x00007ff864cdb000 	C:\WINDOWS\SYSTEM32\IPHLPAPI.DLL
0x00007ff866d00000 - 0x00007ff866d08000 	C:\WINDOWS\System32\NSI.dll
0x00007ff85cc50000 - 0x00007ff85cc67000 	C:\WINDOWS\SYSTEM32\dhcpcsvc6.DLL
0x00007ff85e460000 - 0x00007ff85e47d000 	C:\WINDOWS\SYSTEM32\dhcpcsvc.DLL
0x00007ff864ce0000 - 0x00007ff864dac000 	C:\WINDOWS\SYSTEM32\DNSAPI.dll
0x0000000077390000 - 0x00000000773b4000 	C:\Program Files\Java\jdk1.8.0_111\jre\bin\sunec.dll
0x0000000077380000 - 0x000000007738b000 	C:\Program Files\Java\jdk1.8.0_111\jre\bin\sunmscapi.dll
0x00007ff865da0000 - 0x00007ff865ef6000 	C:\WINDOWS\System32\CRYPT32.dll
0x00000000771e0000 - 0x0000000077378000 	C:\Program Files\Java\jdk1.8.0_111\jre\bin\awt.dll
0x00007ff867eb0000 - 0x00007ff867f7d000 	C:\WINDOWS\System32\OLEAUT32.dll
0x00007ff862e60000 - 0x00007ff862ef0000 	C:\WINDOWS\SYSTEM32\apphelp.dll
0x00007ff862fd0000 - 0x00007ff8631b4000 	C:\WINDOWS\SYSTEM32\dbghelp.dll

VM Arguments:
jvm_args: -Djava.awt.headless=true -Djava.security.manager=worker.org.gradle.process.internal.worker.child.BootstrapSecurityManager -Dorg.gradle.native=false -Xmx512m -Dfile.encoding=windows-1252 -Duser.country=ID -Duser.language=en -Duser.variant -ea 
java_command: worker.org.gradle.process.internal.worker.GradleWorkerMain 'Gradle Test Executor 26'
java_class_path (initial): C:\Users\Lenovo\.gradle\caches\6.1.1\workerMain\gradle-worker.jar
Launcher Type: SUN_STANDARD

Environment Variables:
USERNAME=Lenovo
OS=Windows_NT
PROCESSOR_IDENTIFIER=Intel64 Family 6 Model 165 Stepping 2, GenuineIntel



---------------  S Y S T E M  ---------------

OS: Windows 10.0 , 64 bit Build 19041 (10.0.19041.1202)

CPU:total 12 (6 cores per cpu, 2 threads per core) family 6 model 165 stepping 2, cmov, cx8, fxsr, mmx, sse, sse2, sse3, ssse3, sse4.1, sse4.2, popcnt, avx, avx2, aes, clmul, erms, 3dnowpref, lzcnt, ht, tsc, tscinvbit, bmi1, bmi2, adx

Memory: 4k page, physical 16682800k(4832904k free), swap 21347336k(3857524k free)

vm_info: Java HotSpot(TM) 64-Bit Server VM (25.111-b14) for windows-amd64 JRE (1.8.0_111-b14), built on Sep 22 2016 19:24:05 by "java_re" with MS VC++ 10.0 (VS2010)

time: Fri Oct 08 09:26:27 2021
elapsed time: 6 seconds (0d 0h 0m 6s)

