#
# A fatal error has been detected by the Java Runtime Environment:
#
#  EXCEPTION_ACCESS_VIOLATION (0xc0000005) at pc=0x0000000076603608, pid=11348, tid=0x0000000000006ea8
#
# JRE version: Java(TM) SE Runtime Environment (8.0_111-b14) (build 1.8.0_111-b14)
# Java VM: Java HotSpot(TM) 64-Bit Server VM (25.111-b14 mixed mode windows-amd64 compressed oops)
# Problematic frame:
# V  [jvm.dll+0x43608]
#
# Failed to write core dump. Minidumps are not enabled by default on client versions of Windows
#
# If you would like to submit a bug report, please visit:
#   http://bugreport.java.com/bugreport/crash.jsp
#

---------------  T H R E A D  ---------------

Current thread (0x0000000016291000):  JavaThread "C1 CompilerThread3" daemon [_thread_in_vm, id=28328, stack(0x0000000017ca0000,0x0000000017da0000)]

siginfo: ExceptionCode=0xc0000005, reading address 0xffffffffffffffff

Registers:
RAX=0x0000000016291000, RBX=0x0000000003028940, RCX=0x0000000003028940, RDX=0x0000000003028940
RSP=0x0000000017d9d170, RBP=0x00000000162d89d0, RSI=0x0000000003028940, RDI=0x0000000000000000
R8 =0x49362012ffff0013, R9 =0x0000000000000000, R10=0x00000000162d8c00, R11=0x000000001bc61ee0
R12=0x0000000016291000, R13=0x00000000162d89d0, R14=0x0000000018b19150, R15=0x0000000000000000
RIP=0x0000000076603608, EFLAGS=0x0000000000010202

Top of Stack: (sp=0x0000000017d9d170)
0x0000000017d9d170:   00000000000000b6 0000000017d9f720
0x0000000017d9d180:   0000000000000000 0000000000000077
0x0000000017d9d190:   000000001e0f6190 0000000017d9f720
0x0000000017d9d1a0:   0000000017d9d280 00000000765efe25
0x0000000017d9d1b0:   00000000000000e9 0000000076603999
0x0000000017d9d1c0:   0000000000000077 0000000000000077
0x0000000017d9d1d0:   0000000000000000 0000000000000000
0x0000000017d9d1e0:   00000000000000b6 000000001b35b150
0x0000000017d9d1f0:   00000000162a4c00 0000000076601c6b
0x0000000017d9d200:   0000000000000000 0000000016291000
0x0000000017d9d210:   0000000018b1a910 00000000765ece0f
0x0000000017d9d220:   0000000016291000 0000000076606f80
0x0000000017d9d230:   0000000016291000 0000000016291000
0x0000000017d9d240:   000000001b35b150 00000000769e0aeb
0x0000000017d9d250:   0000000000000000 0000000000000000
0x0000000017d9d260:   0000000018b1a910 0000000000000000 

Instructions: (pc=0x0000000076603608)
0x00000000766035e8:   00 48 8b da ff 15 fe 7d 59 00 44 0f b6 05 5a d9
0x00000000766035f8:   7a 00 4c 8b e0 45 84 c0 74 39 4c 8b 03 48 8b cb
0x0000000076603608:   41 ff 50 08 84 c0 74 2b 83 7b 08 00 7e 25 0f b6
0x0000000076603618:   83 0e 01 00 00 c0 e8 03 a8 01 74 17 48 8b 03 48 


Register to memory mapping:

RAX=0x0000000016291000 is a thread
RBX=0x0000000003028940 is an unknown value
RCX=0x0000000003028940 is an unknown value
RDX=0x0000000003028940 is an unknown value
RSP=0x0000000017d9d170 is pointing into the stack for thread: 0x0000000016291000
RBP=0x00000000162d89d0 is an unknown value
RSI=0x0000000003028940 is an unknown value
RDI=0x0000000000000000 is an unknown value
R8 =0x49362012ffff0013 is an unknown value
R9 =0x0000000000000000 is an unknown value
R10=0x00000000162d8c00 is an unknown value
R11=0x000000001bc61ee0 is an unknown value
R12=0x0000000016291000 is a thread
R13=0x00000000162d89d0 is an unknown value
R14=0x0000000018b19150 is an unknown value
R15=0x0000000000000000 is an unknown value


Stack: [0x0000000017ca0000,0x0000000017da0000],  sp=0x0000000017d9d170,  free space=1012k
Native frames: (J=compiled Java code, j=interpreted, Vv=VM code, C=native code)
V  [jvm.dll+0x43608]
V  [jvm.dll+0x43999]
V  [jvm.dll+0x41c6b]
V  [jvm.dll+0x420aeb]
V  [jvm.dll+0x41b8da]
V  [jvm.dll+0x41e727]
V  [jvm.dll+0x41eeeb]
V  [jvm.dll+0x41fde6]
V  [jvm.dll+0x420048]
V  [jvm.dll+0x42047b]
V  [jvm.dll+0x41ffd5]
V  [jvm.dll+0x41bd3b]
V  [jvm.dll+0x41e727]
V  [jvm.dll+0x41eeeb]
V  [jvm.dll+0x41fde6]
V  [jvm.dll+0x420048]
V  [jvm.dll+0x42047b]
V  [jvm.dll+0x41ffd5]
V  [jvm.dll+0x41bd3b]
V  [jvm.dll+0x41e727]
V  [jvm.dll+0x41f01d]
V  [jvm.dll+0x41fde6]
V  [jvm.dll+0x420048]
V  [jvm.dll+0x42047b]
V  [jvm.dll+0x41ffd5]
V  [jvm.dll+0x41bd3b]
V  [jvm.dll+0x41e727]
V  [jvm.dll+0x41eeeb]
V  [jvm.dll+0x41fde6]
V  [jvm.dll+0x420048]
V  [jvm.dll+0x42047b]
V  [jvm.dll+0x41ffd5]
V  [jvm.dll+0x41bd3b]
V  [jvm.dll+0x41e727]
V  [jvm.dll+0x41f01d]
V  [jvm.dll+0x41fde6]
V  [jvm.dll+0x420048]
V  [jvm.dll+0x42047b]
V  [jvm.dll+0x41ffd5]
V  [jvm.dll+0x41bd3b]
V  [jvm.dll+0x41e727]
V  [jvm.dll+0x41eeeb]
V  [jvm.dll+0x41fde6]
V  [jvm.dll+0x420048]
V  [jvm.dll+0x41bd3b]
V  [jvm.dll+0x41e727]
V  [jvm.dll+0x41eeeb]
V  [jvm.dll+0x41fde6]
V  [jvm.dll+0x420048]
V  [jvm.dll+0x41bd3b]
V  [jvm.dll+0x41e727]
V  [jvm.dll+0x41f01d]
V  [jvm.dll+0x41f412]
V  [jvm.dll+0x4244f5]
V  [jvm.dll+0x424600]
V  [jvm.dll+0x40ddb8]
V  [jvm.dll+0x40e021]
V  [jvm.dll+0x40e1e2]
V  [jvm.dll+0x40e3b1]
V  [jvm.dll+0x40e5bf]
V  [jvm.dll+0xa5742]
V  [jvm.dll+0xa607f]
V  [jvm.dll+0x244b7f]
V  [jvm.dll+0x29c43a]
C  [msvcr100.dll+0x21d9f]
C  [msvcr100.dll+0x21e3b]
C  [KERNEL32.DLL+0x17034]
C  [ntdll.dll+0x52651]


Current CompileTask:
C1:   6763 7035       3       android.content.res.TypedArray::$$robo$$android_content_res_TypedArray$loadStringValueAt (51 bytes)


---------------  P R O C E S S  ---------------

Java Threads: ( => current thread )
  0x000000001b2ab800 JavaThread "SharedPreferencesImpl-load" [_thread_blocked, id=32988, stack(0x0000000021940000,0x0000000021a40000)]
  0x000000001b2aa000 JavaThread "Java2D Disposer" daemon [_thread_blocked, id=28928, stack(0x000000001c550000,0x000000001c650000)]
  0x00000000186f8000 JavaThread "SDK 28 Main Thread" [_thread_blocked, id=32520, stack(0x000000001a2b0000,0x000000001a3b0000)]
  0x0000000018ae1000 JavaThread "/127.0.0.1:54923 to /127.0.0.1:54922 workers Thread 3" [_thread_in_native, id=18584, stack(0x0000000019db0000,0x0000000019eb0000)]
  0x0000000018ae0000 JavaThread "/127.0.0.1:54923 to /127.0.0.1:54922 workers Thread 2" [_thread_blocked, id=27996, stack(0x0000000019cb0000,0x0000000019db0000)]
  0x0000000018a7e800 JavaThread "Test worker" [_thread_blocked, id=12536, stack(0x0000000019870000,0x0000000019970000)]
  0x0000000016322000 JavaThread "Service Thread" daemon [_thread_blocked, id=14496, stack(0x0000000017da0000,0x0000000017ea0000)]
=>0x0000000016291000 JavaThread "C1 CompilerThread3" daemon [_thread_in_vm, id=28328, stack(0x0000000017ca0000,0x0000000017da0000)]
  0x0000000016290000 JavaThread "C2 CompilerThread2" daemon [_thread_blocked, id=32080, stack(0x0000000017ba0000,0x0000000017ca0000)]
  0x000000001628b000 JavaThread "C2 CompilerThread1" daemon [_thread_blocked, id=27424, stack(0x0000000017aa0000,0x0000000017ba0000)]
  0x0000000016286000 JavaThread "C2 CompilerThread0" daemon [_thread_blocked, id=30536, stack(0x00000000179a0000,0x0000000017aa0000)]
  0x0000000016284000 JavaThread "Attach Listener" daemon [_thread_blocked, id=27944, stack(0x00000000178a0000,0x00000000179a0000)]
  0x0000000016283000 JavaThread "Signal Dispatcher" daemon [_thread_blocked, id=32404, stack(0x00000000177a0000,0x00000000178a0000)]
  0x0000000016203000 JavaThread "Finalizer" daemon [_thread_blocked, id=31216, stack(0x0000000017460000,0x0000000017560000)]
  0x00000000030ca000 JavaThread "Reference Handler" daemon [_thread_blocked, id=22532, stack(0x0000000017360000,0x0000000017460000)]
  0x0000000002fce000 JavaThread "main" [_thread_blocked, id=5352, stack(0x0000000002e20000,0x0000000002f20000)]

Other Threads:
  0x0000000014b36800 VMThread [stack: 0x0000000017260000,0x0000000017360000] [id=26616]
  0x000000001637f000 WatcherThread [stack: 0x0000000017ea0000,0x0000000017fa0000] [id=7216]

VM state:synchronizing (normal execution)

VM Mutex/Monitor currently owned by a thread:  ([mutex/lock_event])
[0x0000000002fccae0] Threads_lock - owner thread: 0x0000000014b36800

Heap:
 PSYoungGen      total 151040K, used 110333K [0x00000000f5580000, 0x0000000100000000, 0x0000000100000000)
  eden space 129536K, 68% used [0x00000000f5580000,0x00000000fac41b68,0x00000000fd400000)
  from space 21504K, 99% used [0x00000000fd400000,0x00000000fe8fda80,0x00000000fe900000)
  to   space 23552K, 0% used [0x00000000fe900000,0x00000000fe900000,0x0000000100000000)
 ParOldGen       total 260096K, used 63417K [0x00000000e0000000, 0x00000000efe00000, 0x00000000f5580000)
  object space 260096K, 24% used [0x00000000e0000000,0x00000000e3dee640,0x00000000efe00000)
 Metaspace       used 63540K, capacity 73550K, committed 73728K, reserved 1112064K
  class space    used 7923K, capacity 10690K, committed 10752K, reserved 1048576K

Card table byte_map: [0x0000000012490000,0x00000000125a0000] byte_map_base: 0x0000000011d90000

Marking Bits: (ParMarkBitMap*) 0x0000000076dda6c0
 Begin Bits: [0x0000000013050000, 0x0000000013850000)
 End Bits:   [0x0000000013850000, 0x0000000014050000)

Polling page: 0x0000000000f70000

CodeCache: size=245760Kb used=19186Kb max_used=19197Kb free=226573Kb
 bounds [0x00000000030d0000, 0x00000000043b0000, 0x00000000120d0000]
 total_blobs=7246 nmethods=5653 adapters=1505
 compilation: enabled

Compilation events (10 events):
Event: 6.708 Thread 0x0000000016291000 nmethod 7029 0x0000000004395a50 code [0x0000000004395be0, 0x0000000004396048]
Event: 6.708 Thread 0x0000000016291000 7031       3       android.os.LocaleList::getDefault (6 bytes)
Event: 6.710 Thread 0x0000000016291000 nmethod 7031 0x000000000439e690 code [0x000000000439e9c0, 0x00000000043a03c8]
Event: 6.710 Thread 0x0000000016291000 7033       3       java.lang.invoke.LambdaForm$MH/655138159::guard (115 bytes)
Event: 6.710 Thread 0x0000000016290000 7036       4       org.objectweb.asm.commons.Method::getMethod (16 bytes)
Event: 6.710 Thread 0x0000000016291000 nmethod 7033 0x000000000439cd10 code [0x000000000439cf20, 0x000000000439de08]
Event: 6.710 Thread 0x0000000016291000 7034       3       android.content.res.TypedArray::loadStringValueAt (8 bytes)
Event: 6.711 Thread 0x0000000016290000 nmethod 7036 0x00000000043a2d90 code [0x00000000043a2ee0, 0x00000000043a2fc8]
Event: 6.711 Thread 0x0000000016291000 nmethod 7034 0x00000000043a30d0 code [0x00000000043a3400, 0x00000000043a4ec8]
Event: 6.711 Thread 0x0000000016291000 7035       3       android.content.res.TypedArray::$$robo$$android_content_res_TypedArray$loadStringValueAt (51 bytes)

GC Heap History (10 events):
Event: 5.160 GC heap before
{Heap before GC invocations=18 (full 3):
 PSYoungGen      total 156672K, used 148222K [0x00000000f5580000, 0x00000000fff00000, 0x0000000100000000)
  eden space 140800K, 100% used [0x00000000f5580000,0x00000000fdf00000,0x00000000fdf00000)
  from space 15872K, 46% used [0x00000000fef80000,0x00000000ff6bfa38,0x00000000fff00000)
  to   space 16384K, 0% used [0x00000000fdf00000,0x00000000fdf00000,0x00000000fef00000)
 ParOldGen       total 260096K, used 60858K [0x00000000e0000000, 0x00000000efe00000, 0x00000000f5580000)
  object space 260096K, 23% used [0x00000000e0000000,0x00000000e3b6eae8,0x00000000efe00000)
 Metaspace       used 56363K, capacity 62968K, committed 63104K, reserved 1103872K
  class space    used 6742K, capacity 8733K, committed 8832K, reserved 1048576K
Event: 5.167 GC heap after
Heap after GC invocations=18 (full 3):
 PSYoungGen      total 157184K, used 11218K [0x00000000f5580000, 0x0000000100000000, 0x0000000100000000)
  eden space 140800K, 0% used [0x00000000f5580000,0x00000000f5580000,0x00000000fdf00000)
  from space 16384K, 68% used [0x00000000fdf00000,0x00000000fe9f4ba8,0x00000000fef00000)
  to   space 16384K, 0% used [0x00000000ff000000,0x00000000ff000000,0x0000000100000000)
 ParOldGen       total 260096K, used 60866K [0x00000000e0000000, 0x00000000efe00000, 0x00000000f5580000)
  object space 260096K, 23% used [0x00000000e0000000,0x00000000e3b70ae8,0x00000000efe00000)
 Metaspace       used 56363K, capacity 62968K, committed 63104K, reserved 1103872K
  class space    used 6742K, capacity 8733K, committed 8832K, reserved 1048576K
}
Event: 5.634 GC heap before
{Heap before GC invocations=19 (full 3):
 PSYoungGen      total 157184K, used 152018K [0x00000000f5580000, 0x0000000100000000, 0x0000000100000000)
  eden space 140800K, 100% used [0x00000000f5580000,0x00000000fdf00000,0x00000000fdf00000)
  from space 16384K, 68% used [0x00000000fdf00000,0x00000000fe9f4ba8,0x00000000fef00000)
  to   space 16384K, 0% used [0x00000000ff000000,0x00000000ff000000,0x0000000100000000)
 ParOldGen       total 260096K, used 60866K [0x00000000e0000000, 0x00000000efe00000, 0x00000000f5580000)
  object space 260096K, 23% used [0x00000000e0000000,0x00000000e3b70ae8,0x00000000efe00000)
 Metaspace       used 59907K, capacity 68720K, committed 68992K, reserved 1107968K
  class space    used 7495K, capacity 10018K, committed 10112K, reserved 1048576K
Event: 5.641 GC heap after
Heap after GC invocations=19 (full 3):
 PSYoungGen      total 155136K, used 15091K [0x00000000f5580000, 0x0000000100000000, 0x0000000100000000)
  eden space 138752K, 0% used [0x00000000f5580000,0x00000000f5580000,0x00000000fdd00000)
  from space 16384K, 92% used [0x00000000ff000000,0x00000000ffebcf20,0x0000000100000000)
  to   space 17920K, 0% used [0x00000000fdd00000,0x00000000fdd00000,0x00000000fee80000)
 ParOldGen       total 260096K, used 60874K [0x00000000e0000000, 0x00000000efe00000, 0x00000000f5580000)
  object space 260096K, 23% used [0x00000000e0000000,0x00000000e3b72ae8,0x00000000efe00000)
 Metaspace       used 59907K, capacity 68720K, committed 68992K, reserved 1107968K
  class space    used 7495K, capacity 10018K, committed 10112K, reserved 1048576K
}
Event: 5.967 GC heap before
{Heap before GC invocations=20 (full 3):
 PSYoungGen      total 155136K, used 153843K [0x00000000f5580000, 0x0000000100000000, 0x0000000100000000)
  eden space 138752K, 100% used [0x00000000f5580000,0x00000000fdd00000,0x00000000fdd00000)
  from space 16384K, 92% used [0x00000000ff000000,0x00000000ffebcf20,0x0000000100000000)
  to   space 17920K, 0% used [0x00000000fdd00000,0x00000000fdd00000,0x00000000fee80000)
 ParOldGen       total 260096K, used 60874K [0x00000000e0000000, 0x00000000efe00000, 0x00000000f5580000)
  object space 260096K, 23% used [0x00000000e0000000,0x00000000e3b72ae8,0x00000000efe00000)
 Metaspace       used 61586K, capacity 70726K, committed 70784K, reserved 1110016K
  class space    used 7759K, capacity 10351K, committed 10368K, reserved 1048576K
Event: 5.975 GC heap after
Heap after GC invocations=20 (full 3):
 PSYoungGen      total 155648K, used 16384K [0x00000000f5580000, 0x0000000100000000, 0x0000000100000000)
  eden space 138752K, 0% used [0x00000000f5580000,0x00000000f5580000,0x00000000fdd00000)
  from space 16896K, 96% used [0x00000000fdd00000,0x00000000fed000c8,0x00000000fed80000)
  to   space 18944K, 0% used [0x00000000fed80000,0x00000000fed80000,0x0000000100000000)
 ParOldGen       total 260096K, used 60882K [0x00000000e0000000, 0x00000000efe00000, 0x00000000f5580000)
  object space 260096K, 23% used [0x00000000e0000000,0x00000000e3b74ae8,0x00000000efe00000)
 Metaspace       used 61586K, capacity 70726K, committed 70784K, reserved 1110016K
  class space    used 7759K, capacity 10351K, committed 10368K, reserved 1048576K
}
Event: 6.359 GC heap before
{Heap before GC invocations=21 (full 3):
 PSYoungGen      total 155648K, used 155136K [0x00000000f5580000, 0x0000000100000000, 0x0000000100000000)
  eden space 138752K, 100% used [0x00000000f5580000,0x00000000fdd00000,0x00000000fdd00000)
  from space 16896K, 96% used [0x00000000fdd00000,0x00000000fed000c8,0x00000000fed80000)
  to   space 18944K, 0% used [0x00000000fed80000,0x00000000fed80000,0x0000000100000000)
 ParOldGen       total 260096K, used 60882K [0x00000000e0000000, 0x00000000efe00000, 0x00000000f5580000)
  object space 260096K, 23% used [0x00000000e0000000,0x00000000e3b74ae8,0x00000000efe00000)
 Metaspace       used 62857K, capacity 72502K, committed 72576K, reserved 1112064K
  class space    used 7883K, capacity 10573K, committed 10624K, reserved 1048576K
Event: 6.368 GC heap after
Heap after GC invocations=21 (full 3):
 PSYoungGen      total 148480K, used 18934K [0x00000000f5580000, 0x0000000100000000, 0x0000000100000000)
  eden space 129536K, 0% used [0x00000000f5580000,0x00000000f5580000,0x00000000fd400000)
  from space 18944K, 99% used [0x00000000fed80000,0x00000000ffffda88,0x0000000100000000)
  to   space 22528K, 0% used [0x00000000fd400000,0x00000000fd400000,0x00000000fea00000)
 ParOldGen       total 260096K, used 63409K [0x00000000e0000000, 0x00000000efe00000, 0x00000000f5580000)
  object space 260096K, 24% used [0x00000000e0000000,0x00000000e3dec640,0x00000000efe00000)
 Metaspace       used 62857K, capacity 72502K, committed 72576K, reserved 1112064K
  class space    used 7883K, capacity 10573K, committed 10624K, reserved 1048576K
}
Event: 6.616 GC heap before
{Heap before GC invocations=22 (full 3):
 PSYoungGen      total 148480K, used 148470K [0x00000000f5580000, 0x0000000100000000, 0x0000000100000000)
  eden space 129536K, 100% used [0x00000000f5580000,0x00000000fd400000,0x00000000fd400000)
  from space 18944K, 99% used [0x00000000fed80000,0x00000000ffffda88,0x0000000100000000)
  to   space 22528K, 0% used [0x00000000fd400000,0x00000000fd400000,0x00000000fea00000)
 ParOldGen       total 260096K, used 63409K [0x00000000e0000000, 0x00000000efe00000, 0x00000000f5580000)
  object space 260096K, 24% used [0x00000000e0000000,0x00000000e3dec640,0x00000000efe00000)
 Metaspace       used 63345K, capacity 73272K, committed 73472K, reserved 1112064K
  class space    used 7913K, capacity 10655K, committed 10752K, reserved 1048576K
Event: 6.623 GC heap after
Heap after GC invocations=22 (full 3):
 PSYoungGen      total 151040K, used 21494K [0x00000000f5580000, 0x0000000100000000, 0x0000000100000000)
  eden space 129536K, 0% used [0x00000000f5580000,0x00000000f5580000,0x00000000fd400000)
  from space 21504K, 99% used [0x00000000fd400000,0x00000000fe8fda80,0x00000000fe900000)
  to   space 23552K, 0% used [0x00000000fe900000,0x00000000fe900000,0x0000000100000000)
 ParOldGen       total 260096K, used 63417K [0x00000000e0000000, 0x00000000efe00000, 0x00000000f5580000)
  object space 260096K, 24% used [0x00000000e0000000,0x00000000e3dee640,0x00000000efe00000)
 Metaspace       used 63345K, capacity 73272K, committed 73472K, reserved 1112064K
  class space    used 7913K, capacity 10655K, committed 10752K, reserved 1048576K
}

Deoptimization events (10 events):
Event: 6.054 Thread 0x0000000018a7e800 Uncommon trap: reason=class_check action=maybe_recompile pc=0x0000000003af9c74 method=com.google.common.collect.ImmutableSet$RegularSetBuilderImpl.add(Ljava/lang/Object;)Lcom/google/common/collect/ImmutableSet$SetBuilderImpl; @ 6
Event: 6.054 Thread 0x0000000018a7e800 Uncommon trap: reason=class_check action=maybe_recompile pc=0x0000000003af9c74 method=com.google.common.collect.ImmutableSet$RegularSetBuilderImpl.add(Ljava/lang/Object;)Lcom/google/common/collect/ImmutableSet$SetBuilderImpl; @ 6
Event: 6.054 Thread 0x0000000018a7e800 Uncommon trap: reason=class_check action=maybe_recompile pc=0x0000000003af9c74 method=com.google.common.collect.ImmutableSet$RegularSetBuilderImpl.add(Ljava/lang/Object;)Lcom/google/common/collect/ImmutableSet$SetBuilderImpl; @ 6
Event: 6.054 Thread 0x0000000018a7e800 Uncommon trap: reason=unstable_if action=reinterpret pc=0x00000000037cf4cc method=org.robolectric.internal.bytecode.MethodRef.equals(Ljava/lang/Object;)Z @ 2
Event: 6.057 Thread 0x00000000186f8000 Uncommon trap: reason=unstable_if action=reinterpret pc=0x0000000003712aac method=java.util.Arrays.hashCode([Ljava/lang/Object;)I @ 34
Event: 6.062 Thread 0x00000000186f8000 Uncommon trap: reason=unstable_if action=reinterpret pc=0x00000000035a6db4 method=org.robolectric.res.android.ResTable_config.isBetterThan(Lorg/robolectric/res/android/ResTable_config;Lorg/robolectric/res/android/ResTable_config;)Z @ 898
Event: 6.100 Thread 0x00000000186f8000 Uncommon trap: reason=unstable_if action=reinterpret pc=0x0000000003ce5100 method=org.robolectric.res.android.ResTable_config.match(Lorg/robolectric/res/android/ResTable_config;)Z @ 531
Event: 6.591 Thread 0x00000000186f8000 Uncommon trap: reason=unstable_if action=reinterpret pc=0x0000000003211600 method=org.robolectric.res.android.ResTable_config.match(Lorg/robolectric/res/android/ResTable_config;)Z @ 746
Event: 6.604 Thread 0x00000000186f8000 Uncommon trap: reason=unstable_if action=reinterpret pc=0x0000000003f08b54 method=com.google.common.base.Objects.equal(Ljava/lang/Object;Ljava/lang/Object;)Z @ 2
Event: 6.604 Thread 0x00000000186f8000 Uncommon trap: reason=unstable_if action=reinterpret pc=0x000000000395bb60 method=com.google.common.base.Objects.equal(Ljava/lang/Object;Ljava/lang/Object;)Z @ 2

Internal exceptions (10 events):
Event: 5.239 Thread 0x00000000186f8000 Implicit null exception at 0x0000000003acf3ea to 0x0000000003ad21e7
Event: 5.239 Thread 0x00000000186f8000 Implicit null exception at 0x0000000003e1e9f3 to 0x0000000003e1f0b9
Event: 5.317 Thread 0x00000000186f8000 Exception <a 'java/lang/NoSuchFieldError': method resolution failed> (0x00000000f7dafdd0) thrown at [C:\re\workspace\8-2-build-windows-amd64-cygwin\jdk8u111\7883\hotspot\src\share\vm\prims\methodHandles.cpp, line 1146]
Event: 5.365 Thread 0x00000000186f8000 Exception <a 'java/lang/NoSuchFieldError': method resolution failed> (0x00000000f898d8a0) thrown at [C:\re\workspace\8-2-build-windows-amd64-cygwin\jdk8u111\7883\hotspot\src\share\vm\prims\methodHandles.cpp, line 1146]
Event: 5.830 Thread 0x00000000186f8000 Implicit null exception at 0x00000000033ff6d8 to 0x00000000033ff766
Event: 5.988 Thread 0x00000000186f8000 Implicit null exception at 0x0000000003d93fd7 to 0x0000000003d940a5
Event: 6.040 Thread 0x00000000186f8000 Exception <a 'java/lang/NoSuchMethodError': java.lang.Object.lambda$get$0(Ljava/lang/Object;)V> (0x00000000f6a60250) thrown at [C:\re\workspace\8-2-build-windows-amd64-cygwin\jdk8u111\7883\hotspot\src\share\vm\interpreter\linkResolver.cpp, line 582]
Event: 6.057 Thread 0x00000000186f8000 Implicit null exception at 0x00000000037129ef to 0x0000000003712a8d
Event: 6.103 Thread 0x00000000186f8000 Exception <a 'sun/nio/fs/WindowsException'> (0x00000000f7627468) thrown at [C:\re\workspace\8-2-build-windows-amd64-cygwin\jdk8u111\7883\hotspot\src\share\vm\prims\jni.cpp, line 709]
Event: 6.601 Thread 0x00000000186f8000 Exception <a 'sun/nio/fs/WindowsException'> (0x00000000fcc6f3b8) thrown at [C:\re\workspace\8-2-build-windows-amd64-cygwin\jdk8u111\7883\hotspot\src\share\vm\prims\jni.cpp, line 709]

Events (10 events):
Event: 6.604 Thread 0x00000000186f8000 DEOPT UNPACKING pc=0x000000000311582a sp=0x000000001a3ac1e0 mode 2
Event: 6.604 Thread 0x00000000186f8000 Uncommon trap: trap_request=0xffffff65 fr.pc=0x000000000395bb60
Event: 6.604 Thread 0x00000000186f8000 DEOPT PACKING pc=0x000000000395bb60 sp=0x000000001a3ac230
Event: 6.604 Thread 0x00000000186f8000 DEOPT UNPACKING pc=0x000000000311582a sp=0x000000001a3ac170 mode 2
Event: 6.616 Executing VM operation: ParallelGCFailedAllocation
Event: 6.623 Executing VM operation: ParallelGCFailedAllocation done
Event: 6.624 Executing VM operation: RevokeBias
Event: 6.624 Executing VM operation: RevokeBias done
Event: 6.624 Executing VM operation: RevokeBias
Event: 6.624 Executing VM operation: RevokeBias done


Dynamic libraries:
0x00007ff706f50000 - 0x00007ff706f87000 	C:\Program Files\Java\jdk1.8.0_111\bin\java.exe
0x00007ff868150000 - 0x00007ff868345000 	C:\WINDOWS\SYSTEM32\ntdll.dll
0x00007ff8671e0000 - 0x00007ff86729e000 	C:\WINDOWS\System32\KERNEL32.DLL
0x00007ff865a20000 - 0x00007ff865ce9000 	C:\WINDOWS\System32\KERNELBASE.dll
0x00007ff8661a0000 - 0x00007ff86624c000 	C:\WINDOWS\System32\ADVAPI32.dll
0x00007ff866280000 - 0x00007ff86631e000 	C:\WINDOWS\System32\msvcrt.dll
0x00007ff867300000 - 0x00007ff86739b000 	C:\WINDOWS\System32\sechost.dll
0x00007ff8670b0000 - 0x00007ff8671da000 	C:\WINDOWS\System32\RPCRT4.dll
0x00007ff866320000 - 0x00007ff8664c1000 	C:\WINDOWS\System32\USER32.dll
0x00007ff865870000 - 0x00007ff865892000 	C:\WINDOWS\System32\win32u.dll
0x00007ff8664d0000 - 0x00007ff8664fb000 	C:\WINDOWS\System32\GDI32.dll
0x00007ff865f90000 - 0x00007ff86609b000 	C:\WINDOWS\System32\gdi32full.dll
0x00007ff8660a0000 - 0x00007ff86613d000 	C:\WINDOWS\System32\msvcp_win.dll
0x00007ff8658a0000 - 0x00007ff8659a0000 	C:\WINDOWS\System32\ucrtbase.dll
0x00007ff852310000 - 0x00007ff8525aa000 	C:\WINDOWS\WinSxS\amd64_microsoft.windows.common-controls_6595b64144ccf1df_6.0.19041.1110_none_60b5254171f9507e\COMCTL32.dll
0x00007ff866250000 - 0x00007ff866280000 	C:\WINDOWS\System32\IMM32.DLL
0x00000000773e0000 - 0x00000000774b2000 	C:\Program Files\Java\jdk1.8.0_111\jre\bin\msvcr100.dll
0x00000000765c0000 - 0x0000000076e5a000 	C:\Program Files\Java\jdk1.8.0_111\jre\bin\server\jvm.dll
0x00007ff866500000 - 0x00007ff866508000 	C:\WINDOWS\System32\PSAPI.DLL
0x00007ff858b10000 - 0x00007ff858b37000 	C:\WINDOWS\SYSTEM32\WINMM.dll
0x00007ff85cc70000 - 0x00007ff85cc7a000 	C:\WINDOWS\SYSTEM32\VERSION.dll
0x00007ff85f3e0000 - 0x00007ff85f3e9000 	C:\WINDOWS\SYSTEM32\WSOCK32.dll
0x00007ff866f20000 - 0x00007ff866f8b000 	C:\WINDOWS\System32\WS2_32.dll
0x0000000051450000 - 0x000000005145f000 	C:\Program Files\Java\jdk1.8.0_111\jre\bin\verify.dll
0x0000000077870000 - 0x0000000077899000 	C:\Program Files\Java\jdk1.8.0_111\jre\bin\java.dll
0x0000000077850000 - 0x0000000077866000 	C:\Program Files\Java\jdk1.8.0_111\jre\bin\zip.dll
0x00007ff8665c0000 - 0x00007ff866cff000 	C:\WINDOWS\System32\SHELL32.dll
0x00007ff863970000 - 0x00007ff864100000 	C:\WINDOWS\SYSTEM32\windows.storage.dll
0x00007ff8678a0000 - 0x00007ff867bf5000 	C:\WINDOWS\System32\combase.dll
0x00007ff8652c0000 - 0x00007ff8652ec000 	C:\WINDOWS\SYSTEM32\Wldp.dll
0x00007ff866510000 - 0x00007ff8665be000 	C:\WINDOWS\System32\SHCORE.dll
0x00007ff8672a0000 - 0x00007ff8672f5000 	C:\WINDOWS\System32\shlwapi.dll
0x00007ff8657b0000 - 0x00007ff8657cf000 	C:\WINDOWS\SYSTEM32\profapi.dll
0x0000000077830000 - 0x000000007784a000 	C:\Program Files\Java\jdk1.8.0_111\jre\bin\net.dll
0x00007ff864fb0000 - 0x00007ff86501a000 	C:\WINDOWS\system32\mswsock.dll
0x00000000773c0000 - 0x00000000773d1000 	C:\Program Files\Java\jdk1.8.0_111\jre\bin\nio.dll
0x00007ff865210000 - 0x00007ff865228000 	C:\WINDOWS\SYSTEM32\CRYPTSP.dll
0x00007ff8648d0000 - 0x00007ff864904000 	C:\WINDOWS\system32\rsaenh.dll
0x00007ff8659f0000 - 0x00007ff865a17000 	C:\WINDOWS\System32\bcrypt.dll
0x00007ff865730000 - 0x00007ff86575e000 	C:\WINDOWS\SYSTEM32\USERENV.dll
0x00007ff865f00000 - 0x00007ff865f83000 	C:\WINDOWS\System32\bcryptprimitives.dll
0x00007ff865230000 - 0x00007ff86523c000 	C:\WINDOWS\SYSTEM32\CRYPTBASE.dll
0x00007ff864ca0000 - 0x00007ff864cdb000 	C:\WINDOWS\SYSTEM32\IPHLPAPI.DLL
0x00007ff866d00000 - 0x00007ff866d08000 	C:\WINDOWS\System32\NSI.dll
0x00007ff85cc50000 - 0x00007ff85cc67000 	C:\WINDOWS\SYSTEM32\dhcpcsvc6.DLL
0x00007ff85e460000 - 0x00007ff85e47d000 	C:\WINDOWS\SYSTEM32\dhcpcsvc.DLL
0x00007ff864ce0000 - 0x00007ff864dac000 	C:\WINDOWS\SYSTEM32\DNSAPI.dll
0x0000000077390000 - 0x00000000773b4000 	C:\Program Files\Java\jdk1.8.0_111\jre\bin\sunec.dll
0x0000000077380000 - 0x000000007738b000 	C:\Program Files\Java\jdk1.8.0_111\jre\bin\sunmscapi.dll
0x00007ff865da0000 - 0x00007ff865ef6000 	C:\WINDOWS\System32\CRYPT32.dll
0x00000000771e0000 - 0x0000000077378000 	C:\Program Files\Java\jdk1.8.0_111\jre\bin\awt.dll
0x00007ff867eb0000 - 0x00007ff867f7d000 	C:\WINDOWS\System32\OLEAUT32.dll
0x00007ff862e60000 - 0x00007ff862ef0000 	C:\WINDOWS\SYSTEM32\apphelp.dll
0x00007ff862fd0000 - 0x00007ff8631b4000 	C:\WINDOWS\SYSTEM32\dbghelp.dll

VM Arguments:
jvm_args: -Djava.awt.headless=true -Djava.security.manager=worker.org.gradle.process.internal.worker.child.BootstrapSecurityManager -Dorg.gradle.native=false -Xmx512m -Dfile.encoding=windows-1252 -Duser.country=ID -Duser.language=en -Duser.variant -ea 
java_command: worker.org.gradle.process.internal.worker.GradleWorkerMain 'Gradle Test Executor 23'
java_class_path (initial): C:\Users\Lenovo\.gradle\caches\6.1.1\workerMain\gradle-worker.jar
Launcher Type: SUN_STANDARD

Environment Variables:
USERNAME=Lenovo
OS=Windows_NT
PROCESSOR_IDENTIFIER=Intel64 Family 6 Model 165 Stepping 2, GenuineIntel



---------------  S Y S T E M  ---------------

OS: Windows 10.0 , 64 bit Build 19041 (10.0.19041.1202)

CPU:total 12 (6 cores per cpu, 2 threads per core) family 6 model 165 stepping 2, cmov, cx8, fxsr, mmx, sse, sse2, sse3, ssse3, sse4.1, sse4.2, popcnt, avx, avx2, aes, clmul, erms, 3dnowpref, lzcnt, ht, tsc, tscinvbit, bmi1, bmi2, adx

Memory: 4k page, physical 16682800k(4577492k free), swap 21347336k(3886996k free)

vm_info: Java HotSpot(TM) 64-Bit Server VM (25.111-b14) for windows-amd64 JRE (1.8.0_111-b14), built on Sep 22 2016 19:24:05 by "java_re" with MS VC++ 10.0 (VS2010)

time: Fri Oct 08 09:25:20 2021
elapsed time: 6 seconds (0d 0h 0m 6s)

