#
# A fatal error has been detected by the Java Runtime Environment:
#
#  EXCEPTION_ACCESS_VIOLATION (0xc0000005) at pc=0x0000000076603608, pid=32092, tid=0x0000000000003738
#
# JRE version: Java(TM) SE Runtime Environment (8.0_111-b14) (build 1.8.0_111-b14)
# Java VM: Java HotSpot(TM) 64-Bit Server VM (25.111-b14 mixed mode windows-amd64 compressed oops)
# Problematic frame:
# V  [jvm.dll+0x43608]
#
# Failed to write core dump. Minidumps are not enabled by default on client versions of Windows
#
# If you would like to submit a bug report, please visit:
#   http://bugreport.java.com/bugreport/crash.jsp
#

---------------  T H R E A D  ---------------

Current thread (0x0000000015dc1800):  JavaThread "C1 CompilerThread3" daemon [_thread_in_vm, id=14136, stack(0x00000000177d0000,0x00000000178d0000)]

siginfo: ExceptionCode=0xc0000005, reading address 0xffffffffffffffff

Registers:
RAX=0x0000000015dc1800, RBX=0x0000000002c088b0, RCX=0x0000000002c088b0, RDX=0x0000000002c088b0
RSP=0x00000000178ccff0, RBP=0x0000000015e07620, RSI=0x0000000002c088b0, RDI=0x0000000000000000
R8 =0x49362012ffff0013, R9 =0x0000000000000000, R10=0x0000000015e07850, R11=0x000000001a5e3340
R12=0x0000000015dc1800, R13=0x0000000015e07620, R14=0x000000001b52f050, R15=0x0000000000000000
RIP=0x0000000076603608, EFLAGS=0x0000000000010202

Top of Stack: (sp=0x00000000178ccff0)
0x00000000178ccff0:   00000000000000b6 00000000178cf5a0
0x00000000178cd000:   0000000000000000 0000000000000077
0x00000000178cd010:   000000001de96380 00000000178cf5a0
0x00000000178cd020:   00000000178cd100 00000000765efe25
0x00000000178cd030:   00000000000000e9 0000000076603999
0x00000000178cd040:   0000000000000077 0000000000000077
0x00000000178cd050:   0000000000000000 0000000000000000
0x00000000178cd060:   00000000000000b6 000000001a36fc10
0x00000000178cd070:   0000000015daf5c0 0000000076601c6b
0x00000000178cd080:   0000000000000000 0000000015dc1800
0x00000000178cd090:   000000001b530810 00000000765ece0f
0x00000000178cd0a0:   0000000015dc1800 0000000076606f80
0x00000000178cd0b0:   0000000015dc1800 0000000015dc1800
0x00000000178cd0c0:   000000001a36fc10 00000000769e0aeb
0x00000000178cd0d0:   0000000000000000 0000000000000000
0x00000000178cd0e0:   000000001b530810 0000000000000000 

Instructions: (pc=0x0000000076603608)
0x00000000766035e8:   00 48 8b da ff 15 fe 7d 59 00 44 0f b6 05 5a d9
0x00000000766035f8:   7a 00 4c 8b e0 45 84 c0 74 39 4c 8b 03 48 8b cb
0x0000000076603608:   41 ff 50 08 84 c0 74 2b 83 7b 08 00 7e 25 0f b6
0x0000000076603618:   83 0e 01 00 00 c0 e8 03 a8 01 74 17 48 8b 03 48 


Register to memory mapping:

RAX=0x0000000015dc1800 is a thread
RBX=0x0000000002c088b0 is an unknown value
RCX=0x0000000002c088b0 is an unknown value
RDX=0x0000000002c088b0 is an unknown value
RSP=0x00000000178ccff0 is pointing into the stack for thread: 0x0000000015dc1800
RBP=0x0000000015e07620 is an unknown value
RSI=0x0000000002c088b0 is an unknown value
RDI=0x0000000000000000 is an unknown value
R8 =0x49362012ffff0013 is an unknown value
R9 =0x0000000000000000 is an unknown value
R10=0x0000000015e07850 is an unknown value
R11=0x000000001a5e3340 is an unknown value
R12=0x0000000015dc1800 is a thread
R13=0x0000000015e07620 is an unknown value
R14=0x000000001b52f050 is an unknown value
R15=0x0000000000000000 is an unknown value


Stack: [0x00000000177d0000,0x00000000178d0000],  sp=0x00000000178ccff0,  free space=1011k
Native frames: (J=compiled Java code, j=interpreted, Vv=VM code, C=native code)
V  [jvm.dll+0x43608]
V  [jvm.dll+0x43999]
V  [jvm.dll+0x41c6b]
V  [jvm.dll+0x420aeb]
V  [jvm.dll+0x41b8da]
V  [jvm.dll+0x41e727]
V  [jvm.dll+0x41eeeb]
V  [jvm.dll+0x41fde6]
V  [jvm.dll+0x420048]
V  [jvm.dll+0x42047b]
V  [jvm.dll+0x41ffd5]
V  [jvm.dll+0x41bd3b]
V  [jvm.dll+0x41e727]
V  [jvm.dll+0x41eeeb]
V  [jvm.dll+0x41fde6]
V  [jvm.dll+0x420048]
V  [jvm.dll+0x42047b]
V  [jvm.dll+0x41ffd5]
V  [jvm.dll+0x41bd3b]
V  [jvm.dll+0x41e727]
V  [jvm.dll+0x41f01d]
V  [jvm.dll+0x41fde6]
V  [jvm.dll+0x420048]
V  [jvm.dll+0x42047b]
V  [jvm.dll+0x41ffd5]
V  [jvm.dll+0x41bd3b]
V  [jvm.dll+0x41e727]
V  [jvm.dll+0x41eeeb]
V  [jvm.dll+0x41fde6]
V  [jvm.dll+0x420048]
V  [jvm.dll+0x42047b]
V  [jvm.dll+0x41ffd5]
V  [jvm.dll+0x41bd3b]
V  [jvm.dll+0x41e727]
V  [jvm.dll+0x41f01d]
V  [jvm.dll+0x41fde6]
V  [jvm.dll+0x420048]
V  [jvm.dll+0x42047b]
V  [jvm.dll+0x41ffd5]
V  [jvm.dll+0x41bd3b]
V  [jvm.dll+0x41e727]
V  [jvm.dll+0x41eeeb]
V  [jvm.dll+0x41fde6]
V  [jvm.dll+0x420048]
V  [jvm.dll+0x41bd3b]
V  [jvm.dll+0x41e727]
V  [jvm.dll+0x41eeeb]
V  [jvm.dll+0x41fde6]
V  [jvm.dll+0x420048]
V  [jvm.dll+0x41bd3b]
V  [jvm.dll+0x41e727]
V  [jvm.dll+0x41f01d]
V  [jvm.dll+0x41f412]
V  [jvm.dll+0x4244f5]
V  [jvm.dll+0x424600]
V  [jvm.dll+0x40ddb8]
V  [jvm.dll+0x40e021]
V  [jvm.dll+0x40e1e2]
V  [jvm.dll+0x40e3b1]
V  [jvm.dll+0x40e5bf]
V  [jvm.dll+0xa5742]
V  [jvm.dll+0xa607f]
V  [jvm.dll+0x244b7f]
V  [jvm.dll+0x29c43a]
C  [msvcr100.dll+0x21d9f]
C  [msvcr100.dll+0x21e3b]
C  [KERNEL32.DLL+0x17034]
C  [ntdll.dll+0x52651]


Current CompileTask:
C1:   6874 6929       3       android.content.res.TypedArray::$$robo$$android_content_res_TypedArray$loadStringValueAt (51 bytes)


---------------  P R O C E S S  ---------------

Java Threads: ( => current thread )
  0x000000001a548000 JavaThread "Java2D Disposer" daemon [_thread_blocked, id=12912, stack(0x000000001b0b0000,0x000000001b1b0000)]
  0x0000000017fb5000 JavaThread "SDK 28 Main Thread" [_thread_in_native, id=5412, stack(0x0000000019de0000,0x0000000019ee0000)]
  0x000000001868f800 JavaThread "/127.0.0.1:54910 to /127.0.0.1:54909 workers Thread 3" [_thread_in_native, id=28876, stack(0x00000000198e0000,0x00000000199e0000)]
  0x00000000186f8000 JavaThread "/127.0.0.1:54910 to /127.0.0.1:54909 workers Thread 2" [_thread_blocked, id=24104, stack(0x00000000197e0000,0x00000000198e0000)]
  0x0000000018a1a000 JavaThread "Test worker" [_thread_blocked, id=18276, stack(0x00000000193a0000,0x00000000194a0000)]
  0x0000000015e57800 JavaThread "Service Thread" daemon [_thread_blocked, id=23488, stack(0x00000000178d0000,0x00000000179d0000)]
=>0x0000000015dc1800 JavaThread "C1 CompilerThread3" daemon [_thread_in_vm, id=14136, stack(0x00000000177d0000,0x00000000178d0000)]
  0x0000000015dc0800 JavaThread "C2 CompilerThread2" daemon [_thread_blocked, id=14324, stack(0x00000000176d0000,0x00000000177d0000)]
  0x0000000015dbd800 JavaThread "C2 CompilerThread1" daemon [_thread_blocked, id=16200, stack(0x00000000175d0000,0x00000000176d0000)]
  0x0000000015dbb000 JavaThread "C2 CompilerThread0" daemon [_thread_blocked, id=31904, stack(0x00000000174d0000,0x00000000175d0000)]
  0x0000000015db6800 JavaThread "Attach Listener" daemon [_thread_blocked, id=26608, stack(0x00000000173d0000,0x00000000174d0000)]
  0x0000000015db6000 JavaThread "Signal Dispatcher" daemon [_thread_blocked, id=23948, stack(0x00000000172d0000,0x00000000173d0000)]
  0x0000000015d33000 JavaThread "Finalizer" daemon [_thread_blocked, id=31728, stack(0x0000000016f90000,0x0000000017090000)]
  0x0000000002caa000 JavaThread "Reference Handler" daemon [_thread_blocked, id=20676, stack(0x0000000016e90000,0x0000000016f90000)]
  0x0000000002aae000 JavaThread "main" [_thread_blocked, id=14396, stack(0x0000000002ab0000,0x0000000002bb0000)]

Other Threads:
  0x0000000014666800 VMThread [stack: 0x0000000016d90000,0x0000000016e90000] [id=18488]
  0x0000000015f3b800 WatcherThread [stack: 0x00000000179d0000,0x0000000017ad0000] [id=24296]

VM state:not at safepoint (normal execution)

VM Mutex/Monitor currently owned by a thread: None

Heap:
 PSYoungGen      total 150016K, used 93670K [0x00000000f5580000, 0x0000000100000000, 0x0000000100000000)
  eden space 128512K, 56% used [0x00000000f5580000,0x00000000f9c12130,0x00000000fd300000)
  from space 21504K, 99% used [0x00000000fd300000,0x00000000fe7e7950,0x00000000fe800000)
  to   space 24576K, 0% used [0x00000000fe800000,0x00000000fe800000,0x0000000100000000)
 ParOldGen       total 263168K, used 63328K [0x00000000e0000000, 0x00000000f0100000, 0x00000000f5580000)
  object space 263168K, 24% used [0x00000000e0000000,0x00000000e3dd8328,0x00000000f0100000)
 Metaspace       used 63541K, capacity 73558K, committed 73728K, reserved 1112064K
  class space    used 7931K, capacity 10690K, committed 10752K, reserved 1048576K

Card table byte_map: [0x0000000012070000,0x0000000012180000] byte_map_base: 0x0000000011970000

Marking Bits: (ParMarkBitMap*) 0x0000000076dda6c0
 Begin Bits: [0x0000000012b80000, 0x0000000013380000)
 End Bits:   [0x0000000013380000, 0x0000000013b80000)

Polling page: 0x0000000000cd0000

CodeCache: size=245760Kb used=18890Kb max_used=18901Kb free=226869Kb
 bounds [0x0000000002cb0000, 0x0000000003f40000, 0x0000000011cb0000]
 total_blobs=7218 nmethods=5625 adapters=1505
 compilation: enabled

Compilation events (10 events):
Event: 6.855 Thread 0x0000000015dc1800 nmethod 6922 0x0000000003f28450 code [0x0000000003f285e0, 0x0000000003f28a58]
Event: 6.855 Thread 0x0000000015dc1800 6923       3       android.view.View$GeneratedProxy/499119840::invalidate (8 bytes)
Event: 6.855 Thread 0x0000000015dc1800 nmethod 6923 0x0000000003f2d810 code [0x0000000003f2d980, 0x0000000003f2dc88]
Event: 6.855 Thread 0x0000000015dc1800 6924       3       android.view.View::$$robo$$android_view_View$invalidate (6 bytes)
Event: 6.855 Thread 0x0000000015dc1800 nmethod 6924 0x00000000038b0d50 code [0x00000000038b0ec0, 0x00000000038b10e8]
Event: 6.855 Thread 0x0000000015dc1800 6927       3       java.lang.invoke.LambdaForm$MH/171053333::guard (115 bytes)
Event: 6.856 Thread 0x0000000015dc1800 nmethod 6927 0x0000000003f2be90 code [0x0000000003f2c0a0, 0x0000000003f2cf88]
Event: 6.856 Thread 0x0000000015dc1800 6928       3       android.content.res.TypedArray::loadStringValueAt (8 bytes)
Event: 6.857 Thread 0x0000000015dc1800 nmethod 6928 0x0000000003f35e90 code [0x0000000003f361c0, 0x0000000003f37c88]
Event: 6.857 Thread 0x0000000015dc1800 6929       3       android.content.res.TypedArray::$$robo$$android_content_res_TypedArray$loadStringValueAt (51 bytes)

GC Heap History (10 events):
Event: 5.261 GC heap before
{Heap before GC invocations=18 (full 3):
 PSYoungGen      total 156672K, used 148135K [0x00000000f5580000, 0x00000000fff00000, 0x0000000100000000)
  eden space 140800K, 100% used [0x00000000f5580000,0x00000000fdf00000,0x00000000fdf00000)
  from space 15872K, 46% used [0x00000000fef80000,0x00000000ff6a9e30,0x00000000fff00000)
  to   space 16384K, 0% used [0x00000000fdf00000,0x00000000fdf00000,0x00000000fef00000)
 ParOldGen       total 263168K, used 60813K [0x00000000e0000000, 0x00000000f0100000, 0x00000000f5580000)
  object space 263168K, 23% used [0x00000000e0000000,0x00000000e3b63520,0x00000000f0100000)
 Metaspace       used 56374K, capacity 63012K, committed 63360K, reserved 1103872K
  class space    used 6746K, capacity 8733K, committed 8832K, reserved 1048576K
Event: 5.268 GC heap after
Heap after GC invocations=18 (full 3):
 PSYoungGen      total 157184K, used 10994K [0x00000000f5580000, 0x0000000100000000, 0x0000000100000000)
  eden space 140800K, 0% used [0x00000000f5580000,0x00000000f5580000,0x00000000fdf00000)
  from space 16384K, 67% used [0x00000000fdf00000,0x00000000fe9bc8f0,0x00000000fef00000)
  to   space 16384K, 0% used [0x00000000ff000000,0x00000000ff000000,0x0000000100000000)
 ParOldGen       total 263168K, used 60821K [0x00000000e0000000, 0x00000000f0100000, 0x00000000f5580000)
  object space 263168K, 23% used [0x00000000e0000000,0x00000000e3b65520,0x00000000f0100000)
 Metaspace       used 56374K, capacity 63012K, committed 63360K, reserved 1103872K
  class space    used 6746K, capacity 8733K, committed 8832K, reserved 1048576K
}
Event: 5.767 GC heap before
{Heap before GC invocations=19 (full 3):
 PSYoungGen      total 157184K, used 151794K [0x00000000f5580000, 0x0000000100000000, 0x0000000100000000)
  eden space 140800K, 100% used [0x00000000f5580000,0x00000000fdf00000,0x00000000fdf00000)
  from space 16384K, 67% used [0x00000000fdf00000,0x00000000fe9bc8f0,0x00000000fef00000)
  to   space 16384K, 0% used [0x00000000ff000000,0x00000000ff000000,0x0000000100000000)
 ParOldGen       total 263168K, used 60821K [0x00000000e0000000, 0x00000000f0100000, 0x00000000f5580000)
  object space 263168K, 23% used [0x00000000e0000000,0x00000000e3b65520,0x00000000f0100000)
 Metaspace       used 59890K, capacity 68634K, committed 68736K, reserved 1107968K
  class space    used 7500K, capacity 10019K, committed 10112K, reserved 1048576K
Event: 5.776 GC heap after
Heap after GC invocations=19 (full 3):
 PSYoungGen      total 155136K, used 15153K [0x00000000f5580000, 0x0000000100000000, 0x0000000100000000)
  eden space 138752K, 0% used [0x00000000f5580000,0x00000000f5580000,0x00000000fdd00000)
  from space 16384K, 92% used [0x00000000ff000000,0x00000000ffecc648,0x0000000100000000)
  to   space 17920K, 0% used [0x00000000fdd00000,0x00000000fdd00000,0x00000000fee80000)
 ParOldGen       total 263168K, used 60829K [0x00000000e0000000, 0x00000000f0100000, 0x00000000f5580000)
  object space 263168K, 23% used [0x00000000e0000000,0x00000000e3b67520,0x00000000f0100000)
 Metaspace       used 59890K, capacity 68634K, committed 68736K, reserved 1107968K
  class space    used 7500K, capacity 10019K, committed 10112K, reserved 1048576K
}
Event: 6.101 GC heap before
{Heap before GC invocations=20 (full 3):
 PSYoungGen      total 155136K, used 153905K [0x00000000f5580000, 0x0000000100000000, 0x0000000100000000)
  eden space 138752K, 100% used [0x00000000f5580000,0x00000000fdd00000,0x00000000fdd00000)
  from space 16384K, 92% used [0x00000000ff000000,0x00000000ffecc648,0x0000000100000000)
  to   space 17920K, 0% used [0x00000000fdd00000,0x00000000fdd00000,0x00000000fee80000)
 ParOldGen       total 263168K, used 60829K [0x00000000e0000000, 0x00000000f0100000, 0x00000000f5580000)
  object space 263168K, 23% used [0x00000000e0000000,0x00000000e3b67520,0x00000000f0100000)
 Metaspace       used 61621K, capacity 70760K, committed 70912K, reserved 1110016K
  class space    used 7774K, capacity 10384K, committed 10496K, reserved 1048576K
Event: 6.109 GC heap after
Heap after GC invocations=20 (full 3):
 PSYoungGen      total 155648K, used 16694K [0x00000000f5580000, 0x0000000100000000, 0x0000000100000000)
  eden space 138752K, 0% used [0x00000000f5580000,0x00000000f5580000,0x00000000fdd00000)
  from space 16896K, 98% used [0x00000000fdd00000,0x00000000fed4da88,0x00000000fed80000)
  to   space 18944K, 0% used [0x00000000fed80000,0x00000000fed80000,0x0000000100000000)
 ParOldGen       total 263168K, used 60837K [0x00000000e0000000, 0x00000000f0100000, 0x00000000f5580000)
  object space 263168K, 23% used [0x00000000e0000000,0x00000000e3b69520,0x00000000f0100000)
 Metaspace       used 61621K, capacity 70760K, committed 70912K, reserved 1110016K
  class space    used 7774K, capacity 10384K, committed 10496K, reserved 1048576K
}
Event: 6.493 GC heap before
{Heap before GC invocations=21 (full 3):
 PSYoungGen      total 155648K, used 155446K [0x00000000f5580000, 0x0000000100000000, 0x0000000100000000)
  eden space 138752K, 100% used [0x00000000f5580000,0x00000000fdd00000,0x00000000fdd00000)
  from space 16896K, 98% used [0x00000000fdd00000,0x00000000fed4da88,0x00000000fed80000)
  to   space 18944K, 0% used [0x00000000fed80000,0x00000000fed80000,0x0000000100000000)
 ParOldGen       total 263168K, used 60837K [0x00000000e0000000, 0x00000000f0100000, 0x00000000f5580000)
  object space 263168K, 23% used [0x00000000e0000000,0x00000000e3b69520,0x00000000f0100000)
 Metaspace       used 62862K, capacity 72506K, committed 72576K, reserved 1112064K
  class space    used 7892K, capacity 10573K, committed 10624K, reserved 1048576K
Event: 6.504 GC heap after
Heap after GC invocations=21 (full 3):
 PSYoungGen      total 147456K, used 18921K [0x00000000f5580000, 0x0000000100000000, 0x0000000100000000)
  eden space 128512K, 0% used [0x00000000f5580000,0x00000000f5580000,0x00000000fd300000)
  from space 18944K, 99% used [0x00000000fed80000,0x00000000ffffa408,0x0000000100000000)
  to   space 23040K, 0% used [0x00000000fd300000,0x00000000fd300000,0x00000000fe980000)
 ParOldGen       total 263168K, used 63320K [0x00000000e0000000, 0x00000000f0100000, 0x00000000f5580000)
  object space 263168K, 24% used [0x00000000e0000000,0x00000000e3dd6328,0x00000000f0100000)
 Metaspace       used 62862K, capacity 72506K, committed 72576K, reserved 1112064K
  class space    used 7892K, capacity 10573K, committed 10624K, reserved 1048576K
}
Event: 6.758 GC heap before
{Heap before GC invocations=22 (full 3):
 PSYoungGen      total 147456K, used 147433K [0x00000000f5580000, 0x0000000100000000, 0x0000000100000000)
  eden space 128512K, 100% used [0x00000000f5580000,0x00000000fd300000,0x00000000fd300000)
  from space 18944K, 99% used [0x00000000fed80000,0x00000000ffffa408,0x0000000100000000)
  to   space 23040K, 0% used [0x00000000fd300000,0x00000000fd300000,0x00000000fe980000)
 ParOldGen       total 263168K, used 63320K [0x00000000e0000000, 0x00000000f0100000, 0x00000000f5580000)
  object space 263168K, 24% used [0x00000000e0000000,0x00000000e3dd6328,0x00000000f0100000)
 Metaspace       used 63344K, capacity 73288K, committed 73472K, reserved 1112064K
  class space    used 7922K, capacity 10655K, committed 10752K, reserved 1048576K
Event: 6.766 GC heap after
Heap after GC invocations=22 (full 3):
 PSYoungGen      total 150016K, used 21406K [0x00000000f5580000, 0x0000000100000000, 0x0000000100000000)
  eden space 128512K, 0% used [0x00000000f5580000,0x00000000f5580000,0x00000000fd300000)
  from space 21504K, 99% used [0x00000000fd300000,0x00000000fe7e7950,0x00000000fe800000)
  to   space 24576K, 0% used [0x00000000fe800000,0x00000000fe800000,0x0000000100000000)
 ParOldGen       total 263168K, used 63328K [0x00000000e0000000, 0x00000000f0100000, 0x00000000f5580000)
  object space 263168K, 24% used [0x00000000e0000000,0x00000000e3dd8328,0x00000000f0100000)
 Metaspace       used 63344K, capacity 73288K, committed 73472K, reserved 1112064K
  class space    used 7922K, capacity 10655K, committed 10752K, reserved 1048576K
}

Deoptimization events (10 events):
Event: 6.186 Thread 0x0000000018a1a000 Uncommon trap: reason=class_check action=maybe_recompile pc=0x00000000036b5d44 method=com.google.common.collect.ImmutableSet$RegularSetBuilderImpl.add(Ljava/lang/Object;)Lcom/google/common/collect/ImmutableSet$SetBuilderImpl; @ 6
Event: 6.186 Thread 0x0000000018a1a000 Uncommon trap: reason=class_check action=maybe_recompile pc=0x00000000036b5d44 method=com.google.common.collect.ImmutableSet$RegularSetBuilderImpl.add(Ljava/lang/Object;)Lcom/google/common/collect/ImmutableSet$SetBuilderImpl; @ 6
Event: 6.186 Thread 0x0000000018a1a000 Uncommon trap: reason=class_check action=maybe_recompile pc=0x00000000036b5d44 method=com.google.common.collect.ImmutableSet$RegularSetBuilderImpl.add(Ljava/lang/Object;)Lcom/google/common/collect/ImmutableSet$SetBuilderImpl; @ 6
Event: 6.187 Thread 0x0000000018a1a000 Uncommon trap: reason=unstable_if action=reinterpret pc=0x000000000330de4c method=org.robolectric.internal.bytecode.MethodRef.equals(Ljava/lang/Object;)Z @ 2
Event: 6.188 Thread 0x0000000017fb5000 Uncommon trap: reason=unstable_if action=reinterpret pc=0x00000000039abdec method=java.util.Arrays.hashCode([Ljava/lang/Object;)I @ 34
Event: 6.194 Thread 0x0000000017fb5000 Uncommon trap: reason=unstable_if action=reinterpret pc=0x00000000035200f4 method=org.robolectric.res.android.ResTable_config.isBetterThan(Lorg/robolectric/res/android/ResTable_config;Lorg/robolectric/res/android/ResTable_config;)Z @ 898
Event: 6.234 Thread 0x0000000017fb5000 Uncommon trap: reason=unstable_if action=reinterpret pc=0x0000000003c68494 method=org.robolectric.res.android.ResTable_config.match(Lorg/robolectric/res/android/ResTable_config;)Z @ 531
Event: 6.733 Thread 0x0000000017fb5000 Uncommon trap: reason=unstable_if action=reinterpret pc=0x0000000003a037f4 method=org.robolectric.res.android.ResTable_config.match(Lorg/robolectric/res/android/ResTable_config;)Z @ 341
Event: 6.746 Thread 0x0000000017fb5000 Uncommon trap: reason=unstable_if action=reinterpret pc=0x0000000003d12414 method=com.google.common.base.Objects.equal(Ljava/lang/Object;Ljava/lang/Object;)Z @ 2
Event: 6.747 Thread 0x0000000017fb5000 Uncommon trap: reason=unstable_if action=reinterpret pc=0x0000000002e5eca0 method=com.google.common.base.Objects.equal(Ljava/lang/Object;Ljava/lang/Object;)Z @ 2

Internal exceptions (10 events):
Event: 5.341 Thread 0x0000000017fb5000 Implicit null exception at 0x000000000365b738 to 0x000000000365cdaf
Event: 5.341 Thread 0x0000000017fb5000 Implicit null exception at 0x00000000039d5073 to 0x00000000039d5739
Event: 5.421 Thread 0x0000000017fb5000 Exception <a 'java/lang/NoSuchFieldError': method resolution failed> (0x00000000f7cec660) thrown at [C:\re\workspace\8-2-build-windows-amd64-cygwin\jdk8u111\7883\hotspot\src\share\vm\prims\methodHandles.cpp, line 1146]
Event: 5.472 Thread 0x0000000017fb5000 Exception <a 'java/lang/NoSuchFieldError': method resolution failed> (0x00000000f88c8bd0) thrown at [C:\re\workspace\8-2-build-windows-amd64-cygwin\jdk8u111\7883\hotspot\src\share\vm\prims\methodHandles.cpp, line 1146]
Event: 5.963 Thread 0x0000000017fb5000 Implicit null exception at 0x0000000002fcd518 to 0x0000000002fcd5a6
Event: 6.120 Thread 0x0000000017fb5000 Implicit null exception at 0x0000000003963b97 to 0x0000000003963c64
Event: 6.172 Thread 0x0000000017fb5000 Exception <a 'java/lang/NoSuchMethodError': java.lang.Object.lambda$get$0(Ljava/lang/Object;)V> (0x00000000f6979338) thrown at [C:\re\workspace\8-2-build-windows-amd64-cygwin\jdk8u111\7883\hotspot\src\share\vm\interpreter\linkResolver.cpp, line 582]
Event: 6.188 Thread 0x0000000017fb5000 Implicit null exception at 0x00000000039abd2f to 0x00000000039abdcd
Event: 6.237 Thread 0x0000000017fb5000 Exception <a 'sun/nio/fs/WindowsException'> (0x00000000f753e4a0) thrown at [C:\re\workspace\8-2-build-windows-amd64-cygwin\jdk8u111\7883\hotspot\src\share\vm\prims\jni.cpp, line 709]
Event: 6.743 Thread 0x0000000017fb5000 Exception <a 'sun/nio/fs/WindowsException'> (0x00000000fcb81f88) thrown at [C:\re\workspace\8-2-build-windows-amd64-cygwin\jdk8u111\7883\hotspot\src\share\vm\prims\jni.cpp, line 709]

Events (10 events):
Event: 6.773 Thread 0x0000000015dc1800 flushing nmethod 0x00000000030d1f50
Event: 6.776 Thread 0x0000000015dc1800 flushing nmethod 0x00000000033cc4d0
Event: 6.776 Thread 0x0000000015dc1800 flushing nmethod 0x0000000003479c10
Event: 6.793 Thread 0x0000000015dc1800 flushing nmethod 0x00000000038b0c50
Event: 6.794 Thread 0x0000000015dc0800 flushing nmethod 0x0000000003963f50
Event: 6.794 Thread 0x0000000015dc0800 flushing nmethod 0x00000000039646d0
Event: 6.794 Thread 0x0000000015dc0800 flushing nmethod 0x0000000003964b90
Event: 6.795 Thread 0x0000000015dc1800 flushing nmethod 0x0000000003a6e210
Event: 6.795 Thread 0x0000000015dc1800 flushing nmethod 0x0000000003aae4d0
Event: 6.796 Thread 0x0000000015dc1800 flushing nmethod 0x0000000003b37510


Dynamic libraries:
0x00007ff706f50000 - 0x00007ff706f87000 	C:\Program Files\Java\jdk1.8.0_111\bin\java.exe
0x00007ff868150000 - 0x00007ff868345000 	C:\WINDOWS\SYSTEM32\ntdll.dll
0x00007ff8671e0000 - 0x00007ff86729e000 	C:\WINDOWS\System32\KERNEL32.DLL
0x00007ff865a20000 - 0x00007ff865ce9000 	C:\WINDOWS\System32\KERNELBASE.dll
0x00007ff8661a0000 - 0x00007ff86624c000 	C:\WINDOWS\System32\ADVAPI32.dll
0x00007ff866280000 - 0x00007ff86631e000 	C:\WINDOWS\System32\msvcrt.dll
0x00007ff867300000 - 0x00007ff86739b000 	C:\WINDOWS\System32\sechost.dll
0x00007ff8670b0000 - 0x00007ff8671da000 	C:\WINDOWS\System32\RPCRT4.dll
0x00007ff866320000 - 0x00007ff8664c1000 	C:\WINDOWS\System32\USER32.dll
0x00007ff865870000 - 0x00007ff865892000 	C:\WINDOWS\System32\win32u.dll
0x00007ff8664d0000 - 0x00007ff8664fb000 	C:\WINDOWS\System32\GDI32.dll
0x00007ff865f90000 - 0x00007ff86609b000 	C:\WINDOWS\System32\gdi32full.dll
0x00007ff8660a0000 - 0x00007ff86613d000 	C:\WINDOWS\System32\msvcp_win.dll
0x00007ff8658a0000 - 0x00007ff8659a0000 	C:\WINDOWS\System32\ucrtbase.dll
0x00007ff852310000 - 0x00007ff8525aa000 	C:\WINDOWS\WinSxS\amd64_microsoft.windows.common-controls_6595b64144ccf1df_6.0.19041.1110_none_60b5254171f9507e\COMCTL32.dll
0x00007ff866250000 - 0x00007ff866280000 	C:\WINDOWS\System32\IMM32.DLL
0x00000000773e0000 - 0x00000000774b2000 	C:\Program Files\Java\jdk1.8.0_111\jre\bin\msvcr100.dll
0x00000000765c0000 - 0x0000000076e5a000 	C:\Program Files\Java\jdk1.8.0_111\jre\bin\server\jvm.dll
0x00007ff866500000 - 0x00007ff866508000 	C:\WINDOWS\System32\PSAPI.DLL
0x00007ff85cc70000 - 0x00007ff85cc7a000 	C:\WINDOWS\SYSTEM32\VERSION.dll
0x00007ff858b10000 - 0x00007ff858b37000 	C:\WINDOWS\SYSTEM32\WINMM.dll
0x00007ff85f3e0000 - 0x00007ff85f3e9000 	C:\WINDOWS\SYSTEM32\WSOCK32.dll
0x00007ff866f20000 - 0x00007ff866f8b000 	C:\WINDOWS\System32\WS2_32.dll
0x0000000051450000 - 0x000000005145f000 	C:\Program Files\Java\jdk1.8.0_111\jre\bin\verify.dll
0x0000000077870000 - 0x0000000077899000 	C:\Program Files\Java\jdk1.8.0_111\jre\bin\java.dll
0x0000000077850000 - 0x0000000077866000 	C:\Program Files\Java\jdk1.8.0_111\jre\bin\zip.dll
0x00007ff8665c0000 - 0x00007ff866cff000 	C:\WINDOWS\System32\SHELL32.dll
0x00007ff863970000 - 0x00007ff864100000 	C:\WINDOWS\SYSTEM32\windows.storage.dll
0x00007ff8678a0000 - 0x00007ff867bf5000 	C:\WINDOWS\System32\combase.dll
0x00007ff8652c0000 - 0x00007ff8652ec000 	C:\WINDOWS\SYSTEM32\Wldp.dll
0x00007ff866510000 - 0x00007ff8665be000 	C:\WINDOWS\System32\SHCORE.dll
0x00007ff8672a0000 - 0x00007ff8672f5000 	C:\WINDOWS\System32\shlwapi.dll
0x00007ff8657b0000 - 0x00007ff8657cf000 	C:\WINDOWS\SYSTEM32\profapi.dll
0x0000000077830000 - 0x000000007784a000 	C:\Program Files\Java\jdk1.8.0_111\jre\bin\net.dll
0x00007ff864fb0000 - 0x00007ff86501a000 	C:\WINDOWS\system32\mswsock.dll
0x00000000773c0000 - 0x00000000773d1000 	C:\Program Files\Java\jdk1.8.0_111\jre\bin\nio.dll
0x00007ff865210000 - 0x00007ff865228000 	C:\WINDOWS\SYSTEM32\CRYPTSP.dll
0x00007ff8648d0000 - 0x00007ff864904000 	C:\WINDOWS\system32\rsaenh.dll
0x00007ff8659f0000 - 0x00007ff865a17000 	C:\WINDOWS\System32\bcrypt.dll
0x00007ff865730000 - 0x00007ff86575e000 	C:\WINDOWS\SYSTEM32\USERENV.dll
0x00007ff865f00000 - 0x00007ff865f83000 	C:\WINDOWS\System32\bcryptprimitives.dll
0x00007ff865230000 - 0x00007ff86523c000 	C:\WINDOWS\SYSTEM32\CRYPTBASE.dll
0x00007ff864ca0000 - 0x00007ff864cdb000 	C:\WINDOWS\SYSTEM32\IPHLPAPI.DLL
0x00007ff866d00000 - 0x00007ff866d08000 	C:\WINDOWS\System32\NSI.dll
0x00007ff85cc50000 - 0x00007ff85cc67000 	C:\WINDOWS\SYSTEM32\dhcpcsvc6.DLL
0x00007ff85e460000 - 0x00007ff85e47d000 	C:\WINDOWS\SYSTEM32\dhcpcsvc.DLL
0x00007ff864ce0000 - 0x00007ff864dac000 	C:\WINDOWS\SYSTEM32\DNSAPI.dll
0x0000000077390000 - 0x00000000773b4000 	C:\Program Files\Java\jdk1.8.0_111\jre\bin\sunec.dll
0x0000000077380000 - 0x000000007738b000 	C:\Program Files\Java\jdk1.8.0_111\jre\bin\sunmscapi.dll
0x00007ff865da0000 - 0x00007ff865ef6000 	C:\WINDOWS\System32\CRYPT32.dll
0x00000000771e0000 - 0x0000000077378000 	C:\Program Files\Java\jdk1.8.0_111\jre\bin\awt.dll
0x00007ff867eb0000 - 0x00007ff867f7d000 	C:\WINDOWS\System32\OLEAUT32.dll
0x00007ff862e60000 - 0x00007ff862ef0000 	C:\WINDOWS\SYSTEM32\apphelp.dll
0x00007ff862fd0000 - 0x00007ff8631b4000 	C:\WINDOWS\SYSTEM32\dbghelp.dll

VM Arguments:
jvm_args: -Djava.awt.headless=true -Djava.security.manager=worker.org.gradle.process.internal.worker.child.BootstrapSecurityManager -Dorg.gradle.native=false -Xmx512m -Dfile.encoding=windows-1252 -Duser.country=ID -Duser.language=en -Duser.variant -ea 
java_command: worker.org.gradle.process.internal.worker.GradleWorkerMain 'Gradle Test Executor 22'
java_class_path (initial): C:\Users\Lenovo\.gradle\caches\6.1.1\workerMain\gradle-worker.jar
Launcher Type: SUN_STANDARD

Environment Variables:
USERNAME=Lenovo
OS=Windows_NT
PROCESSOR_IDENTIFIER=Intel64 Family 6 Model 165 Stepping 2, GenuineIntel



---------------  S Y S T E M  ---------------

OS: Windows 10.0 , 64 bit Build 19041 (10.0.19041.1202)

CPU:total 12 (6 cores per cpu, 2 threads per core) family 6 model 165 stepping 2, cmov, cx8, fxsr, mmx, sse, sse2, sse3, ssse3, sse4.1, sse4.2, popcnt, avx, avx2, aes, clmul, erms, 3dnowpref, lzcnt, ht, tsc, tscinvbit, bmi1, bmi2, adx

Memory: 4k page, physical 16682800k(4594704k free), swap 21347336k(3883516k free)

vm_info: Java HotSpot(TM) 64-Bit Server VM (25.111-b14) for windows-amd64 JRE (1.8.0_111-b14), built on Sep 22 2016 19:24:05 by "java_re" with MS VC++ 10.0 (VS2010)

time: Fri Oct 08 09:25:10 2021
elapsed time: 6 seconds (0d 0h 0m 6s)

