#
# A fatal error has been detected by the Java Runtime Environment:
#
#  EXCEPTION_ACCESS_VIOLATION (0xc0000005) at pc=0x0000000076603608, pid=21356, tid=0x0000000000000634
#
# JRE version: Java(TM) SE Runtime Environment (8.0_111-b14) (build 1.8.0_111-b14)
# Java VM: Java HotSpot(TM) 64-Bit Server VM (25.111-b14 mixed mode windows-amd64 compressed oops)
# Problematic frame:
# V  [jvm.dll+0x43608]
#
# Failed to write core dump. Minidumps are not enabled by default on client versions of Windows
#
# If you would like to submit a bug report, please visit:
#   http://bugreport.java.com/bugreport/crash.jsp
#

---------------  T H R E A D  ---------------

Current thread (0x00000000163c4000):  JavaThread "C1 CompilerThread3" daemon [_thread_in_vm, id=1588, stack(0x0000000017dd0000,0x0000000017ed0000)]

siginfo: ExceptionCode=0xc0000005, reading address 0xffffffffffffffff

Registers:
RAX=0x00000000163c4000, RBX=0x00000000031e88b0, RCX=0x00000000031e88b0, RDX=0x00000000031e88b0
RSP=0x0000000017eccf20, RBP=0x00000000163bfca0, RSI=0x00000000031e88b0, RDI=0x0000000000000000
R8 =0x49362012ffff0013, R9 =0x0000000000000000, R10=0x00000000163bfed0, R11=0x000000001a7f1610
R12=0x00000000163c4000, R13=0x00000000163bfca0, R14=0x000000001a755f50, R15=0x0000000000000000
RIP=0x0000000076603608, EFLAGS=0x0000000000010202

Top of Stack: (sp=0x0000000017eccf20)
0x0000000017eccf20:   00000000000000b6 0000000017ecf4d0
0x0000000017eccf30:   0000000000000000 0000000000000077
0x0000000017eccf40:   000000001de0a288 0000000017ecf4d0
0x0000000017eccf50:   0000000017ecd030 00000000765efe25
0x0000000017eccf60:   00000000000000e9 0000000076603999
0x0000000017eccf70:   0000000000000077 0000000000000077
0x0000000017eccf80:   0000000000000000 0000000000000000
0x0000000017eccf90:   00000000000000b6 00000000165721e0
0x0000000017eccfa0:   00000000163d7930 0000000076601c6b
0x0000000017eccfb0:   0000000000000000 00000000163c4000
0x0000000017eccfc0:   000000001a7570c0 00000000765ece0f
0x0000000017eccfd0:   00000000163c4000 0000000076606f80
0x0000000017eccfe0:   00000000163c4000 00000000163c4000
0x0000000017eccff0:   00000000165721e0 00000000769e0aeb
0x0000000017ecd000:   0000000000000000 0000000000000000
0x0000000017ecd010:   000000001a7570c0 0000000000000000 

Instructions: (pc=0x0000000076603608)
0x00000000766035e8:   00 48 8b da ff 15 fe 7d 59 00 44 0f b6 05 5a d9
0x00000000766035f8:   7a 00 4c 8b e0 45 84 c0 74 39 4c 8b 03 48 8b cb
0x0000000076603608:   41 ff 50 08 84 c0 74 2b 83 7b 08 00 7e 25 0f b6
0x0000000076603618:   83 0e 01 00 00 c0 e8 03 a8 01 74 17 48 8b 03 48 


Register to memory mapping:

RAX=0x00000000163c4000 is a thread
RBX=0x00000000031e88b0 is an unknown value
RCX=0x00000000031e88b0 is an unknown value
RDX=0x00000000031e88b0 is an unknown value
RSP=0x0000000017eccf20 is pointing into the stack for thread: 0x00000000163c4000
RBP=0x00000000163bfca0 is an unknown value
RSI=0x00000000031e88b0 is an unknown value
RDI=0x0000000000000000 is an unknown value
R8 =0x49362012ffff0013 is an unknown value
R9 =0x0000000000000000 is an unknown value
R10=0x00000000163bfed0 is an unknown value
R11=0x000000001a7f1610 is an unknown value
R12=0x00000000163c4000 is a thread
R13=0x00000000163bfca0 is an unknown value
R14=0x000000001a755f50 is an unknown value
R15=0x0000000000000000 is an unknown value


Stack: [0x0000000017dd0000,0x0000000017ed0000],  sp=0x0000000017eccf20,  free space=1011k
Native frames: (J=compiled Java code, j=interpreted, Vv=VM code, C=native code)
V  [jvm.dll+0x43608]
V  [jvm.dll+0x43999]
V  [jvm.dll+0x41c6b]
V  [jvm.dll+0x420aeb]
V  [jvm.dll+0x41b8da]
V  [jvm.dll+0x41e727]
V  [jvm.dll+0x41eeeb]
V  [jvm.dll+0x41fde6]
V  [jvm.dll+0x420048]
V  [jvm.dll+0x42047b]
V  [jvm.dll+0x41ffd5]
V  [jvm.dll+0x41bd3b]
V  [jvm.dll+0x41e727]
V  [jvm.dll+0x41eeeb]
V  [jvm.dll+0x41fde6]
V  [jvm.dll+0x420048]
V  [jvm.dll+0x42047b]
V  [jvm.dll+0x41ffd5]
V  [jvm.dll+0x41bd3b]
V  [jvm.dll+0x41e727]
V  [jvm.dll+0x41f01d]
V  [jvm.dll+0x41fde6]
V  [jvm.dll+0x420048]
V  [jvm.dll+0x42047b]
V  [jvm.dll+0x41ffd5]
V  [jvm.dll+0x41bd3b]
V  [jvm.dll+0x41e727]
V  [jvm.dll+0x41eeeb]
V  [jvm.dll+0x41fde6]
V  [jvm.dll+0x420048]
V  [jvm.dll+0x42047b]
V  [jvm.dll+0x41ffd5]
V  [jvm.dll+0x41bd3b]
V  [jvm.dll+0x41e727]
V  [jvm.dll+0x41f01d]
V  [jvm.dll+0x41fde6]
V  [jvm.dll+0x420048]
V  [jvm.dll+0x42047b]
V  [jvm.dll+0x41ffd5]
V  [jvm.dll+0x41bd3b]
V  [jvm.dll+0x41e727]
V  [jvm.dll+0x41eeeb]
V  [jvm.dll+0x41fde6]
V  [jvm.dll+0x420048]
V  [jvm.dll+0x41bd3b]
V  [jvm.dll+0x41e727]
V  [jvm.dll+0x41eeeb]
V  [jvm.dll+0x41fde6]
V  [jvm.dll+0x420048]
V  [jvm.dll+0x41bd3b]
V  [jvm.dll+0x41e727]
V  [jvm.dll+0x41f01d]
V  [jvm.dll+0x41f412]
V  [jvm.dll+0x4244f5]
V  [jvm.dll+0x424600]
V  [jvm.dll+0x40ddb8]
V  [jvm.dll+0x40e021]
V  [jvm.dll+0x40e1e2]
V  [jvm.dll+0x40e3b1]
V  [jvm.dll+0x40e5bf]
V  [jvm.dll+0xa5742]
V  [jvm.dll+0xa607f]
V  [jvm.dll+0x244b7f]
V  [jvm.dll+0x29c43a]
C  [msvcr100.dll+0x21d9f]
C  [msvcr100.dll+0x21e3b]
C  [KERNEL32.DLL+0x17034]
C  [ntdll.dll+0x52651]


Current CompileTask:
C1:   8400 6841       3       android.content.res.TypedArray::$$robo$$android_content_res_TypedArray$loadStringValueAt (51 bytes)


---------------  P R O C E S S  ---------------

Java Threads: ( => current thread )
  0x00000000191cc800 JavaThread "Java2D Disposer" daemon [_thread_blocked, id=7632, stack(0x000000001c680000,0x000000001c780000)]
  0x0000000019425000 JavaThread "SDK 28 Main Thread" [_thread_in_native, id=26960, stack(0x000000001a3e0000,0x000000001a4e0000)]
  0x0000000018be4800 JavaThread "/127.0.0.1:57408 to /127.0.0.1:57407 workers Thread 3" [_thread_in_native, id=2088, stack(0x0000000019ee0000,0x0000000019fe0000)]
  0x0000000018be6800 JavaThread "/127.0.0.1:57408 to /127.0.0.1:57407 workers Thread 2" [_thread_blocked, id=13652, stack(0x0000000019de0000,0x0000000019ee0000)]
  0x0000000018c45000 JavaThread "Test worker" [_thread_blocked, id=27788, stack(0x00000000199a0000,0x0000000019aa0000)]
  0x0000000016454000 JavaThread "Service Thread" daemon [_thread_blocked, id=9196, stack(0x0000000017ed0000,0x0000000017fd0000)]
=>0x00000000163c4000 JavaThread "C1 CompilerThread3" daemon [_thread_in_vm, id=1588, stack(0x0000000017dd0000,0x0000000017ed0000)]
  0x00000000163c2800 JavaThread "C2 CompilerThread2" daemon [_thread_blocked, id=896, stack(0x0000000017cd0000,0x0000000017dd0000)]
  0x00000000163be000 JavaThread "C2 CompilerThread1" daemon [_thread_in_native, id=12348, stack(0x0000000017bd0000,0x0000000017cd0000)]
  0x00000000163bb000 JavaThread "C2 CompilerThread0" daemon [_thread_blocked, id=9996, stack(0x0000000017ad0000,0x0000000017bd0000)]
  0x00000000163b9000 JavaThread "Attach Listener" daemon [_thread_blocked, id=1556, stack(0x00000000179d0000,0x0000000017ad0000)]
  0x00000000163b8000 JavaThread "Signal Dispatcher" daemon [_thread_blocked, id=27452, stack(0x00000000178d0000,0x00000000179d0000)]
  0x0000000016333000 JavaThread "Finalizer" daemon [_thread_blocked, id=27912, stack(0x0000000017590000,0x0000000017690000)]
  0x0000000014c4d000 JavaThread "Reference Handler" daemon [_thread_blocked, id=18296, stack(0x0000000017490000,0x0000000017590000)]
  0x000000000174e000 JavaThread "main" [_thread_blocked, id=14708, stack(0x0000000003090000,0x0000000003190000)]

Other Threads:
  0x0000000014c46800 VMThread [stack: 0x0000000017390000,0x0000000017490000] [id=9660]
  0x0000000016526000 WatcherThread [stack: 0x0000000017fd0000,0x00000000180d0000] [id=33300]

VM state:not at safepoint (normal execution)

VM Mutex/Monitor currently owned by a thread: None

Heap:
 PSYoungGen      total 148480K, used 142134K [0x00000000f5580000, 0x0000000100000000, 0x0000000100000000)
  eden space 128512K, 95% used [0x00000000f5580000,0x00000000fcccfe60,0x00000000fd300000)
  from space 19968K, 99% used [0x00000000fec80000,0x00000000ffffda88,0x0000000100000000)
  to   space 23040K, 0% used [0x00000000fd300000,0x00000000fd300000,0x00000000fe980000)
 ParOldGen       total 264704K, used 62071K [0x00000000e0000000, 0x00000000f0280000, 0x00000000f5580000)
  object space 264704K, 23% used [0x00000000e0000000,0x00000000e3c9dd60,0x00000000f0280000)
 Metaspace       used 63153K, capacity 72948K, committed 73088K, reserved 1112064K
  class space    used 7906K, capacity 10614K, committed 10624K, reserved 1048576K

Card table byte_map: [0x0000000012650000,0x0000000012760000] byte_map_base: 0x0000000011f50000

Marking Bits: (ParMarkBitMap*) 0x0000000076dda6c0
 Begin Bits: [0x0000000013160000, 0x0000000013960000)
 End Bits:   [0x0000000013960000, 0x0000000014160000)

Polling page: 0x0000000001210000

CodeCache: size=245760Kb used=18874Kb max_used=18885Kb free=226885Kb
 bounds [0x0000000003290000, 0x0000000004520000, 0x0000000012290000]
 total_blobs=7176 nmethods=5583 adapters=1505
 compilation: enabled

Compilation events (10 events):
Event: 8.343 Thread 0x00000000163c4000 nmethod 6833 0x00000000044f84d0 code [0x00000000044f8620, 0x00000000044f8730]
Event: 8.343 Thread 0x00000000163c4000 6834       3       android.content.res.Resources$Theme::getKey (7 bytes)
Event: 8.344 Thread 0x00000000163c4000 nmethod 6834 0x000000000450d650 code [0x000000000450dae0, 0x0000000004510668]
Event: 8.344 Thread 0x00000000163c4000 6839       3       java.lang.invoke.LambdaForm$MH/131256107::linkToCallSite (21 bytes)
Event: 8.344 Thread 0x00000000163c4000 nmethod 6839 0x00000000044f7a90 code [0x00000000044f7c20, 0x00000000044f8328]
Event: 8.344 Thread 0x00000000163c4000 6838       1       android.animation.PropertyValuesHolder::$$robo$$android_animation_PropertyValuesHolder$getPropertyName (5 bytes)
Event: 8.344 Thread 0x00000000163c4000 nmethod 6838 0x00000000044f77d0 code [0x00000000044f7920, 0x00000000044f7a30]
Event: 8.345 Thread 0x00000000163bb000 6840       4       java.lang.invoke.LambdaForm$MH/735939390::exactInvoker (51 bytes)
Event: 8.346 Thread 0x00000000163c4000 6841       3       android.content.res.TypedArray::$$robo$$android_content_res_TypedArray$loadStringValueAt (51 bytes)
Event: 8.346 Thread 0x00000000163bb000 nmethod 6840 0x0000000004514ed0 code [0x0000000004515060, 0x0000000004515230]

GC Heap History (10 events):
Event: 6.166 GC heap before
{Heap before GC invocations=17 (full 3):
 PSYoungGen      total 157184K, used 145310K [0x00000000f5580000, 0x0000000100000000, 0x0000000100000000)
  eden space 139776K, 100% used [0x00000000f5580000,0x00000000fde00000,0x00000000fde00000)
  from space 17408K, 31% used [0x00000000fde00000,0x00000000fe367b60,0x00000000fef00000)
  to   space 17408K, 0% used [0x00000000fef00000,0x00000000fef00000,0x0000000100000000)
 ParOldGen       total 264704K, used 60849K [0x00000000e0000000, 0x00000000f0280000, 0x00000000f5580000)
  object space 264704K, 22% used [0x00000000e0000000,0x00000000e3b6c6b8,0x00000000f0280000)
 Metaspace       used 53441K, capacity 59356K, committed 59648K, reserved 1101824K
  class space    used 6350K, capacity 8139K, committed 8192K, reserved 1048576K
Event: 6.170 GC heap after
Heap after GC invocations=17 (full 3):
 PSYoungGen      total 157184K, used 7377K [0x00000000f5580000, 0x0000000100000000, 0x0000000100000000)
  eden space 139776K, 0% used [0x00000000f5580000,0x00000000f5580000,0x00000000fde00000)
  from space 17408K, 42% used [0x00000000fef00000,0x00000000ff634558,0x0000000100000000)
  to   space 17408K, 0% used [0x00000000fde00000,0x00000000fde00000,0x00000000fef00000)
 ParOldGen       total 264704K, used 60857K [0x00000000e0000000, 0x00000000f0280000, 0x00000000f5580000)
  object space 264704K, 22% used [0x00000000e0000000,0x00000000e3b6e6b8,0x00000000f0280000)
 Metaspace       used 53441K, capacity 59356K, committed 59648K, reserved 1101824K
  class space    used 6350K, capacity 8139K, committed 8192K, reserved 1048576K
}
Event: 6.640 GC heap before
{Heap before GC invocations=18 (full 3):
 PSYoungGen      total 157184K, used 147153K [0x00000000f5580000, 0x0000000100000000, 0x0000000100000000)
  eden space 139776K, 100% used [0x00000000f5580000,0x00000000fde00000,0x00000000fde00000)
  from space 17408K, 42% used [0x00000000fef00000,0x00000000ff634558,0x0000000100000000)
  to   space 17408K, 0% used [0x00000000fde00000,0x00000000fde00000,0x00000000fef00000)
 ParOldGen       total 264704K, used 60857K [0x00000000e0000000, 0x00000000f0280000, 0x00000000f5580000)
  object space 264704K, 22% used [0x00000000e0000000,0x00000000e3b6e6b8,0x00000000f0280000)
 Metaspace       used 56315K, capacity 62962K, committed 63104K, reserved 1103872K
  class space    used 6735K, capacity 8732K, committed 8832K, reserved 1048576K
Event: 6.646 GC heap after
Heap after GC invocations=18 (full 3):
 PSYoungGen      total 151040K, used 10862K [0x00000000f5580000, 0x00000000fff00000, 0x0000000100000000)
  eden space 139776K, 0% used [0x00000000f5580000,0x00000000f5580000,0x00000000fde00000)
  from space 11264K, 96% used [0x00000000fde00000,0x00000000fe89b8f8,0x00000000fe900000)
  to   space 16896K, 0% used [0x00000000fee80000,0x00000000fee80000,0x00000000fff00000)
 ParOldGen       total 264704K, used 60865K [0x00000000e0000000, 0x00000000f0280000, 0x00000000f5580000)
  object space 264704K, 22% used [0x00000000e0000000,0x00000000e3b706b8,0x00000000f0280000)
 Metaspace       used 56315K, capacity 62962K, committed 63104K, reserved 1103872K
  class space    used 6735K, capacity 8732K, committed 8832K, reserved 1048576K
}
Event: 7.308 GC heap before
{Heap before GC invocations=19 (full 3):
 PSYoungGen      total 151040K, used 150638K [0x00000000f5580000, 0x00000000fff00000, 0x0000000100000000)
  eden space 139776K, 100% used [0x00000000f5580000,0x00000000fde00000,0x00000000fde00000)
  from space 11264K, 96% used [0x00000000fde00000,0x00000000fe89b8f8,0x00000000fe900000)
  to   space 16896K, 0% used [0x00000000fee80000,0x00000000fee80000,0x00000000fff00000)
 ParOldGen       total 264704K, used 60865K [0x00000000e0000000, 0x00000000f0280000, 0x00000000f5580000)
  object space 264704K, 22% used [0x00000000e0000000,0x00000000e3b706b8,0x00000000f0280000)
 Metaspace       used 59908K, capacity 68648K, committed 68992K, reserved 1107968K
  class space    used 7495K, capacity 10016K, committed 10112K, reserved 1048576K
Event: 7.318 GC heap after
Heap after GC invocations=19 (full 3):
 PSYoungGen      total 154624K, used 15238K [0x00000000f5580000, 0x0000000100000000, 0x0000000100000000)
  eden space 137728K, 0% used [0x00000000f5580000,0x00000000f5580000,0x00000000fdc00000)
  from space 16896K, 90% used [0x00000000fee80000,0x00000000ffd61b58,0x00000000fff00000)
  to   space 18432K, 0% used [0x00000000fdc00000,0x00000000fdc00000,0x00000000fee00000)
 ParOldGen       total 264704K, used 60873K [0x00000000e0000000, 0x00000000f0280000, 0x00000000f5580000)
  object space 264704K, 22% used [0x00000000e0000000,0x00000000e3b726b8,0x00000000f0280000)
 Metaspace       used 59908K, capacity 68648K, committed 68992K, reserved 1107968K
  class space    used 7495K, capacity 10016K, committed 10112K, reserved 1048576K
}
Event: 7.648 GC heap before
{Heap before GC invocations=20 (full 3):
 PSYoungGen      total 154624K, used 152966K [0x00000000f5580000, 0x0000000100000000, 0x0000000100000000)
  eden space 137728K, 100% used [0x00000000f5580000,0x00000000fdc00000,0x00000000fdc00000)
  from space 16896K, 90% used [0x00000000fee80000,0x00000000ffd61b58,0x00000000fff00000)
  to   space 18432K, 0% used [0x00000000fdc00000,0x00000000fdc00000,0x00000000fee00000)
 ParOldGen       total 264704K, used 60873K [0x00000000e0000000, 0x00000000f0280000, 0x00000000f5580000)
  object space 264704K, 22% used [0x00000000e0000000,0x00000000e3b726b8,0x00000000f0280000)
 Metaspace       used 61456K, capacity 70574K, committed 70784K, reserved 1110016K
  class space    used 7750K, capacity 10351K, committed 10368K, reserved 1048576K
Event: 7.658 GC heap after
Heap after GC invocations=20 (full 3):
 PSYoungGen      total 154624K, used 16416K [0x00000000f5580000, 0x0000000100000000, 0x0000000100000000)
  eden space 137728K, 0% used [0x00000000f5580000,0x00000000f5580000,0x00000000fdc00000)
  from space 16896K, 97% used [0x00000000fdc00000,0x00000000fec08398,0x00000000fec80000)
  to   space 19968K, 0% used [0x00000000fec80000,0x00000000fec80000,0x0000000100000000)
 ParOldGen       total 264704K, used 60881K [0x00000000e0000000, 0x00000000f0280000, 0x00000000f5580000)
  object space 264704K, 22% used [0x00000000e0000000,0x00000000e3b746b8,0x00000000f0280000)
 Metaspace       used 61456K, capacity 70574K, committed 70784K, reserved 1110016K
  class space    used 7750K, capacity 10351K, committed 10368K, reserved 1048576K
}
Event: 8.173 GC heap before
{Heap before GC invocations=21 (full 3):
 PSYoungGen      total 154624K, used 154144K [0x00000000f5580000, 0x0000000100000000, 0x0000000100000000)
  eden space 137728K, 100% used [0x00000000f5580000,0x00000000fdc00000,0x00000000fdc00000)
  from space 16896K, 97% used [0x00000000fdc00000,0x00000000fec08398,0x00000000fec80000)
  to   space 19968K, 0% used [0x00000000fec80000,0x00000000fec80000,0x0000000100000000)
 ParOldGen       total 264704K, used 60881K [0x00000000e0000000, 0x00000000f0280000, 0x00000000f5580000)
  object space 264704K, 22% used [0x00000000e0000000,0x00000000e3b746b8,0x00000000f0280000)
 Metaspace       used 62844K, capacity 72474K, committed 72576K, reserved 1112064K
  class space    used 7888K, capacity 10573K, committed 10624K, reserved 1048576K
Event: 8.182 GC heap after
Heap after GC invocations=21 (full 3):
 PSYoungGen      total 148480K, used 19958K [0x00000000f5580000, 0x0000000100000000, 0x0000000100000000)
  eden space 128512K, 0% used [0x00000000f5580000,0x00000000f5580000,0x00000000fd300000)
  from space 19968K, 99% used [0x00000000fec80000,0x00000000ffffda88,0x0000000100000000)
  to   space 23040K, 0% used [0x00000000fd300000,0x00000000fd300000,0x00000000fe980000)
 ParOldGen       total 264704K, used 62071K [0x00000000e0000000, 0x00000000f0280000, 0x00000000f5580000)
  object space 264704K, 23% used [0x00000000e0000000,0x00000000e3c9dd60,0x00000000f0280000)
 Metaspace       used 62844K, capacity 72474K, committed 72576K, reserved 1112064K
  class space    used 7888K, capacity 10573K, committed 10624K, reserved 1048576K
}

Deoptimization events (10 events):
Event: 7.765 Thread 0x0000000018c45000 Uncommon trap: reason=bimorphic action=maybe_recompile pc=0x00000000033d24f0 method=java.util.regex.Pattern$Curly.match0(Ljava/util/regex/Matcher;IILjava/lang/CharSequence;)Z @ 77
Event: 7.765 Thread 0x0000000018c45000 Uncommon trap: reason=bimorphic action=maybe_recompile pc=0x00000000033d24f0 method=java.util.regex.Pattern$Curly.match0(Ljava/util/regex/Matcher;IILjava/lang/CharSequence;)Z @ 77
Event: 7.765 Thread 0x0000000018c45000 Uncommon trap: reason=bimorphic action=maybe_recompile pc=0x00000000033d24f0 method=java.util.regex.Pattern$Curly.match0(Ljava/util/regex/Matcher;IILjava/lang/CharSequence;)Z @ 77
Event: 7.766 Thread 0x0000000018c45000 Uncommon trap: reason=class_check action=maybe_recompile pc=0x0000000003bc1bb8 method=com.google.common.collect.ImmutableSet$RegularSetBuilderImpl.add(Ljava/lang/Object;)Lcom/google/common/collect/ImmutableSet$SetBuilderImpl; @ 6
Event: 7.766 Thread 0x0000000018c45000 Uncommon trap: reason=class_check action=maybe_recompile pc=0x0000000003bc1bb8 method=com.google.common.collect.ImmutableSet$RegularSetBuilderImpl.add(Ljava/lang/Object;)Lcom/google/common/collect/ImmutableSet$SetBuilderImpl; @ 6
Event: 7.766 Thread 0x0000000018c45000 Uncommon trap: reason=class_check action=maybe_recompile pc=0x0000000003bc1bb8 method=com.google.common.collect.ImmutableSet$RegularSetBuilderImpl.add(Ljava/lang/Object;)Lcom/google/common/collect/ImmutableSet$SetBuilderImpl; @ 6
Event: 7.766 Thread 0x0000000018c45000 Uncommon trap: reason=class_check action=maybe_recompile pc=0x0000000003bc1bb8 method=com.google.common.collect.ImmutableSet$RegularSetBuilderImpl.add(Ljava/lang/Object;)Lcom/google/common/collect/ImmutableSet$SetBuilderImpl; @ 6
Event: 7.766 Thread 0x0000000018c45000 Uncommon trap: reason=unstable_if action=reinterpret pc=0x000000000396808c method=org.robolectric.internal.bytecode.MethodRef.equals(Ljava/lang/Object;)Z @ 2
Event: 7.769 Thread 0x0000000019425000 Uncommon trap: reason=unstable_if action=reinterpret pc=0x00000000039e2d6c method=java.util.Arrays.hashCode([Ljava/lang/Object;)I @ 34
Event: 7.774 Thread 0x0000000019425000 Uncommon trap: reason=unstable_if action=reinterpret pc=0x0000000003b47734 method=org.robolectric.res.android.ResTable_config.isBetterThan(Lorg/robolectric/res/android/ResTable_config;Lorg/robolectric/res/android/ResTable_config;)Z @ 898

Internal exceptions (10 events):
Event: 5.853 Thread 0x0000000019425000 Exception <a 'java/lang/NoSuchMethodError': java.lang.Object.lambda$comparingDouble$8dcf42ea$1(Ljava/util/function/ToDoubleFunction;Ljava/lang/Object;Ljava/lang/Object;)I> (0x00000000f58d01b0) thrown at [C:\re\workspace\8-2-build-windows-amd64-cygwin\jdk8
Event: 6.607 Thread 0x00000000191cd000 Exception <a 'java/lang/NoSuchFieldError': method resolution failed> (0x00000000fd574988) thrown at [C:\re\workspace\8-2-build-windows-amd64-cygwin\jdk8u111\7883\hotspot\src\share\vm\prims\methodHandles.cpp, line 1146]
Event: 6.765 Thread 0x0000000019425000 Implicit null exception at 0x0000000003c8860d to 0x0000000003c8904b
Event: 6.765 Thread 0x0000000019425000 Implicit null exception at 0x0000000004029df3 to 0x000000000402a4b9
Event: 6.872 Thread 0x0000000019425000 Exception <a 'java/lang/NoSuchFieldError': method resolution failed> (0x00000000f8060030) thrown at [C:\re\workspace\8-2-build-windows-amd64-cygwin\jdk8u111\7883\hotspot\src\share\vm\prims\methodHandles.cpp, line 1146]
Event: 6.924 Thread 0x0000000019425000 Exception <a 'java/lang/NoSuchFieldError': method resolution failed> (0x00000000f8c3c560) thrown at [C:\re\workspace\8-2-build-windows-amd64-cygwin\jdk8u111\7883\hotspot\src\share\vm\prims\methodHandles.cpp, line 1146]
Event: 7.690 Thread 0x0000000019425000 Implicit null exception at 0x00000000033a2497 to 0x00000000033a256d
Event: 7.749 Thread 0x0000000019425000 Exception <a 'java/lang/NoSuchMethodError': java.lang.Object.lambda$get$0(Ljava/lang/Object;)V> (0x00000000f6ef9688) thrown at [C:\re\workspace\8-2-build-windows-amd64-cygwin\jdk8u111\7883\hotspot\src\share\vm\interpreter\linkResolver.cpp, line 582]
Event: 7.769 Thread 0x0000000019425000 Implicit null exception at 0x00000000039e2caf to 0x00000000039e2d4d
Event: 7.817 Thread 0x0000000019425000 Exception <a 'sun/nio/fs/WindowsException'> (0x00000000f7abe110) thrown at [C:\re\workspace\8-2-build-windows-amd64-cygwin\jdk8u111\7883\hotspot\src\share\vm\prims\jni.cpp, line 709]

Events (10 events):
Event: 8.187 Executing VM operation: RevokeBias
Event: 8.187 Executing VM operation: RevokeBias done
Event: 8.187 Executing VM operation: RevokeBias
Event: 8.187 Executing VM operation: RevokeBias done
Event: 8.187 Executing VM operation: RevokeBias
Event: 8.188 Executing VM operation: RevokeBias done
Event: 8.188 Executing VM operation: RevokeBias
Event: 8.188 Executing VM operation: RevokeBias done
Event: 8.189 Executing VM operation: RevokeBias
Event: 8.189 Executing VM operation: RevokeBias done


Dynamic libraries:
0x00007ff706f50000 - 0x00007ff706f87000 	C:\Program Files\Java\jdk1.8.0_111\bin\java.exe
0x00007ff868150000 - 0x00007ff868345000 	C:\WINDOWS\SYSTEM32\ntdll.dll
0x00007ff8671e0000 - 0x00007ff86729e000 	C:\WINDOWS\System32\KERNEL32.DLL
0x00007ff865a20000 - 0x00007ff865ce9000 	C:\WINDOWS\System32\KERNELBASE.dll
0x00007ff8661a0000 - 0x00007ff86624c000 	C:\WINDOWS\System32\ADVAPI32.dll
0x00007ff866280000 - 0x00007ff86631e000 	C:\WINDOWS\System32\msvcrt.dll
0x00007ff867300000 - 0x00007ff86739b000 	C:\WINDOWS\System32\sechost.dll
0x00007ff8670b0000 - 0x00007ff8671da000 	C:\WINDOWS\System32\RPCRT4.dll
0x00007ff866320000 - 0x00007ff8664c1000 	C:\WINDOWS\System32\USER32.dll
0x00007ff865870000 - 0x00007ff865892000 	C:\WINDOWS\System32\win32u.dll
0x00007ff8664d0000 - 0x00007ff8664fb000 	C:\WINDOWS\System32\GDI32.dll
0x00007ff865f90000 - 0x00007ff86609b000 	C:\WINDOWS\System32\gdi32full.dll
0x00007ff8660a0000 - 0x00007ff86613d000 	C:\WINDOWS\System32\msvcp_win.dll
0x00007ff8658a0000 - 0x00007ff8659a0000 	C:\WINDOWS\System32\ucrtbase.dll
0x00007ff852310000 - 0x00007ff8525aa000 	C:\WINDOWS\WinSxS\amd64_microsoft.windows.common-controls_6595b64144ccf1df_6.0.19041.1110_none_60b5254171f9507e\COMCTL32.dll
0x00007ff866250000 - 0x00007ff866280000 	C:\WINDOWS\System32\IMM32.DLL
0x00000000773e0000 - 0x00000000774b2000 	C:\Program Files\Java\jdk1.8.0_111\jre\bin\msvcr100.dll
0x00000000765c0000 - 0x0000000076e5a000 	C:\Program Files\Java\jdk1.8.0_111\jre\bin\server\jvm.dll
0x00007ff866500000 - 0x00007ff866508000 	C:\WINDOWS\System32\PSAPI.DLL
0x00007ff85f3e0000 - 0x00007ff85f3e9000 	C:\WINDOWS\SYSTEM32\WSOCK32.dll
0x00007ff85cc70000 - 0x00007ff85cc7a000 	C:\WINDOWS\SYSTEM32\VERSION.dll
0x00007ff858b10000 - 0x00007ff858b37000 	C:\WINDOWS\SYSTEM32\WINMM.dll
0x00007ff866f20000 - 0x00007ff866f8b000 	C:\WINDOWS\System32\WS2_32.dll
0x0000000051450000 - 0x000000005145f000 	C:\Program Files\Java\jdk1.8.0_111\jre\bin\verify.dll
0x0000000077870000 - 0x0000000077899000 	C:\Program Files\Java\jdk1.8.0_111\jre\bin\java.dll
0x0000000077850000 - 0x0000000077866000 	C:\Program Files\Java\jdk1.8.0_111\jre\bin\zip.dll
0x00007ff8665c0000 - 0x00007ff866cff000 	C:\WINDOWS\System32\SHELL32.dll
0x00007ff863970000 - 0x00007ff864100000 	C:\WINDOWS\SYSTEM32\windows.storage.dll
0x00007ff8678a0000 - 0x00007ff867bf5000 	C:\WINDOWS\System32\combase.dll
0x00007ff8652c0000 - 0x00007ff8652ec000 	C:\WINDOWS\SYSTEM32\Wldp.dll
0x00007ff866510000 - 0x00007ff8665be000 	C:\WINDOWS\System32\SHCORE.dll
0x00007ff8672a0000 - 0x00007ff8672f5000 	C:\WINDOWS\System32\shlwapi.dll
0x00007ff8657b0000 - 0x00007ff8657cf000 	C:\WINDOWS\SYSTEM32\profapi.dll
0x0000000077830000 - 0x000000007784a000 	C:\Program Files\Java\jdk1.8.0_111\jre\bin\net.dll
0x00007ff864fb0000 - 0x00007ff86501a000 	C:\WINDOWS\system32\mswsock.dll
0x00000000773c0000 - 0x00000000773d1000 	C:\Program Files\Java\jdk1.8.0_111\jre\bin\nio.dll
0x00007ff865210000 - 0x00007ff865228000 	C:\WINDOWS\SYSTEM32\CRYPTSP.dll
0x00007ff8648d0000 - 0x00007ff864904000 	C:\WINDOWS\system32\rsaenh.dll
0x00007ff8659f0000 - 0x00007ff865a17000 	C:\WINDOWS\System32\bcrypt.dll
0x00007ff865730000 - 0x00007ff86575e000 	C:\WINDOWS\SYSTEM32\USERENV.dll
0x00007ff865f00000 - 0x00007ff865f83000 	C:\WINDOWS\System32\bcryptprimitives.dll
0x00007ff865230000 - 0x00007ff86523c000 	C:\WINDOWS\SYSTEM32\CRYPTBASE.dll
0x00007ff864ca0000 - 0x00007ff864cdb000 	C:\WINDOWS\SYSTEM32\IPHLPAPI.DLL
0x00007ff866d00000 - 0x00007ff866d08000 	C:\WINDOWS\System32\NSI.dll
0x00007ff85cc50000 - 0x00007ff85cc67000 	C:\WINDOWS\SYSTEM32\dhcpcsvc6.DLL
0x00007ff85e460000 - 0x00007ff85e47d000 	C:\WINDOWS\SYSTEM32\dhcpcsvc.DLL
0x00007ff864ce0000 - 0x00007ff864dac000 	C:\WINDOWS\SYSTEM32\DNSAPI.dll
0x0000000077390000 - 0x00000000773b4000 	C:\Program Files\Java\jdk1.8.0_111\jre\bin\sunec.dll
0x0000000077380000 - 0x000000007738b000 	C:\Program Files\Java\jdk1.8.0_111\jre\bin\sunmscapi.dll
0x00007ff865da0000 - 0x00007ff865ef6000 	C:\WINDOWS\System32\CRYPT32.dll
0x00000000771e0000 - 0x0000000077378000 	C:\Program Files\Java\jdk1.8.0_111\jre\bin\awt.dll
0x00007ff867eb0000 - 0x00007ff867f7d000 	C:\WINDOWS\System32\OLEAUT32.dll
0x00007ff862e60000 - 0x00007ff862ef0000 	C:\WINDOWS\SYSTEM32\apphelp.dll
0x00007ff862fd0000 - 0x00007ff8631b4000 	C:\WINDOWS\SYSTEM32\dbghelp.dll

VM Arguments:
jvm_args: -Djava.awt.headless=true -Djava.security.manager=worker.org.gradle.process.internal.worker.child.BootstrapSecurityManager -Dorg.gradle.native=false -Xmx512m -Dfile.encoding=windows-1252 -Duser.country=ID -Duser.language=en -Duser.variant -ea 
java_command: worker.org.gradle.process.internal.worker.GradleWorkerMain 'Gradle Test Executor 21'
java_class_path (initial): C:\Users\Lenovo\.gradle\caches\6.1.1\workerMain\gradle-worker.jar
Launcher Type: SUN_STANDARD

Environment Variables:
USERNAME=Lenovo
OS=Windows_NT
PROCESSOR_IDENTIFIER=Intel64 Family 6 Model 165 Stepping 2, GenuineIntel



---------------  S Y S T E M  ---------------

OS: Windows 10.0 , 64 bit Build 19041 (10.0.19041.1202)

CPU:total 12 (6 cores per cpu, 2 threads per core) family 6 model 165 stepping 2, cmov, cx8, fxsr, mmx, sse, sse2, sse3, ssse3, sse4.1, sse4.2, popcnt, avx, avx2, aes, clmul, erms, 3dnowpref, lzcnt, ht, tsc, tscinvbit, bmi1, bmi2, adx

Memory: 4k page, physical 16682800k(4599876k free), swap 21347336k(3888848k free)

vm_info: Java HotSpot(TM) 64-Bit Server VM (25.111-b14) for windows-amd64 JRE (1.8.0_111-b14), built on Sep 22 2016 19:24:05 by "java_re" with MS VC++ 10.0 (VS2010)

time: Fri Oct 08 09:25:01 2021
elapsed time: 8 seconds (0d 0h 0m 8s)

