#
# A fatal error has been detected by the Java Runtime Environment:
#
#  EXCEPTION_ACCESS_VIOLATION (0xc0000005) at pc=0x0000000076603608, pid=14984, tid=0x0000000000004470
#
# JRE version: Java(TM) SE Runtime Environment (8.0_111-b14) (build 1.8.0_111-b14)
# Java VM: Java HotSpot(TM) 64-Bit Server VM (25.111-b14 mixed mode windows-amd64 compressed oops)
# Problematic frame:
# V  [jvm.dll+0x43608]
#
# Failed to write core dump. Minidumps are not enabled by default on client versions of Windows
#
# If you would like to submit a bug report, please visit:
#   http://bugreport.java.com/bugreport/crash.jsp
#

---------------  T H R E A D  ---------------

Current thread (0x00000000159d8800):  JavaThread "C1 CompilerThread3" daemon [_thread_in_vm, id=17520, stack(0x00000000173f0000,0x00000000174f0000)]

siginfo: ExceptionCode=0xc0000005, reading address 0xffffffffffffffff

Registers:
RAX=0x00000000159d8800, RBX=0x0000000002748b80, RCX=0x0000000002748b80, RDX=0x0000000002748b80
RSP=0x00000000174ed450, RBP=0x00000000184cdbe0, RSI=0x0000000002748b80, RDI=0x0000000000000000
R8 =0x49362012ffff0013, R9 =0x0000000000000000, R10=0x00000000184cde10, R11=0x000000001b977840
R12=0x00000000159d8800, R13=0x00000000184cdbe0, R14=0x000000001be7f270, R15=0x0000000000000000
RIP=0x0000000076603608, EFLAGS=0x0000000000010202

Top of Stack: (sp=0x00000000174ed450)
0x00000000174ed450:   00000000000000b6 00000000174efa00
0x00000000174ed460:   0000000000000000 0000000000000077
0x00000000174ed470:   000000001d1118c8 00000000174efa00
0x00000000174ed480:   00000000174ed560 00000000765efe25
0x00000000174ed490:   00000000000000ea 0000000076603999
0x00000000174ed4a0:   0000000000000077 0000000000000077
0x00000000174ed4b0:   0000000000000000 0000000000000000
0x00000000174ed4c0:   00000000000000b6 000000001a996db0
0x00000000174ed4d0:   00000000159c05c0 0000000076601c6b
0x00000000174ed4e0:   0000000000000000 00000000159d8800
0x00000000174ed4f0:   000000001be80a30 00000000765ece0f
0x00000000174ed500:   00000000159d8800 0000000076606f80
0x00000000174ed510:   00000000159d8800 00000000159d8800
0x00000000174ed520:   000000001a996db0 00000000769e0aeb
0x00000000174ed530:   0000000000000000 0000000000000000
0x00000000174ed540:   000000001be80a30 0000000000000000 

Instructions: (pc=0x0000000076603608)
0x00000000766035e8:   00 48 8b da ff 15 fe 7d 59 00 44 0f b6 05 5a d9
0x00000000766035f8:   7a 00 4c 8b e0 45 84 c0 74 39 4c 8b 03 48 8b cb
0x0000000076603608:   41 ff 50 08 84 c0 74 2b 83 7b 08 00 7e 25 0f b6
0x0000000076603618:   83 0e 01 00 00 c0 e8 03 a8 01 74 17 48 8b 03 48 


Register to memory mapping:

RAX=0x00000000159d8800 is a thread
RBX=0x0000000002748b80 is an unknown value
RCX=0x0000000002748b80 is an unknown value
RDX=0x0000000002748b80 is an unknown value
RSP=0x00000000174ed450 is pointing into the stack for thread: 0x00000000159d8800
RBP=0x00000000184cdbe0 is an unknown value
RSI=0x0000000002748b80 is an unknown value
RDI=0x0000000000000000 is an unknown value
R8 =0x49362012ffff0013 is an unknown value
R9 =0x0000000000000000 is an unknown value
R10=0x00000000184cde10 is an unknown value
R11=0x000000001b977840 is an unknown value
R12=0x00000000159d8800 is a thread
R13=0x00000000184cdbe0 is an unknown value
R14=0x000000001be7f270 is an unknown value
R15=0x0000000000000000 is an unknown value


Stack: [0x00000000173f0000,0x00000000174f0000],  sp=0x00000000174ed450,  free space=1013k
Native frames: (J=compiled Java code, j=interpreted, Vv=VM code, C=native code)
V  [jvm.dll+0x43608]
V  [jvm.dll+0x43999]
V  [jvm.dll+0x41c6b]
V  [jvm.dll+0x420aeb]
V  [jvm.dll+0x41b8da]
V  [jvm.dll+0x41e727]
V  [jvm.dll+0x41eeeb]
V  [jvm.dll+0x41fde6]
V  [jvm.dll+0x420048]
V  [jvm.dll+0x42047b]
V  [jvm.dll+0x41ffd5]
V  [jvm.dll+0x41bd3b]
V  [jvm.dll+0x41e727]
V  [jvm.dll+0x41eeeb]
V  [jvm.dll+0x41fde6]
V  [jvm.dll+0x420048]
V  [jvm.dll+0x42047b]
V  [jvm.dll+0x41ffd5]
V  [jvm.dll+0x41bd3b]
V  [jvm.dll+0x41e727]
V  [jvm.dll+0x41f01d]
V  [jvm.dll+0x41fde6]
V  [jvm.dll+0x420048]
V  [jvm.dll+0x42047b]
V  [jvm.dll+0x41ffd5]
V  [jvm.dll+0x41bd3b]
V  [jvm.dll+0x41e727]
V  [jvm.dll+0x41eeeb]
V  [jvm.dll+0x41fde6]
V  [jvm.dll+0x420048]
V  [jvm.dll+0x42047b]
V  [jvm.dll+0x41ffd5]
V  [jvm.dll+0x41bd3b]
V  [jvm.dll+0x41e727]
V  [jvm.dll+0x41f01d]
V  [jvm.dll+0x41fde6]
V  [jvm.dll+0x420048]
V  [jvm.dll+0x42047b]
V  [jvm.dll+0x41ffd5]
V  [jvm.dll+0x41bd3b]
V  [jvm.dll+0x41e727]
V  [jvm.dll+0x41eeeb]
V  [jvm.dll+0x41fde6]
V  [jvm.dll+0x420048]
V  [jvm.dll+0x41bd3b]
V  [jvm.dll+0x41e727]
V  [jvm.dll+0x41eeeb]
V  [jvm.dll+0x41fde6]
V  [jvm.dll+0x420048]
V  [jvm.dll+0x41bd3b]
V  [jvm.dll+0x41e727]
V  [jvm.dll+0x41f01d]
V  [jvm.dll+0x41f412]
V  [jvm.dll+0x4244f5]
V  [jvm.dll+0x424600]
V  [jvm.dll+0x40ddb8]
V  [jvm.dll+0x40e021]
V  [jvm.dll+0x40e1e2]
V  [jvm.dll+0x40e3b1]
V  [jvm.dll+0x40e5bf]
V  [jvm.dll+0xa5742]
V  [jvm.dll+0xa607f]
V  [jvm.dll+0x244b7f]
V  [jvm.dll+0x29c43a]
C  [msvcr100.dll+0x21d9f]
C  [msvcr100.dll+0x21e3b]
C  [KERNEL32.DLL+0x17034]
C  [ntdll.dll+0x52651]


Current CompileTask:
C1:   6566 6777       3       android.content.res.TypedArray::$$robo$$android_content_res_TypedArray$loadStringValueAt (51 bytes)


---------------  P R O C E S S  ---------------

Java Threads: ( => current thread )
  0x0000000018a2e000 JavaThread "Java2D Disposer" daemon [_thread_blocked, id=14800, stack(0x000000001bca0000,0x000000001bda0000)]
  0x0000000018a50800 JavaThread "SDK 28 Main Thread" [_thread_in_Java, id=17564, stack(0x0000000019a00000,0x0000000019b00000)]
  0x00000000184d1000 JavaThread "/127.0.0.1:57394 to /127.0.0.1:57393 workers Thread 3" [_thread_in_native, id=352, stack(0x0000000019500000,0x0000000019600000)]
  0x00000000184d0000 JavaThread "/127.0.0.1:57394 to /127.0.0.1:57393 workers Thread 2" [_thread_blocked, id=17184, stack(0x0000000019400000,0x0000000019500000)]
  0x0000000018385000 JavaThread "Test worker" [_thread_blocked, id=16180, stack(0x0000000018fc0000,0x00000000190c0000)]
  0x0000000015a60000 JavaThread "Service Thread" daemon [_thread_blocked, id=23712, stack(0x00000000174f0000,0x00000000175f0000)]
=>0x00000000159d8800 JavaThread "C1 CompilerThread3" daemon [_thread_in_vm, id=17520, stack(0x00000000173f0000,0x00000000174f0000)]
  0x00000000159d5000 JavaThread "C2 CompilerThread2" daemon [_thread_in_native, id=29876, stack(0x00000000172f0000,0x00000000173f0000)]
  0x00000000159d0000 JavaThread "C2 CompilerThread1" daemon [_thread_in_native, id=28124, stack(0x00000000171f0000,0x00000000172f0000)]
  0x00000000159c9800 JavaThread "C2 CompilerThread0" daemon [_thread_in_native, id=18732, stack(0x00000000170f0000,0x00000000171f0000)]
  0x00000000159c7000 JavaThread "Attach Listener" daemon [_thread_blocked, id=6924, stack(0x0000000016ff0000,0x00000000170f0000)]
  0x00000000159c6800 JavaThread "Signal Dispatcher" daemon [_thread_blocked, id=17140, stack(0x0000000016ef0000,0x0000000016ff0000)]
  0x00000000027ec000 JavaThread "Finalizer" daemon [_thread_blocked, id=24100, stack(0x0000000016bb0000,0x0000000016cb0000)]
  0x00000000027ea000 JavaThread "Reference Handler" daemon [_thread_blocked, id=33788, stack(0x0000000016ab0000,0x0000000016bb0000)]
  0x000000000251e000 JavaThread "main" [_thread_blocked, id=25428, stack(0x00000000025f0000,0x00000000026f0000)]

Other Threads:
  0x0000000014256800 VMThread [stack: 0x00000000169b0000,0x0000000016ab0000] [id=11704]
  0x0000000015ad0000 WatcherThread [stack: 0x00000000175f0000,0x00000000176f0000] [id=20656]

VM state:not at safepoint (normal execution)

VM Mutex/Monitor currently owned by a thread: None

Heap:
 PSYoungGen      total 153600K, used 153135K [0x00000000f5580000, 0x0000000100000000, 0x0000000100000000)
  eden space 133632K, 99% used [0x00000000f5580000,0x00000000fd7ac528,0x00000000fd800000)
  from space 19968K, 99% used [0x00000000fd800000,0x00000000feb5fa80,0x00000000feb80000)
  to   space 20992K, 0% used [0x00000000feb80000,0x00000000feb80000,0x0000000100000000)
 ParOldGen       total 283648K, used 59243K [0x00000000e0000000, 0x00000000f1500000, 0x00000000f5580000)
  object space 283648K, 20% used [0x00000000e0000000,0x00000000e39daeb0,0x00000000f1500000)
 Metaspace       used 62435K, capacity 71647K, committed 71804K, reserved 1110016K
  class space    used 7787K, capacity 10348K, committed 10416K, reserved 1048576K

Card table byte_map: [0x0000000011bb0000,0x0000000011cc0000] byte_map_base: 0x00000000114b0000

Marking Bits: (ParMarkBitMap*) 0x0000000076dda6c0
 Begin Bits: [0x0000000012770000, 0x0000000012f70000)
 End Bits:   [0x0000000012f70000, 0x0000000013770000)

Polling page: 0x0000000002500000

CodeCache: size=245760Kb used=18486Kb max_used=18500Kb free=227273Kb
 bounds [0x00000000027f0000, 0x0000000003a30000, 0x00000000117f0000]
 total_blobs=7034 nmethods=5489 adapters=1456
 compilation: enabled

Compilation events (10 events):
Event: 6.509 Thread 0x00000000159d8800 6772       3       java.lang.reflect.Field::get (51 bytes)
Event: 6.510 Thread 0x00000000159d8800 nmethod 6772 0x0000000003657210 code [0x00000000036573e0, 0x0000000003657a08]
Event: 6.510 Thread 0x00000000159d8800 6773       3       java.lang.invoke.LambdaForm$MH/1468027421::linkToCallSite (20 bytes)
Event: 6.510 Thread 0x00000000159d8800 nmethod 6773 0x0000000003526c90 code [0x0000000003526e20, 0x00000000035274a8]
Event: 6.510 Thread 0x00000000159d8800 6775       3       android.os.Trace::isTagEnabled (7 bytes)
Event: 6.511 Thread 0x00000000159d8800 nmethod 6775 0x0000000003a0c450 code [0x0000000003a0c780, 0x0000000003a0e108]
Event: 6.511 Thread 0x00000000159d8800 6776       3       org.robolectric.shadows.ShadowTrace::isTagEnabled (43 bytes)
Event: 6.511 Thread 0x00000000159d8800 nmethod 6776 0x00000000030fbe10 code [0x00000000030fc000, 0x00000000030fc998]
Event: 6.511 Thread 0x00000000159d8800 6777       3       android.content.res.TypedArray::$$robo$$android_content_res_TypedArray$loadStringValueAt (51 bytes)
Event: 6.512 Thread 0x00000000159d0000 6778       4       java.lang.invoke.LambdaForm$MH/1493400534::exactInvoker (42 bytes)

GC Heap History (10 events):
Event: 4.804 GC heap before
{Heap before GC invocations=18 (full 3):
 PSYoungGen      total 154624K, used 140140K [0x00000000f5580000, 0x0000000100000000, 0x0000000100000000)
  eden space 134656K, 100% used [0x00000000f5580000,0x00000000fd900000,0x00000000fd900000)
  from space 19968K, 27% used [0x00000000fec80000,0x00000000ff1db358,0x0000000100000000)
  to   space 19968K, 0% used [0x00000000fd900000,0x00000000fd900000,0x00000000fec80000)
 ParOldGen       total 283648K, used 59203K [0x00000000e0000000, 0x00000000f1500000, 0x00000000f5580000)
  object space 283648K, 20% used [0x00000000e0000000,0x00000000e39d0eb0,0x00000000f1500000)
 Metaspace       used 53147K, capacity 59115K, committed 59260K, reserved 1099776K
  class space    used 6317K, capacity 8107K, committed 8112K, reserved 1048576K
Event: 4.809 GC heap after
Heap after GC invocations=18 (full 3):
 PSYoungGen      total 143360K, used 8293K [0x00000000f5580000, 0x00000000ffe00000, 0x0000000100000000)
  eden space 134656K, 0% used [0x00000000f5580000,0x00000000f5580000,0x00000000fd900000)
  from space 8704K, 95% used [0x00000000fd900000,0x00000000fe1197b8,0x00000000fe180000)
  to   space 18944K, 0% used [0x00000000feb80000,0x00000000feb80000,0x00000000ffe00000)
 ParOldGen       total 283648K, used 59211K [0x00000000e0000000, 0x00000000f1500000, 0x00000000f5580000)
  object space 283648K, 20% used [0x00000000e0000000,0x00000000e39d2eb0,0x00000000f1500000)
 Metaspace       used 53147K, capacity 59115K, committed 59260K, reserved 1099776K
  class space    used 6317K, capacity 8107K, committed 8112K, reserved 1048576K
}
Event: 5.149 GC heap before
{Heap before GC invocations=19 (full 3):
 PSYoungGen      total 143360K, used 142949K [0x00000000f5580000, 0x00000000ffe00000, 0x0000000100000000)
  eden space 134656K, 100% used [0x00000000f5580000,0x00000000fd900000,0x00000000fd900000)
  from space 8704K, 95% used [0x00000000fd900000,0x00000000fe1197b8,0x00000000fe180000)
  to   space 18944K, 0% used [0x00000000feb80000,0x00000000feb80000,0x00000000ffe00000)
 ParOldGen       total 283648K, used 59211K [0x00000000e0000000, 0x00000000f1500000, 0x00000000f5580000)
  object space 283648K, 20% used [0x00000000e0000000,0x00000000e39d2eb0,0x00000000f1500000)
 Metaspace       used 55755K, capacity 62249K, committed 62332K, reserved 1103872K
  class space    used 6640K, capacity 8592K, committed 8624K, reserved 1048576K
Event: 5.156 GC heap after
Heap after GC invocations=19 (full 3):
 PSYoungGen      total 154112K, used 10528K [0x00000000f5580000, 0x0000000100000000, 0x0000000100000000)
  eden space 135168K, 0% used [0x00000000f5580000,0x00000000f5580000,0x00000000fd980000)
  from space 18944K, 55% used [0x00000000feb80000,0x00000000ff5c8128,0x00000000ffe00000)
  to   space 18432K, 0% used [0x00000000fd980000,0x00000000fd980000,0x00000000feb80000)
 ParOldGen       total 283648K, used 59219K [0x00000000e0000000, 0x00000000f1500000, 0x00000000f5580000)
  object space 283648K, 20% used [0x00000000e0000000,0x00000000e39d4eb0,0x00000000f1500000)
 Metaspace       used 55755K, capacity 62249K, committed 62332K, reserved 1103872K
  class space    used 6640K, capacity 8592K, committed 8624K, reserved 1048576K
}
Event: 5.622 GC heap before
{Heap before GC invocations=20 (full 3):
 PSYoungGen      total 154112K, used 145696K [0x00000000f5580000, 0x0000000100000000, 0x0000000100000000)
  eden space 135168K, 100% used [0x00000000f5580000,0x00000000fd980000,0x00000000fd980000)
  from space 18944K, 55% used [0x00000000feb80000,0x00000000ff5c8128,0x00000000ffe00000)
  to   space 18432K, 0% used [0x00000000fd980000,0x00000000fd980000,0x00000000feb80000)
 ParOldGen       total 283648K, used 59219K [0x00000000e0000000, 0x00000000f1500000, 0x00000000f5580000)
  object space 283648K, 20% used [0x00000000e0000000,0x00000000e39d4eb0,0x00000000f1500000)
 Metaspace       used 59983K, capacity 68441K, committed 68604K, reserved 1107968K
  class space    used 7473K, capacity 9931K, committed 10032K, reserved 1048576K
Event: 5.629 GC heap after
Heap after GC invocations=20 (full 3):
 PSYoungGen      total 153600K, used 14846K [0x00000000f5580000, 0x0000000100000000, 0x0000000100000000)
  eden space 135168K, 0% used [0x00000000f5580000,0x00000000f5580000,0x00000000fd980000)
  from space 18432K, 80% used [0x00000000fd980000,0x00000000fe7ff820,0x00000000feb80000)
  to   space 19456K, 0% used [0x00000000fed00000,0x00000000fed00000,0x0000000100000000)
 ParOldGen       total 283648K, used 59227K [0x00000000e0000000, 0x00000000f1500000, 0x00000000f5580000)
  object space 283648K, 20% used [0x00000000e0000000,0x00000000e39d6eb0,0x00000000f1500000)
 Metaspace       used 59983K, capacity 68441K, committed 68604K, reserved 1107968K
  class space    used 7473K, capacity 9931K, committed 10032K, reserved 1048576K
}
Event: 5.953 GC heap before
{Heap before GC invocations=21 (full 3):
 PSYoungGen      total 153600K, used 150014K [0x00000000f5580000, 0x0000000100000000, 0x0000000100000000)
  eden space 135168K, 100% used [0x00000000f5580000,0x00000000fd980000,0x00000000fd980000)
  from space 18432K, 80% used [0x00000000fd980000,0x00000000fe7ff820,0x00000000feb80000)
  to   space 19456K, 0% used [0x00000000fed00000,0x00000000fed00000,0x0000000100000000)
 ParOldGen       total 283648K, used 59227K [0x00000000e0000000, 0x00000000f1500000, 0x00000000f5580000)
  object space 283648K, 20% used [0x00000000e0000000,0x00000000e39d6eb0,0x00000000f1500000)
 Metaspace       used 61023K, capacity 69953K, committed 70140K, reserved 1110016K
  class space    used 7654K, capacity 10189K, committed 10288K, reserved 1048576K
Event: 5.962 GC heap after
Heap after GC invocations=21 (full 3):
 PSYoungGen      total 153088K, used 15028K [0x00000000f5580000, 0x0000000100000000, 0x0000000100000000)
  eden space 133632K, 0% used [0x00000000f5580000,0x00000000f5580000,0x00000000fd800000)
  from space 19456K, 77% used [0x00000000fed00000,0x00000000ffbad3c0,0x0000000100000000)
  to   space 20480K, 0% used [0x00000000fd800000,0x00000000fd800000,0x00000000fec00000)
 ParOldGen       total 283648K, used 59235K [0x00000000e0000000, 0x00000000f1500000, 0x00000000f5580000)
  object space 283648K, 20% used [0x00000000e0000000,0x00000000e39d8eb0,0x00000000f1500000)
 Metaspace       used 61023K, capacity 69953K, committed 70140K, reserved 1110016K
  class space    used 7654K, capacity 10189K, committed 10288K, reserved 1048576K
}
Event: 6.326 GC heap before
{Heap before GC invocations=22 (full 3):
 PSYoungGen      total 153088K, used 148660K [0x00000000f5580000, 0x0000000100000000, 0x0000000100000000)
  eden space 133632K, 100% used [0x00000000f5580000,0x00000000fd800000,0x00000000fd800000)
  from space 19456K, 77% used [0x00000000fed00000,0x00000000ffbad3c0,0x0000000100000000)
  to   space 20480K, 0% used [0x00000000fd800000,0x00000000fd800000,0x00000000fec00000)
 ParOldGen       total 283648K, used 59235K [0x00000000e0000000, 0x00000000f1500000, 0x00000000f5580000)
  object space 283648K, 20% used [0x00000000e0000000,0x00000000e39d8eb0,0x00000000f1500000)
 Metaspace       used 62312K, capacity 71383K, committed 71548K, reserved 1110016K
  class space    used 7779K, capacity 10336K, committed 10416K, reserved 1048576K
Event: 6.335 GC heap after
Heap after GC invocations=22 (full 3):
 PSYoungGen      total 153600K, used 19838K [0x00000000f5580000, 0x0000000100000000, 0x0000000100000000)
  eden space 133632K, 0% used [0x00000000f5580000,0x00000000f5580000,0x00000000fd800000)
  from space 19968K, 99% used [0x00000000fd800000,0x00000000feb5fa80,0x00000000feb80000)
  to   space 20992K, 0% used [0x00000000feb80000,0x00000000feb80000,0x0000000100000000)
 ParOldGen       total 283648K, used 59243K [0x00000000e0000000, 0x00000000f1500000, 0x00000000f5580000)
  object space 283648K, 20% used [0x00000000e0000000,0x00000000e39daeb0,0x00000000f1500000)
 Metaspace       used 62312K, capacity 71383K, committed 71548K, reserved 1110016K
  class space    used 7779K, capacity 10336K, committed 10416K, reserved 1048576K
}

Deoptimization events (10 events):
Event: 6.067 Thread 0x0000000018385000 Uncommon trap: reason=class_check action=maybe_recompile pc=0x00000000032592f4 method=com.google.common.collect.ImmutableSet$RegularSetBuilderImpl.add(Ljava/lang/Object;)Lcom/google/common/collect/ImmutableSet$SetBuilderImpl; @ 6
Event: 6.067 Thread 0x0000000018385000 Uncommon trap: reason=class_check action=maybe_recompile pc=0x00000000032592f4 method=com.google.common.collect.ImmutableSet$RegularSetBuilderImpl.add(Ljava/lang/Object;)Lcom/google/common/collect/ImmutableSet$SetBuilderImpl; @ 6
Event: 6.067 Thread 0x0000000018385000 Uncommon trap: reason=unstable_if action=reinterpret pc=0x0000000002edd34c method=org.robolectric.internal.bytecode.MethodRef.equals(Ljava/lang/Object;)Z @ 2
Event: 6.069 Thread 0x0000000018a50800 Uncommon trap: reason=unstable_if action=reinterpret pc=0x0000000003073b2c method=java.util.Arrays.hashCode([Ljava/lang/Object;)I @ 34
Event: 6.074 Thread 0x0000000018a50800 Uncommon trap: reason=unstable_if action=reinterpret pc=0x00000000036f0170 method=org.robolectric.res.android.ResTable_config.isBetterThan(Lorg/robolectric/res/android/ResTable_config;Lorg/robolectric/res/android/ResTable_config;)Z @ 898
Event: 6.115 Thread 0x0000000018a50800 Uncommon trap: reason=unstable_if action=reinterpret pc=0x00000000033be124 method=org.robolectric.res.android.ResTable_config.match(Lorg/robolectric/res/android/ResTable_config;)Z @ 252
Event: 6.119 Thread 0x0000000018a50800 Uncommon trap: reason=unstable_if action=reinterpret pc=0x0000000002f8161c method=org.robolectric.res.android.CppAssetManager2$Theme.SetTo(Lorg/robolectric/res/android/CppAssetManager2$Theme;)Z @ 53
Event: 6.119 Thread 0x0000000018a50800 Uncommon trap: reason=unstable_if action=reinterpret pc=0x000000000306a1a0 method=org.robolectric.res.android.CppAssetManager2$Theme.SetTo(Lorg/robolectric/res/android/CppAssetManager2$Theme;)Z @ 53
Event: 6.125 Thread 0x0000000018a50800 Uncommon trap: reason=unstable_if action=reinterpret pc=0x000000000321110c method=org.robolectric.res.android.CppAssetManager2$Theme.SetTo(Lorg/robolectric/res/android/CppAssetManager2$Theme;)Z @ 53
Event: 6.312 Thread 0x0000000018a50800 Uncommon trap: reason=unstable_if action=reinterpret pc=0x0000000003141774 method=java.lang.String.lastIndexOf([CII[CIII)I @ 66

Internal exceptions (10 events):
Event: 4.545 Thread 0x0000000018a50800 Exception <a 'java/lang/NoSuchMethodError': java.lang.Object.lambda$comparingDouble$8dcf42ea$1(Ljava/util/function/ToDoubleFunction;Ljava/lang/Object;Ljava/lang/Object;)I> (0x00000000f5f526b8) thrown at [C:\re\workspace\8-2-build-windows-amd64-cygwin\jdk8
Event: 5.181 Thread 0x0000000018a32800 Exception <a 'java/lang/NoSuchFieldError': method resolution failed> (0x00000000f5df9bc8) thrown at [C:\re\workspace\8-2-build-windows-amd64-cygwin\jdk8u111\7883\hotspot\src\share\vm\prims\methodHandles.cpp, line 1146]
Event: 5.296 Thread 0x0000000018a50800 Implicit null exception at 0x000000000320b568 to 0x000000000320c9bd
Event: 5.296 Thread 0x0000000018a50800 Implicit null exception at 0x0000000003562eb3 to 0x0000000003563579
Event: 5.382 Thread 0x0000000018a50800 Exception <a 'java/lang/NoSuchFieldError': method resolution failed> (0x00000000f90e8f60) thrown at [C:\re\workspace\8-2-build-windows-amd64-cygwin\jdk8u111\7883\hotspot\src\share\vm\prims\methodHandles.cpp, line 1146]
Event: 5.431 Thread 0x0000000018a50800 Exception <a 'java/lang/NoSuchFieldError': method resolution failed> (0x00000000f9cc5ff0) thrown at [C:\re\workspace\8-2-build-windows-amd64-cygwin\jdk8u111\7883\hotspot\src\share\vm\prims\methodHandles.cpp, line 1146]
Event: 5.983 Thread 0x0000000018a50800 Implicit null exception at 0x00000000037cf6c3 to 0x00000000037cf831
Event: 6.047 Thread 0x0000000018a50800 Exception <a 'java/lang/NoSuchMethodError': java.lang.Object.lambda$get$0(Ljava/lang/Object;)V> (0x00000000f6b5e6c0) thrown at [C:\re\workspace\8-2-build-windows-amd64-cygwin\jdk8u111\7883\hotspot\src\share\vm\interpreter\linkResolver.cpp, line 582]
Event: 6.069 Thread 0x0000000018a50800 Implicit null exception at 0x0000000003073a6f to 0x0000000003073b0d
Event: 6.116 Thread 0x0000000018a50800 Exception <a 'sun/nio/fs/WindowsException'> (0x00000000f76a5cd0) thrown at [C:\re\workspace\8-2-build-windows-amd64-cygwin\jdk8u111\7883\hotspot\src\share\vm\prims\jni.cpp, line 709]

Events (10 events):
Event: 6.374 Thread 0x00000000159d8800 flushing nmethod 0x000000000345d750
Event: 6.374 Thread 0x00000000159d8800 flushing nmethod 0x0000000003462050
Event: 6.375 Thread 0x00000000159d8800 flushing nmethod 0x00000000034fd8d0
Event: 6.375 Thread 0x00000000159d8800 flushing nmethod 0x0000000003510ad0
Event: 6.375 Thread 0x00000000159d8800 flushing nmethod 0x0000000003526a90
Event: 6.375 Thread 0x00000000159d8800 flushing nmethod 0x0000000003554650
Event: 6.375 Thread 0x00000000159c9800 flushing nmethod 0x00000000035b6210
Event: 6.375 Thread 0x00000000159c9800 flushing nmethod 0x000000000364c790
Event: 6.375 Thread 0x00000000159c9800 flushing nmethod 0x0000000003657210
Event: 6.375 Thread 0x00000000159c9800 flushing nmethod 0x0000000003659cd0


Dynamic libraries:
0x00007ff706f50000 - 0x00007ff706f87000 	C:\Program Files\Java\jdk1.8.0_111\bin\java.exe
0x00007ff868150000 - 0x00007ff868345000 	C:\WINDOWS\SYSTEM32\ntdll.dll
0x00007ff8671e0000 - 0x00007ff86729e000 	C:\WINDOWS\System32\KERNEL32.DLL
0x00007ff865a20000 - 0x00007ff865ce9000 	C:\WINDOWS\System32\KERNELBASE.dll
0x00007ff8661a0000 - 0x00007ff86624c000 	C:\WINDOWS\System32\ADVAPI32.dll
0x00007ff866280000 - 0x00007ff86631e000 	C:\WINDOWS\System32\msvcrt.dll
0x00007ff867300000 - 0x00007ff86739b000 	C:\WINDOWS\System32\sechost.dll
0x00007ff8670b0000 - 0x00007ff8671da000 	C:\WINDOWS\System32\RPCRT4.dll
0x00007ff866320000 - 0x00007ff8664c1000 	C:\WINDOWS\System32\USER32.dll
0x00007ff865870000 - 0x00007ff865892000 	C:\WINDOWS\System32\win32u.dll
0x00007ff8664d0000 - 0x00007ff8664fb000 	C:\WINDOWS\System32\GDI32.dll
0x00007ff865f90000 - 0x00007ff86609b000 	C:\WINDOWS\System32\gdi32full.dll
0x00007ff8660a0000 - 0x00007ff86613d000 	C:\WINDOWS\System32\msvcp_win.dll
0x00007ff8658a0000 - 0x00007ff8659a0000 	C:\WINDOWS\System32\ucrtbase.dll
0x00007ff852310000 - 0x00007ff8525aa000 	C:\WINDOWS\WinSxS\amd64_microsoft.windows.common-controls_6595b64144ccf1df_6.0.19041.1110_none_60b5254171f9507e\COMCTL32.dll
0x00007ff866250000 - 0x00007ff866280000 	C:\WINDOWS\System32\IMM32.DLL
0x00000000773e0000 - 0x00000000774b2000 	C:\Program Files\Java\jdk1.8.0_111\jre\bin\msvcr100.dll
0x00000000765c0000 - 0x0000000076e5a000 	C:\Program Files\Java\jdk1.8.0_111\jre\bin\server\jvm.dll
0x00007ff866500000 - 0x00007ff866508000 	C:\WINDOWS\System32\PSAPI.DLL
0x00007ff85f3e0000 - 0x00007ff85f3e9000 	C:\WINDOWS\SYSTEM32\WSOCK32.dll
0x00007ff85cc70000 - 0x00007ff85cc7a000 	C:\WINDOWS\SYSTEM32\VERSION.dll
0x00007ff858b10000 - 0x00007ff858b37000 	C:\WINDOWS\SYSTEM32\WINMM.dll
0x00007ff866f20000 - 0x00007ff866f8b000 	C:\WINDOWS\System32\WS2_32.dll
0x0000000051450000 - 0x000000005145f000 	C:\Program Files\Java\jdk1.8.0_111\jre\bin\verify.dll
0x0000000077870000 - 0x0000000077899000 	C:\Program Files\Java\jdk1.8.0_111\jre\bin\java.dll
0x0000000077850000 - 0x0000000077866000 	C:\Program Files\Java\jdk1.8.0_111\jre\bin\zip.dll
0x00007ff8665c0000 - 0x00007ff866cff000 	C:\WINDOWS\System32\SHELL32.dll
0x00007ff863970000 - 0x00007ff864100000 	C:\WINDOWS\SYSTEM32\windows.storage.dll
0x00007ff8678a0000 - 0x00007ff867bf5000 	C:\WINDOWS\System32\combase.dll
0x00007ff8652c0000 - 0x00007ff8652ec000 	C:\WINDOWS\SYSTEM32\Wldp.dll
0x00007ff866510000 - 0x00007ff8665be000 	C:\WINDOWS\System32\SHCORE.dll
0x00007ff8672a0000 - 0x00007ff8672f5000 	C:\WINDOWS\System32\shlwapi.dll
0x00007ff8657b0000 - 0x00007ff8657cf000 	C:\WINDOWS\SYSTEM32\profapi.dll
0x0000000077830000 - 0x000000007784a000 	C:\Program Files\Java\jdk1.8.0_111\jre\bin\net.dll
0x00007ff864fb0000 - 0x00007ff86501a000 	C:\WINDOWS\system32\mswsock.dll
0x00000000773c0000 - 0x00000000773d1000 	C:\Program Files\Java\jdk1.8.0_111\jre\bin\nio.dll
0x00007ff865210000 - 0x00007ff865228000 	C:\WINDOWS\SYSTEM32\CRYPTSP.dll
0x00007ff8648d0000 - 0x00007ff864904000 	C:\WINDOWS\system32\rsaenh.dll
0x00007ff8659f0000 - 0x00007ff865a17000 	C:\WINDOWS\System32\bcrypt.dll
0x00007ff865730000 - 0x00007ff86575e000 	C:\WINDOWS\SYSTEM32\USERENV.dll
0x00007ff865f00000 - 0x00007ff865f83000 	C:\WINDOWS\System32\bcryptprimitives.dll
0x00007ff865230000 - 0x00007ff86523c000 	C:\WINDOWS\SYSTEM32\CRYPTBASE.dll
0x00007ff864ca0000 - 0x00007ff864cdb000 	C:\WINDOWS\SYSTEM32\IPHLPAPI.DLL
0x00007ff866d00000 - 0x00007ff866d08000 	C:\WINDOWS\System32\NSI.dll
0x00007ff85cc50000 - 0x00007ff85cc67000 	C:\WINDOWS\SYSTEM32\dhcpcsvc6.DLL
0x00007ff85e460000 - 0x00007ff85e47d000 	C:\WINDOWS\SYSTEM32\dhcpcsvc.DLL
0x00007ff864ce0000 - 0x00007ff864dac000 	C:\WINDOWS\SYSTEM32\DNSAPI.dll
0x0000000077390000 - 0x00000000773b4000 	C:\Program Files\Java\jdk1.8.0_111\jre\bin\sunec.dll
0x0000000077380000 - 0x000000007738b000 	C:\Program Files\Java\jdk1.8.0_111\jre\bin\sunmscapi.dll
0x00007ff865da0000 - 0x00007ff865ef6000 	C:\WINDOWS\System32\CRYPT32.dll
0x00000000771e0000 - 0x0000000077378000 	C:\Program Files\Java\jdk1.8.0_111\jre\bin\awt.dll
0x00007ff867eb0000 - 0x00007ff867f7d000 	C:\WINDOWS\System32\OLEAUT32.dll
0x00007ff862e60000 - 0x00007ff862ef0000 	C:\WINDOWS\SYSTEM32\apphelp.dll
0x00007ff862fd0000 - 0x00007ff8631b4000 	C:\WINDOWS\SYSTEM32\dbghelp.dll

VM Arguments:
jvm_args: -Djava.awt.headless=true -Djava.security.manager=worker.org.gradle.process.internal.worker.child.BootstrapSecurityManager -Dorg.gradle.native=false -Xmx512m -Dfile.encoding=windows-1252 -Duser.country=ID -Duser.language=en -Duser.variant -ea 
java_command: worker.org.gradle.process.internal.worker.GradleWorkerMain 'Gradle Test Executor 20'
java_class_path (initial): C:\Users\Lenovo\.gradle\caches\6.1.1\workerMain\gradle-worker.jar
Launcher Type: SUN_STANDARD

Environment Variables:
USERNAME=Lenovo
OS=Windows_NT
PROCESSOR_IDENTIFIER=Intel64 Family 6 Model 165 Stepping 2, GenuineIntel



---------------  S Y S T E M  ---------------

OS: Windows 10.0 , 64 bit Build 19041 (10.0.19041.1202)

CPU:total 12 (6 cores per cpu, 2 threads per core) family 6 model 165 stepping 2, cmov, cx8, fxsr, mmx, sse, sse2, sse3, ssse3, sse4.1, sse4.2, popcnt, avx, avx2, aes, clmul, erms, 3dnowpref, lzcnt, ht, tsc, tscinvbit, bmi1, bmi2, adx

Memory: 4k page, physical 16682800k(4614988k free), swap 21347336k(3872584k free)

vm_info: Java HotSpot(TM) 64-Bit Server VM (25.111-b14) for windows-amd64 JRE (1.8.0_111-b14), built on Sep 22 2016 19:24:05 by "java_re" with MS VC++ 10.0 (VS2010)

time: Fri Oct 08 09:24:15 2021
elapsed time: 6 seconds (0d 0h 0m 6s)

