#
# A fatal error has been detected by the Java Runtime Environment:
#
#  EXCEPTION_ACCESS_VIOLATION (0xc0000005) at pc=0x0000000076603608, pid=21508, tid=0x000000000000825c
#
# JRE version: Java(TM) SE Runtime Environment (8.0_111-b14) (build 1.8.0_111-b14)
# Java VM: Java HotSpot(TM) 64-Bit Server VM (25.111-b14 mixed mode windows-amd64 compressed oops)
# Problematic frame:
# V  [jvm.dll+0x43608]
#
# Failed to write core dump. Minidumps are not enabled by default on client versions of Windows
#
# If you would like to submit a bug report, please visit:
#   http://bugreport.java.com/bugreport/crash.jsp
#

---------------  T H R E A D  ---------------

Current thread (0x00000000160a4000):  JavaThread "C1 CompilerThread3" daemon [_thread_in_vm, id=33372, stack(0x0000000017ac0000,0x0000000017bc0000)]

siginfo: ExceptionCode=0xc0000005, reading address 0xffffffffffffffff

Registers:
RAX=0x00000000160a4000, RBX=0x0000000002e088b0, RCX=0x0000000002e088b0, RDX=0x0000000002e088b0
RSP=0x0000000017bbcd90, RBP=0x00000000160ddaa0, RSI=0x0000000002e088b0, RDI=0x0000000000000000
R8 =0x49362012ffff0013, R9 =0x0000000000000000, R10=0x00000000160ddcd0, R11=0x000000001c0bf190
R12=0x00000000160a4000, R13=0x00000000160ddaa0, R14=0x000000001d5c8a20, R15=0x0000000000000000
RIP=0x0000000076603608, EFLAGS=0x0000000000010202

Top of Stack: (sp=0x0000000017bbcd90)
0x0000000017bbcd90:   00000000000000b6 0000000017bbf340
0x0000000017bbcda0:   0000000000000000 0000000000000077
0x0000000017bbcdb0:   000000001c80a888 0000000017bbf340
0x0000000017bbcdc0:   0000000017bbcea0 00000000765efe25
0x0000000017bbcdd0:   00000000000000e9 0000000076603999
0x0000000017bbcde0:   0000000000000077 0000000000000077
0x0000000017bbcdf0:   0000000000000000 0000000000000000
0x0000000017bbce00:   00000000000000b6 00000000185173e0
0x0000000017bbce10:   00000000160b7c20 0000000076601c6b
0x0000000017bbce20:   0000000000000000 00000000160a4000
0x0000000017bbce30:   000000001d5c9b90 00000000765ece0f
0x0000000017bbce40:   00000000160a4000 0000000076606f80
0x0000000017bbce50:   00000000160a4000 00000000160a4000
0x0000000017bbce60:   00000000185173e0 00000000769e0aeb
0x0000000017bbce70:   0000000000000000 0000000000000000
0x0000000017bbce80:   000000001d5c9b90 0000000000000000 

Instructions: (pc=0x0000000076603608)
0x00000000766035e8:   00 48 8b da ff 15 fe 7d 59 00 44 0f b6 05 5a d9
0x00000000766035f8:   7a 00 4c 8b e0 45 84 c0 74 39 4c 8b 03 48 8b cb
0x0000000076603608:   41 ff 50 08 84 c0 74 2b 83 7b 08 00 7e 25 0f b6
0x0000000076603618:   83 0e 01 00 00 c0 e8 03 a8 01 74 17 48 8b 03 48 


Register to memory mapping:

RAX=0x00000000160a4000 is a thread
RBX=0x0000000002e088b0 is an unknown value
RCX=0x0000000002e088b0 is an unknown value
RDX=0x0000000002e088b0 is an unknown value
RSP=0x0000000017bbcd90 is pointing into the stack for thread: 0x00000000160a4000
RBP=0x00000000160ddaa0 is an unknown value
RSI=0x0000000002e088b0 is an unknown value
RDI=0x0000000000000000 is an unknown value
R8 =0x49362012ffff0013 is an unknown value
R9 =0x0000000000000000 is an unknown value
R10=0x00000000160ddcd0 is an unknown value
R11=0x000000001c0bf190 is an unknown value
R12=0x00000000160a4000 is a thread
R13=0x00000000160ddaa0 is an unknown value
R14=0x000000001d5c8a20 is an unknown value
R15=0x0000000000000000 is an unknown value


Stack: [0x0000000017ac0000,0x0000000017bc0000],  sp=0x0000000017bbcd90,  free space=1011k
Native frames: (J=compiled Java code, j=interpreted, Vv=VM code, C=native code)
V  [jvm.dll+0x43608]
V  [jvm.dll+0x43999]
V  [jvm.dll+0x41c6b]
V  [jvm.dll+0x420aeb]
V  [jvm.dll+0x41b8da]
V  [jvm.dll+0x41e727]
V  [jvm.dll+0x41eeeb]
V  [jvm.dll+0x41fde6]
V  [jvm.dll+0x420048]
V  [jvm.dll+0x42047b]
V  [jvm.dll+0x41ffd5]
V  [jvm.dll+0x41bd3b]
V  [jvm.dll+0x41e727]
V  [jvm.dll+0x41eeeb]
V  [jvm.dll+0x41fde6]
V  [jvm.dll+0x420048]
V  [jvm.dll+0x42047b]
V  [jvm.dll+0x41ffd5]
V  [jvm.dll+0x41bd3b]
V  [jvm.dll+0x41e727]
V  [jvm.dll+0x41f01d]
V  [jvm.dll+0x41fde6]
V  [jvm.dll+0x420048]
V  [jvm.dll+0x42047b]
V  [jvm.dll+0x41ffd5]
V  [jvm.dll+0x41bd3b]
V  [jvm.dll+0x41e727]
V  [jvm.dll+0x41eeeb]
V  [jvm.dll+0x41fde6]
V  [jvm.dll+0x420048]
V  [jvm.dll+0x42047b]
V  [jvm.dll+0x41ffd5]
V  [jvm.dll+0x41bd3b]
V  [jvm.dll+0x41e727]
V  [jvm.dll+0x41f01d]
V  [jvm.dll+0x41fde6]
V  [jvm.dll+0x420048]
V  [jvm.dll+0x42047b]
V  [jvm.dll+0x41ffd5]
V  [jvm.dll+0x41bd3b]
V  [jvm.dll+0x41e727]
V  [jvm.dll+0x41eeeb]
V  [jvm.dll+0x41fde6]
V  [jvm.dll+0x420048]
V  [jvm.dll+0x41bd3b]
V  [jvm.dll+0x41e727]
V  [jvm.dll+0x41eeeb]
V  [jvm.dll+0x41fde6]
V  [jvm.dll+0x420048]
V  [jvm.dll+0x41bd3b]
V  [jvm.dll+0x41e727]
V  [jvm.dll+0x41f01d]
V  [jvm.dll+0x41f412]
V  [jvm.dll+0x4244f5]
V  [jvm.dll+0x424600]
V  [jvm.dll+0x40ddb8]
V  [jvm.dll+0x40e021]
V  [jvm.dll+0x40e1e2]
V  [jvm.dll+0x40e3b1]
V  [jvm.dll+0x40e5bf]
V  [jvm.dll+0xa5742]
V  [jvm.dll+0xa607f]
V  [jvm.dll+0x244b7f]
V  [jvm.dll+0x29c43a]
C  [msvcr100.dll+0x21d9f]
C  [msvcr100.dll+0x21e3b]
C  [KERNEL32.DLL+0x17034]
C  [ntdll.dll+0x52651]


Current CompileTask:
C1:   6667 6359       3       android.content.res.TypedArray::$$robo$$android_content_res_TypedArray$loadStringValueAt (51 bytes)


---------------  P R O C E S S  ---------------

Java Threads: ( => current thread )
  0x000000001d587000 JavaThread "SharedPreferencesImpl-load" [_thread_blocked, id=10940, stack(0x00000000217e0000,0x00000000218e0000)]
  0x000000001d58b800 JavaThread "Java2D Disposer" daemon [_thread_blocked, id=25920, stack(0x000000001c370000,0x000000001c470000)]
  0x0000000018f8e800 JavaThread "SDK 28 Main Thread" [_thread_blocked, id=30228, stack(0x000000001a0d0000,0x000000001a1d0000)]
  0x00000000183ee800 JavaThread "/127.0.0.1:62817 to /127.0.0.1:62816 workers Thread 3" [_thread_in_native, id=16952, stack(0x0000000019bd0000,0x0000000019cd0000)]
  0x00000000183ef800 JavaThread "/127.0.0.1:62817 to /127.0.0.1:62816 workers Thread 2" [_thread_blocked, id=26052, stack(0x0000000019ad0000,0x0000000019bd0000)]
  0x0000000018281800 JavaThread "Test worker" [_thread_blocked, id=3240, stack(0x0000000019690000,0x0000000019790000)]
  0x0000000016136000 JavaThread "Service Thread" daemon [_thread_blocked, id=4276, stack(0x0000000017bc0000,0x0000000017cc0000)]
=>0x00000000160a4000 JavaThread "C1 CompilerThread3" daemon [_thread_in_vm, id=33372, stack(0x0000000017ac0000,0x0000000017bc0000)]
  0x00000000160a3000 JavaThread "C2 CompilerThread2" daemon [_thread_blocked, id=15232, stack(0x00000000179c0000,0x0000000017ac0000)]
  0x000000001609c000 JavaThread "C2 CompilerThread1" daemon [_thread_blocked, id=3400, stack(0x00000000178c0000,0x00000000179c0000)]
  0x0000000016099800 JavaThread "C2 CompilerThread0" daemon [_thread_blocked, id=24680, stack(0x00000000177c0000,0x00000000178c0000)]
  0x0000000016097000 JavaThread "Attach Listener" daemon [_thread_blocked, id=11140, stack(0x00000000176c0000,0x00000000177c0000)]
  0x0000000016096800 JavaThread "Signal Dispatcher" daemon [_thread_blocked, id=26552, stack(0x00000000175c0000,0x00000000176c0000)]
  0x0000000002eac000 JavaThread "Finalizer" daemon [_thread_blocked, id=19064, stack(0x0000000017280000,0x0000000017380000)]
  0x0000000002eaa000 JavaThread "Reference Handler" daemon [_thread_blocked, id=24240, stack(0x0000000017180000,0x0000000017280000)]
  0x0000000002d5e000 JavaThread "main" [_thread_blocked, id=20124, stack(0x0000000002c30000,0x0000000002d30000)]

Other Threads:
  0x0000000014916800 VMThread [stack: 0x0000000017080000,0x0000000017180000] [id=20520]
  0x00000000161f9000 WatcherThread [stack: 0x0000000017cc0000,0x0000000017dc0000] [id=31920]

VM state:synchronizing (normal execution)

VM Mutex/Monitor currently owned by a thread:  ([mutex/lock_event])
[0x0000000002d5d160] Threads_lock - owner thread: 0x0000000014916800

Heap:
 PSYoungGen      total 158208K, used 56178K [0x00000000f5580000, 0x0000000100000000, 0x0000000100000000)
  eden space 142848K, 29% used [0x00000000f5580000,0x00000000f7edee88,0x00000000fe100000)
  from space 15360K, 89% used [0x00000000fe100000,0x00000000fee7da80,0x00000000ff000000)
  to   space 16384K, 0% used [0x00000000ff000000,0x00000000ff000000,0x0000000100000000)
 ParOldGen       total 261120K, used 60937K [0x00000000e0000000, 0x00000000eff00000, 0x00000000f5580000)
  object space 261120K, 23% used [0x00000000e0000000,0x00000000e3b826c8,0x00000000eff00000)
 Metaspace       used 61102K, capacity 69928K, committed 70144K, reserved 1110016K
  class space    used 7674K, capacity 10201K, committed 10240K, reserved 1048576K

Card table byte_map: [0x0000000012270000,0x0000000012380000] byte_map_base: 0x0000000011b70000

Marking Bits: (ParMarkBitMap*) 0x0000000076dda6c0
 Begin Bits: [0x0000000012e30000, 0x0000000013630000)
 End Bits:   [0x0000000013630000, 0x0000000013e30000)

Polling page: 0x0000000001400000

CodeCache: size=245760Kb used=16371Kb max_used=16371Kb free=229389Kb
 bounds [0x0000000002eb0000, 0x0000000003ec0000, 0x0000000011eb0000]
 total_blobs=6743 nmethods=5182 adapters=1473
 compilation: enabled

Compilation events (10 events):
Event: 6.611 Thread 0x00000000160a4000 nmethod 6362 0x0000000003eb6910 code [0x0000000003eb6b20, 0x0000000003eb79c8]
Event: 6.611 Thread 0x00000000160a4000 6363       3       android.view.View::invalidateInternal (16 bytes)
Event: 6.613 Thread 0x00000000160a4000 nmethod 6363 0x0000000003eb8210 code [0x0000000003eb8560, 0x0000000003eba888]
Event: 6.613 Thread 0x00000000160a4000 6365       3       java.nio.charset.CharsetDecoder::implReplaceWith (1 bytes)
Event: 6.613 Thread 0x00000000160a4000 nmethod 6365 0x0000000003927850 code [0x00000000039279a0, 0x0000000003927af0]
Event: 6.613 Thread 0x00000000160a4000 6364       3       java.lang.invoke.LambdaForm$reinvoker/135940353::dontInline (24 bytes)
Event: 6.613 Thread 0x00000000160a4000 nmethod 6364 0x0000000003e9efd0 code [0x0000000003e9f180, 0x0000000003e9f858]
Event: 6.613 Thread 0x00000000160a4000 6358       3       android.content.res.TypedArray::loadStringValueAt (8 bytes)
Event: 6.614 Thread 0x00000000160a4000 nmethod 6358 0x0000000003ebc510 code [0x0000000003ebc840, 0x0000000003ebe368]
Event: 6.614 Thread 0x00000000160a4000 6359       3       android.content.res.TypedArray::$$robo$$android_content_res_TypedArray$loadStringValueAt (51 bytes)

GC Heap History (10 events):
Event: 5.099 GC heap before
{Heap before GC invocations=16 (full 3):
 PSYoungGen      total 157184K, used 143872K [0x00000000f5580000, 0x0000000100000000, 0x0000000100000000)
  eden space 143872K, 100% used [0x00000000f5580000,0x00000000fe200000,0x00000000fe200000)
  from space 13312K, 0% used [0x00000000ff300000,0x00000000ff300000,0x0000000100000000)
  to   space 15360K, 0% used [0x00000000fe200000,0x00000000fe200000,0x00000000ff100000)
 ParOldGen       total 261120K, used 60897K [0x00000000e0000000, 0x00000000eff00000, 0x00000000f5580000)
  object space 261120K, 23% used [0x00000000e0000000,0x00000000e3b786c8,0x00000000eff00000)
 Metaspace       used 49856K, capacity 55754K, committed 55808K, reserved 1097728K
  class space    used 6081K, capacity 7884K, committed 7936K, reserved 1048576K
Event: 5.103 GC heap after
Heap after GC invocations=16 (full 3):
 PSYoungGen      total 148992K, used 4690K [0x00000000f5580000, 0x0000000100000000, 0x0000000100000000)
  eden space 143872K, 0% used [0x00000000f5580000,0x00000000f5580000,0x00000000fe200000)
  from space 5120K, 91% used [0x00000000fe200000,0x00000000fe694850,0x00000000fe700000)
  to   space 15872K, 0% used [0x00000000ff080000,0x00000000ff080000,0x0000000100000000)
 ParOldGen       total 261120K, used 60905K [0x00000000e0000000, 0x00000000eff00000, 0x00000000f5580000)
  object space 261120K, 23% used [0x00000000e0000000,0x00000000e3b7a6c8,0x00000000eff00000)
 Metaspace       used 49856K, capacity 55754K, committed 55808K, reserved 1097728K
  class space    used 6081K, capacity 7884K, committed 7936K, reserved 1048576K
}
Event: 5.418 GC heap before
{Heap before GC invocations=17 (full 3):
 PSYoungGen      total 148992K, used 148562K [0x00000000f5580000, 0x0000000100000000, 0x0000000100000000)
  eden space 143872K, 100% used [0x00000000f5580000,0x00000000fe200000,0x00000000fe200000)
  from space 5120K, 91% used [0x00000000fe200000,0x00000000fe694850,0x00000000fe700000)
  to   space 15872K, 0% used [0x00000000ff080000,0x00000000ff080000,0x0000000100000000)
 ParOldGen       total 261120K, used 60905K [0x00000000e0000000, 0x00000000eff00000, 0x00000000f5580000)
  object space 261120K, 23% used [0x00000000e0000000,0x00000000e3b7a6c8,0x00000000eff00000)
 Metaspace       used 53611K, capacity 59540K, committed 59648K, reserved 1101824K
  class space    used 6365K, capacity 8173K, committed 8192K, reserved 1048576K
Event: 5.423 GC heap after
Heap after GC invocations=17 (full 3):
 PSYoungGen      total 159232K, used 6377K [0x00000000f5580000, 0x0000000100000000, 0x0000000100000000)
  eden space 143360K, 0% used [0x00000000f5580000,0x00000000f5580000,0x00000000fe180000)
  from space 15872K, 40% used [0x00000000ff080000,0x00000000ff6ba458,0x0000000100000000)
  to   space 15360K, 0% used [0x00000000fe180000,0x00000000fe180000,0x00000000ff080000)
 ParOldGen       total 261120K, used 60913K [0x00000000e0000000, 0x00000000eff00000, 0x00000000f5580000)
  object space 261120K, 23% used [0x00000000e0000000,0x00000000e3b7c6c8,0x00000000eff00000)
 Metaspace       used 53611K, capacity 59540K, committed 59648K, reserved 1101824K
  class space    used 6365K, capacity 8173K, committed 8192K, reserved 1048576K
}
Event: 5.686 GC heap before
{Heap before GC invocations=18 (full 3):
 PSYoungGen      total 159232K, used 149737K [0x00000000f5580000, 0x0000000100000000, 0x0000000100000000)
  eden space 143360K, 100% used [0x00000000f5580000,0x00000000fe180000,0x00000000fe180000)
  from space 15872K, 40% used [0x00000000ff080000,0x00000000ff6ba458,0x0000000100000000)
  to   space 15360K, 0% used [0x00000000fe180000,0x00000000fe180000,0x00000000ff080000)
 ParOldGen       total 261120K, used 60913K [0x00000000e0000000, 0x00000000eff00000, 0x00000000f5580000)
  object space 261120K, 23% used [0x00000000e0000000,0x00000000e3b7c6c8,0x00000000eff00000)
 Metaspace       used 55279K, capacity 61760K, committed 61952K, reserved 1101824K
  class space    used 6679K, capacity 8617K, committed 8704K, reserved 1048576K
Event: 5.691 GC heap after
Heap after GC invocations=18 (full 3):
 PSYoungGen      total 151552K, used 7995K [0x00000000f5580000, 0x00000000ffe80000, 0x0000000100000000)
  eden space 143360K, 0% used [0x00000000f5580000,0x00000000f5580000,0x00000000fe180000)
  from space 8192K, 97% used [0x00000000fe180000,0x00000000fe94ec50,0x00000000fe980000)
  to   space 14848K, 0% used [0x00000000ff000000,0x00000000ff000000,0x00000000ffe80000)
 ParOldGen       total 261120K, used 60921K [0x00000000e0000000, 0x00000000eff00000, 0x00000000f5580000)
  object space 261120K, 23% used [0x00000000e0000000,0x00000000e3b7e6c8,0x00000000eff00000)
 Metaspace       used 55279K, capacity 61760K, committed 61952K, reserved 1101824K
  class space    used 6679K, capacity 8617K, committed 8704K, reserved 1048576K
}
Event: 6.141 GC heap before
{Heap before GC invocations=19 (full 3):
 PSYoungGen      total 151552K, used 151355K [0x00000000f5580000, 0x00000000ffe80000, 0x0000000100000000)
  eden space 143360K, 100% used [0x00000000f5580000,0x00000000fe180000,0x00000000fe180000)
  from space 8192K, 97% used [0x00000000fe180000,0x00000000fe94ec50,0x00000000fe980000)
  to   space 14848K, 0% used [0x00000000ff000000,0x00000000ff000000,0x00000000ffe80000)
 ParOldGen       total 261120K, used 60921K [0x00000000e0000000, 0x00000000eff00000, 0x00000000f5580000)
  object space 261120K, 23% used [0x00000000e0000000,0x00000000e3b7e6c8,0x00000000eff00000)
 Metaspace       used 59413K, capacity 67844K, committed 68096K, reserved 1107968K
  class space    used 7447K, capacity 9923K, committed 9984K, reserved 1048576K
Event: 6.149 GC heap after
Heap after GC invocations=19 (full 3):
 PSYoungGen      total 157696K, used 11242K [0x00000000f5580000, 0x0000000100000000, 0x0000000100000000)
  eden space 142848K, 0% used [0x00000000f5580000,0x00000000f5580000,0x00000000fe100000)
  from space 14848K, 75% used [0x00000000ff000000,0x00000000ffafabe8,0x00000000ffe80000)
  to   space 15360K, 0% used [0x00000000fe100000,0x00000000fe100000,0x00000000ff000000)
 ParOldGen       total 261120K, used 60929K [0x00000000e0000000, 0x00000000eff00000, 0x00000000f5580000)
  object space 261120K, 23% used [0x00000000e0000000,0x00000000e3b806c8,0x00000000eff00000)
 Metaspace       used 59413K, capacity 67844K, committed 68096K, reserved 1107968K
  class space    used 7447K, capacity 9923K, committed 9984K, reserved 1048576K
}
Event: 6.525 GC heap before
{Heap before GC invocations=20 (full 3):
 PSYoungGen      total 157696K, used 154090K [0x00000000f5580000, 0x0000000100000000, 0x0000000100000000)
  eden space 142848K, 100% used [0x00000000f5580000,0x00000000fe100000,0x00000000fe100000)
  from space 14848K, 75% used [0x00000000ff000000,0x00000000ffafabe8,0x00000000ffe80000)
  to   space 15360K, 0% used [0x00000000fe100000,0x00000000fe100000,0x00000000ff000000)
 ParOldGen       total 261120K, used 60929K [0x00000000e0000000, 0x00000000eff00000, 0x00000000f5580000)
  object space 261120K, 23% used [0x00000000e0000000,0x00000000e3b806c8,0x00000000eff00000)
 Metaspace       used 61054K, capacity 69834K, committed 69888K, reserved 1110016K
  class space    used 7673K, capacity 10198K, committed 10240K, reserved 1048576K
Event: 6.533 GC heap after
Heap after GC invocations=20 (full 3):
 PSYoungGen      total 158208K, used 13814K [0x00000000f5580000, 0x0000000100000000, 0x0000000100000000)
  eden space 142848K, 0% used [0x00000000f5580000,0x00000000f5580000,0x00000000fe100000)
  from space 15360K, 89% used [0x00000000fe100000,0x00000000fee7da80,0x00000000ff000000)
  to   space 16384K, 0% used [0x00000000ff000000,0x00000000ff000000,0x0000000100000000)
 ParOldGen       total 261120K, used 60937K [0x00000000e0000000, 0x00000000eff00000, 0x00000000f5580000)
  object space 261120K, 23% used [0x00000000e0000000,0x00000000e3b826c8,0x00000000eff00000)
 Metaspace       used 61054K, capacity 69834K, committed 69888K, reserved 1110016K
  class space    used 7673K, capacity 10198K, committed 10240K, reserved 1048576K
}

Deoptimization events (10 events):
Event: 6.353 Thread 0x0000000018281800 Uncommon trap: reason=class_check action=maybe_recompile pc=0x000000000394b0c0 method=com.google.common.collect.ImmutableSet$RegularSetBuilderImpl.add(Ljava/lang/Object;)Lcom/google/common/collect/ImmutableSet$SetBuilderImpl; @ 6
Event: 6.353 Thread 0x0000000018281800 Uncommon trap: reason=class_check action=maybe_recompile pc=0x000000000394b0c0 method=com.google.common.collect.ImmutableSet$RegularSetBuilderImpl.add(Ljava/lang/Object;)Lcom/google/common/collect/ImmutableSet$SetBuilderImpl; @ 6
Event: 6.354 Thread 0x0000000018281800 Uncommon trap: reason=unstable_if action=reinterpret pc=0x0000000003507cc8 method=org.robolectric.internal.bytecode.MethodRef.equals(Ljava/lang/Object;)Z @ 2
Event: 6.354 Thread 0x0000000018f8e800 Uncommon trap: reason=class_check action=maybe_recompile pc=0x0000000003577f54 method=java.util.Collections.unmodifiableList(Ljava/util/List;)Ljava/util/List; @ 1
Event: 6.355 Thread 0x0000000018f8e800 Uncommon trap: reason=class_check action=maybe_recompile pc=0x0000000003577f54 method=java.util.Collections.unmodifiableList(Ljava/util/List;)Ljava/util/List; @ 1
Event: 6.355 Thread 0x0000000018f8e800 Uncommon trap: reason=class_check action=maybe_recompile pc=0x0000000003577f54 method=java.util.Collections.unmodifiableList(Ljava/util/List;)Ljava/util/List; @ 1
Event: 6.355 Thread 0x0000000018f8e800 Uncommon trap: reason=class_check action=maybe_recompile pc=0x0000000003577f54 method=java.util.Collections.unmodifiableList(Ljava/util/List;)Ljava/util/List; @ 1
Event: 6.356 Thread 0x0000000018f8e800 Uncommon trap: reason=unstable_if action=reinterpret pc=0x000000000356b3ac method=java.util.Arrays.hashCode([Ljava/lang/Object;)I @ 34
Event: 6.360 Thread 0x0000000018f8e800 Uncommon trap: reason=unstable_if action=reinterpret pc=0x000000000320e334 method=org.robolectric.res.android.ResTable_config.isBetterThan(Lorg/robolectric/res/android/ResTable_config;Lorg/robolectric/res/android/ResTable_config;)Z @ 898
Event: 6.399 Thread 0x0000000018f8e800 Uncommon trap: reason=unstable_if action=reinterpret pc=0x0000000003a817ec method=org.robolectric.res.android.ResTable_config.match(Lorg/robolectric/res/android/ResTable_config;)Z @ 531

Internal exceptions (10 events):
Event: 5.094 Thread 0x0000000018f8e800 Exception <a 'java/lang/NoSuchMethodError': java.lang.Object.lambda$comparingDouble$8dcf42ea$1(Ljava/util/function/ToDoubleFunction;Ljava/lang/Object;Ljava/lang/Object;)I> (0x00000000fe03f3e0) thrown at [C:\re\workspace\8-2-build-windows-amd64-cygwin\jdk8
Event: 5.821 Thread 0x000000001d58c800 Exception <a 'java/lang/NoSuchFieldError': method resolution failed> (0x00000000f8da68c8) thrown at [C:\re\workspace\8-2-build-windows-amd64-cygwin\jdk8u111\7883\hotspot\src\share\vm\prims\methodHandles.cpp, line 1146]
Event: 5.918 Thread 0x0000000018f8e800 Implicit null exception at 0x00000000038cad0b to 0x00000000038cb71f
Event: 5.918 Thread 0x0000000018f8e800 Implicit null exception at 0x000000000307613c to 0x0000000003076745
Event: 6.007 Thread 0x0000000018f8e800 Exception <a 'java/lang/NoSuchFieldError': method resolution failed> (0x00000000fbfebb30) thrown at [C:\re\workspace\8-2-build-windows-amd64-cygwin\jdk8u111\7883\hotspot\src\share\vm\prims\methodHandles.cpp, line 1146]
Event: 6.068 Thread 0x0000000018f8e800 Exception <a 'java/lang/NoSuchFieldError': method resolution failed> (0x00000000fcbbe908) thrown at [C:\re\workspace\8-2-build-windows-amd64-cygwin\jdk8u111\7883\hotspot\src\share\vm\prims\methodHandles.cpp, line 1146]
Event: 6.286 Thread 0x0000000018f8e800 Implicit null exception at 0x0000000003336557 to 0x000000000333662d
Event: 6.338 Thread 0x0000000018f8e800 Exception <a 'java/lang/NoSuchMethodError': java.lang.Object.lambda$get$0(Ljava/lang/Object;)V> (0x00000000f842cd88) thrown at [C:\re\workspace\8-2-build-windows-amd64-cygwin\jdk8u111\7883\hotspot\src\share\vm\interpreter\linkResolver.cpp, line 582]
Event: 6.356 Thread 0x0000000018f8e800 Implicit null exception at 0x000000000356b2ef to 0x000000000356b38d
Event: 6.402 Thread 0x0000000018f8e800 Exception <a 'sun/nio/fs/WindowsException'> (0x00000000f8f8d800) thrown at [C:\re\workspace\8-2-build-windows-amd64-cygwin\jdk8u111\7883\hotspot\src\share\vm\prims\jni.cpp, line 709]

Events (10 events):
Event: 6.548 Thread 0x00000000160a4000 flushing nmethod 0x00000000031f2350
Event: 6.548 Thread 0x00000000160a4000 flushing nmethod 0x00000000032e9d10
Event: 6.548 Thread 0x00000000160a4000 flushing nmethod 0x0000000003363d10
Event: 6.565 Thread 0x00000000160a4000 flushing nmethod 0x0000000003600710
Event: 6.565 Thread 0x00000000160a4000 flushing nmethod 0x0000000003605850
Event: 6.565 Thread 0x00000000160a4000 flushing nmethod 0x0000000003607d10
Event: 6.577 Thread 0x00000000160a4000 flushing nmethod 0x000000000379bf10
Event: 6.578 Thread 0x00000000160a4000 flushing nmethod 0x000000000381d790
Event: 6.579 Thread 0x00000000160a4000 flushing nmethod 0x000000000391b890
Event: 6.579 Thread 0x00000000160a4000 flushing nmethod 0x0000000003927850


Dynamic libraries:
0x00007ff706f50000 - 0x00007ff706f87000 	C:\Program Files\Java\jdk1.8.0_111\bin\java.exe
0x00007ff868150000 - 0x00007ff868345000 	C:\WINDOWS\SYSTEM32\ntdll.dll
0x00007ff8671e0000 - 0x00007ff86729e000 	C:\WINDOWS\System32\KERNEL32.DLL
0x00007ff865a20000 - 0x00007ff865ce9000 	C:\WINDOWS\System32\KERNELBASE.dll
0x00007ff8661a0000 - 0x00007ff86624c000 	C:\WINDOWS\System32\ADVAPI32.dll
0x00007ff866280000 - 0x00007ff86631e000 	C:\WINDOWS\System32\msvcrt.dll
0x00007ff867300000 - 0x00007ff86739b000 	C:\WINDOWS\System32\sechost.dll
0x00007ff8670b0000 - 0x00007ff8671da000 	C:\WINDOWS\System32\RPCRT4.dll
0x00007ff866320000 - 0x00007ff8664c1000 	C:\WINDOWS\System32\USER32.dll
0x00007ff865870000 - 0x00007ff865892000 	C:\WINDOWS\System32\win32u.dll
0x00007ff8664d0000 - 0x00007ff8664fb000 	C:\WINDOWS\System32\GDI32.dll
0x00007ff865f90000 - 0x00007ff86609b000 	C:\WINDOWS\System32\gdi32full.dll
0x00007ff8660a0000 - 0x00007ff86613d000 	C:\WINDOWS\System32\msvcp_win.dll
0x00007ff8658a0000 - 0x00007ff8659a0000 	C:\WINDOWS\System32\ucrtbase.dll
0x00007ff852310000 - 0x00007ff8525aa000 	C:\WINDOWS\WinSxS\amd64_microsoft.windows.common-controls_6595b64144ccf1df_6.0.19041.1110_none_60b5254171f9507e\COMCTL32.dll
0x00007ff866250000 - 0x00007ff866280000 	C:\WINDOWS\System32\IMM32.DLL
0x00000000773e0000 - 0x00000000774b2000 	C:\Program Files\Java\jdk1.8.0_111\jre\bin\msvcr100.dll
0x00000000765c0000 - 0x0000000076e5a000 	C:\Program Files\Java\jdk1.8.0_111\jre\bin\server\jvm.dll
0x00007ff866500000 - 0x00007ff866508000 	C:\WINDOWS\System32\PSAPI.DLL
0x00007ff85f3e0000 - 0x00007ff85f3e9000 	C:\WINDOWS\SYSTEM32\WSOCK32.dll
0x00007ff858b10000 - 0x00007ff858b37000 	C:\WINDOWS\SYSTEM32\WINMM.dll
0x00007ff85cc70000 - 0x00007ff85cc7a000 	C:\WINDOWS\SYSTEM32\VERSION.dll
0x00007ff866f20000 - 0x00007ff866f8b000 	C:\WINDOWS\System32\WS2_32.dll
0x0000000051450000 - 0x000000005145f000 	C:\Program Files\Java\jdk1.8.0_111\jre\bin\verify.dll
0x0000000077870000 - 0x0000000077899000 	C:\Program Files\Java\jdk1.8.0_111\jre\bin\java.dll
0x0000000077850000 - 0x0000000077866000 	C:\Program Files\Java\jdk1.8.0_111\jre\bin\zip.dll
0x00007ff8665c0000 - 0x00007ff866cff000 	C:\WINDOWS\System32\SHELL32.dll
0x00007ff863970000 - 0x00007ff864100000 	C:\WINDOWS\SYSTEM32\windows.storage.dll
0x00007ff8678a0000 - 0x00007ff867bf5000 	C:\WINDOWS\System32\combase.dll
0x00007ff8652c0000 - 0x00007ff8652ec000 	C:\WINDOWS\SYSTEM32\Wldp.dll
0x00007ff866510000 - 0x00007ff8665be000 	C:\WINDOWS\System32\SHCORE.dll
0x00007ff8672a0000 - 0x00007ff8672f5000 	C:\WINDOWS\System32\shlwapi.dll
0x00007ff8657b0000 - 0x00007ff8657cf000 	C:\WINDOWS\SYSTEM32\profapi.dll
0x0000000077830000 - 0x000000007784a000 	C:\Program Files\Java\jdk1.8.0_111\jre\bin\net.dll
0x00007ff864fb0000 - 0x00007ff86501a000 	C:\WINDOWS\system32\mswsock.dll
0x00000000773c0000 - 0x00000000773d1000 	C:\Program Files\Java\jdk1.8.0_111\jre\bin\nio.dll
0x00007ff865210000 - 0x00007ff865228000 	C:\WINDOWS\SYSTEM32\CRYPTSP.dll
0x00007ff8648d0000 - 0x00007ff864904000 	C:\WINDOWS\system32\rsaenh.dll
0x00007ff8659f0000 - 0x00007ff865a17000 	C:\WINDOWS\System32\bcrypt.dll
0x00007ff865730000 - 0x00007ff86575e000 	C:\WINDOWS\SYSTEM32\USERENV.dll
0x00007ff865f00000 - 0x00007ff865f83000 	C:\WINDOWS\System32\bcryptprimitives.dll
0x00007ff865230000 - 0x00007ff86523c000 	C:\WINDOWS\SYSTEM32\CRYPTBASE.dll
0x00007ff864ca0000 - 0x00007ff864cdb000 	C:\WINDOWS\SYSTEM32\IPHLPAPI.DLL
0x00007ff866d00000 - 0x00007ff866d08000 	C:\WINDOWS\System32\NSI.dll
0x00007ff85cc50000 - 0x00007ff85cc67000 	C:\WINDOWS\SYSTEM32\dhcpcsvc6.DLL
0x00007ff85e460000 - 0x00007ff85e47d000 	C:\WINDOWS\SYSTEM32\dhcpcsvc.DLL
0x00007ff864ce0000 - 0x00007ff864dac000 	C:\WINDOWS\SYSTEM32\DNSAPI.dll
0x0000000077390000 - 0x00000000773b4000 	C:\Program Files\Java\jdk1.8.0_111\jre\bin\sunec.dll
0x0000000077380000 - 0x000000007738b000 	C:\Program Files\Java\jdk1.8.0_111\jre\bin\sunmscapi.dll
0x00007ff865da0000 - 0x00007ff865ef6000 	C:\WINDOWS\System32\CRYPT32.dll
0x00000000771e0000 - 0x0000000077378000 	C:\Program Files\Java\jdk1.8.0_111\jre\bin\awt.dll
0x00007ff867eb0000 - 0x00007ff867f7d000 	C:\WINDOWS\System32\OLEAUT32.dll
0x00007ff862e60000 - 0x00007ff862ef0000 	C:\WINDOWS\SYSTEM32\apphelp.dll
0x00007ff862fd0000 - 0x00007ff8631b4000 	C:\WINDOWS\SYSTEM32\dbghelp.dll

VM Arguments:
jvm_args: -Djava.awt.headless=true -Djava.security.manager=worker.org.gradle.process.internal.worker.child.BootstrapSecurityManager -Dorg.gradle.native=false -Xmx512m -Dfile.encoding=windows-1252 -Duser.country=ID -Duser.language=en -Duser.variant -ea 
java_command: worker.org.gradle.process.internal.worker.GradleWorkerMain 'Gradle Test Executor 13'
java_class_path (initial): C:\Users\Lenovo\.gradle\caches\6.1.1\workerMain\gradle-worker.jar
Launcher Type: SUN_STANDARD

Environment Variables:
USERNAME=Lenovo
OS=Windows_NT
PROCESSOR_IDENTIFIER=Intel64 Family 6 Model 165 Stepping 2, GenuineIntel



---------------  S Y S T E M  ---------------

OS: Windows 10.0 , 64 bit Build 19041 (10.0.19041.1202)

CPU:total 12 (6 cores per cpu, 2 threads per core) family 6 model 165 stepping 2, cmov, cx8, fxsr, mmx, sse, sse2, sse3, ssse3, sse4.1, sse4.2, popcnt, avx, avx2, aes, clmul, erms, 3dnowpref, lzcnt, ht, tsc, tscinvbit, bmi1, bmi2, adx

Memory: 4k page, physical 16682800k(4710692k free), swap 21347336k(3978744k free)

vm_info: Java HotSpot(TM) 64-Bit Server VM (25.111-b14) for windows-amd64 JRE (1.8.0_111-b14), built on Sep 22 2016 19:24:05 by "java_re" with MS VC++ 10.0 (VS2010)

time: Fri Oct 08 09:21:48 2021
elapsed time: 6 seconds (0d 0h 0m 6s)

