#
# A fatal error has been detected by the Java Runtime Environment:
#
#  EXCEPTION_ACCESS_VIOLATION (0xc0000005) at pc=0x0000000076603608, pid=14508, tid=0x00000000000043c4
#
# JRE version: Java(TM) SE Runtime Environment (8.0_111-b14) (build 1.8.0_111-b14)
# Java VM: Java HotSpot(TM) 64-Bit Server VM (25.111-b14 mixed mode windows-amd64 compressed oops)
# Problematic frame:
# V  [jvm.dll+0x43608]
#
# Failed to write core dump. Minidumps are not enabled by default on client versions of Windows
#
# If you would like to submit a bug report, please visit:
#   http://bugreport.java.com/bugreport/crash.jsp
#

---------------  T H R E A D  ---------------

Current thread (0x0000000016536000):  JavaThread "C1 CompilerThread3" daemon [_thread_in_vm, id=17348, stack(0x0000000017f60000,0x0000000018060000)]

siginfo: ExceptionCode=0xc0000005, reading address 0xffffffffffffffff

Registers:
RAX=0x0000000016536000, RBX=0x0000000003368b80, RCX=0x0000000003368b80, RDX=0x0000000003368b80
RSP=0x000000001805cf30, RBP=0x0000000016561220, RSI=0x0000000003368b80, RDI=0x0000000000000000
R8 =0x49362012ffff0013, R9 =0x0000000000000000, R10=0x0000000016561450, R11=0x000000001cb80c30
R12=0x0000000016536000, R13=0x0000000016561220, R14=0x000000001bd57410, R15=0x0000000000000000
RIP=0x0000000076603608, EFLAGS=0x0000000000010202

Top of Stack: (sp=0x000000001805cf30)
0x000000001805cf30:   00000000000000b6 000000001805f4e0
0x000000001805cf40:   0000000000000000 0000000000000077
0x000000001805cf50:   000000001de42b58 000000001805f4e0
0x000000001805cf60:   000000001805d040 00000000765efe25
0x000000001805cf70:   00000000000000ea 0000000076603999
0x000000001805cf80:   0000000000000077 0000000000000077
0x000000001805cf90:   0000000000000000 0000000000000000
0x000000001805cfa0:   00000000000000b6 000000001c43b180
0x000000001805cfb0:   000000000331a5c0 0000000076601c6b
0x000000001805cfc0:   0000000000000000 0000000016536000
0x000000001805cfd0:   000000001bd58bd0 00000000765ece0f
0x000000001805cfe0:   0000000016536000 0000000076606f80
0x000000001805cff0:   0000000016536000 0000000016536000
0x000000001805d000:   000000001c43b180 00000000769e0aeb
0x000000001805d010:   0000000000000000 0000000000000000
0x000000001805d020:   000000001bd58bd0 0000000000000000 

Instructions: (pc=0x0000000076603608)
0x00000000766035e8:   00 48 8b da ff 15 fe 7d 59 00 44 0f b6 05 5a d9
0x00000000766035f8:   7a 00 4c 8b e0 45 84 c0 74 39 4c 8b 03 48 8b cb
0x0000000076603608:   41 ff 50 08 84 c0 74 2b 83 7b 08 00 7e 25 0f b6
0x0000000076603618:   83 0e 01 00 00 c0 e8 03 a8 01 74 17 48 8b 03 48 


Register to memory mapping:

RAX=0x0000000016536000 is a thread
RBX=0x0000000003368b80 is an unknown value
RCX=0x0000000003368b80 is an unknown value
RDX=0x0000000003368b80 is an unknown value
RSP=0x000000001805cf30 is pointing into the stack for thread: 0x0000000016536000
RBP=0x0000000016561220 is an unknown value
RSI=0x0000000003368b80 is an unknown value
RDI=0x0000000000000000 is an unknown value
R8 =0x49362012ffff0013 is an unknown value
R9 =0x0000000000000000 is an unknown value
R10=0x0000000016561450 is an unknown value
R11=0x000000001cb80c30 is an unknown value
R12=0x0000000016536000 is a thread
R13=0x0000000016561220 is an unknown value
R14=0x000000001bd57410 is an unknown value
R15=0x0000000000000000 is an unknown value


Stack: [0x0000000017f60000,0x0000000018060000],  sp=0x000000001805cf30,  free space=1011k
Native frames: (J=compiled Java code, j=interpreted, Vv=VM code, C=native code)
V  [jvm.dll+0x43608]
V  [jvm.dll+0x43999]
V  [jvm.dll+0x41c6b]
V  [jvm.dll+0x420aeb]
V  [jvm.dll+0x41b8da]
V  [jvm.dll+0x41e727]
V  [jvm.dll+0x41eeeb]
V  [jvm.dll+0x41fde6]
V  [jvm.dll+0x420048]
V  [jvm.dll+0x42047b]
V  [jvm.dll+0x41ffd5]
V  [jvm.dll+0x41bd3b]
V  [jvm.dll+0x41e727]
V  [jvm.dll+0x41eeeb]
V  [jvm.dll+0x41fde6]
V  [jvm.dll+0x420048]
V  [jvm.dll+0x42047b]
V  [jvm.dll+0x41ffd5]
V  [jvm.dll+0x41bd3b]
V  [jvm.dll+0x41e727]
V  [jvm.dll+0x41f01d]
V  [jvm.dll+0x41fde6]
V  [jvm.dll+0x420048]
V  [jvm.dll+0x42047b]
V  [jvm.dll+0x41ffd5]
V  [jvm.dll+0x41bd3b]
V  [jvm.dll+0x41e727]
V  [jvm.dll+0x41eeeb]
V  [jvm.dll+0x41fde6]
V  [jvm.dll+0x420048]
V  [jvm.dll+0x42047b]
V  [jvm.dll+0x41ffd5]
V  [jvm.dll+0x41bd3b]
V  [jvm.dll+0x41e727]
V  [jvm.dll+0x41f01d]
V  [jvm.dll+0x41fde6]
V  [jvm.dll+0x420048]
V  [jvm.dll+0x42047b]
V  [jvm.dll+0x41ffd5]
V  [jvm.dll+0x41bd3b]
V  [jvm.dll+0x41e727]
V  [jvm.dll+0x41eeeb]
V  [jvm.dll+0x41fde6]
V  [jvm.dll+0x420048]
V  [jvm.dll+0x41bd3b]
V  [jvm.dll+0x41e727]
V  [jvm.dll+0x41eeeb]
V  [jvm.dll+0x41fde6]
V  [jvm.dll+0x420048]
V  [jvm.dll+0x41bd3b]
V  [jvm.dll+0x41e727]
V  [jvm.dll+0x41f01d]
V  [jvm.dll+0x41f412]
V  [jvm.dll+0x4244f5]
V  [jvm.dll+0x424600]
V  [jvm.dll+0x40ddb8]
V  [jvm.dll+0x40e021]
V  [jvm.dll+0x40e1e2]
V  [jvm.dll+0x40e3b1]
V  [jvm.dll+0x40e5bf]
V  [jvm.dll+0xa5742]
V  [jvm.dll+0xa607f]
V  [jvm.dll+0x244b7f]
V  [jvm.dll+0x29c43a]
C  [msvcr100.dll+0x21d9f]
C  [msvcr100.dll+0x21e3b]
C  [KERNEL32.DLL+0x17034]
C  [ntdll.dll+0x52651]


Current CompileTask:
C1:   8331 6946       3       android.content.res.TypedArray::$$robo$$android_content_res_TypedArray$loadStringValueAt (51 bytes)


---------------  P R O C E S S  ---------------

Java Threads: ( => current thread )
  0x000000001d6af800 JavaThread "Java2D Disposer" daemon [_thread_blocked, id=30104, stack(0x000000001c810000,0x000000001c910000)]
  0x00000000190f4000 JavaThread "SDK 28 Main Thread" [_thread_in_vm, id=30340, stack(0x000000001a570000,0x000000001a670000)]
  0x0000000018cad000 JavaThread "/127.0.0.1:54943 to /127.0.0.1:54942 workers Thread 3" [_thread_in_native, id=29852, stack(0x000000001a070000,0x000000001a170000)]
  0x0000000018cac000 JavaThread "/127.0.0.1:54943 to /127.0.0.1:54942 workers Thread 2" [_thread_blocked, id=17072, stack(0x0000000019f70000,0x000000001a070000)]
  0x0000000018cce800 JavaThread "Test worker" [_thread_blocked, id=32056, stack(0x0000000019b30000,0x0000000019c30000)]
  0x00000000165c2000 JavaThread "Service Thread" daemon [_thread_blocked, id=31152, stack(0x0000000018060000,0x0000000018160000)]
=>0x0000000016536000 JavaThread "C1 CompilerThread3" daemon [_thread_in_vm, id=17348, stack(0x0000000017f60000,0x0000000018060000)]
  0x0000000016535000 JavaThread "C2 CompilerThread2" daemon [_thread_in_native, id=5848, stack(0x0000000017e60000,0x0000000017f60000)]
  0x0000000016530000 JavaThread "C2 CompilerThread1" daemon [_thread_blocked, id=22668, stack(0x0000000017d60000,0x0000000017e60000)]
  0x000000001652a000 JavaThread "C2 CompilerThread0" daemon [_thread_blocked, id=29620, stack(0x0000000017c60000,0x0000000017d60000)]
  0x0000000016528000 JavaThread "Attach Listener" daemon [_thread_blocked, id=23392, stack(0x0000000017b60000,0x0000000017c60000)]
  0x0000000016525000 JavaThread "Signal Dispatcher" daemon [_thread_blocked, id=8512, stack(0x0000000017a60000,0x0000000017b60000)]
  0x00000000164a3000 JavaThread "Finalizer" daemon [_thread_blocked, id=21092, stack(0x0000000017720000,0x0000000017820000)]
  0x000000000340a000 JavaThread "Reference Handler" daemon [_thread_blocked, id=33128, stack(0x0000000017620000,0x0000000017720000)]
  0x000000000330e000 JavaThread "main" [_thread_blocked, id=17456, stack(0x0000000003140000,0x0000000003240000)]

Other Threads:
  0x0000000014dc6800 VMThread [stack: 0x0000000017520000,0x0000000017620000] [id=28488]
  0x000000001667e800 WatcherThread [stack: 0x0000000018160000,0x0000000018260000] [id=13072]

VM state:not at safepoint (normal execution)

VM Mutex/Monitor currently owned by a thread: None

Heap:
 PSYoungGen      total 155136K, used 132613K [0x00000000f5580000, 0x0000000100000000, 0x0000000100000000)
  eden space 139776K, 83% used [0x00000000f5580000,0x00000000fc801c58,0x00000000fde00000)
  from space 15360K, 99% used [0x00000000ff100000,0x00000000fffff8e0,0x0000000100000000)
  to   space 17408K, 0% used [0x00000000fde00000,0x00000000fde00000,0x00000000fef00000)
 ParOldGen       total 236544K, used 68209K [0x00000000e0000000, 0x00000000ee700000, 0x00000000f5580000)
  object space 236544K, 28% used [0x00000000e0000000,0x00000000e429c550,0x00000000ee700000)
 Metaspace       used 63223K, capacity 72774K, committed 72832K, reserved 1112064K
  class space    used 7939K, capacity 10607K, committed 10624K, reserved 1048576K

Card table byte_map: [0x00000000127d0000,0x00000000128e0000] byte_map_base: 0x00000000120d0000

Marking Bits: (ParMarkBitMap*) 0x0000000076dda6c0
 Begin Bits: [0x00000000132e0000, 0x0000000013ae0000)
 End Bits:   [0x0000000013ae0000, 0x00000000142e0000)

Polling page: 0x0000000003080000

CodeCache: size=245760Kb used=19387Kb max_used=19402Kb free=226372Kb
 bounds [0x0000000003410000, 0x0000000004720000, 0x0000000012410000]
 total_blobs=7321 nmethods=5727 adapters=1506
 compilation: enabled

Compilation events (10 events):
Event: 8.308 Thread 0x0000000016530000 6943 %     4       org.robolectric.res.android.CppAssetManager2::lambda$RebuildFilterList$1 @ 27 (96 bytes)
Event: 8.309 Thread 0x0000000016536000 nmethod 6937 0x0000000004709450 code [0x00000000047097e0, 0x000000000470ba08]
Event: 8.309 Thread 0x0000000016535000 nmethod 6939 0x000000000470cf10 code [0x000000000470d040, 0x000000000470d1d8]
Event: 8.309 Thread 0x0000000016536000 6944       3       org.robolectric.res.android.LocaleData::packLocale (41 bytes)
Event: 8.310 Thread 0x0000000016536000 nmethod 6944 0x0000000004708f50 code [0x00000000047090c0, 0x00000000047092b0]
Event: 8.310 Thread 0x0000000016536000 6941       3       java.lang.invoke.LambdaForm$MH/1744356696::guard (109 bytes)
Event: 8.310 Thread 0x0000000016536000 nmethod 6941 0x0000000004707750 code [0x0000000004707960, 0x0000000004708708]
Event: 8.310 Thread 0x0000000016536000 6945       3       android.content.res.TypedArray::loadStringValueAt (8 bytes)
Event: 8.312 Thread 0x0000000016536000 nmethod 6945 0x000000000470d290 code [0x000000000470d5c0, 0x000000000470f088]
Event: 8.312 Thread 0x0000000016536000 6946       3       android.content.res.TypedArray::$$robo$$android_content_res_TypedArray$loadStringValueAt (51 bytes)

GC Heap History (10 events):
Event: 6.237 GC heap before
{Heap before GC invocations=17 (full 3):
 PSYoungGen      total 155136K, used 154786K [0x00000000f5580000, 0x00000000fff00000, 0x0000000100000000)
  eden space 148992K, 100% used [0x00000000f5580000,0x00000000fe700000,0x00000000fe700000)
  from space 6144K, 94% used [0x00000000fe700000,0x00000000feca8b08,0x00000000fed00000)
  to   space 12288K, 0% used [0x00000000ff300000,0x00000000ff300000,0x00000000fff00000)
 ParOldGen       total 236544K, used 60775K [0x00000000e0000000, 0x00000000ee700000, 0x00000000f5580000)
  object space 236544K, 25% used [0x00000000e0000000,0x00000000e3b59d58,0x00000000ee700000)
 Metaspace       used 53589K, capacity 59496K, committed 59648K, reserved 1101824K
  class space    used 6389K, capacity 8171K, committed 8192K, reserved 1048576K
Event: 6.242 GC heap after
Heap after GC invocations=17 (full 3):
 PSYoungGen      total 161280K, used 7629K [0x00000000f5580000, 0x0000000100000000, 0x0000000100000000)
  eden space 148992K, 0% used [0x00000000f5580000,0x00000000f5580000,0x00000000fe700000)
  from space 12288K, 62% used [0x00000000ff300000,0x00000000ffa735f8,0x00000000fff00000)
  to   space 12288K, 0% used [0x00000000fe700000,0x00000000fe700000,0x00000000ff300000)
 ParOldGen       total 236544K, used 60783K [0x00000000e0000000, 0x00000000ee700000, 0x00000000f5580000)
  object space 236544K, 25% used [0x00000000e0000000,0x00000000e3b5bd58,0x00000000ee700000)
 Metaspace       used 53589K, capacity 59496K, committed 59648K, reserved 1101824K
  class space    used 6389K, capacity 8171K, committed 8192K, reserved 1048576K
}
Event: 6.704 GC heap before
{Heap before GC invocations=18 (full 3):
 PSYoungGen      total 161280K, used 156621K [0x00000000f5580000, 0x0000000100000000, 0x0000000100000000)
  eden space 148992K, 100% used [0x00000000f5580000,0x00000000fe700000,0x00000000fe700000)
  from space 12288K, 62% used [0x00000000ff300000,0x00000000ffa735f8,0x00000000fff00000)
  to   space 12288K, 0% used [0x00000000fe700000,0x00000000fe700000,0x00000000ff300000)
 ParOldGen       total 236544K, used 60783K [0x00000000e0000000, 0x00000000ee700000, 0x00000000f5580000)
  object space 236544K, 25% used [0x00000000e0000000,0x00000000e3b5bd58,0x00000000ee700000)
 Metaspace       used 57309K, capacity 64072K, committed 64256K, reserved 1103872K
  class space    used 6885K, capacity 8907K, committed 8960K, reserved 1048576K
Event: 6.711 GC heap after
Heap after GC invocations=18 (full 3):
 PSYoungGen      total 161280K, used 11654K [0x00000000f5580000, 0x0000000100000000, 0x0000000100000000)
  eden space 148992K, 0% used [0x00000000f5580000,0x00000000f5580000,0x00000000fe700000)
  from space 12288K, 94% used [0x00000000fe700000,0x00000000ff261b80,0x00000000ff300000)
  to   space 13312K, 0% used [0x00000000ff300000,0x00000000ff300000,0x0000000100000000)
 ParOldGen       total 236544K, used 60791K [0x00000000e0000000, 0x00000000ee700000, 0x00000000f5580000)
  object space 236544K, 25% used [0x00000000e0000000,0x00000000e3b5dd58,0x00000000ee700000)
 Metaspace       used 57309K, capacity 64072K, committed 64256K, reserved 1103872K
  class space    used 6885K, capacity 8907K, committed 8960K, reserved 1048576K
}
Event: 7.284 GC heap before
{Heap before GC invocations=19 (full 3):
 PSYoungGen      total 161280K, used 160646K [0x00000000f5580000, 0x0000000100000000, 0x0000000100000000)
  eden space 148992K, 100% used [0x00000000f5580000,0x00000000fe700000,0x00000000fe700000)
  from space 12288K, 94% used [0x00000000fe700000,0x00000000ff261b80,0x00000000ff300000)
  to   space 13312K, 0% used [0x00000000ff300000,0x00000000ff300000,0x0000000100000000)
 ParOldGen       total 236544K, used 60791K [0x00000000e0000000, 0x00000000ee700000, 0x00000000f5580000)
  object space 236544K, 25% used [0x00000000e0000000,0x00000000e3b5dd58,0x00000000ee700000)
 Metaspace       used 60448K, capacity 69516K, committed 69632K, reserved 1107968K
  class space    used 7604K, capacity 10194K, committed 10240K, reserved 1048576K
Event: 7.292 GC heap after
Heap after GC invocations=19 (full 3):
 PSYoungGen      total 157184K, used 13305K [0x00000000f5580000, 0x0000000100000000, 0x0000000100000000)
  eden space 143872K, 0% used [0x00000000f5580000,0x00000000f5580000,0x00000000fe200000)
  from space 13312K, 99% used [0x00000000ff300000,0x00000000ffffe700,0x0000000100000000)
  to   space 15360K, 0% used [0x00000000fe200000,0x00000000fe200000,0x00000000ff100000)
 ParOldGen       total 236544K, used 62818K [0x00000000e0000000, 0x00000000ee700000, 0x00000000f5580000)
  object space 236544K, 26% used [0x00000000e0000000,0x00000000e3d58b20,0x00000000ee700000)
 Metaspace       used 60448K, capacity 69516K, committed 69632K, reserved 1107968K
  class space    used 7604K, capacity 10194K, committed 10240K, reserved 1048576K
}
Event: 7.614 GC heap before
{Heap before GC invocations=20 (full 3):
 PSYoungGen      total 157184K, used 157177K [0x00000000f5580000, 0x0000000100000000, 0x0000000100000000)
  eden space 143872K, 100% used [0x00000000f5580000,0x00000000fe200000,0x00000000fe200000)
  from space 13312K, 99% used [0x00000000ff300000,0x00000000ffffe700,0x0000000100000000)
  to   space 15360K, 0% used [0x00000000fe200000,0x00000000fe200000,0x00000000ff100000)
 ParOldGen       total 236544K, used 62818K [0x00000000e0000000, 0x00000000ee700000, 0x00000000f5580000)
  object space 236544K, 26% used [0x00000000e0000000,0x00000000e3d58b20,0x00000000ee700000)
 Metaspace       used 61614K, capacity 70860K, committed 71168K, reserved 1110016K
  class space    used 7782K, capacity 10384K, committed 10496K, reserved 1048576K
Event: 7.623 GC heap after
Heap after GC invocations=20 (full 3):
 PSYoungGen      total 159232K, used 10318K [0x00000000f5580000, 0x0000000100000000, 0x0000000100000000)
  eden space 143872K, 0% used [0x00000000f5580000,0x00000000f5580000,0x00000000fe200000)
  from space 15360K, 67% used [0x00000000fe200000,0x00000000fec13a00,0x00000000ff100000)
  to   space 15360K, 0% used [0x00000000ff100000,0x00000000ff100000,0x0000000100000000)
 ParOldGen       total 236544K, used 68161K [0x00000000e0000000, 0x00000000ee700000, 0x00000000f5580000)
  object space 236544K, 28% used [0x00000000e0000000,0x00000000e4290550,0x00000000ee700000)
 Metaspace       used 61614K, capacity 70860K, committed 71168K, reserved 1110016K
  class space    used 7782K, capacity 10384K, committed 10496K, reserved 1048576K
}
Event: 8.067 GC heap before
{Heap before GC invocations=21 (full 3):
 PSYoungGen      total 159232K, used 154190K [0x00000000f5580000, 0x0000000100000000, 0x0000000100000000)
  eden space 143872K, 100% used [0x00000000f5580000,0x00000000fe200000,0x00000000fe200000)
  from space 15360K, 67% used [0x00000000fe200000,0x00000000fec13a00,0x00000000ff100000)
  to   space 15360K, 0% used [0x00000000ff100000,0x00000000ff100000,0x0000000100000000)
 ParOldGen       total 236544K, used 68161K [0x00000000e0000000, 0x00000000ee700000, 0x00000000f5580000)
  object space 236544K, 28% used [0x00000000e0000000,0x00000000e4290550,0x00000000ee700000)
 Metaspace       used 62971K, capacity 72416K, committed 72576K, reserved 1112064K
  class space    used 7925K, capacity 10566K, committed 10624K, reserved 1048576K
Event: 8.073 GC heap after
Heap after GC invocations=21 (full 3):
 PSYoungGen      total 155136K, used 15358K [0x00000000f5580000, 0x0000000100000000, 0x0000000100000000)
  eden space 139776K, 0% used [0x00000000f5580000,0x00000000f5580000,0x00000000fde00000)
  from space 15360K, 99% used [0x00000000ff100000,0x00000000fffff8e0,0x0000000100000000)
  to   space 17408K, 0% used [0x00000000fde00000,0x00000000fde00000,0x00000000fef00000)
 ParOldGen       total 236544K, used 68209K [0x00000000e0000000, 0x00000000ee700000, 0x00000000f5580000)
  object space 236544K, 28% used [0x00000000e0000000,0x00000000e429c550,0x00000000ee700000)
 Metaspace       used 62971K, capacity 72416K, committed 72576K, reserved 1112064K
  class space    used 7925K, capacity 10566K, committed 10624K, reserved 1048576K
}

Deoptimization events (10 events):
Event: 7.722 Thread 0x0000000018cce800 Uncommon trap: reason=class_check action=maybe_recompile pc=0x0000000003e65780 method=com.google.common.collect.ImmutableSet$RegularSetBuilderImpl.add(Ljava/lang/Object;)Lcom/google/common/collect/ImmutableSet$SetBuilderImpl; @ 6
Event: 7.722 Thread 0x0000000018cce800 Uncommon trap: reason=unstable_if action=reinterpret pc=0x0000000003a65a8c method=org.robolectric.internal.bytecode.MethodRef.equals(Ljava/lang/Object;)Z @ 2
Event: 7.723 Thread 0x00000000190f4000 Uncommon trap: reason=class_check action=maybe_recompile pc=0x000000000385d7d4 method=java.util.Collections.unmodifiableList(Ljava/util/List;)Ljava/util/List; @ 1
Event: 7.723 Thread 0x00000000190f4000 Uncommon trap: reason=class_check action=maybe_recompile pc=0x000000000385d7d4 method=java.util.Collections.unmodifiableList(Ljava/util/List;)Ljava/util/List; @ 1
Event: 7.723 Thread 0x00000000190f4000 Uncommon trap: reason=class_check action=maybe_recompile pc=0x000000000385d7d4 method=java.util.Collections.unmodifiableList(Ljava/util/List;)Ljava/util/List; @ 1
Event: 7.723 Thread 0x00000000190f4000 Uncommon trap: reason=class_check action=maybe_recompile pc=0x000000000385d7d4 method=java.util.Collections.unmodifiableList(Ljava/util/List;)Ljava/util/List; @ 1
Event: 7.725 Thread 0x00000000190f4000 Uncommon trap: reason=unstable_if action=reinterpret pc=0x00000000035763f0 method=java.util.Arrays.hashCode([Ljava/lang/Object;)I @ 34
Event: 7.729 Thread 0x00000000190f4000 Uncommon trap: reason=unstable_if action=reinterpret pc=0x0000000003c28d74 method=org.robolectric.res.android.ResTable_config.isBetterThan(Lorg/robolectric/res/android/ResTable_config;Lorg/robolectric/res/android/ResTable_config;)Z @ 898
Event: 7.769 Thread 0x00000000190f4000 Uncommon trap: reason=unstable_if action=reinterpret pc=0x00000000036d1590 method=org.robolectric.res.android.ResTable_config.match(Lorg/robolectric/res/android/ResTable_config;)Z @ 531
Event: 8.306 Thread 0x00000000190f4000 Uncommon trap: reason=unstable_if action=reinterpret pc=0x0000000003f9a174 method=org.robolectric.res.android.ResTable_config.match(Lorg/robolectric/res/android/ResTable_config;)Z @ 746

Internal exceptions (10 events):
Event: 7.431 Thread 0x00000000190f4000 Implicit null exception at 0x00000000037404d8 to 0x0000000003740566
Event: 7.604 Thread 0x00000000190f4000 Exception <a 'java/lang/IllegalMonitorStateException'> (0x00000000fe128f18) thrown at [C:\re\workspace\8-2-build-windows-amd64-cygwin\jdk8u111\7883\hotspot\src\share\vm\runtime\objectMonitor.cpp, line 1471]
Event: 7.658 Thread 0x00000000190f4000 Implicit null exception at 0x0000000003903457 to 0x000000000390352d
Event: 7.709 Thread 0x00000000190f4000 Exception <a 'java/lang/NoSuchMethodError': java.lang.Object.lambda$get$0(Ljava/lang/Object;)V> (0x00000000f72613e0) thrown at [C:\re\workspace\8-2-build-windows-amd64-cygwin\jdk8u111\7883\hotspot\src\share\vm\interpreter\linkResolver.cpp, line 582]
Event: 7.725 Thread 0x00000000190f4000 Implicit null exception at 0x000000000357632c to 0x00000000035763d1
Event: 7.772 Thread 0x00000000190f4000 Exception <a 'sun/nio/fs/WindowsException'> (0x00000000f7dab340) thrown at [C:\re\workspace\8-2-build-windows-amd64-cygwin\jdk8u111\7883\hotspot\src\share\vm\prims\jni.cpp, line 709]
Event: 8.245 Thread 0x00000000190f4000 Exception <a 'java/lang/IllegalMonitorStateException'> (0x00000000fb3ae7b0) thrown at [C:\re\workspace\8-2-build-windows-amd64-cygwin\jdk8u111\7883\hotspot\src\share\vm\runtime\objectMonitor.cpp, line 1471]
Event: 8.260 Thread 0x00000000190f4000 Exception <a 'java/lang/IllegalMonitorStateException'> (0x00000000fb5c0a20) thrown at [C:\re\workspace\8-2-build-windows-amd64-cygwin\jdk8u111\7883\hotspot\src\share\vm\runtime\objectMonitor.cpp, line 1471]
Event: 8.261 Thread 0x00000000190f4000 Exception <a 'java/lang/IllegalMonitorStateException'> (0x00000000fb5c9868) thrown at [C:\re\workspace\8-2-build-windows-amd64-cygwin\jdk8u111\7883\hotspot\src\share\vm\runtime\objectMonitor.cpp, line 1471]
Event: 8.262 Thread 0x00000000190f4000 Exception <a 'java/lang/IllegalMonitorStateException'> (0x00000000fb5d2258) thrown at [C:\re\workspace\8-2-build-windows-amd64-cygwin\jdk8u111\7883\hotspot\src\share\vm\runtime\objectMonitor.cpp, line 1471]

Events (10 events):
Event: 8.248 loading class androidx/databinding/adapters/ObservableListAdapter done
Event: 8.248 loading class android/widget/AbsSpinner
Event: 8.248 loading class android/widget/AbsSpinner done
Event: 8.259 loading class android/widget/AdapterView
Event: 8.259 loading class android/widget/AdapterView done
Event: 8.259 loading class android/widget/AdapterView
Event: 8.259 loading class android/widget/AdapterView done
Event: 8.306 Thread 0x00000000190f4000 Uncommon trap: trap_request=0xffffff65 fr.pc=0x0000000003f9a174
Event: 8.306 Thread 0x00000000190f4000 DEOPT PACKING pc=0x0000000003f9a174 sp=0x000000001a66d5a0
Event: 8.306 Thread 0x00000000190f4000 DEOPT UNPACKING pc=0x000000000345582a sp=0x000000001a66d540 mode 2


Dynamic libraries:
0x00007ff706f50000 - 0x00007ff706f87000 	C:\Program Files\Java\jdk1.8.0_111\bin\java.exe
0x00007ff868150000 - 0x00007ff868345000 	C:\WINDOWS\SYSTEM32\ntdll.dll
0x00007ff8671e0000 - 0x00007ff86729e000 	C:\WINDOWS\System32\KERNEL32.DLL
0x00007ff865a20000 - 0x00007ff865ce9000 	C:\WINDOWS\System32\KERNELBASE.dll
0x00007ff8661a0000 - 0x00007ff86624c000 	C:\WINDOWS\System32\ADVAPI32.dll
0x00007ff866280000 - 0x00007ff86631e000 	C:\WINDOWS\System32\msvcrt.dll
0x00007ff867300000 - 0x00007ff86739b000 	C:\WINDOWS\System32\sechost.dll
0x00007ff8670b0000 - 0x00007ff8671da000 	C:\WINDOWS\System32\RPCRT4.dll
0x00007ff866320000 - 0x00007ff8664c1000 	C:\WINDOWS\System32\USER32.dll
0x00007ff865870000 - 0x00007ff865892000 	C:\WINDOWS\System32\win32u.dll
0x00007ff8664d0000 - 0x00007ff8664fb000 	C:\WINDOWS\System32\GDI32.dll
0x00007ff865f90000 - 0x00007ff86609b000 	C:\WINDOWS\System32\gdi32full.dll
0x00007ff8660a0000 - 0x00007ff86613d000 	C:\WINDOWS\System32\msvcp_win.dll
0x00007ff8658a0000 - 0x00007ff8659a0000 	C:\WINDOWS\System32\ucrtbase.dll
0x00007ff852310000 - 0x00007ff8525aa000 	C:\WINDOWS\WinSxS\amd64_microsoft.windows.common-controls_6595b64144ccf1df_6.0.19041.1110_none_60b5254171f9507e\COMCTL32.dll
0x00007ff866250000 - 0x00007ff866280000 	C:\WINDOWS\System32\IMM32.DLL
0x00000000773e0000 - 0x00000000774b2000 	C:\Program Files\Java\jdk1.8.0_111\jre\bin\msvcr100.dll
0x00000000765c0000 - 0x0000000076e5a000 	C:\Program Files\Java\jdk1.8.0_111\jre\bin\server\jvm.dll
0x00007ff866500000 - 0x00007ff866508000 	C:\WINDOWS\System32\PSAPI.DLL
0x00007ff858b10000 - 0x00007ff858b37000 	C:\WINDOWS\SYSTEM32\WINMM.dll
0x00007ff85f3e0000 - 0x00007ff85f3e9000 	C:\WINDOWS\SYSTEM32\WSOCK32.dll
0x00007ff85cc70000 - 0x00007ff85cc7a000 	C:\WINDOWS\SYSTEM32\VERSION.dll
0x00007ff866f20000 - 0x00007ff866f8b000 	C:\WINDOWS\System32\WS2_32.dll
0x0000000051450000 - 0x000000005145f000 	C:\Program Files\Java\jdk1.8.0_111\jre\bin\verify.dll
0x0000000077870000 - 0x0000000077899000 	C:\Program Files\Java\jdk1.8.0_111\jre\bin\java.dll
0x0000000077850000 - 0x0000000077866000 	C:\Program Files\Java\jdk1.8.0_111\jre\bin\zip.dll
0x00007ff8665c0000 - 0x00007ff866cff000 	C:\WINDOWS\System32\SHELL32.dll
0x00007ff863970000 - 0x00007ff864100000 	C:\WINDOWS\SYSTEM32\windows.storage.dll
0x00007ff8678a0000 - 0x00007ff867bf5000 	C:\WINDOWS\System32\combase.dll
0x00007ff8652c0000 - 0x00007ff8652ec000 	C:\WINDOWS\SYSTEM32\Wldp.dll
0x00007ff866510000 - 0x00007ff8665be000 	C:\WINDOWS\System32\SHCORE.dll
0x00007ff8672a0000 - 0x00007ff8672f5000 	C:\WINDOWS\System32\shlwapi.dll
0x00007ff8657b0000 - 0x00007ff8657cf000 	C:\WINDOWS\SYSTEM32\profapi.dll
0x0000000077830000 - 0x000000007784a000 	C:\Program Files\Java\jdk1.8.0_111\jre\bin\net.dll
0x00007ff864fb0000 - 0x00007ff86501a000 	C:\WINDOWS\system32\mswsock.dll
0x00000000773c0000 - 0x00000000773d1000 	C:\Program Files\Java\jdk1.8.0_111\jre\bin\nio.dll
0x00007ff865210000 - 0x00007ff865228000 	C:\WINDOWS\SYSTEM32\CRYPTSP.dll
0x00007ff8648d0000 - 0x00007ff864904000 	C:\WINDOWS\system32\rsaenh.dll
0x00007ff8659f0000 - 0x00007ff865a17000 	C:\WINDOWS\System32\bcrypt.dll
0x00007ff865730000 - 0x00007ff86575e000 	C:\WINDOWS\SYSTEM32\USERENV.dll
0x00007ff865f00000 - 0x00007ff865f83000 	C:\WINDOWS\System32\bcryptprimitives.dll
0x00007ff865230000 - 0x00007ff86523c000 	C:\WINDOWS\SYSTEM32\CRYPTBASE.dll
0x00007ff864ca0000 - 0x00007ff864cdb000 	C:\WINDOWS\SYSTEM32\IPHLPAPI.DLL
0x00007ff866d00000 - 0x00007ff866d08000 	C:\WINDOWS\System32\NSI.dll
0x00007ff85cc50000 - 0x00007ff85cc67000 	C:\WINDOWS\SYSTEM32\dhcpcsvc6.DLL
0x00007ff85e460000 - 0x00007ff85e47d000 	C:\WINDOWS\SYSTEM32\dhcpcsvc.DLL
0x00007ff864ce0000 - 0x00007ff864dac000 	C:\WINDOWS\SYSTEM32\DNSAPI.dll
0x0000000077390000 - 0x00000000773b4000 	C:\Program Files\Java\jdk1.8.0_111\jre\bin\sunec.dll
0x0000000077380000 - 0x000000007738b000 	C:\Program Files\Java\jdk1.8.0_111\jre\bin\sunmscapi.dll
0x00007ff865da0000 - 0x00007ff865ef6000 	C:\WINDOWS\System32\CRYPT32.dll
0x00000000771e0000 - 0x0000000077378000 	C:\Program Files\Java\jdk1.8.0_111\jre\bin\awt.dll
0x00007ff867eb0000 - 0x00007ff867f7d000 	C:\WINDOWS\System32\OLEAUT32.dll
0x00007ff862e60000 - 0x00007ff862ef0000 	C:\WINDOWS\SYSTEM32\apphelp.dll
0x00007ff862fd0000 - 0x00007ff8631b4000 	C:\WINDOWS\SYSTEM32\dbghelp.dll

VM Arguments:
jvm_args: -Djava.awt.headless=true -Djava.security.manager=worker.org.gradle.process.internal.worker.child.BootstrapSecurityManager -Dorg.gradle.native=false -Xmx512m -Dfile.encoding=windows-1252 -Duser.country=ID -Duser.language=en -Duser.variant -ea 
java_command: worker.org.gradle.process.internal.worker.GradleWorkerMain 'Gradle Test Executor 24'
java_class_path (initial): C:\Users\Lenovo\.gradle\caches\6.1.1\workerMain\gradle-worker.jar
Launcher Type: SUN_STANDARD

Environment Variables:
USERNAME=Lenovo
OS=Windows_NT
PROCESSOR_IDENTIFIER=Intel64 Family 6 Model 165 Stepping 2, GenuineIntel



---------------  S Y S T E M  ---------------

OS: Windows 10.0 , 64 bit Build 19041 (10.0.19041.1202)

CPU:total 12 (6 cores per cpu, 2 threads per core) family 6 model 165 stepping 2, cmov, cx8, fxsr, mmx, sse, sse2, sse3, ssse3, sse4.1, sse4.2, popcnt, avx, avx2, aes, clmul, erms, 3dnowpref, lzcnt, ht, tsc, tscinvbit, bmi1, bmi2, adx

Memory: 4k page, physical 16682800k(4849528k free), swap 21347336k(3907764k free)

vm_info: Java HotSpot(TM) 64-Bit Server VM (25.111-b14) for windows-amd64 JRE (1.8.0_111-b14), built on Sep 22 2016 19:24:05 by "java_re" with MS VC++ 10.0 (VS2010)

time: Fri Oct 08 09:26:07 2021
elapsed time: 8 seconds (0d 0h 0m 8s)

