#
# A fatal error has been detected by the Java Runtime Environment:
#
#  EXCEPTION_ACCESS_VIOLATION (0xc0000005) at pc=0x0000000076603608, pid=12912, tid=0x000000000000379c
#
# JRE version: Java(TM) SE Runtime Environment (8.0_111-b14) (build 1.8.0_111-b14)
# Java VM: Java HotSpot(TM) 64-Bit Server VM (25.111-b14 mixed mode windows-amd64 compressed oops)
# Problematic frame:
# V  [jvm.dll+0x43608]
#
# Failed to write core dump. Minidumps are not enabled by default on client versions of Windows
#
# If you would like to submit a bug report, please visit:
#   http://bugreport.java.com/bugreport/crash.jsp
#

---------------  T H R E A D  ---------------

Current thread (0x0000000015d01800):  JavaThread "C1 CompilerThread3" daemon [_thread_in_vm, id=14236, stack(0x0000000017720000,0x0000000017820000)]

siginfo: ExceptionCode=0xc0000005, reading address 0xffffffffffffffff

Registers:
RAX=0x0000000015d01800, RBX=0x0000000002a68b80, RCX=0x0000000002a68b80, RDX=0x0000000002a68b80
RSP=0x000000001781d0b0, RBP=0x000000001b98e3e0, RSI=0x0000000002a68b80, RDI=0x0000000000000000
R8 =0x49362012ffff0013, R9 =0x0000000000000000, R10=0x000000001b98e610, R11=0x000000001a527930
R12=0x0000000015d01800, R13=0x000000001b98e3e0, R14=0x00000000184d7a70, R15=0x0000000000000000
RIP=0x0000000076603608, EFLAGS=0x0000000000010202

Top of Stack: (sp=0x000000001781d0b0)
0x000000001781d0b0:   00000000000000b6 000000001781f660
0x000000001781d0c0:   0000000000000000 0000000000000077
0x000000001781d0d0:   000000001c6631e8 000000001781f660
0x000000001781d0e0:   000000001781d1c0 00000000765efe25
0x000000001781d0f0:   00000000000000e9 0000000076603999
0x000000001781d100:   0000000000000077 0000000000000077
0x000000001781d110:   0000000000000000 0000000000000000
0x000000001781d120:   00000000000000b6 000000001be09b70
0x000000001781d130:   0000000002a1a5c0 0000000076601c6b
0x000000001781d140:   0000000000000000 0000000015d01800
0x000000001781d150:   00000000184d9230 00000000765ece0f
0x000000001781d160:   0000000015d01800 0000000076606f80
0x000000001781d170:   0000000015d01800 0000000015d01800
0x000000001781d180:   000000001be09b70 00000000769e0aeb
0x000000001781d190:   0000000000000000 0000000000000000
0x000000001781d1a0:   00000000184d9230 0000000000000000 

Instructions: (pc=0x0000000076603608)
0x00000000766035e8:   00 48 8b da ff 15 fe 7d 59 00 44 0f b6 05 5a d9
0x00000000766035f8:   7a 00 4c 8b e0 45 84 c0 74 39 4c 8b 03 48 8b cb
0x0000000076603608:   41 ff 50 08 84 c0 74 2b 83 7b 08 00 7e 25 0f b6
0x0000000076603618:   83 0e 01 00 00 c0 e8 03 a8 01 74 17 48 8b 03 48 


Register to memory mapping:

RAX=0x0000000015d01800 is a thread
RBX=0x0000000002a68b80 is an unknown value
RCX=0x0000000002a68b80 is an unknown value
RDX=0x0000000002a68b80 is an unknown value
RSP=0x000000001781d0b0 is pointing into the stack for thread: 0x0000000015d01800
RBP=0x000000001b98e3e0 is an unknown value
RSI=0x0000000002a68b80 is an unknown value
RDI=0x0000000000000000 is an unknown value
R8 =0x49362012ffff0013 is an unknown value
R9 =0x0000000000000000 is an unknown value
R10=0x000000001b98e610 is an unknown value
R11=0x000000001a527930 is an unknown value
R12=0x0000000015d01800 is a thread
R13=0x000000001b98e3e0 is an unknown value
R14=0x00000000184d7a70 is an unknown value
R15=0x0000000000000000 is an unknown value


Stack: [0x0000000017720000,0x0000000017820000],  sp=0x000000001781d0b0,  free space=1012k
Native frames: (J=compiled Java code, j=interpreted, Vv=VM code, C=native code)
V  [jvm.dll+0x43608]
V  [jvm.dll+0x43999]
V  [jvm.dll+0x41c6b]
V  [jvm.dll+0x420aeb]
V  [jvm.dll+0x41b8da]
V  [jvm.dll+0x41e727]
V  [jvm.dll+0x41eeeb]
V  [jvm.dll+0x41fde6]
V  [jvm.dll+0x420048]
V  [jvm.dll+0x42047b]
V  [jvm.dll+0x41ffd5]
V  [jvm.dll+0x41bd3b]
V  [jvm.dll+0x41e727]
V  [jvm.dll+0x41eeeb]
V  [jvm.dll+0x41fde6]
V  [jvm.dll+0x420048]
V  [jvm.dll+0x42047b]
V  [jvm.dll+0x41ffd5]
V  [jvm.dll+0x41bd3b]
V  [jvm.dll+0x41e727]
V  [jvm.dll+0x41f01d]
V  [jvm.dll+0x41fde6]
V  [jvm.dll+0x420048]
V  [jvm.dll+0x42047b]
V  [jvm.dll+0x41ffd5]
V  [jvm.dll+0x41bd3b]
V  [jvm.dll+0x41e727]
V  [jvm.dll+0x41eeeb]
V  [jvm.dll+0x41fde6]
V  [jvm.dll+0x420048]
V  [jvm.dll+0x42047b]
V  [jvm.dll+0x41ffd5]
V  [jvm.dll+0x41bd3b]
V  [jvm.dll+0x41e727]
V  [jvm.dll+0x41f01d]
V  [jvm.dll+0x41fde6]
V  [jvm.dll+0x420048]
V  [jvm.dll+0x42047b]
V  [jvm.dll+0x41ffd5]
V  [jvm.dll+0x41bd3b]
V  [jvm.dll+0x41e727]
V  [jvm.dll+0x41eeeb]
V  [jvm.dll+0x41fde6]
V  [jvm.dll+0x420048]
V  [jvm.dll+0x41bd3b]
V  [jvm.dll+0x41e727]
V  [jvm.dll+0x41eeeb]
V  [jvm.dll+0x41fde6]
V  [jvm.dll+0x420048]
V  [jvm.dll+0x41bd3b]
V  [jvm.dll+0x41e727]
V  [jvm.dll+0x41f01d]
V  [jvm.dll+0x41f412]
V  [jvm.dll+0x4244f5]
V  [jvm.dll+0x424600]
V  [jvm.dll+0x40ddb8]
V  [jvm.dll+0x40e021]
V  [jvm.dll+0x40e1e2]
V  [jvm.dll+0x40e3b1]
V  [jvm.dll+0x40e5bf]
V  [jvm.dll+0xa5742]
V  [jvm.dll+0xa607f]
V  [jvm.dll+0x244b7f]
V  [jvm.dll+0x29c43a]
C  [msvcr100.dll+0x21d9f]
C  [msvcr100.dll+0x21e3b]
C  [KERNEL32.DLL+0x17034]
C  [ntdll.dll+0x52651]


Current CompileTask:
C1:   6380 6802       3       android.content.res.TypedArray::$$robo$$android_content_res_TypedArray$loadStringValueAt (51 bytes)


---------------  P R O C E S S  ---------------

Java Threads: ( => current thread )
  0x000000001be40800 JavaThread "Java2D Disposer" daemon [_thread_blocked, id=6328, stack(0x000000001b000000,0x000000001b100000)]
  0x000000001818b800 JavaThread "SDK 28 Main Thread" [_thread_in_Java, id=1892, stack(0x0000000019d30000,0x0000000019e30000)]
  0x0000000018516800 JavaThread "/127.0.0.1:60380 to /127.0.0.1:60379 workers Thread 3" [_thread_in_native, id=28124, stack(0x0000000019830000,0x0000000019930000)]
  0x00000000185a2000 JavaThread "/127.0.0.1:60380 to /127.0.0.1:60379 workers Thread 2" [_thread_blocked, id=32852, stack(0x0000000019730000,0x0000000019830000)]
  0x00000000186f2800 JavaThread "Test worker" [_thread_blocked, id=30132, stack(0x00000000192f0000,0x00000000193f0000)]
  0x0000000015d9b800 JavaThread "Service Thread" daemon [_thread_blocked, id=31544, stack(0x0000000017820000,0x0000000017920000)]
=>0x0000000015d01800 JavaThread "C1 CompilerThread3" daemon [_thread_in_vm, id=14236, stack(0x0000000017720000,0x0000000017820000)]
  0x0000000015d00800 JavaThread "C2 CompilerThread2" daemon [_thread_blocked, id=33048, stack(0x0000000017620000,0x0000000017720000)]
  0x0000000015cfd800 JavaThread "C2 CompilerThread1" daemon [_thread_blocked, id=32244, stack(0x0000000017520000,0x0000000017620000)]
  0x0000000015cf9000 JavaThread "C2 CompilerThread0" daemon [_thread_blocked, id=2340, stack(0x0000000017420000,0x0000000017520000)]
  0x0000000015cf6800 JavaThread "Attach Listener" daemon [_thread_blocked, id=31736, stack(0x0000000017320000,0x0000000017420000)]
  0x0000000015cf6000 JavaThread "Signal Dispatcher" daemon [_thread_blocked, id=28460, stack(0x0000000017220000,0x0000000017320000)]
  0x0000000015c73000 JavaThread "Finalizer" daemon [_thread_blocked, id=25188, stack(0x0000000016ed0000,0x0000000016fd0000)]
  0x0000000002b0a000 JavaThread "Reference Handler" daemon [_thread_blocked, id=24464, stack(0x0000000016dd0000,0x0000000016ed0000)]
  0x000000000105e000 JavaThread "main" [_thread_blocked, id=13012, stack(0x0000000002910000,0x0000000002a10000)]

Other Threads:
  0x0000000014586800 VMThread [stack: 0x0000000016cd0000,0x0000000016dd0000] [id=11420]
  0x0000000015e26800 WatcherThread [stack: 0x0000000017920000,0x0000000017a20000] [id=752]

VM state:not at safepoint (normal execution)

VM Mutex/Monitor currently owned by a thread: None

Heap:
 PSYoungGen      total 151552K, used 45520K [0x00000000f5580000, 0x0000000100000000, 0x0000000100000000)
  eden space 128512K, 17% used [0x00000000f5580000,0x00000000f6bd0880,0x00000000fd300000)
  from space 23040K, 98% used [0x00000000fd300000,0x00000000fe923b18,0x00000000fe980000)
  to   space 23040K, 0% used [0x00000000fe980000,0x00000000fe980000,0x0000000100000000)
 ParOldGen       total 260096K, used 68994K [0x00000000e0000000, 0x00000000efe00000, 0x00000000f5580000)
  object space 260096K, 26% used [0x00000000e0000000,0x00000000e4360bb0,0x00000000efe00000)
 Metaspace       used 61616K, capacity 70938K, committed 71168K, reserved 1110016K
  class space    used 7569K, capacity 10133K, committed 10240K, reserved 1048576K

Card table byte_map: [0x0000000011ed0000,0x0000000011fe0000] byte_map_base: 0x00000000117d0000

Marking Bits: (ParMarkBitMap*) 0x0000000076dda6c0
 Begin Bits: [0x0000000012a90000, 0x0000000013290000)
 End Bits:   [0x0000000013290000, 0x0000000013a90000)

Polling page: 0x0000000001030000

CodeCache: size=245760Kb used=19046Kb max_used=19057Kb free=226713Kb
 bounds [0x0000000002b10000, 0x0000000003dd0000, 0x0000000011b10000]
 total_blobs=7045 nmethods=5522 adapters=1435
 compilation: enabled

Compilation events (10 events):
Event: 6.359 Thread 0x0000000015d01800 nmethod 6798 0x0000000003db1bd0 code [0x0000000003db1d80, 0x0000000003db2688]
Event: 6.359 Thread 0x0000000015d01800 6799       3       java.lang.invoke.LambdaForm$DMH/1535464994::invokeStatic_JI_V (17 bytes)
Event: 6.359 Thread 0x0000000015d01800 nmethod 6799 0x0000000003db2950 code [0x0000000003db2ae0, 0x0000000003db2e78]
Event: 6.359 Thread 0x0000000015d01800 6800       3       android.content.res.ResourcesImpl::$$robo$$android_content_res_ResourcesImpl$loadColorStateList (103 bytes)
Event: 6.361 Thread 0x0000000015d01800 nmethod 6800 0x0000000003db2fd0 code [0x0000000003db3600, 0x0000000003db8458]
Event: 6.361 Thread 0x0000000015d01800 6801   !   3       org.robolectric.util.ReflectionHelpers::callConstructor (121 bytes)
Event: 6.361 Thread 0x0000000015cf9000 6803       4       java.lang.invoke.LambdaForm$MH/454965211::linkToCallSite (13 bytes)
Event: 6.362 Thread 0x0000000015d01800 nmethod 6801 0x0000000003dbd6d0 code [0x0000000003dbda20, 0x0000000003dbf508]
Event: 6.362 Thread 0x0000000015d01800 6802       3       android.content.res.TypedArray::$$robo$$android_content_res_TypedArray$loadStringValueAt (51 bytes)
Event: 6.362 Thread 0x0000000015cf9000 nmethod 6803 0x0000000003d7d7d0 code [0x0000000003d7d920, 0x0000000003d7d9d8]

GC Heap History (10 events):
Event: 4.948 GC heap before
{Heap before GC invocations=18 (full 3):
 PSYoungGen      total 157184K, used 149095K [0x00000000f5580000, 0x00000000fff00000, 0x0000000100000000)
  eden space 141824K, 100% used [0x00000000f5580000,0x00000000fe000000,0x00000000fe000000)
  from space 15360K, 47% used [0x00000000ff000000,0x00000000ff719f40,0x00000000fff00000)
  to   space 15872K, 0% used [0x00000000fe000000,0x00000000fe000000,0x00000000fef80000)
 ParOldGen       total 260096K, used 60729K [0x00000000e0000000, 0x00000000efe00000, 0x00000000f5580000)
  object space 260096K, 23% used [0x00000000e0000000,0x00000000e3b4e5c8,0x00000000efe00000)
 Metaspace       used 56477K, capacity 63102K, committed 63360K, reserved 1103872K
  class space    used 6747K, capacity 8734K, committed 8832K, reserved 1048576K
Event: 4.956 GC heap after
Heap after GC invocations=18 (full 3):
 PSYoungGen      total 157696K, used 11046K [0x00000000f5580000, 0x0000000100000000, 0x0000000100000000)
  eden space 141824K, 0% used [0x00000000f5580000,0x00000000f5580000,0x00000000fe000000)
  from space 15872K, 69% used [0x00000000fe000000,0x00000000feac9ac0,0x00000000fef80000)
  to   space 15872K, 0% used [0x00000000ff080000,0x00000000ff080000,0x0000000100000000)
 ParOldGen       total 260096K, used 60737K [0x00000000e0000000, 0x00000000efe00000, 0x00000000f5580000)
  object space 260096K, 23% used [0x00000000e0000000,0x00000000e3b505c8,0x00000000efe00000)
 Metaspace       used 56477K, capacity 63102K, committed 63360K, reserved 1103872K
  class space    used 6747K, capacity 8734K, committed 8832K, reserved 1048576K
}
Event: 5.451 GC heap before
{Heap before GC invocations=19 (full 3):
 PSYoungGen      total 157696K, used 152870K [0x00000000f5580000, 0x0000000100000000, 0x0000000100000000)
  eden space 141824K, 100% used [0x00000000f5580000,0x00000000fe000000,0x00000000fe000000)
  from space 15872K, 69% used [0x00000000fe000000,0x00000000feac9ac0,0x00000000fef80000)
  to   space 15872K, 0% used [0x00000000ff080000,0x00000000ff080000,0x0000000100000000)
 ParOldGen       total 260096K, used 60737K [0x00000000e0000000, 0x00000000efe00000, 0x00000000f5580000)
  object space 260096K, 23% used [0x00000000e0000000,0x00000000e3b505c8,0x00000000efe00000)
 Metaspace       used 60705K, capacity 69228K, committed 69504K, reserved 1107968K
  class space    used 7516K, capacity 10010K, committed 10112K, reserved 1048576K
Event: 5.460 GC heap after
Heap after GC invocations=19 (full 3):
 PSYoungGen      total 153600K, used 15844K [0x00000000f5580000, 0x0000000100000000, 0x0000000100000000)
  eden space 137728K, 0% used [0x00000000f5580000,0x00000000f5580000,0x00000000fdc00000)
  from space 15872K, 99% used [0x00000000ff080000,0x00000000ffff9048,0x0000000100000000)
  to   space 18432K, 0% used [0x00000000fdc00000,0x00000000fdc00000,0x00000000fee00000)
 ParOldGen       total 260096K, used 61676K [0x00000000e0000000, 0x00000000efe00000, 0x00000000f5580000)
  object space 260096K, 23% used [0x00000000e0000000,0x00000000e3c3b078,0x00000000efe00000)
 Metaspace       used 60705K, capacity 69228K, committed 69504K, reserved 1107968K
  class space    used 7516K, capacity 10010K, committed 10112K, reserved 1048576K
}
Event: 5.738 GC heap before
{Heap before GC invocations=20 (full 3):
 PSYoungGen      total 153600K, used 153572K [0x00000000f5580000, 0x0000000100000000, 0x0000000100000000)
  eden space 137728K, 100% used [0x00000000f5580000,0x00000000fdc00000,0x00000000fdc00000)
  from space 15872K, 99% used [0x00000000ff080000,0x00000000ffff9048,0x0000000100000000)
  to   space 18432K, 0% used [0x00000000fdc00000,0x00000000fdc00000,0x00000000fee00000)
 ParOldGen       total 260096K, used 61676K [0x00000000e0000000, 0x00000000efe00000, 0x00000000f5580000)
  object space 260096K, 23% used [0x00000000e0000000,0x00000000e3c3b078,0x00000000efe00000)
 Metaspace       used 60915K, capacity 69674K, committed 69760K, reserved 1110016K
  class space    used 7529K, capacity 10031K, committed 10112K, reserved 1048576K
Event: 5.746 GC heap after
Heap after GC invocations=20 (full 3):
 PSYoungGen      total 156160K, used 18419K [0x00000000f5580000, 0x0000000100000000, 0x0000000100000000)
  eden space 137728K, 0% used [0x00000000f5580000,0x00000000f5580000,0x00000000fdc00000)
  from space 18432K, 99% used [0x00000000fdc00000,0x00000000fedfcf00,0x00000000fee00000)
  to   space 18432K, 0% used [0x00000000fee00000,0x00000000fee00000,0x0000000100000000)
 ParOldGen       total 260096K, used 63770K [0x00000000e0000000, 0x00000000efe00000, 0x00000000f5580000)
  object space 260096K, 24% used [0x00000000e0000000,0x00000000e3e46950,0x00000000efe00000)
 Metaspace       used 60915K, capacity 69674K, committed 69760K, reserved 1110016K
  class space    used 7529K, capacity 10031K, committed 10112K, reserved 1048576K
}
Event: 6.092 GC heap before
{Heap before GC invocations=21 (full 3):
 PSYoungGen      total 156160K, used 156147K [0x00000000f5580000, 0x0000000100000000, 0x0000000100000000)
  eden space 137728K, 100% used [0x00000000f5580000,0x00000000fdc00000,0x00000000fdc00000)
  from space 18432K, 99% used [0x00000000fdc00000,0x00000000fedfcf00,0x00000000fee00000)
  to   space 18432K, 0% used [0x00000000fee00000,0x00000000fee00000,0x0000000100000000)
 ParOldGen       total 260096K, used 63770K [0x00000000e0000000, 0x00000000efe00000, 0x00000000f5580000)
  object space 260096K, 24% used [0x00000000e0000000,0x00000000e3e46950,0x00000000efe00000)
 Metaspace       used 61297K, capacity 70388K, committed 70528K, reserved 1110016K
  class space    used 7553K, capacity 10090K, committed 10112K, reserved 1048576K
Event: 6.100 GC heap after
Heap after GC invocations=21 (full 3):
 PSYoungGen      total 146944K, used 18316K [0x00000000f5580000, 0x0000000100000000, 0x0000000100000000)
  eden space 128512K, 0% used [0x00000000f5580000,0x00000000f5580000,0x00000000fd300000)
  from space 18432K, 99% used [0x00000000fee00000,0x00000000fffe3358,0x0000000100000000)
  to   space 23040K, 0% used [0x00000000fd300000,0x00000000fd300000,0x00000000fe980000)
 ParOldGen       total 260096K, used 68986K [0x00000000e0000000, 0x00000000efe00000, 0x00000000f5580000)
  object space 260096K, 26% used [0x00000000e0000000,0x00000000e435ebb0,0x00000000efe00000)
 Metaspace       used 61297K, capacity 70388K, committed 70528K, reserved 1110016K
  class space    used 7553K, capacity 10090K, committed 10112K, reserved 1048576K
}
Event: 6.345 GC heap before
{Heap before GC invocations=22 (full 3):
 PSYoungGen      total 146944K, used 146828K [0x00000000f5580000, 0x0000000100000000, 0x0000000100000000)
  eden space 128512K, 100% used [0x00000000f5580000,0x00000000fd300000,0x00000000fd300000)
  from space 18432K, 99% used [0x00000000fee00000,0x00000000fffe3358,0x0000000100000000)
  to   space 23040K, 0% used [0x00000000fd300000,0x00000000fd300000,0x00000000fe980000)
 ParOldGen       total 260096K, used 68986K [0x00000000e0000000, 0x00000000efe00000, 0x00000000f5580000)
  object space 260096K, 26% used [0x00000000e0000000,0x00000000e435ebb0,0x00000000efe00000)
 Metaspace       used 61595K, capacity 70896K, committed 71168K, reserved 1110016K
  class space    used 7568K, capacity 10132K, committed 10240K, reserved 1048576K
Event: 6.351 GC heap after
Heap after GC invocations=22 (full 3):
 PSYoungGen      total 151552K, used 22670K [0x00000000f5580000, 0x0000000100000000, 0x0000000100000000)
  eden space 128512K, 0% used [0x00000000f5580000,0x00000000f5580000,0x00000000fd300000)
  from space 23040K, 98% used [0x00000000fd300000,0x00000000fe923b18,0x00000000fe980000)
  to   space 23040K, 0% used [0x00000000fe980000,0x00000000fe980000,0x0000000100000000)
 ParOldGen       total 260096K, used 68994K [0x00000000e0000000, 0x00000000efe00000, 0x00000000f5580000)
  object space 260096K, 26% used [0x00000000e0000000,0x00000000e4360bb0,0x00000000efe00000)
 Metaspace       used 61595K, capacity 70896K, committed 71168K, reserved 1110016K
  class space    used 7568K, capacity 10132K, committed 10240K, reserved 1048576K
}

Deoptimization events (10 events):
Event: 5.328 Thread 0x000000001818b800 Uncommon trap: reason=class_check action=maybe_recompile pc=0x000000000353f160 method=java.lang.reflect.Array.newInstance(Ljava/lang/Class;I)Ljava/lang/Object; @ 2
Event: 5.328 Thread 0x000000001818b800 Uncommon trap: reason=unstable_if action=reinterpret pc=0x0000000003093d6c method=java.util.Arrays.hashCode([Ljava/lang/Object;)I @ 34
Event: 5.333 Thread 0x000000001818b800 Uncommon trap: reason=unstable_if action=reinterpret pc=0x0000000003043d74 method=org.robolectric.res.android.ResTable_config.isBetterThan(Lorg/robolectric/res/android/ResTable_config;Lorg/robolectric/res/android/ResTable_config;)Z @ 898
Event: 5.375 Thread 0x000000001818b800 Uncommon trap: reason=unstable_if action=reinterpret pc=0x000000000352981c method=org.robolectric.res.android.ResTable_config.match(Lorg/robolectric/res/android/ResTable_config;)Z @ 746
Event: 5.387 Thread 0x000000001818b800 Uncommon trap: reason=class_check action=maybe_recompile pc=0x000000000353f160 method=java.lang.reflect.Array.newInstance(Ljava/lang/Class;I)Ljava/lang/Object; @ 2
Event: 5.418 Thread 0x000000001818b800 Uncommon trap: reason=class_check action=maybe_recompile pc=0x000000000353f160 method=java.lang.reflect.Array.newInstance(Ljava/lang/Class;I)Ljava/lang/Object; @ 2
Event: 5.581 Thread 0x000000001818b800 Uncommon trap: reason=class_check action=maybe_recompile pc=0x000000000333c718 method=java.lang.Character.codePointAt(Ljava/lang/CharSequence;I)I @ 2
Event: 5.582 Thread 0x000000001818b800 Uncommon trap: reason=class_check action=maybe_recompile pc=0x000000000333c718 method=java.lang.Character.codePointAt(Ljava/lang/CharSequence;I)I @ 2
Event: 5.781 Thread 0x000000001818b800 Uncommon trap: reason=unstable_if action=reinterpret pc=0x0000000003b51154 method=com.google.common.base.Objects.equal(Ljava/lang/Object;Ljava/lang/Object;)Z @ 2
Event: 5.782 Thread 0x000000001818b800 Uncommon trap: reason=unstable_if action=reinterpret pc=0x0000000003b2af20 method=com.google.common.base.Objects.equal(Ljava/lang/Object;Ljava/lang/Object;)Z @ 2

Internal exceptions (10 events):
Event: 5.096 Thread 0x000000001818b800 Exception <a 'java/lang/NoSuchFieldError': method resolution failed> (0x00000000f7993b60) thrown at [C:\re\workspace\8-2-build-windows-amd64-cygwin\jdk8u111\7883\hotspot\src\share\vm\prims\methodHandles.cpp, line 1146]
Event: 5.146 Thread 0x000000001818b800 Exception <a 'java/lang/NoSuchFieldError': method resolution failed> (0x00000000f856bea0) thrown at [C:\re\workspace\8-2-build-windows-amd64-cygwin\jdk8u111\7883\hotspot\src\share\vm\prims\methodHandles.cpp, line 1146]
Event: 5.255 Thread 0x000000001818b800 Implicit null exception at 0x0000000002f03257 to 0x0000000002f0332d
Event: 5.307 Thread 0x000000001818b800 Exception <a 'java/lang/NoSuchMethodError': java.lang.Object.lambda$get$0(Ljava/lang/Object;)V> (0x00000000fadbb700) thrown at [C:\re\workspace\8-2-build-windows-amd64-cygwin\jdk8u111\7883\hotspot\src\share\vm\interpreter\linkResolver.cpp, line 582]
Event: 5.328 Thread 0x000000001818b800 Implicit null exception at 0x0000000003093caf to 0x0000000003093d4d
Event: 5.376 Thread 0x000000001818b800 Exception <a 'sun/nio/fs/WindowsException'> (0x00000000fb991658) thrown at [C:\re\workspace\8-2-build-windows-amd64-cygwin\jdk8u111\7883\hotspot\src\share\vm\prims\jni.cpp, line 709]
Event: 5.614 Thread 0x000000001818b800 Exception <a 'sun/nio/fs/WindowsException'> (0x00000000f9330cf0) thrown at [C:\re\workspace\8-2-build-windows-amd64-cygwin\jdk8u111\7883\hotspot\src\share\vm\prims\jni.cpp, line 709]
Event: 5.866 Thread 0x000000001818b800 Exception <a 'sun/nio/fs/WindowsException'> (0x00000000f7228220) thrown at [C:\re\workspace\8-2-build-windows-amd64-cygwin\jdk8u111\7883\hotspot\src\share\vm\prims\jni.cpp, line 709]
Event: 6.076 Thread 0x000000001818b800 Exception <a 'sun/nio/fs/WindowsException'> (0x00000000fd30a590) thrown at [C:\re\workspace\8-2-build-windows-amd64-cygwin\jdk8u111\7883\hotspot\src\share\vm\prims\jni.cpp, line 709]
Event: 6.291 Thread 0x000000001818b800 Exception <a 'sun/nio/fs/WindowsException'> (0x00000000fade7700) thrown at [C:\re\workspace\8-2-build-windows-amd64-cygwin\jdk8u111\7883\hotspot\src\share\vm\prims\jni.cpp, line 709]

Events (10 events):
Event: 6.243 loading class org/aplas/mylibrary/MainActivity
Event: 6.243 loading class org/aplas/mylibrary/MainActivity done
Event: 6.243 loading class org/aplas/mylibrary/TestC1MyData011
Event: 6.243 loading class org/aplas/mylibrary/TestC1MyData011 done
Event: 6.344 Executing VM operation: ParallelGCFailedAllocation
Event: 6.351 Executing VM operation: ParallelGCFailedAllocation done
Event: 6.352 Executing VM operation: RevokeBias
Event: 6.352 Executing VM operation: RevokeBias done
Event: 6.352 Executing VM operation: RevokeBias
Event: 6.352 Executing VM operation: RevokeBias done


Dynamic libraries:
0x00007ff706f50000 - 0x00007ff706f87000 	C:\Program Files\Java\jdk1.8.0_111\bin\java.exe
0x00007ff868150000 - 0x00007ff868345000 	C:\WINDOWS\SYSTEM32\ntdll.dll
0x00007ff8671e0000 - 0x00007ff86729e000 	C:\WINDOWS\System32\KERNEL32.DLL
0x00007ff865a20000 - 0x00007ff865ce9000 	C:\WINDOWS\System32\KERNELBASE.dll
0x00007ff8661a0000 - 0x00007ff86624c000 	C:\WINDOWS\System32\ADVAPI32.dll
0x00007ff866280000 - 0x00007ff86631e000 	C:\WINDOWS\System32\msvcrt.dll
0x00007ff867300000 - 0x00007ff86739b000 	C:\WINDOWS\System32\sechost.dll
0x00007ff8670b0000 - 0x00007ff8671da000 	C:\WINDOWS\System32\RPCRT4.dll
0x00007ff866320000 - 0x00007ff8664c1000 	C:\WINDOWS\System32\USER32.dll
0x00007ff865870000 - 0x00007ff865892000 	C:\WINDOWS\System32\win32u.dll
0x00007ff8664d0000 - 0x00007ff8664fb000 	C:\WINDOWS\System32\GDI32.dll
0x00007ff865f90000 - 0x00007ff86609b000 	C:\WINDOWS\System32\gdi32full.dll
0x00007ff8660a0000 - 0x00007ff86613d000 	C:\WINDOWS\System32\msvcp_win.dll
0x00007ff8658a0000 - 0x00007ff8659a0000 	C:\WINDOWS\System32\ucrtbase.dll
0x00007ff852310000 - 0x00007ff8525aa000 	C:\WINDOWS\WinSxS\amd64_microsoft.windows.common-controls_6595b64144ccf1df_6.0.19041.1110_none_60b5254171f9507e\COMCTL32.dll
0x00007ff866250000 - 0x00007ff866280000 	C:\WINDOWS\System32\IMM32.DLL
0x00000000773e0000 - 0x00000000774b2000 	C:\Program Files\Java\jdk1.8.0_111\jre\bin\msvcr100.dll
0x00000000765c0000 - 0x0000000076e5a000 	C:\Program Files\Java\jdk1.8.0_111\jre\bin\server\jvm.dll
0x00007ff866500000 - 0x00007ff866508000 	C:\WINDOWS\System32\PSAPI.DLL
0x00007ff85f3e0000 - 0x00007ff85f3e9000 	C:\WINDOWS\SYSTEM32\WSOCK32.dll
0x00007ff85cc70000 - 0x00007ff85cc7a000 	C:\WINDOWS\SYSTEM32\VERSION.dll
0x00007ff858b10000 - 0x00007ff858b37000 	C:\WINDOWS\SYSTEM32\WINMM.dll
0x00007ff866f20000 - 0x00007ff866f8b000 	C:\WINDOWS\System32\WS2_32.dll
0x0000000051450000 - 0x000000005145f000 	C:\Program Files\Java\jdk1.8.0_111\jre\bin\verify.dll
0x0000000077870000 - 0x0000000077899000 	C:\Program Files\Java\jdk1.8.0_111\jre\bin\java.dll
0x0000000077850000 - 0x0000000077866000 	C:\Program Files\Java\jdk1.8.0_111\jre\bin\zip.dll
0x00007ff8665c0000 - 0x00007ff866cff000 	C:\WINDOWS\System32\SHELL32.dll
0x00007ff863970000 - 0x00007ff864100000 	C:\WINDOWS\SYSTEM32\windows.storage.dll
0x00007ff8678a0000 - 0x00007ff867bf5000 	C:\WINDOWS\System32\combase.dll
0x00007ff8652c0000 - 0x00007ff8652ec000 	C:\WINDOWS\SYSTEM32\Wldp.dll
0x00007ff866510000 - 0x00007ff8665be000 	C:\WINDOWS\System32\SHCORE.dll
0x00007ff8672a0000 - 0x00007ff8672f5000 	C:\WINDOWS\System32\shlwapi.dll
0x00007ff8657b0000 - 0x00007ff8657cf000 	C:\WINDOWS\SYSTEM32\profapi.dll
0x0000000077830000 - 0x000000007784a000 	C:\Program Files\Java\jdk1.8.0_111\jre\bin\net.dll
0x00007ff864fb0000 - 0x00007ff86501a000 	C:\WINDOWS\system32\mswsock.dll
0x00000000773c0000 - 0x00000000773d1000 	C:\Program Files\Java\jdk1.8.0_111\jre\bin\nio.dll
0x00007ff865210000 - 0x00007ff865228000 	C:\WINDOWS\SYSTEM32\CRYPTSP.dll
0x00007ff8648d0000 - 0x00007ff864904000 	C:\WINDOWS\system32\rsaenh.dll
0x00007ff8659f0000 - 0x00007ff865a17000 	C:\WINDOWS\System32\bcrypt.dll
0x00007ff865730000 - 0x00007ff86575e000 	C:\WINDOWS\SYSTEM32\USERENV.dll
0x00007ff865f00000 - 0x00007ff865f83000 	C:\WINDOWS\System32\bcryptprimitives.dll
0x00007ff865230000 - 0x00007ff86523c000 	C:\WINDOWS\SYSTEM32\CRYPTBASE.dll
0x00007ff864ca0000 - 0x00007ff864cdb000 	C:\WINDOWS\SYSTEM32\IPHLPAPI.DLL
0x00007ff866d00000 - 0x00007ff866d08000 	C:\WINDOWS\System32\NSI.dll
0x00007ff85cc50000 - 0x00007ff85cc67000 	C:\WINDOWS\SYSTEM32\dhcpcsvc6.DLL
0x00007ff85e460000 - 0x00007ff85e47d000 	C:\WINDOWS\SYSTEM32\dhcpcsvc.DLL
0x00007ff864ce0000 - 0x00007ff864dac000 	C:\WINDOWS\SYSTEM32\DNSAPI.dll
0x0000000077390000 - 0x00000000773b4000 	C:\Program Files\Java\jdk1.8.0_111\jre\bin\sunec.dll
0x0000000077380000 - 0x000000007738b000 	C:\Program Files\Java\jdk1.8.0_111\jre\bin\sunmscapi.dll
0x00007ff865da0000 - 0x00007ff865ef6000 	C:\WINDOWS\System32\CRYPT32.dll
0x00000000771e0000 - 0x0000000077378000 	C:\Program Files\Java\jdk1.8.0_111\jre\bin\awt.dll
0x00007ff867eb0000 - 0x00007ff867f7d000 	C:\WINDOWS\System32\OLEAUT32.dll
0x00007ff862e60000 - 0x00007ff862ef0000 	C:\WINDOWS\SYSTEM32\apphelp.dll
0x00007ff862fd0000 - 0x00007ff8631b4000 	C:\WINDOWS\SYSTEM32\dbghelp.dll

VM Arguments:
jvm_args: -Djava.awt.headless=true -Djava.security.manager=worker.org.gradle.process.internal.worker.child.BootstrapSecurityManager -Dorg.gradle.native=false -Xmx512m -Dfile.encoding=windows-1252 -Duser.country=ID -Duser.language=en -Duser.variant -ea 
java_command: worker.org.gradle.process.internal.worker.GradleWorkerMain 'Gradle Test Executor 3'
java_class_path (initial): C:\Users\Lenovo\.gradle\caches\6.1.1\workerMain\gradle-worker.jar
Launcher Type: SUN_STANDARD

Environment Variables:
USERNAME=Lenovo
OS=Windows_NT
PROCESSOR_IDENTIFIER=Intel64 Family 6 Model 165 Stepping 2, GenuineIntel



---------------  S Y S T E M  ---------------

OS: Windows 10.0 , 64 bit Build 19041 (10.0.19041.1202)

CPU:total 12 (6 cores per cpu, 2 threads per core) family 6 model 165 stepping 2, cmov, cx8, fxsr, mmx, sse, sse2, sse3, ssse3, sse4.1, sse4.2, popcnt, avx, avx2, aes, clmul, erms, 3dnowpref, lzcnt, ht, tsc, tscinvbit, bmi1, bmi2, adx

Memory: 4k page, physical 16682800k(4979084k free), swap 21347336k(4188580k free)

vm_info: Java HotSpot(TM) 64-Bit Server VM (25.111-b14) for windows-amd64 JRE (1.8.0_111-b14), built on Sep 22 2016 19:24:05 by "java_re" with MS VC++ 10.0 (VS2010)

time: Fri Oct 08 09:17:49 2021
elapsed time: 6 seconds (0d 0h 0m 6s)

