#
# A fatal error has been detected by the Java Runtime Environment:
#
#  EXCEPTION_ACCESS_VIOLATION (0xc0000005) at pc=0x0000000076603608, pid=29332, tid=0x0000000000005194
#
# JRE version: Java(TM) SE Runtime Environment (8.0_111-b14) (build 1.8.0_111-b14)
# Java VM: Java HotSpot(TM) 64-Bit Server VM (25.111-b14 mixed mode windows-amd64 compressed oops)
# Problematic frame:
# V  [jvm.dll+0x43608]
#
# Failed to write core dump. Minidumps are not enabled by default on client versions of Windows
#
# If you would like to submit a bug report, please visit:
#   http://bugreport.java.com/bugreport/crash.jsp
#

---------------  T H R E A D  ---------------

Current thread (0x0000000015a80800):  JavaThread "C1 CompilerThread3" daemon [_thread_in_vm, id=20884, stack(0x0000000017490000,0x0000000017590000)]

siginfo: ExceptionCode=0xc0000005, reading address 0xffffffffffffffff

Registers:
RAX=0x0000000015a80800, RBX=0x00000000028b9a20, RCX=0x00000000028b9a20, RDX=0x00000000028b9a20
RSP=0x000000001758cc00, RBP=0x0000000015ab6130, RSI=0x00000000028b9a20, RDI=0x0000000000000000
R8 =0x49362012ffff0013, R9 =0x0000000000000000, R10=0x0000000015ab6360, R11=0x000000001a056db0
R12=0x0000000015a80800, R13=0x0000000015ab6130, R14=0x000000001c659e50, R15=0x0000000000000000
RIP=0x0000000076603608, EFLAGS=0x0000000000010202

Top of Stack: (sp=0x000000001758cc00)
0x000000001758cc00:   00000000000000b6 000000001758f1b0
0x000000001758cc10:   0000000000000000 0000000000000077
0x000000001758cc20:   000000001d547340 000000001758f1b0
0x000000001758cc30:   000000001758cd10 00000000765efe25
0x000000001758cc40:   00000000000000e9 0000000076603999
0x000000001758cc50:   0000000000000077 0000000000000077
0x000000001758cc60:   0000000000000000 0000000000000000
0x000000001758cc70:   00000000000000b6 000000001a328cc0
0x000000001758cc80:   0000000015a6f5c0 0000000076601c6b
0x000000001758cc90:   0000000000000000 0000000015a80800
0x000000001758cca0:   000000001c65afc0 00000000765ece0f
0x000000001758ccb0:   0000000015a80800 0000000076606f80
0x000000001758ccc0:   0000000015a80800 0000000015a80800
0x000000001758ccd0:   000000001a328cc0 00000000769e0aeb
0x000000001758cce0:   0000000000000000 0000000000000000
0x000000001758ccf0:   000000001c65afc0 0000000000000000 

Instructions: (pc=0x0000000076603608)
0x00000000766035e8:   00 48 8b da ff 15 fe 7d 59 00 44 0f b6 05 5a d9
0x00000000766035f8:   7a 00 4c 8b e0 45 84 c0 74 39 4c 8b 03 48 8b cb
0x0000000076603608:   41 ff 50 08 84 c0 74 2b 83 7b 08 00 7e 25 0f b6
0x0000000076603618:   83 0e 01 00 00 c0 e8 03 a8 01 74 17 48 8b 03 48 


Register to memory mapping:

RAX=0x0000000015a80800 is a thread
RBX=0x00000000028b9a20 is an unknown value
RCX=0x00000000028b9a20 is an unknown value
RDX=0x00000000028b9a20 is an unknown value
RSP=0x000000001758cc00 is pointing into the stack for thread: 0x0000000015a80800
RBP=0x0000000015ab6130 is an unknown value
RSI=0x00000000028b9a20 is an unknown value
RDI=0x0000000000000000 is an unknown value
R8 =0x49362012ffff0013 is an unknown value
R9 =0x0000000000000000 is an unknown value
R10=0x0000000015ab6360 is an unknown value
R11=0x000000001a056db0 is an unknown value
R12=0x0000000015a80800 is a thread
R13=0x0000000015ab6130 is an unknown value
R14=0x000000001c659e50 is an unknown value
R15=0x0000000000000000 is an unknown value


Stack: [0x0000000017490000,0x0000000017590000],  sp=0x000000001758cc00,  free space=1011k
Native frames: (J=compiled Java code, j=interpreted, Vv=VM code, C=native code)
V  [jvm.dll+0x43608]
V  [jvm.dll+0x43999]
V  [jvm.dll+0x41c6b]
V  [jvm.dll+0x420aeb]
V  [jvm.dll+0x41b8da]
V  [jvm.dll+0x41e727]
V  [jvm.dll+0x41eeeb]
V  [jvm.dll+0x41fde6]
V  [jvm.dll+0x420048]
V  [jvm.dll+0x42047b]
V  [jvm.dll+0x41ffd5]
V  [jvm.dll+0x41bd3b]
V  [jvm.dll+0x41e727]
V  [jvm.dll+0x41eeeb]
V  [jvm.dll+0x41fde6]
V  [jvm.dll+0x420048]
V  [jvm.dll+0x42047b]
V  [jvm.dll+0x41ffd5]
V  [jvm.dll+0x41bd3b]
V  [jvm.dll+0x41e727]
V  [jvm.dll+0x41f01d]
V  [jvm.dll+0x41fde6]
V  [jvm.dll+0x420048]
V  [jvm.dll+0x42047b]
V  [jvm.dll+0x41ffd5]
V  [jvm.dll+0x41bd3b]
V  [jvm.dll+0x41e727]
V  [jvm.dll+0x41eeeb]
V  [jvm.dll+0x41fde6]
V  [jvm.dll+0x420048]
V  [jvm.dll+0x42047b]
V  [jvm.dll+0x41ffd5]
V  [jvm.dll+0x41bd3b]
V  [jvm.dll+0x41e727]
V  [jvm.dll+0x41f01d]
V  [jvm.dll+0x41fde6]
V  [jvm.dll+0x420048]
V  [jvm.dll+0x42047b]
V  [jvm.dll+0x41ffd5]
V  [jvm.dll+0x41bd3b]
V  [jvm.dll+0x41e727]
V  [jvm.dll+0x41eeeb]
V  [jvm.dll+0x41fde6]
V  [jvm.dll+0x420048]
V  [jvm.dll+0x41bd3b]
V  [jvm.dll+0x41e727]
V  [jvm.dll+0x41eeeb]
V  [jvm.dll+0x41fde6]
V  [jvm.dll+0x420048]
V  [jvm.dll+0x41bd3b]
V  [jvm.dll+0x41e727]
V  [jvm.dll+0x41f01d]
V  [jvm.dll+0x41f412]
V  [jvm.dll+0x4244f5]
V  [jvm.dll+0x424600]
V  [jvm.dll+0x40ddb8]
V  [jvm.dll+0x40e021]
V  [jvm.dll+0x40e1e2]
V  [jvm.dll+0x40e3b1]
V  [jvm.dll+0x40e5bf]
V  [jvm.dll+0xa5742]
V  [jvm.dll+0xa607f]
V  [jvm.dll+0x244b7f]
V  [jvm.dll+0x29c43a]
C  [msvcr100.dll+0x21d9f]
C  [msvcr100.dll+0x21e3b]
C  [KERNEL32.DLL+0x17034]
C  [ntdll.dll+0x52651]


Current CompileTask:
C1:   6252 6254       3       android.content.res.TypedArray::$$robo$$android_content_res_TypedArray$loadStringValueAt (51 bytes)


---------------  P R O C E S S  ---------------

Java Threads: ( => current thread )
  0x0000000018a67000 JavaThread "SharedPreferencesImpl-load" [_thread_blocked, id=23260, stack(0x000000001d7d0000,0x000000001d8d0000)]
  0x0000000018a65800 JavaThread "SDK 28 Main Thread" [_thread_blocked, id=29752, stack(0x00000000198a0000,0x00000000199a0000)]
  0x0000000017f89800 JavaThread "/127.0.0.1:56906 to /127.0.0.1:56905 workers Thread 3" [_thread_in_native, id=30340, stack(0x00000000195a0000,0x00000000196a0000)]
  0x0000000017f88800 JavaThread "/127.0.0.1:56906 to /127.0.0.1:56905 workers Thread 2" [_thread_blocked, id=31516, stack(0x00000000194a0000,0x00000000195a0000)]
  0x0000000017bf7000 JavaThread "Test worker" [_thread_blocked, id=11376, stack(0x0000000019060000,0x0000000019160000)]
  0x0000000015b15800 JavaThread "Service Thread" daemon [_thread_blocked, id=27628, stack(0x0000000017590000,0x0000000017690000)]
=>0x0000000015a80800 JavaThread "C1 CompilerThread3" daemon [_thread_in_vm, id=20884, stack(0x0000000017490000,0x0000000017590000)]
  0x0000000015a7f000 JavaThread "C2 CompilerThread2" daemon [_thread_blocked, id=21420, stack(0x0000000017390000,0x0000000017490000)]
  0x0000000015a7c800 JavaThread "C2 CompilerThread1" daemon [_thread_blocked, id=27388, stack(0x0000000017290000,0x0000000017390000)]
  0x0000000015a77800 JavaThread "C2 CompilerThread0" daemon [_thread_blocked, id=19588, stack(0x0000000017190000,0x0000000017290000)]
  0x0000000015a75000 JavaThread "Attach Listener" daemon [_thread_blocked, id=28652, stack(0x0000000017090000,0x0000000017190000)]
  0x0000000015a74800 JavaThread "Signal Dispatcher" daemon [_thread_blocked, id=29552, stack(0x0000000016f90000,0x0000000017090000)]
  0x00000000159f3000 JavaThread "Finalizer" daemon [_thread_blocked, id=10316, stack(0x0000000016c50000,0x0000000016d50000)]
  0x000000001431d000 JavaThread "Reference Handler" daemon [_thread_blocked, id=33468, stack(0x0000000016b50000,0x0000000016c50000)]
  0x000000000285e000 JavaThread "main" [_thread_blocked, id=18724, stack(0x0000000002670000,0x0000000002770000)]

Other Threads:
  0x00000000159d2000 VMThread [stack: 0x0000000016a50000,0x0000000016b50000] [id=22540]
  0x0000000015b89800 WatcherThread [stack: 0x0000000017690000,0x0000000017790000] [id=26956]

VM state:synchronizing (normal execution)

VM Mutex/Monitor currently owned by a thread:  ([mutex/lock_event])
[0x000000000285cc60] Threads_lock - owner thread: 0x00000000159d2000

Heap:
 PSYoungGen      total 158208K, used 38173K [0x00000000f5580000, 0x0000000100000000, 0x0000000100000000)
  eden space 141824K, 23% used [0x00000000f5580000,0x00000000f7667528,0x00000000fe000000)
  from space 16384K, 27% used [0x00000000ff000000,0x00000000ff460000,0x0000000100000000)
  to   space 16384K, 0% used [0x00000000fe000000,0x00000000fe000000,0x00000000ff000000)
 ParOldGen       total 239616K, used 67511K [0x00000000e0000000, 0x00000000eea00000, 0x00000000f5580000)
  object space 239616K, 28% used [0x00000000e0000000,0x00000000e41edd88,0x00000000eea00000)
 Metaspace       used 58740K, capacity 66702K, committed 66864K, reserved 1105920K
  class space    used 7191K, capacity 9512K, committed 9520K, reserved 1048576K

Card table byte_map: [0x0000000011d20000,0x0000000011e30000] byte_map_base: 0x0000000011620000

Marking Bits: (ParMarkBitMap*) 0x0000000076dda6c0
 Begin Bits: [0x0000000012830000, 0x0000000013030000)
 End Bits:   [0x0000000013030000, 0x0000000013830000)

Polling page: 0x0000000000860000

CodeCache: size=245760Kb used=16388Kb max_used=16404Kb free=229371Kb
 bounds [0x0000000002960000, 0x0000000003980000, 0x0000000011960000]
 total_blobs=6508 nmethods=5070 adapters=1350
 compilation: enabled

Compilation events (10 events):
Event: 6.195 Thread 0x0000000015a77800 6251   !   4       java.lang.invoke.LambdaForm$MH/1419125187::guardWithCatch (75 bytes)
Event: 6.196 Thread 0x0000000015a80800 nmethod 6249 0x0000000003968790 code [0x00000000039689a0, 0x0000000003969828]
Event: 6.196 Thread 0x0000000015a80800 6250   !   3       java.lang.invoke.LambdaForm$MH/1995088771::guardWithCatch (77 bytes)
Event: 6.196 Thread 0x0000000015a80800 nmethod 6250 0x000000000396a010 code [0x000000000396a1c0, 0x000000000396ac08]
Event: 6.196 Thread 0x0000000015a7f000 6252       4       java.lang.invoke.LambdaForm$DMH/981841924::invokeSpecial_LL_V (15 bytes)
Event: 6.197 Thread 0x0000000015a7f000 nmethod 6252 0x000000000396db90 code [0x000000000396dce0, 0x000000000396dd88]
Event: 6.197 Thread 0x0000000015a77800 nmethod 6251 0x000000000396c010 code [0x000000000396c180, 0x000000000396c3c8]
Event: 6.198 Thread 0x0000000015a80800 6253       3       android.content.res.TypedArray::loadStringValueAt (8 bytes)
Event: 6.199 Thread 0x0000000015a80800 nmethod 6253 0x000000000396f890 code [0x000000000396fbc0, 0x00000000039716e8]
Event: 6.199 Thread 0x0000000015a80800 6254       3       android.content.res.TypedArray::$$robo$$android_content_res_TypedArray$loadStringValueAt (51 bytes)

GC Heap History (10 events):
Event: 4.794 GC heap before
{Heap before GC invocations=17 (full 3):
 PSYoungGen      total 158208K, used 141824K [0x00000000f5580000, 0x0000000100000000, 0x0000000100000000)
  eden space 141824K, 100% used [0x00000000f5580000,0x00000000fe000000,0x00000000fe000000)
  from space 16384K, 0% used [0x00000000fe000000,0x00000000fe000000,0x00000000ff000000)
  to   space 16384K, 0% used [0x00000000ff000000,0x00000000ff000000,0x0000000100000000)
 ParOldGen       total 239616K, used 59484K [0x00000000e0000000, 0x00000000eea00000, 0x00000000f5580000)
  object space 239616K, 24% used [0x00000000e0000000,0x00000000e3a171b8,0x00000000eea00000)
 Metaspace       used 48682K, capacity 54416K, committed 54576K, reserved 1095680K
  class space    used 5940K, capacity 7697K, committed 7728K, reserved 1048576K
Event: 4.797 GC heap after
Heap after GC invocations=17 (full 3):
 PSYoungGen      total 157184K, used 2757K [0x00000000f5580000, 0x0000000100000000, 0x0000000100000000)
  eden space 140800K, 0% used [0x00000000f5580000,0x00000000f5580000,0x00000000fdf00000)
  from space 16384K, 16% used [0x00000000ff000000,0x00000000ff2b14f8,0x0000000100000000)
  to   space 16896K, 0% used [0x00000000fdf00000,0x00000000fdf00000,0x00000000fef80000)
 ParOldGen       total 239616K, used 59492K [0x00000000e0000000, 0x00000000eea00000, 0x00000000f5580000)
  object space 239616K, 24% used [0x00000000e0000000,0x00000000e3a191b8,0x00000000eea00000)
 Metaspace       used 48682K, capacity 54416K, committed 54576K, reserved 1095680K
  class space    used 5940K, capacity 7697K, committed 7728K, reserved 1048576K
}
Event: 5.175 GC heap before
{Heap before GC invocations=18 (full 3):
 PSYoungGen      total 157184K, used 143557K [0x00000000f5580000, 0x0000000100000000, 0x0000000100000000)
  eden space 140800K, 100% used [0x00000000f5580000,0x00000000fdf00000,0x00000000fdf00000)
  from space 16384K, 16% used [0x00000000ff000000,0x00000000ff2b14f8,0x0000000100000000)
  to   space 16896K, 0% used [0x00000000fdf00000,0x00000000fdf00000,0x00000000fef80000)
 ParOldGen       total 239616K, used 59492K [0x00000000e0000000, 0x00000000eea00000, 0x00000000f5580000)
  object space 239616K, 24% used [0x00000000e0000000,0x00000000e3a191b8,0x00000000eea00000)
 Metaspace       used 52361K, capacity 58738K, committed 58800K, reserved 1099776K
  class space    used 6396K, capacity 8318K, committed 8368K, reserved 1048576K
Event: 5.180 GC heap after
Heap after GC invocations=18 (full 3):
 PSYoungGen      total 157696K, used 4386K [0x00000000f5580000, 0x0000000100000000, 0x0000000100000000)
  eden space 140800K, 0% used [0x00000000f5580000,0x00000000f5580000,0x00000000fdf00000)
  from space 16896K, 25% used [0x00000000fdf00000,0x00000000fe3489f0,0x00000000fef80000)
  to   space 16896K, 0% used [0x00000000fef80000,0x00000000fef80000,0x0000000100000000)
 ParOldGen       total 239616K, used 61196K [0x00000000e0000000, 0x00000000eea00000, 0x00000000f5580000)
  object space 239616K, 25% used [0x00000000e0000000,0x00000000e3bc31b8,0x00000000eea00000)
 Metaspace       used 52361K, capacity 58738K, committed 58800K, reserved 1099776K
  class space    used 6396K, capacity 8318K, committed 8368K, reserved 1048576K
}
Event: 5.563 GC heap before
{Heap before GC invocations=19 (full 3):
 PSYoungGen      total 157696K, used 145186K [0x00000000f5580000, 0x0000000100000000, 0x0000000100000000)
  eden space 140800K, 100% used [0x00000000f5580000,0x00000000fdf00000,0x00000000fdf00000)
  from space 16896K, 25% used [0x00000000fdf00000,0x00000000fe3489f0,0x00000000fef80000)
  to   space 16896K, 0% used [0x00000000fef80000,0x00000000fef80000,0x0000000100000000)
 ParOldGen       total 239616K, used 61196K [0x00000000e0000000, 0x00000000eea00000, 0x00000000f5580000)
  object space 239616K, 25% used [0x00000000e0000000,0x00000000e3bc31b8,0x00000000eea00000)
 Metaspace       used 56845K, capacity 64440K, committed 64688K, reserved 1103872K
  class space    used 7005K, capacity 9269K, committed 9392K, reserved 1048576K
Event: 5.569 GC heap after
Heap after GC invocations=19 (full 3):
 PSYoungGen      total 156672K, used 5197K [0x00000000f5580000, 0x00000000fff00000, 0x0000000100000000)
  eden space 140800K, 0% used [0x00000000f5580000,0x00000000f5580000,0x00000000fdf00000)
  from space 15872K, 32% used [0x00000000fef80000,0x00000000ff493748,0x00000000fff00000)
  to   space 16384K, 0% used [0x00000000fdf00000,0x00000000fdf00000,0x00000000fef00000)
 ParOldGen       total 239616K, used 63979K [0x00000000e0000000, 0x00000000eea00000, 0x00000000f5580000)
  object space 239616K, 26% used [0x00000000e0000000,0x00000000e3e7ad78,0x00000000eea00000)
 Metaspace       used 56845K, capacity 64440K, committed 64688K, reserved 1103872K
  class space    used 7005K, capacity 9269K, committed 9392K, reserved 1048576K
}
Event: 5.884 GC heap before
{Heap before GC invocations=20 (full 3):
 PSYoungGen      total 156672K, used 145997K [0x00000000f5580000, 0x00000000fff00000, 0x0000000100000000)
  eden space 140800K, 100% used [0x00000000f5580000,0x00000000fdf00000,0x00000000fdf00000)
  from space 15872K, 32% used [0x00000000fef80000,0x00000000ff493748,0x00000000fff00000)
  to   space 16384K, 0% used [0x00000000fdf00000,0x00000000fdf00000,0x00000000fef00000)
 ParOldGen       total 239616K, used 63979K [0x00000000e0000000, 0x00000000eea00000, 0x00000000f5580000)
  object space 239616K, 26% used [0x00000000e0000000,0x00000000e3e7ad78,0x00000000eea00000)
 Metaspace       used 58261K, capacity 65980K, committed 66096K, reserved 1105920K
  class space    used 7165K, capacity 9431K, committed 9520K, reserved 1048576K
Event: 5.889 GC heap after
Heap after GC invocations=20 (full 3):
 PSYoungGen      total 157184K, used 3585K [0x00000000f5580000, 0x0000000100000000, 0x0000000100000000)
  eden space 140800K, 0% used [0x00000000f5580000,0x00000000f5580000,0x00000000fdf00000)
  from space 16384K, 21% used [0x00000000fdf00000,0x00000000fe280450,0x00000000fef00000)
  to   space 16384K, 0% used [0x00000000ff000000,0x00000000ff000000,0x0000000100000000)
 ParOldGen       total 239616K, used 67503K [0x00000000e0000000, 0x00000000eea00000, 0x00000000f5580000)
  object space 239616K, 28% used [0x00000000e0000000,0x00000000e41ebd88,0x00000000eea00000)
 Metaspace       used 58261K, capacity 65980K, committed 66096K, reserved 1105920K
  class space    used 7165K, capacity 9431K, committed 9520K, reserved 1048576K
}
Event: 6.180 GC heap before
{Heap before GC invocations=21 (full 3):
 PSYoungGen      total 157184K, used 144385K [0x00000000f5580000, 0x0000000100000000, 0x0000000100000000)
  eden space 140800K, 100% used [0x00000000f5580000,0x00000000fdf00000,0x00000000fdf00000)
  from space 16384K, 21% used [0x00000000fdf00000,0x00000000fe280450,0x00000000fef00000)
  to   space 16384K, 0% used [0x00000000ff000000,0x00000000ff000000,0x0000000100000000)
 ParOldGen       total 239616K, used 67503K [0x00000000e0000000, 0x00000000eea00000, 0x00000000f5580000)
  object space 239616K, 28% used [0x00000000e0000000,0x00000000e41ebd88,0x00000000eea00000)
 Metaspace       used 58729K, capacity 66692K, committed 66864K, reserved 1105920K
  class space    used 7190K, capacity 9511K, committed 9520K, reserved 1048576K
Event: 6.183 GC heap after
Heap after GC invocations=21 (full 3):
 PSYoungGen      total 158208K, used 4480K [0x00000000f5580000, 0x0000000100000000, 0x0000000100000000)
  eden space 141824K, 0% used [0x00000000f5580000,0x00000000f5580000,0x00000000fe000000)
  from space 16384K, 27% used [0x00000000ff000000,0x00000000ff460000,0x0000000100000000)
  to   space 16384K, 0% used [0x00000000fe000000,0x00000000fe000000,0x00000000ff000000)
 ParOldGen       total 239616K, used 67511K [0x00000000e0000000, 0x00000000eea00000, 0x00000000f5580000)
  object space 239616K, 28% used [0x00000000e0000000,0x00000000e41edd88,0x00000000eea00000)
 Metaspace       used 58729K, capacity 66692K, committed 66864K, reserved 1105920K
  class space    used 7190K, capacity 9511K, committed 9520K, reserved 1048576K
}

Deoptimization events (10 events):
Event: 5.693 Thread 0x0000000017bf7000 Uncommon trap: reason=bimorphic action=maybe_recompile pc=0x0000000002e2322c method=java.util.regex.Pattern$Curly.match0(Ljava/util/regex/Matcher;IILjava/lang/CharSequence;)Z @ 77
Event: 5.694 Thread 0x0000000017bf7000 Uncommon trap: reason=class_check action=maybe_recompile pc=0x000000000336c780 method=com.google.common.collect.ImmutableSet$RegularSetBuilderImpl.add(Ljava/lang/Object;)Lcom/google/common/collect/ImmutableSet$SetBuilderImpl; @ 6
Event: 5.694 Thread 0x0000000017bf7000 Uncommon trap: reason=class_check action=maybe_recompile pc=0x000000000336c780 method=com.google.common.collect.ImmutableSet$RegularSetBuilderImpl.add(Ljava/lang/Object;)Lcom/google/common/collect/ImmutableSet$SetBuilderImpl; @ 6
Event: 5.694 Thread 0x0000000017bf7000 Uncommon trap: reason=class_check action=maybe_recompile pc=0x000000000336c780 method=com.google.common.collect.ImmutableSet$RegularSetBuilderImpl.add(Ljava/lang/Object;)Lcom/google/common/collect/ImmutableSet$SetBuilderImpl; @ 6
Event: 5.694 Thread 0x0000000017bf7000 Uncommon trap: reason=class_check action=maybe_recompile pc=0x000000000336c780 method=com.google.common.collect.ImmutableSet$RegularSetBuilderImpl.add(Ljava/lang/Object;)Lcom/google/common/collect/ImmutableSet$SetBuilderImpl; @ 6
Event: 5.695 Thread 0x0000000017bf7000 Uncommon trap: reason=unstable_if action=reinterpret pc=0x000000000302380c method=org.robolectric.internal.bytecode.MethodRef.equals(Ljava/lang/Object;)Z @ 2
Event: 5.697 Thread 0x0000000018a65800 Uncommon trap: reason=unstable_if action=reinterpret pc=0x000000000310a5ec method=java.util.Arrays.hashCode([Ljava/lang/Object;)I @ 34
Event: 5.701 Thread 0x0000000018a65800 Uncommon trap: reason=unstable_if action=reinterpret pc=0x0000000002b518b4 method=org.robolectric.res.android.ResTable_config.isBetterThan(Lorg/robolectric/res/android/ResTable_config;Lorg/robolectric/res/android/ResTable_config;)Z @ 898
Event: 6.126 Thread 0x0000000018a65800 Uncommon trap: reason=unstable_if action=reinterpret pc=0x00000000038f4fd0 method=com.google.common.base.Objects.equal(Ljava/lang/Object;Ljava/lang/Object;)Z @ 2
Event: 6.126 Thread 0x0000000018a65800 Uncommon trap: reason=unstable_if action=reinterpret pc=0x000000000386409c method=com.google.common.base.Objects.equal(Ljava/lang/Object;Ljava/lang/Object;)Z @ 2

Internal exceptions (10 events):
Event: 4.067 Thread 0x0000000018a65800 Exception <a 'java/lang/NoSuchFieldError': method resolution failed> (0x00000000f6bed170) thrown at [C:\re\workspace\8-2-build-windows-amd64-cygwin\jdk8u111\7883\hotspot\src\share\vm\prims\methodHandles.cpp, line 1146]
Event: 5.000 Thread 0x0000000018a63000 Exception <a 'java/lang/NoSuchFieldError': method resolution failed> (0x00000000fa550e90) thrown at [C:\re\workspace\8-2-build-windows-amd64-cygwin\jdk8u111\7883\hotspot\src\share\vm\prims\methodHandles.cpp, line 1146]
Event: 5.392 Thread 0x0000000018a65800 Implicit null exception at 0x00000000033ad596 to 0x00000000033ade4d
Event: 5.392 Thread 0x0000000018a65800 Implicit null exception at 0x0000000002b29f33 to 0x0000000002b2a5f9
Event: 5.505 Thread 0x0000000018a65800 Exception <a 'java/lang/NoSuchFieldError': method resolution failed> (0x00000000fd5da5b8) thrown at [C:\re\workspace\8-2-build-windows-amd64-cygwin\jdk8u111\7883\hotspot\src\share\vm\prims\methodHandles.cpp, line 1146]
Event: 5.623 Thread 0x0000000018a65800 Implicit null exception at 0x0000000002d54097 to 0x0000000002d5416d
Event: 5.676 Thread 0x0000000018a65800 Exception <a 'java/lang/NoSuchMethodError': java.lang.Object.lambda$get$0(Ljava/lang/Object;)V> (0x00000000f7775ec0) thrown at [C:\re\workspace\8-2-build-windows-amd64-cygwin\jdk8u111\7883\hotspot\src\share\vm\interpreter\linkResolver.cpp, line 582]
Event: 5.697 Thread 0x0000000018a65800 Implicit null exception at 0x000000000310a52f to 0x000000000310a5cd
Event: 5.744 Thread 0x0000000018a65800 Exception <a 'sun/nio/fs/WindowsException'> (0x00000000f82d0488) thrown at [C:\re\workspace\8-2-build-windows-amd64-cygwin\jdk8u111\7883\hotspot\src\share\vm\prims\jni.cpp, line 709]
Event: 6.050 Thread 0x0000000018a65800 Exception <a 'sun/nio/fs/WindowsException'> (0x00000000f839e8b8) thrown at [C:\re\workspace\8-2-build-windows-amd64-cygwin\jdk8u111\7883\hotspot\src\share\vm\prims\jni.cpp, line 709]

Events (10 events):
Event: 6.126 Thread 0x0000000018a65800 Uncommon trap: trap_request=0xffffff65 fr.pc=0x00000000038f4fd0
Event: 6.126 Thread 0x0000000018a65800 DEOPT PACKING pc=0x00000000038f4fd0 sp=0x00000000199948f0
Event: 6.126 Thread 0x0000000018a65800 DEOPT UNPACKING pc=0x00000000029a582a sp=0x0000000019994780 mode 2
Event: 6.126 Thread 0x0000000018a65800 Uncommon trap: trap_request=0xffffff65 fr.pc=0x000000000386409c
Event: 6.126 Thread 0x0000000018a65800 DEOPT PACKING pc=0x000000000386409c sp=0x00000000199947d0
Event: 6.126 Thread 0x0000000018a65800 DEOPT UNPACKING pc=0x00000000029a582a sp=0x0000000019994710 mode 2
Event: 6.180 Executing VM operation: ParallelGCFailedAllocation
Event: 6.183 Executing VM operation: ParallelGCFailedAllocation done
Event: 6.184 Executing VM operation: RevokeBias
Event: 6.184 Executing VM operation: RevokeBias done


Dynamic libraries:
0x00007ff706f50000 - 0x00007ff706f87000 	C:\Program Files\Java\jdk1.8.0_111\bin\java.exe
0x00007ff868150000 - 0x00007ff868345000 	C:\WINDOWS\SYSTEM32\ntdll.dll
0x00007ff8671e0000 - 0x00007ff86729e000 	C:\WINDOWS\System32\KERNEL32.DLL
0x00007ff865a20000 - 0x00007ff865ce9000 	C:\WINDOWS\System32\KERNELBASE.dll
0x00007ff8661a0000 - 0x00007ff86624c000 	C:\WINDOWS\System32\ADVAPI32.dll
0x00007ff866280000 - 0x00007ff86631e000 	C:\WINDOWS\System32\msvcrt.dll
0x00007ff867300000 - 0x00007ff86739b000 	C:\WINDOWS\System32\sechost.dll
0x00007ff8670b0000 - 0x00007ff8671da000 	C:\WINDOWS\System32\RPCRT4.dll
0x00007ff866320000 - 0x00007ff8664c1000 	C:\WINDOWS\System32\USER32.dll
0x00007ff865870000 - 0x00007ff865892000 	C:\WINDOWS\System32\win32u.dll
0x00007ff8664d0000 - 0x00007ff8664fb000 	C:\WINDOWS\System32\GDI32.dll
0x00007ff865f90000 - 0x00007ff86609b000 	C:\WINDOWS\System32\gdi32full.dll
0x00007ff8660a0000 - 0x00007ff86613d000 	C:\WINDOWS\System32\msvcp_win.dll
0x00007ff8658a0000 - 0x00007ff8659a0000 	C:\WINDOWS\System32\ucrtbase.dll
0x00007ff852310000 - 0x00007ff8525aa000 	C:\WINDOWS\WinSxS\amd64_microsoft.windows.common-controls_6595b64144ccf1df_6.0.19041.1110_none_60b5254171f9507e\COMCTL32.dll
0x00007ff866250000 - 0x00007ff866280000 	C:\WINDOWS\System32\IMM32.DLL
0x00000000773e0000 - 0x00000000774b2000 	C:\Program Files\Java\jdk1.8.0_111\jre\bin\msvcr100.dll
0x00000000765c0000 - 0x0000000076e5a000 	C:\Program Files\Java\jdk1.8.0_111\jre\bin\server\jvm.dll
0x00007ff866500000 - 0x00007ff866508000 	C:\WINDOWS\System32\PSAPI.DLL
0x00007ff85f3e0000 - 0x00007ff85f3e9000 	C:\WINDOWS\SYSTEM32\WSOCK32.dll
0x00007ff858b10000 - 0x00007ff858b37000 	C:\WINDOWS\SYSTEM32\WINMM.dll
0x00007ff85cc70000 - 0x00007ff85cc7a000 	C:\WINDOWS\SYSTEM32\VERSION.dll
0x00007ff866f20000 - 0x00007ff866f8b000 	C:\WINDOWS\System32\WS2_32.dll
0x0000000051450000 - 0x000000005145f000 	C:\Program Files\Java\jdk1.8.0_111\jre\bin\verify.dll
0x0000000077870000 - 0x0000000077899000 	C:\Program Files\Java\jdk1.8.0_111\jre\bin\java.dll
0x0000000077850000 - 0x0000000077866000 	C:\Program Files\Java\jdk1.8.0_111\jre\bin\zip.dll
0x00007ff8665c0000 - 0x00007ff866cff000 	C:\WINDOWS\System32\SHELL32.dll
0x00007ff863970000 - 0x00007ff864100000 	C:\WINDOWS\SYSTEM32\windows.storage.dll
0x00007ff8678a0000 - 0x00007ff867bf5000 	C:\WINDOWS\System32\combase.dll
0x00007ff8652c0000 - 0x00007ff8652ec000 	C:\WINDOWS\SYSTEM32\Wldp.dll
0x00007ff866510000 - 0x00007ff8665be000 	C:\WINDOWS\System32\SHCORE.dll
0x00007ff8672a0000 - 0x00007ff8672f5000 	C:\WINDOWS\System32\shlwapi.dll
0x00007ff8657b0000 - 0x00007ff8657cf000 	C:\WINDOWS\SYSTEM32\profapi.dll
0x0000000077830000 - 0x000000007784a000 	C:\Program Files\Java\jdk1.8.0_111\jre\bin\net.dll
0x00007ff864fb0000 - 0x00007ff86501a000 	C:\WINDOWS\system32\mswsock.dll
0x00000000773c0000 - 0x00000000773d1000 	C:\Program Files\Java\jdk1.8.0_111\jre\bin\nio.dll
0x00007ff865210000 - 0x00007ff865228000 	C:\WINDOWS\SYSTEM32\CRYPTSP.dll
0x00007ff8648d0000 - 0x00007ff864904000 	C:\WINDOWS\system32\rsaenh.dll
0x00007ff8659f0000 - 0x00007ff865a17000 	C:\WINDOWS\System32\bcrypt.dll
0x00007ff865730000 - 0x00007ff86575e000 	C:\WINDOWS\SYSTEM32\USERENV.dll
0x00007ff865f00000 - 0x00007ff865f83000 	C:\WINDOWS\System32\bcryptprimitives.dll
0x00007ff865230000 - 0x00007ff86523c000 	C:\WINDOWS\SYSTEM32\CRYPTBASE.dll
0x00007ff864ca0000 - 0x00007ff864cdb000 	C:\WINDOWS\SYSTEM32\IPHLPAPI.DLL
0x00007ff866d00000 - 0x00007ff866d08000 	C:\WINDOWS\System32\NSI.dll
0x00007ff85cc50000 - 0x00007ff85cc67000 	C:\WINDOWS\SYSTEM32\dhcpcsvc6.DLL
0x00007ff85e460000 - 0x00007ff85e47d000 	C:\WINDOWS\SYSTEM32\dhcpcsvc.DLL
0x00007ff864ce0000 - 0x00007ff864dac000 	C:\WINDOWS\SYSTEM32\DNSAPI.dll
0x0000000077390000 - 0x00000000773b4000 	C:\Program Files\Java\jdk1.8.0_111\jre\bin\sunec.dll
0x0000000077380000 - 0x000000007738b000 	C:\Program Files\Java\jdk1.8.0_111\jre\bin\sunmscapi.dll
0x00007ff865da0000 - 0x00007ff865ef6000 	C:\WINDOWS\System32\CRYPT32.dll
0x00007ff862fd0000 - 0x00007ff8631b4000 	C:\WINDOWS\SYSTEM32\dbghelp.dll

VM Arguments:
jvm_args: -Djava.awt.headless=true -Djava.security.manager=worker.org.gradle.process.internal.worker.child.BootstrapSecurityManager -Dorg.gradle.native=false -Xmx512m -Dfile.encoding=windows-1252 -Duser.country=ID -Duser.language=en -Duser.variant -ea 
java_command: worker.org.gradle.process.internal.worker.GradleWorkerMain 'Gradle Test Executor 9'
java_class_path (initial): C:\Users\Lenovo\.gradle\caches\6.1.1\workerMain\gradle-worker.jar
Launcher Type: SUN_STANDARD

Environment Variables:
USERNAME=Lenovo
OS=Windows_NT
PROCESSOR_IDENTIFIER=Intel64 Family 6 Model 165 Stepping 2, GenuineIntel



---------------  S Y S T E M  ---------------

OS: Windows 10.0 , 64 bit Build 19041 (10.0.19041.1202)

CPU:total 12 (6 cores per cpu, 2 threads per core) family 6 model 165 stepping 2, cmov, cx8, fxsr, mmx, sse, sse2, sse3, ssse3, sse4.1, sse4.2, popcnt, avx, avx2, aes, clmul, erms, 3dnowpref, lzcnt, ht, tsc, tscinvbit, bmi1, bmi2, adx

Memory: 4k page, physical 16682800k(4713036k free), swap 21347336k(3923636k free)

vm_info: Java HotSpot(TM) 64-Bit Server VM (25.111-b14) for windows-amd64 JRE (1.8.0_111-b14), built on Sep 22 2016 19:24:05 by "java_re" with MS VC++ 10.0 (VS2010)

time: Fri Oct 08 09:20:23 2021
elapsed time: 6 seconds (0d 0h 0m 6s)

