#
# A fatal error has been detected by the Java Runtime Environment:
#
#  EXCEPTION_ACCESS_VIOLATION (0xc0000005) at pc=0x0000000076603608, pid=31684, tid=0x0000000000000f2c
#
# JRE version: Java(TM) SE Runtime Environment (8.0_111-b14) (build 1.8.0_111-b14)
# Java VM: Java HotSpot(TM) 64-Bit Server VM (25.111-b14 mixed mode windows-amd64 compressed oops)
# Problematic frame:
# V  [jvm.dll+0x43608]
#
# Failed to write core dump. Minidumps are not enabled by default on client versions of Windows
#
# If you would like to submit a bug report, please visit:
#   http://bugreport.java.com/bugreport/crash.jsp
#

---------------  T H R E A D  ---------------

Current thread (0x0000000015811800):  JavaThread "C1 CompilerThread3" daemon [_thread_in_vm, id=3884, stack(0x0000000017520000,0x0000000017620000)]

siginfo: ExceptionCode=0xc0000005, reading address 0xffffffffffffffff

Registers:
RAX=0x0000000015811800, RBX=0x00000000025f9060, RCX=0x00000000025f9060, RDX=0x00000000025f9060
RSP=0x000000001761ce10, RBP=0x00000000159076e0, RSI=0x00000000025f9060, RDI=0x0000000000000000
R8 =0x49362012ffff0013, R9 =0x0000000000000000, R10=0x0000000015907910, R11=0x000000001824efb0
R12=0x0000000015811800, R13=0x00000000159076e0, R14=0x000000001df4f260, R15=0x0000000000000000
RIP=0x0000000076603608, EFLAGS=0x0000000000010202

Top of Stack: (sp=0x000000001761ce10)
0x000000001761ce10:   00000000000000b6 000000001761f3c0
0x000000001761ce20:   0000000000000000 0000000000000077
0x000000001761ce30:   0000000021690d50 000000001761f3c0
0x000000001761ce40:   000000001761cf20 00000000765efe25
0x000000001761ce50:   00000000000000eb 0000000076603999
0x000000001761ce60:   0000000000000077 0000000000000077
0x000000001761ce70:   0000000000000000 0000000000000000
0x000000001761ce80:   00000000000000b6 000000001a1ed9c0
0x000000001761ce90:   00000000025ab5f0 0000000076601c6b
0x000000001761cea0:   0000000000000000 0000000015811800
0x000000001761ceb0:   000000001df52450 00000000765ece0f
0x000000001761cec0:   0000000015811800 0000000076606f80
0x000000001761ced0:   0000000015811800 0000000015811800
0x000000001761cee0:   000000001a1ed9c0 00000000769e0aeb
0x000000001761cef0:   0000000000000000 0000000000000000
0x000000001761cf00:   000000001df52450 0000000000000000 

Instructions: (pc=0x0000000076603608)
0x00000000766035e8:   00 48 8b da ff 15 fe 7d 59 00 44 0f b6 05 5a d9
0x00000000766035f8:   7a 00 4c 8b e0 45 84 c0 74 39 4c 8b 03 48 8b cb
0x0000000076603608:   41 ff 50 08 84 c0 74 2b 83 7b 08 00 7e 25 0f b6
0x0000000076603618:   83 0e 01 00 00 c0 e8 03 a8 01 74 17 48 8b 03 48 


Register to memory mapping:

RAX=0x0000000015811800 is a thread
RBX=0x00000000025f9060 is an unknown value
RCX=0x00000000025f9060 is an unknown value
RDX=0x00000000025f9060 is an unknown value
RSP=0x000000001761ce10 is pointing into the stack for thread: 0x0000000015811800
RBP=0x00000000159076e0 is an unknown value
RSI=0x00000000025f9060 is an unknown value
RDI=0x0000000000000000 is an unknown value
R8 =0x49362012ffff0013 is an unknown value
R9 =0x0000000000000000 is an unknown value
R10=0x0000000015907910 is an unknown value
R11=0x000000001824efb0 is an unknown value
R12=0x0000000015811800 is a thread
R13=0x00000000159076e0 is an unknown value
R14=0x000000001df4f260 is an unknown value
R15=0x0000000000000000 is an unknown value


Stack: [0x0000000017520000,0x0000000017620000],  sp=0x000000001761ce10,  free space=1011k
Native frames: (J=compiled Java code, j=interpreted, Vv=VM code, C=native code)
V  [jvm.dll+0x43608]
V  [jvm.dll+0x43999]
V  [jvm.dll+0x41c6b]
V  [jvm.dll+0x420aeb]
V  [jvm.dll+0x41b8da]
V  [jvm.dll+0x41e727]
V  [jvm.dll+0x41eeeb]
V  [jvm.dll+0x41fde6]
V  [jvm.dll+0x420048]
V  [jvm.dll+0x42047b]
V  [jvm.dll+0x41ffd5]
V  [jvm.dll+0x41bd3b]
V  [jvm.dll+0x41e727]
V  [jvm.dll+0x41eeeb]
V  [jvm.dll+0x41fde6]
V  [jvm.dll+0x420048]
V  [jvm.dll+0x42047b]
V  [jvm.dll+0x41ffd5]
V  [jvm.dll+0x41bd3b]
V  [jvm.dll+0x41e727]
V  [jvm.dll+0x41f01d]
V  [jvm.dll+0x41fde6]
V  [jvm.dll+0x420048]
V  [jvm.dll+0x42047b]
V  [jvm.dll+0x41ffd5]
V  [jvm.dll+0x41bd3b]
V  [jvm.dll+0x41e727]
V  [jvm.dll+0x41eeeb]
V  [jvm.dll+0x41fde6]
V  [jvm.dll+0x420048]
V  [jvm.dll+0x42047b]
V  [jvm.dll+0x41ffd5]
V  [jvm.dll+0x41bd3b]
V  [jvm.dll+0x41e727]
V  [jvm.dll+0x41f01d]
V  [jvm.dll+0x41fde6]
V  [jvm.dll+0x420048]
V  [jvm.dll+0x42047b]
V  [jvm.dll+0x41ffd5]
V  [jvm.dll+0x41bd3b]
V  [jvm.dll+0x41e727]
V  [jvm.dll+0x41eeeb]
V  [jvm.dll+0x41fde6]
V  [jvm.dll+0x420048]
V  [jvm.dll+0x41bd3b]
V  [jvm.dll+0x41e727]
V  [jvm.dll+0x41eeeb]
V  [jvm.dll+0x41fde6]
V  [jvm.dll+0x420048]
V  [jvm.dll+0x41bd3b]
V  [jvm.dll+0x41e727]
V  [jvm.dll+0x41f01d]
V  [jvm.dll+0x41f412]
V  [jvm.dll+0x4244f5]
V  [jvm.dll+0x424600]
V  [jvm.dll+0x40ddb8]
V  [jvm.dll+0x40e021]
V  [jvm.dll+0x40e1e2]
V  [jvm.dll+0x40e3b1]
V  [jvm.dll+0x40e5bf]
V  [jvm.dll+0xa5742]
V  [jvm.dll+0xa607f]
V  [jvm.dll+0x244b7f]
V  [jvm.dll+0x29c43a]
C  [msvcr100.dll+0x21d9f]
C  [msvcr100.dll+0x21e3b]
C  [KERNEL32.DLL+0x17034]
C  [ntdll.dll+0x52651]


Current CompileTask:
C1:   8474 6596       3       android.content.res.TypedArray::$$robo$$android_content_res_TypedArray$loadStringValueAt (51 bytes)


---------------  P R O C E S S  ---------------

Java Threads: ( => current thread )
  0x0000000022778800 JavaThread "Java2D Disposer" daemon [_thread_blocked, id=30572, stack(0x000000001ab80000,0x000000001ac80000)]
  0x0000000018a75800 JavaThread "SDK 28 Main Thread" [_thread_in_native, id=19900, stack(0x0000000019a30000,0x0000000019b30000)]
  0x0000000017df6800 JavaThread "/127.0.0.1:56866 to /127.0.0.1:56864 workers Thread 3" [_thread_in_native, id=11320, stack(0x0000000019730000,0x0000000019830000)]
  0x0000000017e89800 JavaThread "/127.0.0.1:56866 to /127.0.0.1:56864 workers Thread 2" [_thread_blocked, id=30356, stack(0x0000000019530000,0x0000000019630000)]
  0x0000000018101000 JavaThread "Test worker" [_thread_blocked, id=12224, stack(0x00000000190f0000,0x00000000191f0000)]
  0x0000000015814800 JavaThread "Service Thread" daemon [_thread_blocked, id=21844, stack(0x0000000017620000,0x0000000017720000)]
=>0x0000000015811800 JavaThread "C1 CompilerThread3" daemon [_thread_in_vm, id=3884, stack(0x0000000017520000,0x0000000017620000)]
  0x0000000015802800 JavaThread "C2 CompilerThread2" daemon [_thread_in_native, id=25332, stack(0x0000000017420000,0x0000000017520000)]
  0x0000000015802000 JavaThread "C2 CompilerThread1" daemon [_thread_in_native, id=15916, stack(0x0000000017320000,0x0000000017420000)]
  0x0000000015805800 JavaThread "C2 CompilerThread0" daemon [_thread_in_native, id=28784, stack(0x0000000017220000,0x0000000017320000)]
  0x00000000157f2800 JavaThread "JDWP Command Reader" daemon [_thread_in_native, id=3492, stack(0x0000000017120000,0x0000000017220000)]
  0x00000000157e0800 JavaThread "JDWP Event Helper Thread" daemon [_thread_blocked, id=30800, stack(0x0000000017020000,0x0000000017120000)]
  0x00000000157eb800 JavaThread "JDWP Transport Listener: dt_socket" daemon [_thread_blocked, id=25412, stack(0x0000000016f20000,0x0000000017020000)]
  0x00000000157d5000 JavaThread "Attach Listener" daemon [_thread_blocked, id=31844, stack(0x0000000016e20000,0x0000000016f20000)]
  0x00000000157d4000 JavaThread "Signal Dispatcher" daemon [_thread_blocked, id=21172, stack(0x0000000016d20000,0x0000000016e20000)]
  0x0000000015753000 JavaThread "Finalizer" daemon [_thread_blocked, id=19272, stack(0x00000000169e0000,0x0000000016ae0000)]
  0x000000001405d000 JavaThread "Reference Handler" daemon [_thread_blocked, id=29708, stack(0x00000000168e0000,0x00000000169e0000)]
  0x00000000025a2800 JavaThread "main" [_thread_blocked, id=20608, stack(0x00000000023a0000,0x00000000024a0000)]

Other Threads:
  0x0000000015732800 VMThread [stack: 0x00000000167e0000,0x00000000168e0000] [id=29040]
  0x00000000159a4800 WatcherThread [stack: 0x0000000017720000,0x0000000017820000] [id=25108]

VM state:not at safepoint (normal execution)

VM Mutex/Monitor currently owned by a thread: None

Heap:
 PSYoungGen      total 160768K, used 117514K [0x00000000f5580000, 0x0000000100000000, 0x0000000100000000)
  eden space 146944K, 70% used [0x00000000f5580000,0x00000000fbac4e18,0x00000000fe500000)
  from space 13824K, 99% used [0x00000000fe500000,0x00000000ff27dba0,0x00000000ff280000)
  to   space 13824K, 0% used [0x00000000ff280000,0x00000000ff280000,0x0000000100000000)
 ParOldGen       total 254976K, used 62426K [0x00000000e0000000, 0x00000000ef900000, 0x00000000f5580000)
  object space 254976K, 24% used [0x00000000e0000000,0x00000000e3cf6ba8,0x00000000ef900000)
 Metaspace       used 62072K, capacity 71938K, committed 72064K, reserved 1112064K
  class space    used 7694K, capacity 10272K, committed 10368K, reserved 1048576K

Card table byte_map: [0x0000000011a60000,0x0000000011b70000] byte_map_base: 0x0000000011360000

Marking Bits: (ParMarkBitMap*) 0x0000000076dda6c0
 Begin Bits: [0x0000000012570000, 0x0000000012d70000)
 End Bits:   [0x0000000012d70000, 0x0000000013570000)

Polling page: 0x0000000000680000

CodeCache: size=245760Kb used=18400Kb max_used=18411Kb free=227360Kb
 bounds [0x00000000026a0000, 0x00000000038c0000, 0x00000000116a0000]
 total_blobs=6887 nmethods=5334 adapters=1473
 compilation: enabled

Compilation events (10 events):
Event: 8.414 Thread 0x0000000015811800 nmethod 6591 0x000000000389b490 code [0x000000000389b6e0, 0x000000000389c3b8]
Event: 8.414 Thread 0x0000000015811800 6592       3       java.nio.Buffer::limit (62 bytes)
Event: 8.414 Thread 0x0000000015811800 nmethod 6592 0x0000000002c5ac50 code [0x0000000002c5adc0, 0x0000000002c5b0e8]
Event: 8.415 Thread 0x0000000015811800 6593       3       java.util.regex.Pattern$LastNode::match (45 bytes)
Event: 8.416 Thread 0x0000000015811800 nmethod 6593 0x0000000002e09010 code [0x0000000002e09180, 0x0000000002e093b0]
Event: 8.418 Thread 0x0000000015811800 6595       3       android.content.res.TypedArray::loadStringValueAt (8 bytes)
Event: 8.419 Thread 0x0000000015811800 nmethod 6595 0x00000000038ab810 code [0x00000000038abb60, 0x00000000038ad6a8]
Event: 8.419 Thread 0x0000000015811800 6598       3       org.robolectric.res.android.ResourceString::decodeLengthUTF16 (38 bytes)
Event: 8.419 Thread 0x0000000015811800 nmethod 6598 0x0000000002c3bb90 code [0x0000000002c3bd00, 0x0000000002c3c058]
Event: 8.419 Thread 0x0000000015811800 6596       3       android.content.res.TypedArray::$$robo$$android_content_res_TypedArray$loadStringValueAt (51 bytes)

GC Heap History (10 events):
Event: 6.280 GC heap before
{Heap before GC invocations=16 (full 3):
 PSYoungGen      total 160256K, used 147456K [0x00000000f5580000, 0x0000000100000000, 0x0000000100000000)
  eden space 147456K, 100% used [0x00000000f5580000,0x00000000fe580000,0x00000000fe580000)
  from space 12800K, 0% used [0x00000000ff280000,0x00000000ff280000,0x00000000fff00000)
  to   space 13312K, 0% used [0x00000000fe580000,0x00000000fe580000,0x00000000ff280000)
 ParOldGen       total 254976K, used 61307K [0x00000000e0000000, 0x00000000ef900000, 0x00000000f5580000)
  object space 254976K, 24% used [0x00000000e0000000,0x00000000e3bdee58,0x00000000ef900000)
 Metaspace       used 50064K, capacity 56516K, committed 56832K, reserved 1097728K
  class space    used 6034K, capacity 7841K, committed 7936K, reserved 1048576K
Event: 6.286 GC heap after
Heap after GC invocations=16 (full 3):
 PSYoungGen      total 160768K, used 5107K [0x00000000f5580000, 0x0000000100000000, 0x0000000100000000)
  eden space 147456K, 0% used [0x00000000f5580000,0x00000000f5580000,0x00000000fe580000)
  from space 13312K, 38% used [0x00000000fe580000,0x00000000fea7cd68,0x00000000ff280000)
  to   space 13312K, 0% used [0x00000000ff300000,0x00000000ff300000,0x0000000100000000)
 ParOldGen       total 254976K, used 61315K [0x00000000e0000000, 0x00000000ef900000, 0x00000000f5580000)
  object space 254976K, 24% used [0x00000000e0000000,0x00000000e3be0e58,0x00000000ef900000)
 Metaspace       used 50064K, capacity 56516K, committed 56832K, reserved 1097728K
  class space    used 6034K, capacity 7841K, committed 7936K, reserved 1048576K
}
Event: 6.702 GC heap before
{Heap before GC invocations=17 (full 3):
 PSYoungGen      total 160768K, used 152563K [0x00000000f5580000, 0x0000000100000000, 0x0000000100000000)
  eden space 147456K, 100% used [0x00000000f5580000,0x00000000fe580000,0x00000000fe580000)
  from space 13312K, 38% used [0x00000000fe580000,0x00000000fea7cd68,0x00000000ff280000)
  to   space 13312K, 0% used [0x00000000ff300000,0x00000000ff300000,0x0000000100000000)
 ParOldGen       total 254976K, used 61315K [0x00000000e0000000, 0x00000000ef900000, 0x00000000f5580000)
  object space 254976K, 24% used [0x00000000e0000000,0x00000000e3be0e58,0x00000000ef900000)
 Metaspace       used 54087K, capacity 60512K, committed 60672K, reserved 1101824K
  class space    used 6342K, capacity 8139K, committed 8192K, reserved 1048576K
Event: 6.707 GC heap after
Heap after GC invocations=17 (full 3):
 PSYoungGen      total 161280K, used 6942K [0x00000000f5580000, 0x0000000100000000, 0x0000000100000000)
  eden space 147968K, 0% used [0x00000000f5580000,0x00000000f5580000,0x00000000fe600000)
  from space 13312K, 52% used [0x00000000ff300000,0x00000000ff9c7b98,0x0000000100000000)
  to   space 13312K, 0% used [0x00000000fe600000,0x00000000fe600000,0x00000000ff300000)
 ParOldGen       total 254976K, used 61323K [0x00000000e0000000, 0x00000000ef900000, 0x00000000f5580000)
  object space 254976K, 24% used [0x00000000e0000000,0x00000000e3be2e58,0x00000000ef900000)
 Metaspace       used 54087K, capacity 60512K, committed 60672K, reserved 1101824K
  class space    used 6342K, capacity 8139K, committed 8192K, reserved 1048576K
}
Event: 7.088 GC heap before
{Heap before GC invocations=18 (full 3):
 PSYoungGen      total 161280K, used 154910K [0x00000000f5580000, 0x0000000100000000, 0x0000000100000000)
  eden space 147968K, 100% used [0x00000000f5580000,0x00000000fe600000,0x00000000fe600000)
  from space 13312K, 52% used [0x00000000ff300000,0x00000000ff9c7b98,0x0000000100000000)
  to   space 13312K, 0% used [0x00000000fe600000,0x00000000fe600000,0x00000000ff300000)
 ParOldGen       total 254976K, used 61323K [0x00000000e0000000, 0x00000000ef900000, 0x00000000f5580000)
  object space 254976K, 24% used [0x00000000e0000000,0x00000000e3be2e58,0x00000000ef900000)
 Metaspace       used 56001K, capacity 63064K, committed 63232K, reserved 1103872K
  class space    used 6666K, capacity 8615K, committed 8704K, reserved 1048576K
Event: 7.094 GC heap after
Heap after GC invocations=18 (full 3):
 PSYoungGen      total 155648K, used 7651K [0x00000000f5580000, 0x00000000fff00000, 0x0000000100000000)
  eden space 147968K, 0% used [0x00000000f5580000,0x00000000f5580000,0x00000000fe600000)
  from space 7680K, 99% used [0x00000000fe600000,0x00000000fed78fb0,0x00000000fed80000)
  to   space 12800K, 0% used [0x00000000ff280000,0x00000000ff280000,0x00000000fff00000)
 ParOldGen       total 254976K, used 61331K [0x00000000e0000000, 0x00000000ef900000, 0x00000000f5580000)
  object space 254976K, 24% used [0x00000000e0000000,0x00000000e3be4e58,0x00000000ef900000)
 Metaspace       used 56001K, capacity 63064K, committed 63232K, reserved 1103872K
  class space    used 6666K, capacity 8615K, committed 8704K, reserved 1048576K
}
Event: 7.772 GC heap before
{Heap before GC invocations=19 (full 3):
 PSYoungGen      total 155648K, used 155619K [0x00000000f5580000, 0x00000000fff00000, 0x0000000100000000)
  eden space 147968K, 100% used [0x00000000f5580000,0x00000000fe600000,0x00000000fe600000)
  from space 7680K, 99% used [0x00000000fe600000,0x00000000fed78fb0,0x00000000fed80000)
  to   space 12800K, 0% used [0x00000000ff280000,0x00000000ff280000,0x00000000fff00000)
 ParOldGen       total 254976K, used 61331K [0x00000000e0000000, 0x00000000ef900000, 0x00000000f5580000)
  object space 254976K, 24% used [0x00000000e0000000,0x00000000e3be4e58,0x00000000ef900000)
 Metaspace       used 60334K, capacity 69828K, committed 70016K, reserved 1110016K
  class space    used 7513K, capacity 10053K, committed 10112K, reserved 1048576K
Event: 7.782 GC heap after
Heap after GC invocations=19 (full 3):
 PSYoungGen      total 159744K, used 12114K [0x00000000f5580000, 0x0000000100000000, 0x0000000100000000)
  eden space 146944K, 0% used [0x00000000f5580000,0x00000000f5580000,0x00000000fe500000)
  from space 12800K, 94% used [0x00000000ff280000,0x00000000ffe54b58,0x00000000fff00000)
  to   space 13824K, 0% used [0x00000000fe500000,0x00000000fe500000,0x00000000ff280000)
 ParOldGen       total 254976K, used 61339K [0x00000000e0000000, 0x00000000ef900000, 0x00000000f5580000)
  object space 254976K, 24% used [0x00000000e0000000,0x00000000e3be6e58,0x00000000ef900000)
 Metaspace       used 60334K, capacity 69828K, committed 70016K, reserved 1110016K
  class space    used 7513K, capacity 10053K, committed 10112K, reserved 1048576K
}
Event: 8.194 GC heap before
{Heap before GC invocations=20 (full 3):
 PSYoungGen      total 159744K, used 159058K [0x00000000f5580000, 0x0000000100000000, 0x0000000100000000)
  eden space 146944K, 100% used [0x00000000f5580000,0x00000000fe500000,0x00000000fe500000)
  from space 12800K, 94% used [0x00000000ff280000,0x00000000ffe54b58,0x00000000fff00000)
  to   space 13824K, 0% used [0x00000000fe500000,0x00000000fe500000,0x00000000ff280000)
 ParOldGen       total 254976K, used 61339K [0x00000000e0000000, 0x00000000ef900000, 0x00000000f5580000)
  object space 254976K, 24% used [0x00000000e0000000,0x00000000e3be6e58,0x00000000ef900000)
 Metaspace       used 61906K, capacity 71590K, committed 71808K, reserved 1110016K
  class space    used 7681K, capacity 10248K, committed 10368K, reserved 1048576K
Event: 8.203 GC heap after
Heap after GC invocations=20 (full 3):
 PSYoungGen      total 160768K, used 13814K [0x00000000f5580000, 0x0000000100000000, 0x0000000100000000)
  eden space 146944K, 0% used [0x00000000f5580000,0x00000000f5580000,0x00000000fe500000)
  from space 13824K, 99% used [0x00000000fe500000,0x00000000ff27dba0,0x00000000ff280000)
  to   space 13824K, 0% used [0x00000000ff280000,0x00000000ff280000,0x0000000100000000)
 ParOldGen       total 254976K, used 62426K [0x00000000e0000000, 0x00000000ef900000, 0x00000000f5580000)
  object space 254976K, 24% used [0x00000000e0000000,0x00000000e3cf6ba8,0x00000000ef900000)
 Metaspace       used 61906K, capacity 71590K, committed 71808K, reserved 1110016K
  class space    used 7681K, capacity 10248K, committed 10368K, reserved 1048576K
}

Deoptimization events (10 events):
Event: 7.956 Thread 0x0000000018101000 Uncommon trap: reason=class_check action=maybe_recompile pc=0x00000000031b3a10 method=com.google.common.collect.ImmutableSet$RegularSetBuilderImpl.add(Ljava/lang/Object;)Lcom/google/common/collect/ImmutableSet$SetBuilderImpl; @ 6
Event: 7.956 Thread 0x0000000018101000 Uncommon trap: reason=class_check action=maybe_recompile pc=0x00000000031b3a10 method=com.google.common.collect.ImmutableSet$RegularSetBuilderImpl.add(Ljava/lang/Object;)Lcom/google/common/collect/ImmutableSet$SetBuilderImpl; @ 6
Event: 7.956 Thread 0x0000000018101000 Uncommon trap: reason=class_check action=maybe_recompile pc=0x00000000031b3a10 method=com.google.common.collect.ImmutableSet$RegularSetBuilderImpl.add(Ljava/lang/Object;)Lcom/google/common/collect/ImmutableSet$SetBuilderImpl; @ 6
Event: 7.956 Thread 0x0000000018101000 Uncommon trap: reason=unstable_if action=reinterpret pc=0x0000000002ed13f8 method=org.robolectric.internal.bytecode.MethodRef.equals(Ljava/lang/Object;)Z @ 2
Event: 7.957 Thread 0x0000000018a75800 Uncommon trap: reason=bimorphic action=maybe_recompile pc=0x00000000032ea480 method=java.util.regex.Pattern$Start.<init>(Ljava/util/regex/Pattern$Node;)V @ 22
Event: 7.959 Thread 0x0000000018a75800 Uncommon trap: reason=unstable_if action=reinterpret pc=0x0000000002d44a04 method=java.util.Arrays.hashCode([Ljava/lang/Object;)I @ 34
Event: 7.960 Thread 0x0000000018a75800 Uncommon trap: reason=unstable_if action=reinterpret pc=0x0000000002d7c760 method=java.util.Arrays.equals([B[B)Z @ 41
Event: 7.963 Thread 0x0000000018a75800 Uncommon trap: reason=unstable_if action=reinterpret pc=0x00000000032ee700 method=org.robolectric.res.android.ResTable_config.isBetterThan(Lorg/robolectric/res/android/ResTable_config;Lorg/robolectric/res/android/ResTable_config;)Z @ 898
Event: 8.291 Thread 0x0000000018a75800 Uncommon trap: reason=unstable_if action=reinterpret pc=0x00000000037c171c method=java.lang.StringCoding.decode(Ljava/nio/charset/Charset;[BII)[C @ 24
Event: 8.412 Thread 0x0000000018a75800 Uncommon trap: reason=bimorphic action=maybe_recompile pc=0x00000000032ea480 method=java.util.regex.Pattern$Start.<init>(Ljava/util/regex/Pattern$Node;)V @ 22

Internal exceptions (10 events):
Event: 7.001 Thread 0x0000000018a75800 Implicit null exception at 0x00000000029d6358 to 0x00000000029d63e6
Event: 7.264 Thread 0x000000002277f000 Exception <a 'java/lang/NoSuchFieldError': method resolution failed> (0x00000000f89c25e8) thrown at [C:\re\workspace\8-2-build-windows-amd64-cygwin\jdk8u111\7883\hotspot\src\share\vm\prims\methodHandles.cpp, line 1146]
Event: 7.411 Thread 0x0000000018a75800 Implicit null exception at 0x00000000032a796c to 0x00000000032aaa3f
Event: 7.411 Thread 0x0000000018a75800 Implicit null exception at 0x0000000002a6e1ed to 0x0000000002a6f051
Event: 7.538 Thread 0x0000000018a75800 Exception <a 'java/lang/NoSuchFieldError': method resolution failed> (0x00000000fbb3dd68) thrown at [C:\re\workspace\8-2-build-windows-amd64-cygwin\jdk8u111\7883\hotspot\src\share\vm\prims\methodHandles.cpp, line 1146]
Event: 7.612 Thread 0x0000000018a75800 Exception <a 'java/lang/NoSuchFieldError': method resolution failed> (0x00000000fc721d40) thrown at [C:\re\workspace\8-2-build-windows-amd64-cygwin\jdk8u111\7883\hotspot\src\share\vm\prims\methodHandles.cpp, line 1146]
Event: 7.877 Thread 0x0000000018a75800 Implicit null exception at 0x00000000029e0588 to 0x00000000029e0be7
Event: 7.940 Thread 0x0000000018a75800 Exception <a 'java/lang/NoSuchMethodError': java.lang.Object.lambda$get$0(Ljava/lang/Object;)V> (0x00000000f76f9f78) thrown at [C:\re\workspace\8-2-build-windows-amd64-cygwin\jdk8u111\7883\hotspot\src\share\vm\interpreter\linkResolver.cpp, line 582]
Event: 7.959 Thread 0x0000000018a75800 Implicit null exception at 0x0000000002d4493e to 0x0000000002d449e1
Event: 8.004 Thread 0x0000000018a75800 Exception <a 'sun/nio/fs/WindowsException'> (0x00000000f82543c8) thrown at [C:\re\workspace\8-2-build-windows-amd64-cygwin\jdk8u111\7883\hotspot\src\share\vm\prims\jni.cpp, line 709]

Events (10 events):
Event: 8.406 loading class org/aplas/mylibrary/InputDataActivity done
Event: 8.406 loading class org/aplas/mylibrary/TestC1MyData031
Event: 8.406 loading class org/aplas/mylibrary/TestC1MyData031 done
Event: 8.406 Thread 0x0000000018a75800 DEOPT PACKING pc=0x0000000002ce4b4f sp=0x0000000019b2d980
Event: 8.406 Thread 0x0000000018a75800 DEOPT UNPACKING pc=0x00000000026e787f sp=0x0000000019b2d730 mode 1
Event: 8.407 Thread 0x0000000018a75800 DEOPT PACKING pc=0x0000000002ce4b4f sp=0x0000000019b2d980
Event: 8.407 Thread 0x0000000018a75800 DEOPT UNPACKING pc=0x00000000026e787f sp=0x0000000019b2d730 mode 1
Event: 8.412 Thread 0x0000000018a75800 Uncommon trap: trap_request=0xffffffc6 fr.pc=0x00000000032ea480
Event: 8.412 Thread 0x0000000018a75800 DEOPT PACKING pc=0x00000000032ea480 sp=0x0000000019b2ecb0
Event: 8.412 Thread 0x0000000018a75800 DEOPT UNPACKING pc=0x00000000026e582a sp=0x0000000019b2ec18 mode 2


Dynamic libraries:
0x00007ff706f50000 - 0x00007ff706f87000 	C:\Program Files\Java\jdk1.8.0_111\bin\java.exe
0x00007ff868150000 - 0x00007ff868345000 	C:\WINDOWS\SYSTEM32\ntdll.dll
0x00007ff8671e0000 - 0x00007ff86729e000 	C:\WINDOWS\System32\KERNEL32.DLL
0x00007ff865a20000 - 0x00007ff865ce9000 	C:\WINDOWS\System32\KERNELBASE.dll
0x00007ff8661a0000 - 0x00007ff86624c000 	C:\WINDOWS\System32\ADVAPI32.dll
0x00007ff866280000 - 0x00007ff86631e000 	C:\WINDOWS\System32\msvcrt.dll
0x00007ff867300000 - 0x00007ff86739b000 	C:\WINDOWS\System32\sechost.dll
0x00007ff8670b0000 - 0x00007ff8671da000 	C:\WINDOWS\System32\RPCRT4.dll
0x00007ff866320000 - 0x00007ff8664c1000 	C:\WINDOWS\System32\USER32.dll
0x00007ff865870000 - 0x00007ff865892000 	C:\WINDOWS\System32\win32u.dll
0x00007ff8664d0000 - 0x00007ff8664fb000 	C:\WINDOWS\System32\GDI32.dll
0x00007ff865f90000 - 0x00007ff86609b000 	C:\WINDOWS\System32\gdi32full.dll
0x00007ff8660a0000 - 0x00007ff86613d000 	C:\WINDOWS\System32\msvcp_win.dll
0x00007ff8658a0000 - 0x00007ff8659a0000 	C:\WINDOWS\System32\ucrtbase.dll
0x00007ff852310000 - 0x00007ff8525aa000 	C:\WINDOWS\WinSxS\amd64_microsoft.windows.common-controls_6595b64144ccf1df_6.0.19041.1110_none_60b5254171f9507e\COMCTL32.dll
0x00007ff866250000 - 0x00007ff866280000 	C:\WINDOWS\System32\IMM32.DLL
0x00000000773e0000 - 0x00000000774b2000 	C:\Program Files\Java\jdk1.8.0_111\jre\bin\msvcr100.dll
0x00000000765c0000 - 0x0000000076e5a000 	C:\Program Files\Java\jdk1.8.0_111\jre\bin\server\jvm.dll
0x00007ff866500000 - 0x00007ff866508000 	C:\WINDOWS\System32\PSAPI.DLL
0x00007ff858b10000 - 0x00007ff858b37000 	C:\WINDOWS\SYSTEM32\WINMM.dll
0x00007ff85f3e0000 - 0x00007ff85f3e9000 	C:\WINDOWS\SYSTEM32\WSOCK32.dll
0x00007ff85cc70000 - 0x00007ff85cc7a000 	C:\WINDOWS\SYSTEM32\VERSION.dll
0x00007ff866f20000 - 0x00007ff866f8b000 	C:\WINDOWS\System32\WS2_32.dll
0x0000000051450000 - 0x000000005145f000 	C:\Program Files\Java\jdk1.8.0_111\jre\bin\verify.dll
0x0000000077870000 - 0x0000000077899000 	C:\Program Files\Java\jdk1.8.0_111\jre\bin\java.dll
0x0000000077380000 - 0x00000000773b5000 	C:\Program Files\Java\jdk1.8.0_111\jre\bin\jdwp.dll
0x0000000077370000 - 0x0000000077378000 	C:\Program Files\Java\jdk1.8.0_111\jre\bin\npt.dll
0x0000000077850000 - 0x0000000077866000 	C:\Program Files\Java\jdk1.8.0_111\jre\bin\zip.dll
0x00007ff8665c0000 - 0x00007ff866cff000 	C:\WINDOWS\System32\SHELL32.dll
0x00007ff863970000 - 0x00007ff864100000 	C:\WINDOWS\SYSTEM32\windows.storage.dll
0x00007ff8678a0000 - 0x00007ff867bf5000 	C:\WINDOWS\System32\combase.dll
0x00007ff8652c0000 - 0x00007ff8652ec000 	C:\WINDOWS\SYSTEM32\Wldp.dll
0x00007ff866510000 - 0x00007ff8665be000 	C:\WINDOWS\System32\SHCORE.dll
0x00007ff8672a0000 - 0x00007ff8672f5000 	C:\WINDOWS\System32\shlwapi.dll
0x00007ff8657b0000 - 0x00007ff8657cf000 	C:\WINDOWS\SYSTEM32\profapi.dll
0x0000000077360000 - 0x0000000077369000 	C:\Program Files\Java\jdk1.8.0_111\jre\bin\dt_socket.dll
0x00007ff864fb0000 - 0x00007ff86501a000 	C:\WINDOWS\system32\mswsock.dll
0x0000000077830000 - 0x000000007784a000 	C:\Program Files\Java\jdk1.8.0_111\jre\bin\net.dll
0x00000000773c0000 - 0x00000000773d1000 	C:\Program Files\Java\jdk1.8.0_111\jre\bin\nio.dll
0x00007ff865210000 - 0x00007ff865228000 	C:\WINDOWS\SYSTEM32\CRYPTSP.dll
0x00007ff8648d0000 - 0x00007ff864904000 	C:\WINDOWS\system32\rsaenh.dll
0x00007ff8659f0000 - 0x00007ff865a17000 	C:\WINDOWS\System32\bcrypt.dll
0x00007ff865730000 - 0x00007ff86575e000 	C:\WINDOWS\SYSTEM32\USERENV.dll
0x00007ff865f00000 - 0x00007ff865f83000 	C:\WINDOWS\System32\bcryptprimitives.dll
0x00007ff865230000 - 0x00007ff86523c000 	C:\WINDOWS\SYSTEM32\CRYPTBASE.dll
0x00007ff864ca0000 - 0x00007ff864cdb000 	C:\WINDOWS\SYSTEM32\IPHLPAPI.DLL
0x00007ff866d00000 - 0x00007ff866d08000 	C:\WINDOWS\System32\NSI.dll
0x00007ff85cc50000 - 0x00007ff85cc67000 	C:\WINDOWS\SYSTEM32\dhcpcsvc6.DLL
0x00007ff85e460000 - 0x00007ff85e47d000 	C:\WINDOWS\SYSTEM32\dhcpcsvc.DLL
0x00007ff864ce0000 - 0x00007ff864dac000 	C:\WINDOWS\SYSTEM32\DNSAPI.dll
0x0000000077330000 - 0x0000000077354000 	C:\Program Files\Java\jdk1.8.0_111\jre\bin\sunec.dll
0x0000000077320000 - 0x000000007732b000 	C:\Program Files\Java\jdk1.8.0_111\jre\bin\sunmscapi.dll
0x00007ff865da0000 - 0x00007ff865ef6000 	C:\WINDOWS\System32\CRYPT32.dll
0x0000000077180000 - 0x0000000077318000 	C:\Program Files\Java\jdk1.8.0_111\jre\bin\awt.dll
0x00007ff867eb0000 - 0x00007ff867f7d000 	C:\WINDOWS\System32\OLEAUT32.dll
0x00007ff862e60000 - 0x00007ff862ef0000 	C:\WINDOWS\SYSTEM32\apphelp.dll
0x00007ff862fd0000 - 0x00007ff8631b4000 	C:\WINDOWS\SYSTEM32\dbghelp.dll

VM Arguments:
jvm_args: -Djava.awt.headless=true -Djava.security.manager=worker.org.gradle.process.internal.worker.child.BootstrapSecurityManager -Dorg.gradle.native=false -agentlib:jdwp=transport=dt_socket,server=n,suspend=y,address=56862 -Xmx512m -Dfile.encoding=windows-1252 -Duser.country=ID -Duser.language=en -Duser.variant -ea 
java_command: worker.org.gradle.process.internal.worker.GradleWorkerMain 'Gradle Test Executor 6'
java_class_path (initial): C:\Users\Lenovo\.gradle\caches\6.1.1\workerMain\gradle-worker.jar
Launcher Type: SUN_STANDARD

Environment Variables:
USERNAME=Lenovo
OS=Windows_NT
PROCESSOR_IDENTIFIER=Intel64 Family 6 Model 165 Stepping 2, GenuineIntel



---------------  S Y S T E M  ---------------

OS: Windows 10.0 , 64 bit Build 19041 (10.0.19041.1202)

CPU:total 12 (6 cores per cpu, 2 threads per core) family 6 model 165 stepping 2, cmov, cx8, fxsr, mmx, sse, sse2, sse3, ssse3, sse4.1, sse4.2, popcnt, avx, avx2, aes, clmul, erms, 3dnowpref, lzcnt, ht, tsc, tscinvbit, bmi1, bmi2, adx

Memory: 4k page, physical 16682800k(4752444k free), swap 21347336k(3982132k free)

vm_info: Java HotSpot(TM) 64-Bit Server VM (25.111-b14) for windows-amd64 JRE (1.8.0_111-b14), built on Sep 22 2016 19:24:05 by "java_re" with MS VC++ 10.0 (VS2010)

time: Fri Oct 08 09:19:13 2021
elapsed time: 8 seconds (0d 0h 0m 8s)

