#
# A fatal error has been detected by the Java Runtime Environment:
#
#  EXCEPTION_ACCESS_VIOLATION (0xc0000005) at pc=0x0000000076603608, pid=12944, tid=0x0000000000005c38
#
# JRE version: Java(TM) SE Runtime Environment (8.0_111-b14) (build 1.8.0_111-b14)
# Java VM: Java HotSpot(TM) 64-Bit Server VM (25.111-b14 mixed mode windows-amd64 compressed oops)
# Problematic frame:
# V  [jvm.dll+0x43608]
#
# Failed to write core dump. Minidumps are not enabled by default on client versions of Windows
#
# If you would like to submit a bug report, please visit:
#   http://bugreport.java.com/bugreport/crash.jsp
#

---------------  T H R E A D  ---------------

Current thread (0x0000000016333000):  JavaThread "C1 CompilerThread3" daemon [_thread_in_vm, id=23608, stack(0x0000000017d50000,0x0000000017e50000)]

siginfo: ExceptionCode=0xc0000005, reading address 0xffffffffffffffff

Registers:
RAX=0x0000000016333000, RBX=0x0000000003178b80, RCX=0x0000000003178b80, RDX=0x0000000003178b80
RSP=0x0000000017e4d070, RBP=0x000000001632eca0, RSI=0x0000000003178b80, RDI=0x0000000000000000
R8 =0x49362012ffff0013, R9 =0x0000000000000000, R10=0x000000001632eed0, R11=0x000000001ef10230
R12=0x0000000016333000, R13=0x000000001632eca0, R14=0x000000001a8bfcc0, R15=0x0000000000000000
RIP=0x0000000076603608, EFLAGS=0x0000000000010202

Top of Stack: (sp=0x0000000017e4d070)
0x0000000017e4d070:   00000000000000b6 0000000017e4f620
0x0000000017e4d080:   0000000000000000 0000000000000077
0x0000000017e4d090:   000000001defae08 0000000017e4f620
0x0000000017e4d0a0:   0000000017e4d180 00000000765efe25
0x0000000017e4d0b0:   00000000000000ea 0000000076603999
0x0000000017e4d0c0:   0000000000000077 0000000000000077
0x0000000017e4d0d0:   0000000000000000 0000000000000000
0x0000000017e4d0e0:   00000000000000b6 000000001c1bf2a0
0x0000000017e4d0f0:   00000000163225c0 0000000076601c6b
0x0000000017e4d100:   0000000000000000 0000000016333000
0x0000000017e4d110:   000000001a8c1480 00000000765ece0f
0x0000000017e4d120:   0000000016333000 0000000076606f80
0x0000000017e4d130:   0000000016333000 0000000016333000
0x0000000017e4d140:   000000001c1bf2a0 00000000769e0aeb
0x0000000017e4d150:   0000000000000000 0000000000000000
0x0000000017e4d160:   000000001a8c1480 0000000000000000 

Instructions: (pc=0x0000000076603608)
0x00000000766035e8:   00 48 8b da ff 15 fe 7d 59 00 44 0f b6 05 5a d9
0x00000000766035f8:   7a 00 4c 8b e0 45 84 c0 74 39 4c 8b 03 48 8b cb
0x0000000076603608:   41 ff 50 08 84 c0 74 2b 83 7b 08 00 7e 25 0f b6
0x0000000076603618:   83 0e 01 00 00 c0 e8 03 a8 01 74 17 48 8b 03 48 


Register to memory mapping:

RAX=0x0000000016333000 is a thread
RBX=0x0000000003178b80 is an unknown value
RCX=0x0000000003178b80 is an unknown value
RDX=0x0000000003178b80 is an unknown value
RSP=0x0000000017e4d070 is pointing into the stack for thread: 0x0000000016333000
RBP=0x000000001632eca0 is an unknown value
RSI=0x0000000003178b80 is an unknown value
RDI=0x0000000000000000 is an unknown value
R8 =0x49362012ffff0013 is an unknown value
R9 =0x0000000000000000 is an unknown value
R10=0x000000001632eed0 is an unknown value
R11=0x000000001ef10230 is an unknown value
R12=0x0000000016333000 is a thread
R13=0x000000001632eca0 is an unknown value
R14=0x000000001a8bfcc0 is an unknown value
R15=0x0000000000000000 is an unknown value


Stack: [0x0000000017d50000,0x0000000017e50000],  sp=0x0000000017e4d070,  free space=1012k
Native frames: (J=compiled Java code, j=interpreted, Vv=VM code, C=native code)
V  [jvm.dll+0x43608]
V  [jvm.dll+0x43999]
V  [jvm.dll+0x41c6b]
V  [jvm.dll+0x420aeb]
V  [jvm.dll+0x41b8da]
V  [jvm.dll+0x41e727]
V  [jvm.dll+0x41eeeb]
V  [jvm.dll+0x41fde6]
V  [jvm.dll+0x420048]
V  [jvm.dll+0x42047b]
V  [jvm.dll+0x41ffd5]
V  [jvm.dll+0x41bd3b]
V  [jvm.dll+0x41e727]
V  [jvm.dll+0x41eeeb]
V  [jvm.dll+0x41fde6]
V  [jvm.dll+0x420048]
V  [jvm.dll+0x42047b]
V  [jvm.dll+0x41ffd5]
V  [jvm.dll+0x41bd3b]
V  [jvm.dll+0x41e727]
V  [jvm.dll+0x41f01d]
V  [jvm.dll+0x41fde6]
V  [jvm.dll+0x420048]
V  [jvm.dll+0x42047b]
V  [jvm.dll+0x41ffd5]
V  [jvm.dll+0x41bd3b]
V  [jvm.dll+0x41e727]
V  [jvm.dll+0x41eeeb]
V  [jvm.dll+0x41fde6]
V  [jvm.dll+0x420048]
V  [jvm.dll+0x42047b]
V  [jvm.dll+0x41ffd5]
V  [jvm.dll+0x41bd3b]
V  [jvm.dll+0x41e727]
V  [jvm.dll+0x41f01d]
V  [jvm.dll+0x41fde6]
V  [jvm.dll+0x420048]
V  [jvm.dll+0x42047b]
V  [jvm.dll+0x41ffd5]
V  [jvm.dll+0x41bd3b]
V  [jvm.dll+0x41e727]
V  [jvm.dll+0x41eeeb]
V  [jvm.dll+0x41fde6]
V  [jvm.dll+0x420048]
V  [jvm.dll+0x41bd3b]
V  [jvm.dll+0x41e727]
V  [jvm.dll+0x41eeeb]
V  [jvm.dll+0x41fde6]
V  [jvm.dll+0x420048]
V  [jvm.dll+0x41bd3b]
V  [jvm.dll+0x41e727]
V  [jvm.dll+0x41f01d]
V  [jvm.dll+0x41f412]
V  [jvm.dll+0x4244f5]
V  [jvm.dll+0x424600]
V  [jvm.dll+0x40ddb8]
V  [jvm.dll+0x40e021]
V  [jvm.dll+0x40e1e2]
V  [jvm.dll+0x40e3b1]
V  [jvm.dll+0x40e5bf]
V  [jvm.dll+0xa5742]
V  [jvm.dll+0xa607f]
V  [jvm.dll+0x244b7f]
V  [jvm.dll+0x29c43a]
C  [msvcr100.dll+0x21d9f]
C  [msvcr100.dll+0x21e3b]
C  [KERNEL32.DLL+0x17034]
C  [ntdll.dll+0x52651]


Current CompileTask:
C1:   6463 6765       3       android.content.res.TypedArray::$$robo$$android_content_res_TypedArray$loadStringValueAt (51 bytes)


---------------  P R O C E S S  ---------------

Java Threads: ( => current thread )
  0x0000000019005000 JavaThread "Java2D Disposer" daemon [_thread_blocked, id=19692, stack(0x000000001c600000,0x000000001c700000)]
  0x0000000018df9800 JavaThread "SDK 28 Main Thread" [_thread_in_Java, id=7332, stack(0x000000001a360000,0x000000001a460000)]
  0x0000000018b51800 JavaThread "/127.0.0.1:54956 to /127.0.0.1:54955 workers Thread 3" [_thread_in_native, id=28416, stack(0x0000000019e60000,0x0000000019f60000)]
  0x0000000018b65000 JavaThread "/127.0.0.1:54956 to /127.0.0.1:54955 workers Thread 2" [_thread_blocked, id=20720, stack(0x0000000019d60000,0x0000000019e60000)]
  0x00000000186e0800 JavaThread "Test worker" [_thread_blocked, id=2940, stack(0x0000000019920000,0x0000000019a20000)]
  0x00000000163c3000 JavaThread "Service Thread" daemon [_thread_blocked, id=18756, stack(0x0000000017e50000,0x0000000017f50000)]
=>0x0000000016333000 JavaThread "C1 CompilerThread3" daemon [_thread_in_vm, id=23608, stack(0x0000000017d50000,0x0000000017e50000)]
  0x0000000016331800 JavaThread "C2 CompilerThread2" daemon [_thread_blocked, id=29052, stack(0x0000000017c50000,0x0000000017d50000)]
  0x000000001632d000 JavaThread "C2 CompilerThread1" daemon [_thread_in_native, id=32032, stack(0x0000000017b50000,0x0000000017c50000)]
  0x000000001632a000 JavaThread "C2 CompilerThread0" daemon [_thread_blocked, id=26024, stack(0x0000000017a50000,0x0000000017b50000)]
  0x0000000016328000 JavaThread "Attach Listener" daemon [_thread_blocked, id=18204, stack(0x0000000017950000,0x0000000017a50000)]
  0x0000000016327000 JavaThread "Signal Dispatcher" daemon [_thread_blocked, id=30708, stack(0x0000000017850000,0x0000000017950000)]
  0x00000000162a3000 JavaThread "Finalizer" daemon [_thread_blocked, id=20188, stack(0x0000000017510000,0x0000000017610000)]
  0x0000000014bdd000 JavaThread "Reference Handler" daemon [_thread_blocked, id=1588, stack(0x0000000017410000,0x0000000017510000)]
  0x000000000301e000 JavaThread "main" [_thread_blocked, id=9196, stack(0x0000000003020000,0x0000000003120000)]

Other Threads:
  0x0000000014bd6800 VMThread [stack: 0x0000000017310000,0x0000000017410000] [id=6392]
  0x000000001647e000 WatcherThread [stack: 0x0000000017f50000,0x0000000018050000] [id=22844]

VM state:not at safepoint (normal execution)

VM Mutex/Monitor currently owned by a thread: None

Heap:
 PSYoungGen      total 153600K, used 52018K [0x00000000f5580000, 0x0000000100000000, 0x0000000100000000)
  eden space 136704K, 25% used [0x00000000f5580000,0x00000000f77cd258,0x00000000fdb00000)
  from space 16896K, 99% used [0x00000000fef80000,0x00000000fffff688,0x0000000100000000)
  to   space 18944K, 0% used [0x00000000fdb00000,0x00000000fdb00000,0x00000000fed80000)
 ParOldGen       total 245760K, used 68371K [0x00000000e0000000, 0x00000000ef000000, 0x00000000f5580000)
  object space 245760K, 27% used [0x00000000e0000000,0x00000000e42c4e98,0x00000000ef000000)
 Metaspace       used 63309K, capacity 73056K, committed 73216K, reserved 1112064K
  class space    used 7945K, capacity 10638K, committed 10752K, reserved 1048576K

Card table byte_map: [0x00000000125e0000,0x00000000126f0000] byte_map_base: 0x0000000011ee0000

Marking Bits: (ParMarkBitMap*) 0x0000000076dda6c0
 Begin Bits: [0x00000000130f0000, 0x00000000138f0000)
 End Bits:   [0x00000000138f0000, 0x00000000140f0000)

Polling page: 0x0000000001740000

CodeCache: size=245760Kb used=18439Kb max_used=18564Kb free=227320Kb
 bounds [0x0000000003220000, 0x0000000004460000, 0x0000000012220000]
 total_blobs=7120 nmethods=5526 adapters=1506
 compilation: enabled

Compilation events (10 events):
Event: 6.439 Thread 0x0000000016333000 6758       3       android.content.res.XmlBlock$Parser::$$robo$$android_content_res_XmlBlock_Parser$getName (33 bytes)
Event: 6.439 Thread 0x000000001632a000 6762       4       java.lang.invoke.LambdaForm$reinvoker/33336124::dontInline (21 bytes)
Event: 6.441 Thread 0x0000000016333000 nmethod 6758 0x00000000037dab10 code [0x00000000037db060, 0x00000000037de768]
Event: 6.441 Thread 0x0000000016333000 6759       3       android.content.res.XmlBlock::nativeGetName (7 bytes)
Event: 6.442 Thread 0x0000000016333000 nmethod 6759 0x0000000003be0090 code [0x0000000003be03e0, 0x0000000003be1f58]
Event: 6.443 Thread 0x0000000016333000 6763       3       org.robolectric.res.android.ResourceString::decodeString (65 bytes)
Event: 6.443 Thread 0x0000000016333000 nmethod 6763 0x0000000003cbab90 code [0x0000000003cbada0, 0x0000000003cbb608]
Event: 6.444 Thread 0x0000000016333000 6764       3       android.content.res.TypedArray::loadStringValueAt (8 bytes)
Event: 6.445 Thread 0x0000000016333000 nmethod 6764 0x0000000003ef2050 code [0x0000000003ef2380, 0x0000000003ef3e68]
Event: 6.445 Thread 0x0000000016333000 6765       3       android.content.res.TypedArray::$$robo$$android_content_res_TypedArray$loadStringValueAt (51 bytes)

GC Heap History (10 events):
Event: 4.737 GC heap before
{Heap before GC invocations=17 (full 3):
 PSYoungGen      total 161792K, used 154697K [0x00000000f5580000, 0x0000000100000000, 0x0000000100000000)
  eden space 148992K, 100% used [0x00000000f5580000,0x00000000fe700000,0x00000000fe700000)
  from space 12800K, 44% used [0x00000000fe700000,0x00000000fec92668,0x00000000ff380000)
  to   space 12800K, 0% used [0x00000000ff380000,0x00000000ff380000,0x0000000100000000)
 ParOldGen       total 245760K, used 60788K [0x00000000e0000000, 0x00000000ef000000, 0x00000000f5580000)
  object space 245760K, 24% used [0x00000000e0000000,0x00000000e3b5d168,0x00000000ef000000)
 Metaspace       used 53582K, capacity 59480K, committed 59648K, reserved 1101824K
  class space    used 6390K, capacity 8171K, committed 8192K, reserved 1048576K
Event: 4.743 GC heap after
Heap after GC invocations=17 (full 3):
 PSYoungGen      total 160768K, used 7250K [0x00000000f5580000, 0x00000000fff00000, 0x0000000100000000)
  eden space 148992K, 0% used [0x00000000f5580000,0x00000000f5580000,0x00000000fe700000)
  from space 11776K, 61% used [0x00000000ff380000,0x00000000ffa94a58,0x00000000fff00000)
  to   space 12288K, 0% used [0x00000000fe700000,0x00000000fe700000,0x00000000ff300000)
 ParOldGen       total 245760K, used 60796K [0x00000000e0000000, 0x00000000ef000000, 0x00000000f5580000)
  object space 245760K, 24% used [0x00000000e0000000,0x00000000e3b5f168,0x00000000ef000000)
 Metaspace       used 53582K, capacity 59480K, committed 59648K, reserved 1101824K
  class space    used 6390K, capacity 8171K, committed 8192K, reserved 1048576K
}
Event: 5.125 GC heap before
{Heap before GC invocations=18 (full 3):
 PSYoungGen      total 160768K, used 156242K [0x00000000f5580000, 0x00000000fff00000, 0x0000000100000000)
  eden space 148992K, 100% used [0x00000000f5580000,0x00000000fe700000,0x00000000fe700000)
  from space 11776K, 61% used [0x00000000ff380000,0x00000000ffa94a58,0x00000000fff00000)
  to   space 12288K, 0% used [0x00000000fe700000,0x00000000fe700000,0x00000000ff300000)
 ParOldGen       total 245760K, used 60796K [0x00000000e0000000, 0x00000000ef000000, 0x00000000f5580000)
  object space 245760K, 24% used [0x00000000e0000000,0x00000000e3b5f168,0x00000000ef000000)
 Metaspace       used 57222K, capacity 63846K, committed 64000K, reserved 1103872K
  class space    used 6868K, capacity 8880K, committed 8960K, reserved 1048576K
Event: 5.132 GC heap after
Heap after GC invocations=18 (full 3):
 PSYoungGen      total 161280K, used 11878K [0x00000000f5580000, 0x0000000100000000, 0x0000000100000000)
  eden space 148992K, 0% used [0x00000000f5580000,0x00000000f5580000,0x00000000fe700000)
  from space 12288K, 96% used [0x00000000fe700000,0x00000000ff299b30,0x00000000ff300000)
  to   space 13312K, 0% used [0x00000000ff300000,0x00000000ff300000,0x0000000100000000)
 ParOldGen       total 245760K, used 60804K [0x00000000e0000000, 0x00000000ef000000, 0x00000000f5580000)
  object space 245760K, 24% used [0x00000000e0000000,0x00000000e3b61168,0x00000000ef000000)
 Metaspace       used 57222K, capacity 63846K, committed 64000K, reserved 1103872K
  class space    used 6868K, capacity 8880K, committed 8960K, reserved 1048576K
}
Event: 5.623 GC heap before
{Heap before GC invocations=19 (full 3):
 PSYoungGen      total 161280K, used 160870K [0x00000000f5580000, 0x0000000100000000, 0x0000000100000000)
  eden space 148992K, 100% used [0x00000000f5580000,0x00000000fe700000,0x00000000fe700000)
  from space 12288K, 96% used [0x00000000fe700000,0x00000000ff299b30,0x00000000ff300000)
  to   space 13312K, 0% used [0x00000000ff300000,0x00000000ff300000,0x0000000100000000)
 ParOldGen       total 245760K, used 60804K [0x00000000e0000000, 0x00000000ef000000, 0x00000000f5580000)
  object space 245760K, 24% used [0x00000000e0000000,0x00000000e3b61168,0x00000000ef000000)
 Metaspace       used 60347K, capacity 69440K, committed 69632K, reserved 1107968K
  class space    used 7605K, capacity 10194K, committed 10240K, reserved 1048576K
Event: 5.632 GC heap after
Heap after GC invocations=19 (full 3):
 PSYoungGen      total 156160K, used 13306K [0x00000000f5580000, 0x0000000100000000, 0x0000000100000000)
  eden space 142848K, 0% used [0x00000000f5580000,0x00000000f5580000,0x00000000fe100000)
  from space 13312K, 99% used [0x00000000ff300000,0x00000000ffffead8,0x0000000100000000)
  to   space 15872K, 0% used [0x00000000fe100000,0x00000000fe100000,0x00000000ff080000)
 ParOldGen       total 245760K, used 64436K [0x00000000e0000000, 0x00000000ef000000, 0x00000000f5580000)
  object space 245760K, 26% used [0x00000000e0000000,0x00000000e3eed2e8,0x00000000ef000000)
 Metaspace       used 60347K, capacity 69440K, committed 69632K, reserved 1107968K
  class space    used 7605K, capacity 10194K, committed 10240K, reserved 1048576K
}
Event: 5.926 GC heap before
{Heap before GC invocations=20 (full 3):
 PSYoungGen      total 156160K, used 156154K [0x00000000f5580000, 0x0000000100000000, 0x0000000100000000)
  eden space 142848K, 100% used [0x00000000f5580000,0x00000000fe100000,0x00000000fe100000)
  from space 13312K, 99% used [0x00000000ff300000,0x00000000ffffead8,0x0000000100000000)
  to   space 15872K, 0% used [0x00000000fe100000,0x00000000fe100000,0x00000000ff080000)
 ParOldGen       total 245760K, used 64436K [0x00000000e0000000, 0x00000000ef000000, 0x00000000f5580000)
  object space 245760K, 26% used [0x00000000e0000000,0x00000000e3eed2e8,0x00000000ef000000)
 Metaspace       used 61547K, capacity 70842K, committed 71168K, reserved 1110016K
  class space    used 7777K, capacity 10383K, committed 10496K, reserved 1048576K
Event: 5.935 GC heap after
Heap after GC invocations=20 (full 3):
 PSYoungGen      total 155648K, used 12554K [0x00000000f5580000, 0x0000000100000000, 0x0000000100000000)
  eden space 142848K, 0% used [0x00000000f5580000,0x00000000f5580000,0x00000000fe100000)
  from space 12800K, 98% used [0x00000000fe100000,0x00000000fed42a78,0x00000000fed80000)
  to   space 16896K, 0% used [0x00000000fef80000,0x00000000fef80000,0x0000000100000000)
 ParOldGen       total 245760K, used 67567K [0x00000000e0000000, 0x00000000ef000000, 0x00000000f5580000)
  object space 245760K, 27% used [0x00000000e0000000,0x00000000e41fbcf8,0x00000000ef000000)
 Metaspace       used 61547K, capacity 70842K, committed 71168K, reserved 1110016K
  class space    used 7777K, capacity 10383K, committed 10496K, reserved 1048576K
}
Event: 6.397 GC heap before
{Heap before GC invocations=21 (full 3):
 PSYoungGen      total 155648K, used 155402K [0x00000000f5580000, 0x0000000100000000, 0x0000000100000000)
  eden space 142848K, 100% used [0x00000000f5580000,0x00000000fe100000,0x00000000fe100000)
  from space 12800K, 98% used [0x00000000fe100000,0x00000000fed42a78,0x00000000fed80000)
  to   space 16896K, 0% used [0x00000000fef80000,0x00000000fef80000,0x0000000100000000)
 ParOldGen       total 245760K, used 67567K [0x00000000e0000000, 0x00000000ef000000, 0x00000000f5580000)
  object space 245760K, 27% used [0x00000000e0000000,0x00000000e41fbcf8,0x00000000ef000000)
 Metaspace       used 63293K, capacity 73036K, committed 73216K, reserved 1112064K
  class space    used 7945K, capacity 10638K, committed 10752K, reserved 1048576K
Event: 6.405 GC heap after
Heap after GC invocations=21 (full 3):
 PSYoungGen      total 153600K, used 16893K [0x00000000f5580000, 0x0000000100000000, 0x0000000100000000)
  eden space 136704K, 0% used [0x00000000f5580000,0x00000000f5580000,0x00000000fdb00000)
  from space 16896K, 99% used [0x00000000fef80000,0x00000000fffff688,0x0000000100000000)
  to   space 18944K, 0% used [0x00000000fdb00000,0x00000000fdb00000,0x00000000fed80000)
 ParOldGen       total 245760K, used 68371K [0x00000000e0000000, 0x00000000ef000000, 0x00000000f5580000)
  object space 245760K, 27% used [0x00000000e0000000,0x00000000e42c4e98,0x00000000ef000000)
 Metaspace       used 63293K, capacity 73036K, committed 73216K, reserved 1112064K
  class space    used 7945K, capacity 10638K, committed 10752K, reserved 1048576K
}

Deoptimization events (10 events):
Event: 6.100 Thread 0x00000000186e0800 Uncommon trap: reason=class_check action=maybe_recompile pc=0x0000000003c14278 method=com.google.common.collect.ImmutableSet$RegularSetBuilderImpl.add(Ljava/lang/Object;)Lcom/google/common/collect/ImmutableSet$SetBuilderImpl; @ 6
Event: 6.100 Thread 0x00000000186e0800 Uncommon trap: reason=class_check action=maybe_recompile pc=0x0000000003c14278 method=com.google.common.collect.ImmutableSet$RegularSetBuilderImpl.add(Ljava/lang/Object;)Lcom/google/common/collect/ImmutableSet$SetBuilderImpl; @ 6
Event: 6.100 Thread 0x00000000186e0800 Uncommon trap: reason=class_check action=maybe_recompile pc=0x0000000003c14278 method=com.google.common.collect.ImmutableSet$RegularSetBuilderImpl.add(Ljava/lang/Object;)Lcom/google/common/collect/ImmutableSet$SetBuilderImpl; @ 6
Event: 6.101 Thread 0x00000000186e0800 Uncommon trap: reason=unstable_if action=reinterpret pc=0x000000000393884c method=org.robolectric.internal.bytecode.MethodRef.equals(Ljava/lang/Object;)Z @ 2
Event: 6.101 Thread 0x0000000018df9800 Uncommon trap: reason=class_check action=maybe_recompile pc=0x0000000003d586d4 method=java.util.Collections.unmodifiableList(Ljava/util/List;)Ljava/util/List; @ 1
Event: 6.101 Thread 0x0000000018df9800 Uncommon trap: reason=class_check action=maybe_recompile pc=0x0000000003d586d4 method=java.util.Collections.unmodifiableList(Ljava/util/List;)Ljava/util/List; @ 1
Event: 6.101 Thread 0x0000000018df9800 Uncommon trap: reason=class_check action=maybe_recompile pc=0x0000000003d586d4 method=java.util.Collections.unmodifiableList(Ljava/util/List;)Ljava/util/List; @ 1
Event: 6.101 Thread 0x0000000018df9800 Uncommon trap: reason=class_check action=maybe_recompile pc=0x0000000003d586d4 method=java.util.Collections.unmodifiableList(Ljava/util/List;)Ljava/util/List; @ 1
Event: 6.108 Thread 0x0000000018df9800 Uncommon trap: reason=unstable_if action=reinterpret pc=0x00000000038b0334 method=org.robolectric.res.android.ResTable_config.isBetterThan(Lorg/robolectric/res/android/ResTable_config;Lorg/robolectric/res/android/ResTable_config;)Z @ 898
Event: 6.149 Thread 0x0000000018df9800 Uncommon trap: reason=unstable_if action=reinterpret pc=0x0000000003a66d34 method=java.util.Arrays.hashCode([Ljava/lang/Object;)I @ 1

Internal exceptions (10 events):
Event: 5.027 Thread 0x0000000019004000 Exception <a 'java/lang/NoSuchFieldError': method resolution failed> (0x00000000fc369f48) thrown at [C:\re\workspace\8-2-build-windows-amd64-cygwin\jdk8u111\7883\hotspot\src\share\vm\prims\methodHandles.cpp, line 1146]
Event: 5.140 Thread 0x0000000018df9800 Implicit null exception at 0x0000000003f6532f to 0x0000000003f65ea3
Event: 5.226 Thread 0x0000000018df9800 Exception <a 'java/lang/NoSuchFieldError': method resolution failed> (0x00000000f657e940) thrown at [C:\re\workspace\8-2-build-windows-amd64-cygwin\jdk8u111\7883\hotspot\src\share\vm\prims\methodHandles.cpp, line 1146]
Event: 5.275 Thread 0x0000000018df9800 Exception <a 'java/lang/NoSuchFieldError': method resolution failed> (0x00000000f71592f0) thrown at [C:\re\workspace\8-2-build-windows-amd64-cygwin\jdk8u111\7883\hotspot\src\share\vm\prims\methodHandles.cpp, line 1146]
Event: 5.764 Thread 0x0000000018df9800 Implicit null exception at 0x0000000003550a58 to 0x0000000003550ae6
Event: 5.991 Thread 0x0000000018df9800 Exception <a 'java/lang/IllegalMonitorStateException'> (0x00000000f56b1110) thrown at [C:\re\workspace\8-2-build-windows-amd64-cygwin\jdk8u111\7883\hotspot\src\share\vm\runtime\objectMonitor.cpp, line 1471]
Event: 6.034 Thread 0x0000000018df9800 Implicit null exception at 0x0000000003877103 to 0x0000000003877271
Event: 6.087 Thread 0x0000000018df9800 Exception <a 'java/lang/NoSuchMethodError': java.lang.Object.lambda$get$0(Ljava/lang/Object;)V> (0x00000000f74a6698) thrown at [C:\re\workspace\8-2-build-windows-amd64-cygwin\jdk8u111\7883\hotspot\src\share\vm\interpreter\linkResolver.cpp, line 582]
Event: 6.149 Thread 0x0000000018df9800 Implicit null exception at 0x0000000003a66c2f to 0x0000000003a66d25
Event: 6.151 Thread 0x0000000018df9800 Exception <a 'sun/nio/fs/WindowsException'> (0x00000000f807cab8) thrown at [C:\re\workspace\8-2-build-windows-amd64-cygwin\jdk8u111\7883\hotspot\src\share\vm\prims\jni.cpp, line 709]

Events (10 events):
Event: 6.437 Thread 0x0000000016333000 flushing nmethod 0x0000000003cbab90
Event: 6.437 Thread 0x0000000016333000 flushing nmethod 0x0000000003cd6a50
Event: 6.439 Thread 0x0000000016333000 flushing nmethod 0x0000000003e10710
Event: 6.441 Thread 0x0000000016333000 flushing nmethod 0x0000000003e57c50
Event: 6.441 Thread 0x0000000016333000 flushing nmethod 0x0000000003ee4990
Event: 6.441 Thread 0x0000000016333000 flushing nmethod 0x0000000003ee79d0
Event: 6.441 Thread 0x0000000016333000 flushing nmethod 0x0000000003ee8290
Event: 6.441 Thread 0x0000000016333000 flushing nmethod 0x0000000003ef0310
Event: 6.441 Thread 0x0000000016333000 flushing nmethod 0x0000000003f007d0
Event: 6.441 Thread 0x0000000016333000 flushing nmethod 0x0000000003f14d50


Dynamic libraries:
0x00007ff706f50000 - 0x00007ff706f87000 	C:\Program Files\Java\jdk1.8.0_111\bin\java.exe
0x00007ff868150000 - 0x00007ff868345000 	C:\WINDOWS\SYSTEM32\ntdll.dll
0x00007ff8671e0000 - 0x00007ff86729e000 	C:\WINDOWS\System32\KERNEL32.DLL
0x00007ff865a20000 - 0x00007ff865ce9000 	C:\WINDOWS\System32\KERNELBASE.dll
0x00007ff8661a0000 - 0x00007ff86624c000 	C:\WINDOWS\System32\ADVAPI32.dll
0x00007ff866280000 - 0x00007ff86631e000 	C:\WINDOWS\System32\msvcrt.dll
0x00007ff867300000 - 0x00007ff86739b000 	C:\WINDOWS\System32\sechost.dll
0x00007ff8670b0000 - 0x00007ff8671da000 	C:\WINDOWS\System32\RPCRT4.dll
0x00007ff866320000 - 0x00007ff8664c1000 	C:\WINDOWS\System32\USER32.dll
0x00007ff865870000 - 0x00007ff865892000 	C:\WINDOWS\System32\win32u.dll
0x00007ff8664d0000 - 0x00007ff8664fb000 	C:\WINDOWS\System32\GDI32.dll
0x00007ff865f90000 - 0x00007ff86609b000 	C:\WINDOWS\System32\gdi32full.dll
0x00007ff8660a0000 - 0x00007ff86613d000 	C:\WINDOWS\System32\msvcp_win.dll
0x00007ff8658a0000 - 0x00007ff8659a0000 	C:\WINDOWS\System32\ucrtbase.dll
0x00007ff852310000 - 0x00007ff8525aa000 	C:\WINDOWS\WinSxS\amd64_microsoft.windows.common-controls_6595b64144ccf1df_6.0.19041.1110_none_60b5254171f9507e\COMCTL32.dll
0x00007ff866250000 - 0x00007ff866280000 	C:\WINDOWS\System32\IMM32.DLL
0x00000000773e0000 - 0x00000000774b2000 	C:\Program Files\Java\jdk1.8.0_111\jre\bin\msvcr100.dll
0x00000000765c0000 - 0x0000000076e5a000 	C:\Program Files\Java\jdk1.8.0_111\jre\bin\server\jvm.dll
0x00007ff866500000 - 0x00007ff866508000 	C:\WINDOWS\System32\PSAPI.DLL
0x00007ff85cc70000 - 0x00007ff85cc7a000 	C:\WINDOWS\SYSTEM32\VERSION.dll
0x00007ff85f3e0000 - 0x00007ff85f3e9000 	C:\WINDOWS\SYSTEM32\WSOCK32.dll
0x00007ff858b10000 - 0x00007ff858b37000 	C:\WINDOWS\SYSTEM32\WINMM.dll
0x00007ff866f20000 - 0x00007ff866f8b000 	C:\WINDOWS\System32\WS2_32.dll
0x0000000051450000 - 0x000000005145f000 	C:\Program Files\Java\jdk1.8.0_111\jre\bin\verify.dll
0x0000000077870000 - 0x0000000077899000 	C:\Program Files\Java\jdk1.8.0_111\jre\bin\java.dll
0x0000000077850000 - 0x0000000077866000 	C:\Program Files\Java\jdk1.8.0_111\jre\bin\zip.dll
0x00007ff8665c0000 - 0x00007ff866cff000 	C:\WINDOWS\System32\SHELL32.dll
0x00007ff863970000 - 0x00007ff864100000 	C:\WINDOWS\SYSTEM32\windows.storage.dll
0x00007ff8678a0000 - 0x00007ff867bf5000 	C:\WINDOWS\System32\combase.dll
0x00007ff8652c0000 - 0x00007ff8652ec000 	C:\WINDOWS\SYSTEM32\Wldp.dll
0x00007ff866510000 - 0x00007ff8665be000 	C:\WINDOWS\System32\SHCORE.dll
0x00007ff8672a0000 - 0x00007ff8672f5000 	C:\WINDOWS\System32\shlwapi.dll
0x00007ff8657b0000 - 0x00007ff8657cf000 	C:\WINDOWS\SYSTEM32\profapi.dll
0x0000000077830000 - 0x000000007784a000 	C:\Program Files\Java\jdk1.8.0_111\jre\bin\net.dll
0x00007ff864fb0000 - 0x00007ff86501a000 	C:\WINDOWS\system32\mswsock.dll
0x00000000773c0000 - 0x00000000773d1000 	C:\Program Files\Java\jdk1.8.0_111\jre\bin\nio.dll
0x00007ff865210000 - 0x00007ff865228000 	C:\WINDOWS\SYSTEM32\CRYPTSP.dll
0x00007ff8648d0000 - 0x00007ff864904000 	C:\WINDOWS\system32\rsaenh.dll
0x00007ff8659f0000 - 0x00007ff865a17000 	C:\WINDOWS\System32\bcrypt.dll
0x00007ff865730000 - 0x00007ff86575e000 	C:\WINDOWS\SYSTEM32\USERENV.dll
0x00007ff865f00000 - 0x00007ff865f83000 	C:\WINDOWS\System32\bcryptprimitives.dll
0x00007ff865230000 - 0x00007ff86523c000 	C:\WINDOWS\SYSTEM32\CRYPTBASE.dll
0x00007ff864ca0000 - 0x00007ff864cdb000 	C:\WINDOWS\SYSTEM32\IPHLPAPI.DLL
0x00007ff866d00000 - 0x00007ff866d08000 	C:\WINDOWS\System32\NSI.dll
0x00007ff85cc50000 - 0x00007ff85cc67000 	C:\WINDOWS\SYSTEM32\dhcpcsvc6.DLL
0x00007ff85e460000 - 0x00007ff85e47d000 	C:\WINDOWS\SYSTEM32\dhcpcsvc.DLL
0x00007ff864ce0000 - 0x00007ff864dac000 	C:\WINDOWS\SYSTEM32\DNSAPI.dll
0x0000000077390000 - 0x00000000773b4000 	C:\Program Files\Java\jdk1.8.0_111\jre\bin\sunec.dll
0x0000000077380000 - 0x000000007738b000 	C:\Program Files\Java\jdk1.8.0_111\jre\bin\sunmscapi.dll
0x00007ff865da0000 - 0x00007ff865ef6000 	C:\WINDOWS\System32\CRYPT32.dll
0x00000000771e0000 - 0x0000000077378000 	C:\Program Files\Java\jdk1.8.0_111\jre\bin\awt.dll
0x00007ff867eb0000 - 0x00007ff867f7d000 	C:\WINDOWS\System32\OLEAUT32.dll
0x00007ff862e60000 - 0x00007ff862ef0000 	C:\WINDOWS\SYSTEM32\apphelp.dll
0x00007ff862fd0000 - 0x00007ff8631b4000 	C:\WINDOWS\SYSTEM32\dbghelp.dll

VM Arguments:
jvm_args: -Djava.awt.headless=true -Djava.security.manager=worker.org.gradle.process.internal.worker.child.BootstrapSecurityManager -Dorg.gradle.native=false -Xmx512m -Dfile.encoding=windows-1252 -Duser.country=ID -Duser.language=en -Duser.variant -ea 
java_command: worker.org.gradle.process.internal.worker.GradleWorkerMain 'Gradle Test Executor 25'
java_class_path (initial): C:\Users\Lenovo\.gradle\caches\6.1.1\workerMain\gradle-worker.jar
Launcher Type: SUN_STANDARD

Environment Variables:
USERNAME=Lenovo
OS=Windows_NT
PROCESSOR_IDENTIFIER=Intel64 Family 6 Model 165 Stepping 2, GenuineIntel



---------------  S Y S T E M  ---------------

OS: Windows 10.0 , 64 bit Build 19041 (10.0.19041.1202)

CPU:total 12 (6 cores per cpu, 2 threads per core) family 6 model 165 stepping 2, cmov, cx8, fxsr, mmx, sse, sse2, sse3, ssse3, sse4.1, sse4.2, popcnt, avx, avx2, aes, clmul, erms, 3dnowpref, lzcnt, ht, tsc, tscinvbit, bmi1, bmi2, adx

Memory: 4k page, physical 16682800k(4822316k free), swap 21347336k(3900316k free)

vm_info: Java HotSpot(TM) 64-Bit Server VM (25.111-b14) for windows-amd64 JRE (1.8.0_111-b14), built on Sep 22 2016 19:24:05 by "java_re" with MS VC++ 10.0 (VS2010)

time: Fri Oct 08 09:26:18 2021
elapsed time: 6 seconds (0d 0h 0m 6s)

